[1.378s] Invoking command in '/home/yoon/xycar_ws/build/my_cam': AMENT_PREFIX_PATH=/home/yoon/xycar_ws/install/xycar_msgs:${AMENT_PREFIX_PATH} CMAKE_PREFIX_PATH=/home/yoon/xycar_ws/install/xycar_msgs LD_LIBRARY_PATH=/home/yoon/xycar_ws/install/xycar_msgs/lib:${LD_LIBRARY_PATH} PYTHONPATH=/home/yoon/xycar_ws/build/my_cam/prefix_override:/usr/lib/python3/dist-packages/colcon_core/task/python/colcon_distutils_commands:/home/yoon/xycar_ws/install/my_cam/lib/python3.10/site-packages:/home/yoon/xycar_ws/install/xycar_msgs/local/lib/python3.10/dist-packages:${PYTHONPATH} /usr/bin/python3 -W ignore:setup.py install is deprecated -W ignore:easy_install command is deprecated setup.py develop --editable --build-directory /home/yoon/xycar_ws/build/my_cam/build --no-deps symlink_data
[1.701s] running develop
[1.880s] running egg_info
[1.880s] creating my_cam.egg-info
[1.882s] writing my_cam.egg-info/PKG-INFO
[1.882s] writing dependency_links to my_cam.egg-info/dependency_links.txt
[1.882s] writing entry points to my_cam.egg-info/entry_points.txt
[1.882s] writing requirements to my_cam.egg-info/requires.txt
[1.882s] writing top-level names to my_cam.egg-info/top_level.txt
[1.883s] writing manifest file 'my_cam.egg-info/SOURCES.txt'
[1.885s] reading manifest file 'my_cam.egg-info/SOURCES.txt'
[1.885s] writing manifest file 'my_cam.egg-info/SOURCES.txt'
[1.887s] running build_ext
[1.887s] Creating /home/yoon/xycar_ws/install/my_cam/lib/python3.10/site-packages/my-cam.egg-link (link to .)
[1.888s] Installing cam_viewer script to /home/yoon/xycar_ws/install/my_cam/lib/my_cam
[1.889s] 
[1.889s] Installed /home/yoon/xycar_ws/build/my_cam
[1.889s] running symlink_data
[1.889s] creating /home/yoon/xycar_ws/install/my_cam/share/ament_index
[1.890s] creating /home/yoon/xycar_ws/install/my_cam/share/ament_index/resource_index
[1.890s] creating /home/yoon/xycar_ws/install/my_cam/share/ament_index/resource_index/packages
[1.891s] symbolically linking /home/yoon/xycar_ws/build/my_cam/resource/my_cam -> /home/yoon/xycar_ws/install/my_cam/share/ament_index/resource_index/packages
[1.892s] symbolically linking /home/yoon/xycar_ws/build/my_cam/package.xml -> /home/yoon/xycar_ws/install/my_cam/share/my_cam
[1.929s] Invoked command in '/home/yoon/xycar_ws/build/my_cam' returned '0': AMENT_PREFIX_PATH=/home/yoon/xycar_ws/install/xycar_msgs:${AMENT_PREFIX_PATH} CMAKE_PREFIX_PATH=/home/yoon/xycar_ws/install/xycar_msgs LD_LIBRARY_PATH=/home/yoon/xycar_ws/install/xycar_msgs/lib:${LD_LIBRARY_PATH} PYTHONPATH=/home/yoon/xycar_ws/build/my_cam/prefix_override:/usr/lib/python3/dist-packages/colcon_core/task/python/colcon_distutils_commands:/home/yoon/xycar_ws/install/my_cam/lib/python3.10/site-packages:/home/yoon/xycar_ws/install/xycar_msgs/local/lib/python3.10/dist-packages:${PYTHONPATH} /usr/bin/python3 -W ignore:setup.py install is deprecated -W ignore:easy_install command is deprecated setup.py develop --editable --build-directory /home/yoon/xycar_ws/build/my_cam/build --no-deps symlink_data
