running develop
Removing /home/yoon/xycar_ws/install/my_motor/lib/python3.10/site-packages/my-motor.egg-link (link to .)
running egg_info
writing ../../build/my_motor/my_motor.egg-info/PKG-INFO
writing dependency_links to ../../build/my_motor/my_motor.egg-info/dependency_links.txt
writing entry points to ../../build/my_motor/my_motor.egg-info/entry_points.txt
writing requirements to ../../build/my_motor/my_motor.egg-info/requires.txt
writing top-level names to ../../build/my_motor/my_motor.egg-info/top_level.txt
reading manifest file '../../build/my_motor/my_motor.egg-info/SOURCES.txt'
adding license file 'LICENSE'
writing manifest file '../../build/my_motor/my_motor.egg-info/SOURCES.txt'
running build
running build_py
creating /home/yoon/xycar_ws/build/my_motor/build
creating /home/yoon/xycar_ws/build/my_motor/build/lib
creating /home/yoon/xycar_ws/build/my_motor/build/lib/my_motor
copying my_motor/go_stop.py -> /home/yoon/xycar_ws/build/my_motor/build/lib/my_motor
copying my_motor/go.py -> /home/yoon/xycar_ws/build/my_motor/build/lib/my_motor
copying my_motor/__init__.py -> /home/yoon/xycar_ws/build/my_motor/build/lib/my_motor
running install
running install_lib
creating /home/yoon/xycar_ws/install/my_motor/lib/python3.10/site-packages/my_motor
copying /home/yoon/xycar_ws/build/my_motor/build/lib/my_motor/go_stop.py -> /home/yoon/xycar_ws/install/my_motor/lib/python3.10/site-packages/my_motor
copying /home/yoon/xycar_ws/build/my_motor/build/lib/my_motor/go.py -> /home/yoon/xycar_ws/install/my_motor/lib/python3.10/site-packages/my_motor
copying /home/yoon/xycar_ws/build/my_motor/build/lib/my_motor/__init__.py -> /home/yoon/xycar_ws/install/my_motor/lib/python3.10/site-packages/my_motor
byte-compiling /home/yoon/xycar_ws/install/my_motor/lib/python3.10/site-packages/my_motor/go_stop.py to go_stop.cpython-310.pyc
byte-compiling /home/yoon/xycar_ws/install/my_motor/lib/python3.10/site-packages/my_motor/go.py to go.cpython-310.pyc
byte-compiling /home/yoon/xycar_ws/install/my_motor/lib/python3.10/site-packages/my_motor/__init__.py to __init__.cpython-310.pyc
running install_data
copying resource/my_motor -> /home/yoon/xycar_ws/install/my_motor/share/ament_index/resource_index/packages
copying package.xml -> /home/yoon/xycar_ws/install/my_motor/share/my_motor
running install_egg_info
Copying ../../build/my_motor/my_motor.egg-info to /home/yoon/xycar_ws/install/my_motor/lib/python3.10/site-packages/my_motor-0.0.0-py3.10.egg-info
running install_scripts
Installing go script to /home/yoon/xycar_ws/install/my_motor/lib/my_motor
Installing go_stop script to /home/yoon/xycar_ws/install/my_motor/lib/my_motor
writing list of installed files to '/home/yoon/xycar_ws/build/my_motor/install.log'
