[0.036s] Invoking command in '/home/yoon/xycar_ws/build/xycar_msgs': CMAKE_PREFIX_PATH=/opt/ros/humble /usr/bin/cmake /home/yoon/xycar_ws/src/xycar_msgs -DAMENT_CMAKE_SYMLINK_INSTALL=1 -DCMAKE_INSTALL_PREFIX=/home/yoon/xycar_ws/install/xycar_msgs
[0.907s] -- Found ament_cmake: 1.3.14 (/opt/ros/humble/share/ament_cmake/cmake)
[0.907s] -- Found Python3: /usr/bin/python3 (found version "3.10.12") found components: Interpreter 
[0.908s] -- Override CMake install command with custom implementation using symlinks instead of copying resources
[0.908s] -- Found rosidl_default_generators: 1.2.1 (/opt/ros/humble/share/rosidl_default_generators/cmake)
[0.908s] -- Using all available rosidl_typesupport_c: rosidl_typesupport_fastrtps_c;rosidl_typesupport_introspection_c
[0.908s] -- Found rosidl_adapter: 3.1.8 (/opt/ros/humble/share/rosidl_adapter/cmake)
[0.908s] -- Using all available rosidl_typesupport_cpp: rosidl_typesupport_fastrtps_cpp;rosidl_typesupport_introspection_cpp
[0.908s] -- Found std_msgs: 4.9.1 (/opt/ros/humble/share/std_msgs/cmake)
[0.909s] -- Found sensor_msgs: 4.9.1 (/opt/ros/humble/share/sensor_msgs/cmake)
[1.123s] -- Found ament_cmake_ros: 0.10.0 (/opt/ros/humble/share/ament_cmake_ros/cmake)
[1.548s] -- Using all available rosidl_typesupport_c: rosidl_typesupport_fastrtps_c;rosidl_typesupport_introspection_c
[2.078s] -- Using all available rosidl_typesupport_cpp: rosidl_typesupport_fastrtps_cpp;rosidl_typesupport_introspection_cpp
[2.309s] -- Found PythonInterp: /usr/bin/python3 (found suitable version "3.10.12", minimum required is "3.6") 
[2.317s] -- Found python_cmake_module: 0.10.0 (/opt/ros/humble/share/python_cmake_module/cmake)
[2.849s] -- Found PythonLibs: /usr/lib/x86_64-linux-gnu/libpython3.10.so (found suitable version "3.10.12", minimum required is "3.5") 
[2.849s] -- Using PYTHON_EXECUTABLE: /usr/bin/python3
[2.849s] -- Using PYTHON_INCLUDE_DIRS: /usr/include/python3.10
[2.849s] -- Using PYTHON_LIBRARIES: /usr/lib/x86_64-linux-gnu/libpython3.10.so
[2.873s] -- Found PythonExtra: .so  
[3.134s] -- Found ament_lint_auto: 0.12.15 (/opt/ros/humble/share/ament_lint_auto/cmake)
[3.175s] -- Added test 'lint_cmake' to check CMake code style
[3.179s] -- Added test 'xmllint' to check XML markup files
[3.185s] -- Configuring done
[3.286s] -- Generating done
[3.302s] -- Build files have been written to: /home/yoon/xycar_ws/build/xycar_msgs
[3.311s] Invoked command in '/home/yoon/xycar_ws/build/xycar_msgs' returned '0': CMAKE_PREFIX_PATH=/opt/ros/humble /usr/bin/cmake /home/yoon/xycar_ws/src/xycar_msgs -DAMENT_CMAKE_SYMLINK_INSTALL=1 -DCMAKE_INSTALL_PREFIX=/home/yoon/xycar_ws/install/xycar_msgs
[3.314s] Invoking command in '/home/yoon/xycar_ws/build/xycar_msgs': CMAKE_PREFIX_PATH=/opt/ros/humble /usr/bin/cmake --build /home/yoon/xycar_ws/build/xycar_msgs -- -j12 -l12
[3.368s] [  2%] [34m[1mGenerating C code for ROS interfaces[0m
[3.382s] [  5%] [34m[1mGenerating Rust code for ROS interfaces[0m
[3.382s] [  7%] [34m[1mGenerating C++ code for ROS interfaces[0m
[3.394s] [  7%] Built target ament_cmake_python_symlink_xycar_msgs
[3.668s] [  7%] Built target xycar_msgs__rs
[3.743s] running egg_info
[3.744s] creating xycar_msgs.egg-info
[3.746s] writing xycar_msgs.egg-info/PKG-INFO
[3.746s] writing dependency_links to xycar_msgs.egg-info/dependency_links.txt
[3.746s] writing top-level names to xycar_msgs.egg-info/top_level.txt
[3.746s] writing manifest file 'xycar_msgs.egg-info/SOURCES.txt'
[3.748s] reading manifest file 'xycar_msgs.egg-info/SOURCES.txt'
[3.749s] writing manifest file 'xycar_msgs.egg-info/SOURCES.txt'
[3.768s] [ 10%] [32mBuilding C object CMakeFiles/xycar_msgs__rosidl_generator_c.dir/rosidl_generator_c/xycar_msgs/msg/detail/xycar_motor__functions.c.o[0m
[3.768s] [ 12%] [32mBuilding C object CMakeFiles/xycar_msgs__rosidl_generator_c.dir/rosidl_generator_c/xycar_msgs/msg/detail/xycar_ultrasonic__functions.c.o[0m
[3.796s] [ 12%] Built target ament_cmake_python_build_xycar_msgs_egg
[3.803s] [ 12%] Built target xycar_msgs__cpp
[3.819s] [ 15%] [34m[1mGenerating C++ type support for eProsima Fast-RTPS[0m
[3.819s] [ 17%] [34m[1mGenerating C++ type support dispatch for ROS interfaces[0m
[3.820s] [ 20%] [34m[1mGenerating C++ introspection for ROS interfaces[0m
[3.887s] [ 22%] [32m[1mLinking C shared library libxycar_msgs__rosidl_generator_c.so[0m
[4.049s] [ 22%] Built target xycar_msgs__rosidl_generator_c
[4.065s] [ 27%] [34m[1mGenerating C introspection for ROS interfaces[0m
[4.065s] [ 27%] [34m[1mGenerating C type support for eProsima Fast-RTPS[0m
[4.069s] [ 30%] [34m[1mGenerating C type support dispatch for ROS interfaces[0m
[4.180s] [ 32%] [32mBuilding CXX object CMakeFiles/xycar_msgs__rosidl_typesupport_introspection_cpp.dir/rosidl_typesupport_introspection_cpp/xycar_msgs/msg/detail/xycar_ultrasonic__type_support.cpp.o[0m
[4.180s] [ 35%] [32mBuilding CXX object CMakeFiles/xycar_msgs__rosidl_typesupport_introspection_cpp.dir/rosidl_typesupport_introspection_cpp/xycar_msgs/msg/detail/xycar_motor__type_support.cpp.o[0m
[4.191s] [ 40%] [32mBuilding CXX object CMakeFiles/xycar_msgs__rosidl_typesupport_cpp.dir/rosidl_typesupport_cpp/xycar_msgs/msg/xycar_ultrasonic__type_support.cpp.o[0m
[4.191s] [ 40%] [32mBuilding CXX object CMakeFiles/xycar_msgs__rosidl_typesupport_cpp.dir/rosidl_typesupport_cpp/xycar_msgs/msg/xycar_motor__type_support.cpp.o[0m
[4.212s] [ 42%] [32mBuilding CXX object CMakeFiles/xycar_msgs__rosidl_typesupport_fastrtps_cpp.dir/rosidl_typesupport_fastrtps_cpp/xycar_msgs/msg/detail/dds_fastrtps/xycar_motor__type_support.cpp.o[0m
[4.212s] [ 45%] [32mBuilding CXX object CMakeFiles/xycar_msgs__rosidl_typesupport_fastrtps_cpp.dir/rosidl_typesupport_fastrtps_cpp/xycar_msgs/msg/detail/dds_fastrtps/xycar_ultrasonic__type_support.cpp.o[0m
[4.493s] [ 47%] [32mBuilding CXX object CMakeFiles/xycar_msgs__rosidl_typesupport_c.dir/rosidl_typesupport_c/xycar_msgs/msg/xycar_ultrasonic__type_support.cpp.o[0m
[4.497s] [ 50%] [32mBuilding CXX object CMakeFiles/xycar_msgs__rosidl_typesupport_c.dir/rosidl_typesupport_c/xycar_msgs/msg/xycar_motor__type_support.cpp.o[0m
[4.521s] [ 52%] [32mBuilding C object CMakeFiles/xycar_msgs__rosidl_typesupport_introspection_c.dir/rosidl_typesupport_introspection_c/xycar_msgs/msg/detail/xycar_motor__type_support.c.o[0m
[4.521s] [ 55%] [32mBuilding C object CMakeFiles/xycar_msgs__rosidl_typesupport_introspection_c.dir/rosidl_typesupport_introspection_c/xycar_msgs/msg/detail/xycar_ultrasonic__type_support.c.o[0m
[4.574s] [ 57%] [32m[1mLinking CXX shared library libxycar_msgs__rosidl_typesupport_c.so[0m
[4.591s] [ 60%] [32mBuilding CXX object CMakeFiles/xycar_msgs__rosidl_typesupport_fastrtps_c.dir/rosidl_typesupport_fastrtps_c/xycar_msgs/msg/detail/xycar_ultrasonic__type_support_c.cpp.o[0m
[4.592s] [ 62%] [32mBuilding CXX object CMakeFiles/xycar_msgs__rosidl_typesupport_fastrtps_c.dir/rosidl_typesupport_fastrtps_c/xycar_msgs/msg/detail/xycar_motor__type_support_c.cpp.o[0m
[4.625s] [ 65%] [32m[1mLinking C shared library libxycar_msgs__rosidl_typesupport_introspection_c.so[0m
[4.699s] [ 67%] [32m[1mLinking CXX shared library libxycar_msgs__rosidl_typesupport_cpp.so[0m
[4.818s] [ 67%] Built target xycar_msgs__rosidl_typesupport_c
[4.822s] [ 67%] Built target xycar_msgs__rosidl_typesupport_introspection_c
[4.891s] [ 67%] Built target xycar_msgs__rosidl_typesupport_cpp
[4.965s] [ 70%] [32m[1mLinking CXX shared library libxycar_msgs__rosidl_typesupport_introspection_cpp.so[0m
[4.987s] [ 72%] [32m[1mLinking CXX shared library libxycar_msgs__rosidl_typesupport_fastrtps_cpp.so[0m
[5.150s] [ 75%] [32m[1mLinking CXX shared library libxycar_msgs__rosidl_typesupport_fastrtps_c.so[0m
[5.207s] [ 75%] Built target xycar_msgs__rosidl_typesupport_introspection_cpp
[5.221s] [ 75%] Built target xycar_msgs__rosidl_typesupport_fastrtps_cpp
[5.362s] [ 75%] Built target xycar_msgs__rosidl_typesupport_fastrtps_c
[5.390s] [ 75%] Built target xycar_msgs
[5.418s] [ 77%] [34m[1mGenerating Python code for ROS interfaces[0m
[5.835s] [ 77%] Built target xycar_msgs__py
[5.863s] [ 80%] [32mBuilding C object CMakeFiles/xycar_msgs__rosidl_generator_py.dir/rosidl_generator_py/xycar_msgs/msg/_xycar_motor_s.c.o[0m
[5.864s] [ 82%] [32mBuilding C object CMakeFiles/xycar_msgs__rosidl_generator_py.dir/rosidl_generator_py/xycar_msgs/msg/_xycar_ultrasonic_s.c.o[0m
[6.049s] [ 85%] [32m[1mLinking C shared library rosidl_generator_py/xycar_msgs/libxycar_msgs__rosidl_generator_py.so[0m
[6.205s] [ 85%] Built target xycar_msgs__rosidl_generator_py
[6.233s] [ 87%] [32mBuilding C object CMakeFiles/xycar_msgs__rosidl_typesupport_fastrtps_c__pyext.dir/rosidl_generator_py/xycar_msgs/_xycar_msgs_s.ep.rosidl_typesupport_fastrtps_c.c.o[0m
[6.233s] [ 90%] [32mBuilding C object CMakeFiles/xycar_msgs__rosidl_typesupport_introspection_c__pyext.dir/rosidl_generator_py/xycar_msgs/_xycar_msgs_s.ep.rosidl_typesupport_introspection_c.c.o[0m
[6.233s] [ 92%] [32mBuilding C object CMakeFiles/xycar_msgs__rosidl_typesupport_c__pyext.dir/rosidl_generator_py/xycar_msgs/_xycar_msgs_s.ep.rosidl_typesupport_c.c.o[0m
[6.398s] [ 95%] [32m[1mLinking C shared library rosidl_generator_py/xycar_msgs/xycar_msgs_s__rosidl_typesupport_c.cpython-310-x86_64-linux-gnu.so[0m
[6.398s] [ 97%] [32m[1mLinking C shared library rosidl_generator_py/xycar_msgs/xycar_msgs_s__rosidl_typesupport_introspection_c.cpython-310-x86_64-linux-gnu.so[0m
[6.399s] [100%] [32m[1mLinking C shared library rosidl_generator_py/xycar_msgs/xycar_msgs_s__rosidl_typesupport_fastrtps_c.cpython-310-x86_64-linux-gnu.so[0m
[6.523s] [100%] Built target xycar_msgs__rosidl_typesupport_introspection_c__pyext
[6.523s] [100%] Built target xycar_msgs__rosidl_typesupport_c__pyext
[6.525s] [100%] Built target xycar_msgs__rosidl_typesupport_fastrtps_c__pyext
[6.542s] Invoked command in '/home/yoon/xycar_ws/build/xycar_msgs' returned '0': CMAKE_PREFIX_PATH=/opt/ros/humble /usr/bin/cmake --build /home/yoon/xycar_ws/build/xycar_msgs -- -j12 -l12
[6.556s] Invoking command in '/home/yoon/xycar_ws/build/xycar_msgs': CMAKE_PREFIX_PATH=/opt/ros/humble /usr/bin/cmake --install /home/yoon/xycar_ws/build/xycar_msgs
[6.565s] -- Install configuration: ""
[6.566s] -- Execute custom install script
[6.568s] -- Symlinking: /home/yoon/xycar_ws/install/xycar_msgs/share/ament_index/resource_index/rosidl_interfaces/xycar_msgs
[6.584s] -- Symlinking: /home/yoon/xycar_ws/install/xycar_msgs/include/xycar_msgs/xycar_msgs/msg/detail/xycar_motor__functions.h
[6.596s] -- Symlinking: /home/yoon/xycar_ws/install/xycar_msgs/include/xycar_msgs/xycar_msgs/msg/detail/xycar_motor__struct.h
[6.608s] -- Symlinking: /home/yoon/xycar_ws/install/xycar_msgs/include/xycar_msgs/xycar_msgs/msg/detail/xycar_motor__type_support.h
[6.621s] -- Symlinking: /home/yoon/xycar_ws/install/xycar_msgs/include/xycar_msgs/xycar_msgs/msg/detail/xycar_ultrasonic__functions.h
[6.633s] -- Symlinking: /home/yoon/xycar_ws/install/xycar_msgs/include/xycar_msgs/xycar_msgs/msg/detail/xycar_ultrasonic__struct.h
[6.645s] -- Symlinking: /home/yoon/xycar_ws/install/xycar_msgs/include/xycar_msgs/xycar_msgs/msg/detail/xycar_ultrasonic__type_support.h
[6.658s] -- Symlinking: /home/yoon/xycar_ws/install/xycar_msgs/include/xycar_msgs/xycar_msgs/msg/rosidl_generator_c__visibility_control.h
[6.671s] -- Symlinking: /home/yoon/xycar_ws/install/xycar_msgs/include/xycar_msgs/xycar_msgs/msg/xycar_motor.h
[6.683s] -- Symlinking: /home/yoon/xycar_ws/install/xycar_msgs/include/xycar_msgs/xycar_msgs/msg/xycar_ultrasonic.h
[6.697s] -- Symlinking: /home/yoon/xycar_ws/install/xycar_msgs/share/xycar_msgs/environment/library_path.sh
[6.710s] -- Symlinking: /home/yoon/xycar_ws/install/xycar_msgs/share/xycar_msgs/environment/library_path.dsv
[6.722s] -- Symlinking: /home/yoon/xycar_ws/install/xycar_msgs/include/xycar_msgs/xycar_msgs/msg/detail/xycar_motor__rosidl_typesupport_fastrtps_c.h
[6.734s] -- Symlinking: /home/yoon/xycar_ws/install/xycar_msgs/include/xycar_msgs/xycar_msgs/msg/detail/xycar_ultrasonic__rosidl_typesupport_fastrtps_c.h
[6.747s] -- Symlinking: /home/yoon/xycar_ws/install/xycar_msgs/include/xycar_msgs/xycar_msgs/msg/rosidl_typesupport_fastrtps_c__visibility_control.h
[6.761s] -- Symlinking: /home/yoon/xycar_ws/install/xycar_msgs/include/xycar_msgs/xycar_msgs/msg/detail/xycar_motor__rosidl_typesupport_introspection_c.h
[6.774s] -- Symlinking: /home/yoon/xycar_ws/install/xycar_msgs/include/xycar_msgs/xycar_msgs/msg/detail/xycar_ultrasonic__rosidl_typesupport_introspection_c.h
[6.786s] -- Symlinking: /home/yoon/xycar_ws/install/xycar_msgs/include/xycar_msgs/xycar_msgs/msg/rosidl_typesupport_introspection_c__visibility_control.h
[6.799s] -- Symlinking: /home/yoon/xycar_ws/install/xycar_msgs/include/xycar_msgs/xycar_msgs/msg/detail/xycar_motor__builder.hpp
[6.811s] -- Symlinking: /home/yoon/xycar_ws/install/xycar_msgs/include/xycar_msgs/xycar_msgs/msg/detail/xycar_motor__struct.hpp
[6.824s] -- Symlinking: /home/yoon/xycar_ws/install/xycar_msgs/include/xycar_msgs/xycar_msgs/msg/detail/xycar_motor__traits.hpp
[6.836s] -- Symlinking: /home/yoon/xycar_ws/install/xycar_msgs/include/xycar_msgs/xycar_msgs/msg/detail/xycar_motor__type_support.hpp
[6.848s] -- Symlinking: /home/yoon/xycar_ws/install/xycar_msgs/include/xycar_msgs/xycar_msgs/msg/detail/xycar_ultrasonic__builder.hpp
[6.861s] -- Symlinking: /home/yoon/xycar_ws/install/xycar_msgs/include/xycar_msgs/xycar_msgs/msg/detail/xycar_ultrasonic__struct.hpp
[6.873s] -- Symlinking: /home/yoon/xycar_ws/install/xycar_msgs/include/xycar_msgs/xycar_msgs/msg/detail/xycar_ultrasonic__traits.hpp
[6.885s] -- Symlinking: /home/yoon/xycar_ws/install/xycar_msgs/include/xycar_msgs/xycar_msgs/msg/detail/xycar_ultrasonic__type_support.hpp
[6.898s] -- Symlinking: /home/yoon/xycar_ws/install/xycar_msgs/include/xycar_msgs/xycar_msgs/msg/rosidl_generator_cpp__visibility_control.hpp
[6.911s] -- Symlinking: /home/yoon/xycar_ws/install/xycar_msgs/include/xycar_msgs/xycar_msgs/msg/xycar_motor.hpp
[6.923s] -- Symlinking: /home/yoon/xycar_ws/install/xycar_msgs/include/xycar_msgs/xycar_msgs/msg/xycar_ultrasonic.hpp
[6.936s] -- Symlinking: /home/yoon/xycar_ws/install/xycar_msgs/include/xycar_msgs/xycar_msgs/msg/detail/xycar_motor__rosidl_typesupport_fastrtps_cpp.hpp
[6.949s] -- Symlinking: /home/yoon/xycar_ws/install/xycar_msgs/include/xycar_msgs/xycar_msgs/msg/detail/xycar_ultrasonic__rosidl_typesupport_fastrtps_cpp.hpp
[6.962s] -- Symlinking: /home/yoon/xycar_ws/install/xycar_msgs/include/xycar_msgs/xycar_msgs/msg/rosidl_typesupport_fastrtps_cpp__visibility_control.h
[6.975s] -- Symlinking: /home/yoon/xycar_ws/install/xycar_msgs/include/xycar_msgs/xycar_msgs/msg/detail/xycar_motor__rosidl_typesupport_introspection_cpp.hpp
[6.987s] -- Symlinking: /home/yoon/xycar_ws/install/xycar_msgs/include/xycar_msgs/xycar_msgs/msg/detail/xycar_ultrasonic__rosidl_typesupport_introspection_cpp.hpp
[7.000s] -- Symlinking: /home/yoon/xycar_ws/install/xycar_msgs/share/xycar_msgs/environment/pythonpath.sh
[7.013s] -- Symlinking: /home/yoon/xycar_ws/install/xycar_msgs/share/xycar_msgs/environment/pythonpath.dsv
[7.028s] -- Symlinking: /home/yoon/xycar_ws/install/xycar_msgs/local/lib/python3.10/dist-packages/xycar_msgs-0.0.0-py3.10.egg-info/PKG-INFO
[7.041s] -- Symlinking: /home/yoon/xycar_ws/install/xycar_msgs/local/lib/python3.10/dist-packages/xycar_msgs-0.0.0-py3.10.egg-info/SOURCES.txt
[7.054s] -- Symlinking: /home/yoon/xycar_ws/install/xycar_msgs/local/lib/python3.10/dist-packages/xycar_msgs-0.0.0-py3.10.egg-info/dependency_links.txt
[7.067s] -- Symlinking: /home/yoon/xycar_ws/install/xycar_msgs/local/lib/python3.10/dist-packages/xycar_msgs-0.0.0-py3.10.egg-info/top_level.txt
[7.081s] -- Symlinking: /home/yoon/xycar_ws/install/xycar_msgs/local/lib/python3.10/dist-packages/xycar_msgs/__init__.py
[7.093s] -- Symlinking: /home/yoon/xycar_ws/install/xycar_msgs/local/lib/python3.10/dist-packages/xycar_msgs/_xycar_msgs_s.ep.rosidl_typesupport_c.c
[7.105s] -- Symlinking: /home/yoon/xycar_ws/install/xycar_msgs/local/lib/python3.10/dist-packages/xycar_msgs/_xycar_msgs_s.ep.rosidl_typesupport_fastrtps_c.c
[7.117s] -- Symlinking: /home/yoon/xycar_ws/install/xycar_msgs/local/lib/python3.10/dist-packages/xycar_msgs/_xycar_msgs_s.ep.rosidl_typesupport_introspection_c.c
[7.130s] -- Symlinking: /home/yoon/xycar_ws/install/xycar_msgs/local/lib/python3.10/dist-packages/xycar_msgs/libxycar_msgs__rosidl_generator_py.so
[7.143s] -- Symlinking: /home/yoon/xycar_ws/install/xycar_msgs/local/lib/python3.10/dist-packages/xycar_msgs/msg/__init__.py
[7.155s] -- Symlinking: /home/yoon/xycar_ws/install/xycar_msgs/local/lib/python3.10/dist-packages/xycar_msgs/msg/_xycar_motor.py
[7.167s] -- Symlinking: /home/yoon/xycar_ws/install/xycar_msgs/local/lib/python3.10/dist-packages/xycar_msgs/msg/_xycar_motor_s.c
[7.180s] -- Symlinking: /home/yoon/xycar_ws/install/xycar_msgs/local/lib/python3.10/dist-packages/xycar_msgs/msg/_xycar_ultrasonic.py
[7.192s] -- Symlinking: /home/yoon/xycar_ws/install/xycar_msgs/local/lib/python3.10/dist-packages/xycar_msgs/msg/_xycar_ultrasonic_s.c
[7.205s] -- Symlinking: /home/yoon/xycar_ws/install/xycar_msgs/local/lib/python3.10/dist-packages/xycar_msgs/xycar_msgs_s__rosidl_typesupport_c.cpython-310-x86_64-linux-gnu.so
[7.217s] -- Symlinking: /home/yoon/xycar_ws/install/xycar_msgs/local/lib/python3.10/dist-packages/xycar_msgs/xycar_msgs_s__rosidl_typesupport_fastrtps_c.cpython-310-x86_64-linux-gnu.so
[7.229s] -- Symlinking: /home/yoon/xycar_ws/install/xycar_msgs/local/lib/python3.10/dist-packages/xycar_msgs/xycar_msgs_s__rosidl_typesupport_introspection_c.cpython-310-x86_64-linux-gnu.so
[7.243s] -- Up-to-date symlink: /home/yoon/xycar_ws/install/xycar_msgs/local/lib/python3.10/dist-packages/xycar_msgs/xycar_msgs_s__rosidl_typesupport_fastrtps_c.cpython-310-x86_64-linux-gnu.so
[7.243s] -- Up-to-date symlink: /home/yoon/xycar_ws/install/xycar_msgs/local/lib/python3.10/dist-packages/xycar_msgs/xycar_msgs_s__rosidl_typesupport_introspection_c.cpython-310-x86_64-linux-gnu.so
[7.243s] -- Up-to-date symlink: /home/yoon/xycar_ws/install/xycar_msgs/local/lib/python3.10/dist-packages/xycar_msgs/xycar_msgs_s__rosidl_typesupport_c.cpython-310-x86_64-linux-gnu.so
[7.244s] -- Symlinking: /home/yoon/xycar_ws/install/xycar_msgs/share/ament_index/resource_index/rust_packages/xycar_msgs
[7.258s] -- Symlinking: /home/yoon/xycar_ws/install/xycar_msgs/share/xycar_msgs/rust/Cargo.toml
[7.270s] -- Symlinking: /home/yoon/xycar_ws/install/xycar_msgs/share/xycar_msgs/rust/build.rs
[7.283s] -- Symlinking: /home/yoon/xycar_ws/install/xycar_msgs/share/xycar_msgs/rust/src/lib.rs
[7.296s] -- Symlinking: /home/yoon/xycar_ws/install/xycar_msgs/share/xycar_msgs/rust/src/msg.rs
[7.310s] -- Symlinking: /home/yoon/xycar_ws/install/xycar_msgs/share/xycar_msgs/rust/src/msg/rmw.rs
[7.323s] -- Symlinking: /home/yoon/xycar_ws/install/xycar_msgs/share/xycar_msgs/msg/XycarMotor.idl
[7.336s] -- Symlinking: /home/yoon/xycar_ws/install/xycar_msgs/share/xycar_msgs/msg/XycarUltrasonic.idl
[7.349s] -- Symlinking: /home/yoon/xycar_ws/install/xycar_msgs/share/xycar_msgs/msg/XycarMotor.msg
[7.360s] -- Symlinking: /home/yoon/xycar_ws/install/xycar_msgs/share/xycar_msgs/msg/XycarUltrasonic.msg
[7.373s] -- Symlinking: /home/yoon/xycar_ws/install/xycar_msgs/share/ament_index/resource_index/package_run_dependencies/xycar_msgs
[7.386s] -- Symlinking: /home/yoon/xycar_ws/install/xycar_msgs/share/ament_index/resource_index/parent_prefix_path/xycar_msgs
[7.399s] -- Symlinking: /home/yoon/xycar_ws/install/xycar_msgs/share/xycar_msgs/environment/ament_prefix_path.sh
[7.411s] -- Symlinking: /home/yoon/xycar_ws/install/xycar_msgs/share/xycar_msgs/environment/ament_prefix_path.dsv
[7.424s] -- Symlinking: /home/yoon/xycar_ws/install/xycar_msgs/share/xycar_msgs/environment/path.sh
[7.438s] -- Symlinking: /home/yoon/xycar_ws/install/xycar_msgs/share/xycar_msgs/environment/path.dsv
[7.450s] -- Symlinking: /home/yoon/xycar_ws/install/xycar_msgs/share/xycar_msgs/local_setup.bash
[7.463s] -- Symlinking: /home/yoon/xycar_ws/install/xycar_msgs/share/xycar_msgs/local_setup.sh
[7.475s] -- Symlinking: /home/yoon/xycar_ws/install/xycar_msgs/share/xycar_msgs/local_setup.zsh
[7.488s] -- Symlinking: /home/yoon/xycar_ws/install/xycar_msgs/share/xycar_msgs/local_setup.dsv
[7.501s] -- Symlinking: /home/yoon/xycar_ws/install/xycar_msgs/share/xycar_msgs/package.dsv
[7.514s] -- Symlinking: /home/yoon/xycar_ws/install/xycar_msgs/share/ament_index/resource_index/packages/xycar_msgs
[7.527s] -- Symlinking: /home/yoon/xycar_ws/install/xycar_msgs/share/xycar_msgs/cmake/rosidl_cmake-extras.cmake
[7.540s] -- Symlinking: /home/yoon/xycar_ws/install/xycar_msgs/share/xycar_msgs/cmake/ament_cmake_export_dependencies-extras.cmake
[7.552s] -- Symlinking: /home/yoon/xycar_ws/install/xycar_msgs/share/xycar_msgs/cmake/ament_cmake_export_include_directories-extras.cmake
[7.566s] -- Symlinking: /home/yoon/xycar_ws/install/xycar_msgs/share/xycar_msgs/cmake/ament_cmake_export_libraries-extras.cmake
[7.578s] -- Symlinking: /home/yoon/xycar_ws/install/xycar_msgs/share/xycar_msgs/cmake/ament_cmake_export_targets-extras.cmake
[7.591s] -- Symlinking: /home/yoon/xycar_ws/install/xycar_msgs/share/xycar_msgs/cmake/rosidl_cmake_export_typesupport_targets-extras.cmake
[7.604s] -- Symlinking: /home/yoon/xycar_ws/install/xycar_msgs/share/xycar_msgs/cmake/rosidl_cmake_export_typesupport_libraries-extras.cmake
[7.620s] -- Symlinking: /home/yoon/xycar_ws/install/xycar_msgs/share/xycar_msgs/cmake/xycar_msgsConfig.cmake
[7.633s] -- Symlinking: /home/yoon/xycar_ws/install/xycar_msgs/share/xycar_msgs/cmake/xycar_msgsConfig-version.cmake
[7.645s] -- Symlinking: /home/yoon/xycar_ws/install/xycar_msgs/share/xycar_msgs/package.xml
[7.658s] -- Installing: /home/yoon/xycar_ws/install/xycar_msgs/lib/libxycar_msgs__rosidl_generator_c.so
[7.658s] -- Set runtime path of "/home/yoon/xycar_ws/install/xycar_msgs/lib/libxycar_msgs__rosidl_generator_c.so" to ""
[7.658s] -- Installing: /home/yoon/xycar_ws/install/xycar_msgs/lib/libxycar_msgs__rosidl_typesupport_fastrtps_c.so
[7.659s] -- Set runtime path of "/home/yoon/xycar_ws/install/xycar_msgs/lib/libxycar_msgs__rosidl_typesupport_fastrtps_c.so" to ""
[7.659s] -- Installing: /home/yoon/xycar_ws/install/xycar_msgs/lib/libxycar_msgs__rosidl_typesupport_introspection_c.so
[7.659s] -- Set runtime path of "/home/yoon/xycar_ws/install/xycar_msgs/lib/libxycar_msgs__rosidl_typesupport_introspection_c.so" to ""
[7.660s] -- Installing: /home/yoon/xycar_ws/install/xycar_msgs/lib/libxycar_msgs__rosidl_typesupport_c.so
[7.660s] -- Set runtime path of "/home/yoon/xycar_ws/install/xycar_msgs/lib/libxycar_msgs__rosidl_typesupport_c.so" to ""
[7.660s] -- Installing: /home/yoon/xycar_ws/install/xycar_msgs/lib/libxycar_msgs__rosidl_typesupport_fastrtps_cpp.so
[7.661s] -- Set runtime path of "/home/yoon/xycar_ws/install/xycar_msgs/lib/libxycar_msgs__rosidl_typesupport_fastrtps_cpp.so" to ""
[7.661s] -- Installing: /home/yoon/xycar_ws/install/xycar_msgs/lib/libxycar_msgs__rosidl_typesupport_introspection_cpp.so
[7.662s] -- Set runtime path of "/home/yoon/xycar_ws/install/xycar_msgs/lib/libxycar_msgs__rosidl_typesupport_introspection_cpp.so" to ""
[7.662s] -- Installing: /home/yoon/xycar_ws/install/xycar_msgs/lib/libxycar_msgs__rosidl_typesupport_cpp.so
[7.662s] -- Set runtime path of "/home/yoon/xycar_ws/install/xycar_msgs/lib/libxycar_msgs__rosidl_typesupport_cpp.so" to ""
[7.704s] Listing '/home/yoon/xycar_ws/install/xycar_msgs/local/lib/python3.10/dist-packages/xycar_msgs'...
[7.704s] Compiling '/home/yoon/xycar_ws/install/xycar_msgs/local/lib/python3.10/dist-packages/xycar_msgs/__init__.py'...
[7.704s] Listing '/home/yoon/xycar_ws/install/xycar_msgs/local/lib/python3.10/dist-packages/xycar_msgs/msg'...
[7.704s] Compiling '/home/yoon/xycar_ws/install/xycar_msgs/local/lib/python3.10/dist-packages/xycar_msgs/msg/__init__.py'...
[7.704s] Compiling '/home/yoon/xycar_ws/install/xycar_msgs/local/lib/python3.10/dist-packages/xycar_msgs/msg/_xycar_motor.py'...
[7.704s] Compiling '/home/yoon/xycar_ws/install/xycar_msgs/local/lib/python3.10/dist-packages/xycar_msgs/msg/_xycar_ultrasonic.py'...
[7.709s] -- Installing: /home/yoon/xycar_ws/install/xycar_msgs/lib/libxycar_msgs__rosidl_generator_py.so
[7.709s] -- Set runtime path of "/home/yoon/xycar_ws/install/xycar_msgs/lib/libxycar_msgs__rosidl_generator_py.so" to ""
[7.710s] -- Installing: /home/yoon/xycar_ws/install/xycar_msgs/share/xycar_msgs/cmake/export_xycar_msgs__rosidl_generator_cExport.cmake
[7.710s] -- Installing: /home/yoon/xycar_ws/install/xycar_msgs/share/xycar_msgs/cmake/export_xycar_msgs__rosidl_generator_cExport-noconfig.cmake
[7.710s] -- Installing: /home/yoon/xycar_ws/install/xycar_msgs/share/xycar_msgs/cmake/export_xycar_msgs__rosidl_typesupport_fastrtps_cExport.cmake
[7.710s] -- Installing: /home/yoon/xycar_ws/install/xycar_msgs/share/xycar_msgs/cmake/export_xycar_msgs__rosidl_typesupport_fastrtps_cExport-noconfig.cmake
[7.711s] -- Installing: /home/yoon/xycar_ws/install/xycar_msgs/share/xycar_msgs/cmake/xycar_msgs__rosidl_typesupport_introspection_cExport.cmake
[7.711s] -- Installing: /home/yoon/xycar_ws/install/xycar_msgs/share/xycar_msgs/cmake/xycar_msgs__rosidl_typesupport_introspection_cExport-noconfig.cmake
[7.711s] -- Installing: /home/yoon/xycar_ws/install/xycar_msgs/share/xycar_msgs/cmake/xycar_msgs__rosidl_typesupport_cExport.cmake
[7.712s] -- Installing: /home/yoon/xycar_ws/install/xycar_msgs/share/xycar_msgs/cmake/xycar_msgs__rosidl_typesupport_cExport-noconfig.cmake
[7.712s] -- Installing: /home/yoon/xycar_ws/install/xycar_msgs/share/xycar_msgs/cmake/export_xycar_msgs__rosidl_generator_cppExport.cmake
[7.712s] -- Installing: /home/yoon/xycar_ws/install/xycar_msgs/share/xycar_msgs/cmake/export_xycar_msgs__rosidl_typesupport_fastrtps_cppExport.cmake
[7.713s] -- Installing: /home/yoon/xycar_ws/install/xycar_msgs/share/xycar_msgs/cmake/export_xycar_msgs__rosidl_typesupport_fastrtps_cppExport-noconfig.cmake
[7.713s] -- Installing: /home/yoon/xycar_ws/install/xycar_msgs/share/xycar_msgs/cmake/xycar_msgs__rosidl_typesupport_introspection_cppExport.cmake
[7.713s] -- Installing: /home/yoon/xycar_ws/install/xycar_msgs/share/xycar_msgs/cmake/xycar_msgs__rosidl_typesupport_introspection_cppExport-noconfig.cmake
[7.713s] -- Installing: /home/yoon/xycar_ws/install/xycar_msgs/share/xycar_msgs/cmake/xycar_msgs__rosidl_typesupport_cppExport.cmake
[7.714s] -- Installing: /home/yoon/xycar_ws/install/xycar_msgs/share/xycar_msgs/cmake/xycar_msgs__rosidl_typesupport_cppExport-noconfig.cmake
[7.714s] -- Installing: /home/yoon/xycar_ws/install/xycar_msgs/share/xycar_msgs/cmake/export_xycar_msgs__rosidl_generator_pyExport.cmake
[7.714s] -- Installing: /home/yoon/xycar_ws/install/xycar_msgs/share/xycar_msgs/cmake/export_xycar_msgs__rosidl_generator_pyExport-noconfig.cmake
[7.718s] Invoked command in '/home/yoon/xycar_ws/build/xycar_msgs' returned '0': CMAKE_PREFIX_PATH=/opt/ros/humble /usr/bin/cmake --install /home/yoon/xycar_ws/build/xycar_msgs
