running develop
Removing /home/yoon/xycar_ws/install/track_drive/lib/python3.10/site-packages/track-drive.egg-link (link to .)
running egg_info
writing ../../build/track_drive/track_drive.egg-info/PKG-INFO
writing dependency_links to ../../build/track_drive/track_drive.egg-info/dependency_links.txt
writing entry points to ../../build/track_drive/track_drive.egg-info/entry_points.txt
writing requirements to ../../build/track_drive/track_drive.egg-info/requires.txt
writing top-level names to ../../build/track_drive/track_drive.egg-info/top_level.txt
reading manifest file '../../build/track_drive/track_drive.egg-info/SOURCES.txt'
adding license file 'LICENSE'
writing manifest file '../../build/track_drive/track_drive.egg-info/SOURCES.txt'
running build
running build_py
creating /home/yoon/xycar_ws/build/track_drive/build
creating /home/yoon/xycar_ws/build/track_drive/build/lib
creating /home/yoon/xycar_ws/build/track_drive/build/lib/track_drive
copying track_drive/lane_detection.py -> /home/yoon/xycar_ws/build/track_drive/build/lib/track_drive
copying track_drive/track_drive.py -> /home/yoon/xycar_ws/build/track_drive/build/lib/track_drive
copying track_drive/__init__.py -> /home/yoon/xycar_ws/build/track_drive/build/lib/track_drive
running install
running install_lib
creating /home/yoon/xycar_ws/install/track_drive/lib/python3.10/site-packages/track_drive
copying /home/yoon/xycar_ws/build/track_drive/build/lib/track_drive/lane_detection.py -> /home/yoon/xycar_ws/install/track_drive/lib/python3.10/site-packages/track_drive
copying /home/yoon/xycar_ws/build/track_drive/build/lib/track_drive/track_drive.py -> /home/yoon/xycar_ws/install/track_drive/lib/python3.10/site-packages/track_drive
copying /home/yoon/xycar_ws/build/track_drive/build/lib/track_drive/__init__.py -> /home/yoon/xycar_ws/install/track_drive/lib/python3.10/site-packages/track_drive
byte-compiling /home/yoon/xycar_ws/install/track_drive/lib/python3.10/site-packages/track_drive/lane_detection.py to lane_detection.cpython-310.pyc
byte-compiling /home/yoon/xycar_ws/install/track_drive/lib/python3.10/site-packages/track_drive/track_drive.py to track_drive.cpython-310.pyc
byte-compiling /home/yoon/xycar_ws/install/track_drive/lib/python3.10/site-packages/track_drive/__init__.py to __init__.cpython-310.pyc
running install_data
copying resource/track_drive -> /home/yoon/xycar_ws/install/track_drive/share/ament_index/resource_index/packages
copying package.xml -> /home/yoon/xycar_ws/install/track_drive/share/track_drive
running install_egg_info
Copying ../../build/track_drive/track_drive.egg-info to /home/yoon/xycar_ws/install/track_drive/lib/python3.10/site-packages/track_drive-0.0.0-py3.10.egg-info
running install_scripts
Installing lane_detection script to /home/yoon/xycar_ws/install/track_drive/lib/track_drive
Installing track_drive script to /home/yoon/xycar_ws/install/track_drive/lib/track_drive
writing list of installed files to '/home/yoon/xycar_ws/build/track_drive/install.log'
