[0.460s] DEBUG:colcon:Command line arguments: ['/usr/bin/colcon', 'build']
[0.461s] DEBUG:colcon:Parsed command line arguments: Namespace(log_base=None, log_level=None, verb_name='build', build_base='build', install_base='install', merge_install=False, symlink_install=False, test_result_base=None, continue_on_error=False, executor='parallel', parallel_workers=12, event_handlers=None, ignore_user_meta=False, metas=['./colcon.meta'], base_paths=['.'], packages_ignore=None, packages_ignore_regex=None, paths=None, packages_up_to=None, packages_up_to_regex=None, packages_above=None, packages_above_and_dependencies=None, packages_above_depth=None, packages_select_by_dep=None, packages_skip_by_dep=None, packages_skip_up_to=None, packages_select_build_failed=False, packages_skip_build_finished=False, packages_select_test_failures=False, packages_skip_test_passed=False, packages_select=None, packages_skip=None, packages_select_regex=None, packages_skip_regex=None, packages_start=None, packages_end=None, allow_overriding=[], cmake_args=None, cmake_target=None, cmake_target_skip_unavailable=False, cmake_clean_cache=False, cmake_clean_first=False, cmake_force_configure=False, ament_cmake_args=None, catkin_cmake_args=None, catkin_skip_building_tests=False, verb_parser=<colcon_defaults.argument_parser.defaults.DefaultArgumentsDecorator object at 0x70bd7951a560>, verb_extension=<colcon_core.verb.build.BuildVerb object at 0x70bd796379d0>, main=<bound method BuildVerb.main of <colcon_core.verb.build.BuildVerb object at 0x70bd796379d0>>)
[1.040s] Level 1:colcon.colcon_core.package_discovery:discover_packages(colcon_meta) check parameters
[1.040s] Level 1:colcon.colcon_core.package_discovery:discover_packages(recursive) check parameters
[1.041s] Level 1:colcon.colcon_core.package_discovery:discover_packages(ignore) check parameters
[1.041s] Level 1:colcon.colcon_core.package_discovery:discover_packages(path) check parameters
[1.041s] Level 1:colcon.colcon_core.package_discovery:discover_packages(colcon_meta) discover
[1.041s] Level 1:colcon.colcon_core.package_discovery:discover_packages(recursive) discover
[1.041s] INFO:colcon.colcon_core.package_discovery:Crawling recursively for packages in '/home/yoon/xycar_ws'
[1.041s] Level 1:colcon.colcon_core.package_identification:_identify(.) by extensions ['ignore', 'ignore_ament_install']
[1.041s] Level 1:colcon.colcon_core.package_identification:_identify(.) by extension 'ignore'
[1.041s] Level 1:colcon.colcon_core.package_identification:_identify(.) by extension 'ignore_ament_install'
[1.042s] Level 1:colcon.colcon_core.package_identification:_identify(.) by extensions ['colcon_pkg']
[1.042s] Level 1:colcon.colcon_core.package_identification:_identify(.) by extension 'colcon_pkg'
[1.042s] Level 1:colcon.colcon_core.package_identification:_identify(.) by extensions ['colcon_meta']
[1.042s] Level 1:colcon.colcon_core.package_identification:_identify(.) by extension 'colcon_meta'
[1.042s] Level 1:colcon.colcon_core.package_identification:_identify(.) by extensions ['ros']
[1.042s] Level 1:colcon.colcon_core.package_identification:_identify(.) by extension 'ros'
[1.081s] Level 1:colcon.colcon_core.package_identification:_identify(.) by extensions ['cmake', 'python']
[1.081s] Level 1:colcon.colcon_core.package_identification:_identify(.) by extension 'cmake'
[1.081s] Level 1:colcon.colcon_core.package_identification:_identify(.) by extension 'python'
[1.082s] Level 1:colcon.colcon_core.package_identification:_identify(.) by extensions ['python_setup_py']
[1.082s] Level 1:colcon.colcon_core.package_identification:_identify(.) by extension 'python_setup_py'
[1.082s] Level 1:colcon.colcon_core.package_identification:_identify(build) by extensions ['ignore', 'ignore_ament_install']
[1.083s] Level 1:colcon.colcon_core.package_identification:_identify(build) by extension 'ignore'
[1.083s] Level 1:colcon.colcon_core.package_identification:_identify(build) ignored
[1.083s] Level 1:colcon.colcon_core.package_identification:_identify(install) by extensions ['ignore', 'ignore_ament_install']
[1.084s] Level 1:colcon.colcon_core.package_identification:_identify(install) by extension 'ignore'
[1.084s] Level 1:colcon.colcon_core.package_identification:_identify(install) ignored
[1.085s] Level 1:colcon.colcon_core.package_identification:_identify(log) by extensions ['ignore', 'ignore_ament_install']
[1.085s] Level 1:colcon.colcon_core.package_identification:_identify(log) by extension 'ignore'
[1.086s] Level 1:colcon.colcon_core.package_identification:_identify(log) ignored
[1.087s] Level 1:colcon.colcon_core.package_identification:_identify(src) by extensions ['ignore', 'ignore_ament_install']
[1.087s] Level 1:colcon.colcon_core.package_identification:_identify(src) by extension 'ignore'
[1.088s] Level 1:colcon.colcon_core.package_identification:_identify(src) by extension 'ignore_ament_install'
[1.088s] Level 1:colcon.colcon_core.package_identification:_identify(src) by extensions ['colcon_pkg']
[1.088s] Level 1:colcon.colcon_core.package_identification:_identify(src) by extension 'colcon_pkg'
[1.088s] Level 1:colcon.colcon_core.package_identification:_identify(src) by extensions ['colcon_meta']
[1.088s] Level 1:colcon.colcon_core.package_identification:_identify(src) by extension 'colcon_meta'
[1.088s] Level 1:colcon.colcon_core.package_identification:_identify(src) by extensions ['ros']
[1.089s] Level 1:colcon.colcon_core.package_identification:_identify(src) by extension 'ros'
[1.089s] Level 1:colcon.colcon_core.package_identification:_identify(src) by extensions ['cmake', 'python']
[1.089s] Level 1:colcon.colcon_core.package_identification:_identify(src) by extension 'cmake'
[1.089s] Level 1:colcon.colcon_core.package_identification:_identify(src) by extension 'python'
[1.089s] Level 1:colcon.colcon_core.package_identification:_identify(src) by extensions ['python_setup_py']
[1.089s] Level 1:colcon.colcon_core.package_identification:_identify(src) by extension 'python_setup_py'
[1.090s] Level 1:colcon.colcon_core.package_identification:_identify(src/ROS-TCP-Endpoint-main-ros2) by extensions ['ignore', 'ignore_ament_install']
[1.090s] Level 1:colcon.colcon_core.package_identification:_identify(src/ROS-TCP-Endpoint-main-ros2) by extension 'ignore'
[1.090s] Level 1:colcon.colcon_core.package_identification:_identify(src/ROS-TCP-Endpoint-main-ros2) by extension 'ignore_ament_install'
[1.090s] Level 1:colcon.colcon_core.package_identification:_identify(src/ROS-TCP-Endpoint-main-ros2) by extensions ['colcon_pkg']
[1.090s] Level 1:colcon.colcon_core.package_identification:_identify(src/ROS-TCP-Endpoint-main-ros2) by extension 'colcon_pkg'
[1.090s] Level 1:colcon.colcon_core.package_identification:_identify(src/ROS-TCP-Endpoint-main-ros2) by extensions ['colcon_meta']
[1.091s] Level 1:colcon.colcon_core.package_identification:_identify(src/ROS-TCP-Endpoint-main-ros2) by extension 'colcon_meta'
[1.091s] Level 1:colcon.colcon_core.package_identification:_identify(src/ROS-TCP-Endpoint-main-ros2) by extensions ['ros']
[1.091s] Level 1:colcon.colcon_core.package_identification:_identify(src/ROS-TCP-Endpoint-main-ros2) by extension 'ros'
[1.099s] DEBUG:colcon.colcon_core.package_identification:Package 'src/ROS-TCP-Endpoint-main-ros2' with type 'ros.ament_python' and name 'ros_tcp_endpoint'
[1.100s] Level 1:colcon.colcon_core.package_identification:_identify(src/kookmin9_viewer) by extensions ['ignore', 'ignore_ament_install']
[1.100s] Level 1:colcon.colcon_core.package_identification:_identify(src/kookmin9_viewer) by extension 'ignore'
[1.100s] Level 1:colcon.colcon_core.package_identification:_identify(src/kookmin9_viewer) by extension 'ignore_ament_install'
[1.100s] Level 1:colcon.colcon_core.package_identification:_identify(src/kookmin9_viewer) by extensions ['colcon_pkg']
[1.100s] Level 1:colcon.colcon_core.package_identification:_identify(src/kookmin9_viewer) by extension 'colcon_pkg'
[1.100s] Level 1:colcon.colcon_core.package_identification:_identify(src/kookmin9_viewer) by extensions ['colcon_meta']
[1.100s] Level 1:colcon.colcon_core.package_identification:_identify(src/kookmin9_viewer) by extension 'colcon_meta'
[1.101s] Level 1:colcon.colcon_core.package_identification:_identify(src/kookmin9_viewer) by extensions ['ros']
[1.101s] Level 1:colcon.colcon_core.package_identification:_identify(src/kookmin9_viewer) by extension 'ros'
[1.103s] DEBUG:colcon.colcon_core.package_identification:Package 'src/kookmin9_viewer' with type 'ros.ament_python' and name 'kookmin9_viewer'
[1.104s] Level 1:colcon.colcon_core.package_identification:_identify(src/my_cam) by extensions ['ignore', 'ignore_ament_install']
[1.104s] Level 1:colcon.colcon_core.package_identification:_identify(src/my_cam) by extension 'ignore'
[1.104s] Level 1:colcon.colcon_core.package_identification:_identify(src/my_cam) by extension 'ignore_ament_install'
[1.104s] Level 1:colcon.colcon_core.package_identification:_identify(src/my_cam) by extensions ['colcon_pkg']
[1.105s] Level 1:colcon.colcon_core.package_identification:_identify(src/my_cam) by extension 'colcon_pkg'
[1.106s] Level 1:colcon.colcon_core.package_identification:_identify(src/my_cam) by extensions ['colcon_meta']
[1.106s] Level 1:colcon.colcon_core.package_identification:_identify(src/my_cam) by extension 'colcon_meta'
[1.106s] Level 1:colcon.colcon_core.package_identification:_identify(src/my_cam) by extensions ['ros']
[1.106s] Level 1:colcon.colcon_core.package_identification:_identify(src/my_cam) by extension 'ros'
[1.110s] DEBUG:colcon.colcon_core.package_identification:Package 'src/my_cam' with type 'ros.ament_python' and name 'my_cam'
[1.111s] Level 1:colcon.colcon_core.package_identification:_identify(src/my_imu) by extensions ['ignore', 'ignore_ament_install']
[1.112s] Level 1:colcon.colcon_core.package_identification:_identify(src/my_imu) by extension 'ignore'
[1.112s] Level 1:colcon.colcon_core.package_identification:_identify(src/my_imu) by extension 'ignore_ament_install'
[1.112s] Level 1:colcon.colcon_core.package_identification:_identify(src/my_imu) by extensions ['colcon_pkg']
[1.112s] Level 1:colcon.colcon_core.package_identification:_identify(src/my_imu) by extension 'colcon_pkg'
[1.112s] Level 1:colcon.colcon_core.package_identification:_identify(src/my_imu) by extensions ['colcon_meta']
[1.113s] Level 1:colcon.colcon_core.package_identification:_identify(src/my_imu) by extension 'colcon_meta'
[1.113s] Level 1:colcon.colcon_core.package_identification:_identify(src/my_imu) by extensions ['ros']
[1.113s] Level 1:colcon.colcon_core.package_identification:_identify(src/my_imu) by extension 'ros'
[1.114s] DEBUG:colcon.colcon_core.package_identification:Package 'src/my_imu' with type 'ros.ament_python' and name 'my_imu'
[1.115s] Level 1:colcon.colcon_core.package_identification:_identify(src/my_lidar) by extensions ['ignore', 'ignore_ament_install']
[1.115s] Level 1:colcon.colcon_core.package_identification:_identify(src/my_lidar) by extension 'ignore'
[1.115s] Level 1:colcon.colcon_core.package_identification:_identify(src/my_lidar) by extension 'ignore_ament_install'
[1.115s] Level 1:colcon.colcon_core.package_identification:_identify(src/my_lidar) by extensions ['colcon_pkg']
[1.115s] Level 1:colcon.colcon_core.package_identification:_identify(src/my_lidar) by extension 'colcon_pkg'
[1.116s] Level 1:colcon.colcon_core.package_identification:_identify(src/my_lidar) by extensions ['colcon_meta']
[1.116s] Level 1:colcon.colcon_core.package_identification:_identify(src/my_lidar) by extension 'colcon_meta'
[1.116s] Level 1:colcon.colcon_core.package_identification:_identify(src/my_lidar) by extensions ['ros']
[1.116s] Level 1:colcon.colcon_core.package_identification:_identify(src/my_lidar) by extension 'ros'
[1.117s] DEBUG:colcon.colcon_core.package_identification:Package 'src/my_lidar' with type 'ros.ament_python' and name 'my_lidar'
[1.118s] Level 1:colcon.colcon_core.package_identification:_identify(src/my_motor) by extensions ['ignore', 'ignore_ament_install']
[1.118s] Level 1:colcon.colcon_core.package_identification:_identify(src/my_motor) by extension 'ignore'
[1.118s] Level 1:colcon.colcon_core.package_identification:_identify(src/my_motor) by extension 'ignore_ament_install'
[1.118s] Level 1:colcon.colcon_core.package_identification:_identify(src/my_motor) by extensions ['colcon_pkg']
[1.118s] Level 1:colcon.colcon_core.package_identification:_identify(src/my_motor) by extension 'colcon_pkg'
[1.119s] Level 1:colcon.colcon_core.package_identification:_identify(src/my_motor) by extensions ['colcon_meta']
[1.119s] Level 1:colcon.colcon_core.package_identification:_identify(src/my_motor) by extension 'colcon_meta'
[1.119s] Level 1:colcon.colcon_core.package_identification:_identify(src/my_motor) by extensions ['ros']
[1.119s] Level 1:colcon.colcon_core.package_identification:_identify(src/my_motor) by extension 'ros'
[1.120s] DEBUG:colcon.colcon_core.package_identification:Package 'src/my_motor' with type 'ros.ament_python' and name 'my_motor'
[1.120s] Level 1:colcon.colcon_core.package_identification:_identify(src/track_drive) by extensions ['ignore', 'ignore_ament_install']
[1.121s] Level 1:colcon.colcon_core.package_identification:_identify(src/track_drive) by extension 'ignore'
[1.121s] Level 1:colcon.colcon_core.package_identification:_identify(src/track_drive) by extension 'ignore_ament_install'
[1.121s] Level 1:colcon.colcon_core.package_identification:_identify(src/track_drive) by extensions ['colcon_pkg']
[1.121s] Level 1:colcon.colcon_core.package_identification:_identify(src/track_drive) by extension 'colcon_pkg'
[1.121s] Level 1:colcon.colcon_core.package_identification:_identify(src/track_drive) by extensions ['colcon_meta']
[1.121s] Level 1:colcon.colcon_core.package_identification:_identify(src/track_drive) by extension 'colcon_meta'
[1.121s] Level 1:colcon.colcon_core.package_identification:_identify(src/track_drive) by extensions ['ros']
[1.121s] Level 1:colcon.colcon_core.package_identification:_identify(src/track_drive) by extension 'ros'
[1.122s] DEBUG:colcon.colcon_core.package_identification:Package 'src/track_drive' with type 'ros.ament_python' and name 'track_drive'
[1.123s] Level 1:colcon.colcon_core.package_identification:_identify(src/xycar_msgs) by extensions ['ignore', 'ignore_ament_install']
[1.123s] Level 1:colcon.colcon_core.package_identification:_identify(src/xycar_msgs) by extension 'ignore'
[1.123s] Level 1:colcon.colcon_core.package_identification:_identify(src/xycar_msgs) by extension 'ignore_ament_install'
[1.123s] Level 1:colcon.colcon_core.package_identification:_identify(src/xycar_msgs) by extensions ['colcon_pkg']
[1.123s] Level 1:colcon.colcon_core.package_identification:_identify(src/xycar_msgs) by extension 'colcon_pkg'
[1.124s] Level 1:colcon.colcon_core.package_identification:_identify(src/xycar_msgs) by extensions ['colcon_meta']
[1.124s] Level 1:colcon.colcon_core.package_identification:_identify(src/xycar_msgs) by extension 'colcon_meta'
[1.124s] Level 1:colcon.colcon_core.package_identification:_identify(src/xycar_msgs) by extensions ['ros']
[1.124s] Level 1:colcon.colcon_core.package_identification:_identify(src/xycar_msgs) by extension 'ros'
[1.125s] DEBUG:colcon.colcon_core.package_identification:Package 'src/xycar_msgs' with type 'ros.ament_cmake' and name 'xycar_msgs'
[1.126s] Level 1:colcon.colcon_core.package_discovery:discover_packages(recursive) using defaults
[1.126s] Level 1:colcon.colcon_core.package_discovery:discover_packages(ignore) discover
[1.126s] Level 1:colcon.colcon_core.package_discovery:discover_packages(ignore) using defaults
[1.126s] Level 1:colcon.colcon_core.package_discovery:discover_packages(path) discover
[1.126s] Level 1:colcon.colcon_core.package_discovery:discover_packages(path) using defaults
[1.223s] Level 1:colcon.colcon_core.package_discovery:discover_packages(prefix_path) check parameters
[1.223s] Level 1:colcon.colcon_core.package_discovery:discover_packages(prefix_path) discover
[1.228s] DEBUG:colcon.colcon_installed_package_information.package_discovery:Found 8 installed packages in /home/yoon/xycar_ws/install
[1.231s] DEBUG:colcon.colcon_installed_package_information.package_discovery:Found 273 installed packages in /opt/ros/humble
[1.233s] Level 1:colcon.colcon_core.package_discovery:discover_packages(prefix_path) using defaults
[1.309s] Level 5:colcon.colcon_core.verb:set package 'my_imu' build argument 'cmake_args' from command line to 'None'
[1.310s] Level 5:colcon.colcon_core.verb:set package 'my_imu' build argument 'cmake_target' from command line to 'None'
[1.310s] Level 5:colcon.colcon_core.verb:set package 'my_imu' build argument 'cmake_target_skip_unavailable' from command line to 'False'
[1.310s] Level 5:colcon.colcon_core.verb:set package 'my_imu' build argument 'cmake_clean_cache' from command line to 'False'
[1.310s] Level 5:colcon.colcon_core.verb:set package 'my_imu' build argument 'cmake_clean_first' from command line to 'False'
[1.310s] Level 5:colcon.colcon_core.verb:set package 'my_imu' build argument 'cmake_force_configure' from command line to 'False'
[1.310s] Level 5:colcon.colcon_core.verb:set package 'my_imu' build argument 'ament_cmake_args' from command line to 'None'
[1.310s] Level 5:colcon.colcon_core.verb:set package 'my_imu' build argument 'catkin_cmake_args' from command line to 'None'
[1.310s] Level 5:colcon.colcon_core.verb:set package 'my_imu' build argument 'catkin_skip_building_tests' from command line to 'False'
[1.310s] DEBUG:colcon.colcon_core.verb:Building package 'my_imu' with the following arguments: {'ament_cmake_args': None, 'build_base': '/home/yoon/xycar_ws/build/my_imu', 'catkin_cmake_args': None, 'catkin_skip_building_tests': False, 'cmake_args': None, 'cmake_clean_cache': False, 'cmake_clean_first': False, 'cmake_force_configure': False, 'cmake_target': None, 'cmake_target_skip_unavailable': False, 'install_base': '/home/yoon/xycar_ws/install/my_imu', 'merge_install': False, 'path': '/home/yoon/xycar_ws/src/my_imu', 'symlink_install': False, 'test_result_base': None}
[1.311s] Level 5:colcon.colcon_core.verb:set package 'my_motor' build argument 'cmake_args' from command line to 'None'
[1.312s] Level 5:colcon.colcon_core.verb:set package 'my_motor' build argument 'cmake_target' from command line to 'None'
[1.312s] Level 5:colcon.colcon_core.verb:set package 'my_motor' build argument 'cmake_target_skip_unavailable' from command line to 'False'
[1.312s] Level 5:colcon.colcon_core.verb:set package 'my_motor' build argument 'cmake_clean_cache' from command line to 'False'
[1.312s] Level 5:colcon.colcon_core.verb:set package 'my_motor' build argument 'cmake_clean_first' from command line to 'False'
[1.312s] Level 5:colcon.colcon_core.verb:set package 'my_motor' build argument 'cmake_force_configure' from command line to 'False'
[1.312s] Level 5:colcon.colcon_core.verb:set package 'my_motor' build argument 'ament_cmake_args' from command line to 'None'
[1.312s] Level 5:colcon.colcon_core.verb:set package 'my_motor' build argument 'catkin_cmake_args' from command line to 'None'
[1.312s] Level 5:colcon.colcon_core.verb:set package 'my_motor' build argument 'catkin_skip_building_tests' from command line to 'False'
[1.313s] DEBUG:colcon.colcon_core.verb:Building package 'my_motor' with the following arguments: {'ament_cmake_args': None, 'build_base': '/home/yoon/xycar_ws/build/my_motor', 'catkin_cmake_args': None, 'catkin_skip_building_tests': False, 'cmake_args': None, 'cmake_clean_cache': False, 'cmake_clean_first': False, 'cmake_force_configure': False, 'cmake_target': None, 'cmake_target_skip_unavailable': False, 'install_base': '/home/yoon/xycar_ws/install/my_motor', 'merge_install': False, 'path': '/home/yoon/xycar_ws/src/my_motor', 'symlink_install': False, 'test_result_base': None}
[1.313s] Level 5:colcon.colcon_core.verb:set package 'ros_tcp_endpoint' build argument 'cmake_args' from command line to 'None'
[1.314s] Level 5:colcon.colcon_core.verb:set package 'ros_tcp_endpoint' build argument 'cmake_target' from command line to 'None'
[1.314s] Level 5:colcon.colcon_core.verb:set package 'ros_tcp_endpoint' build argument 'cmake_target_skip_unavailable' from command line to 'False'
[1.314s] Level 5:colcon.colcon_core.verb:set package 'ros_tcp_endpoint' build argument 'cmake_clean_cache' from command line to 'False'
[1.314s] Level 5:colcon.colcon_core.verb:set package 'ros_tcp_endpoint' build argument 'cmake_clean_first' from command line to 'False'
[1.314s] Level 5:colcon.colcon_core.verb:set package 'ros_tcp_endpoint' build argument 'cmake_force_configure' from command line to 'False'
[1.314s] Level 5:colcon.colcon_core.verb:set package 'ros_tcp_endpoint' build argument 'ament_cmake_args' from command line to 'None'
[1.314s] Level 5:colcon.colcon_core.verb:set package 'ros_tcp_endpoint' build argument 'catkin_cmake_args' from command line to 'None'
[1.314s] Level 5:colcon.colcon_core.verb:set package 'ros_tcp_endpoint' build argument 'catkin_skip_building_tests' from command line to 'False'
[1.314s] DEBUG:colcon.colcon_core.verb:Building package 'ros_tcp_endpoint' with the following arguments: {'ament_cmake_args': None, 'build_base': '/home/yoon/xycar_ws/build/ros_tcp_endpoint', 'catkin_cmake_args': None, 'catkin_skip_building_tests': False, 'cmake_args': None, 'cmake_clean_cache': False, 'cmake_clean_first': False, 'cmake_force_configure': False, 'cmake_target': None, 'cmake_target_skip_unavailable': False, 'install_base': '/home/yoon/xycar_ws/install/ros_tcp_endpoint', 'merge_install': False, 'path': '/home/yoon/xycar_ws/src/ROS-TCP-Endpoint-main-ros2', 'symlink_install': False, 'test_result_base': None}
[1.315s] Level 5:colcon.colcon_core.verb:set package 'track_drive' build argument 'cmake_args' from command line to 'None'
[1.315s] Level 5:colcon.colcon_core.verb:set package 'track_drive' build argument 'cmake_target' from command line to 'None'
[1.315s] Level 5:colcon.colcon_core.verb:set package 'track_drive' build argument 'cmake_target_skip_unavailable' from command line to 'False'
[1.315s] Level 5:colcon.colcon_core.verb:set package 'track_drive' build argument 'cmake_clean_cache' from command line to 'False'
[1.315s] Level 5:colcon.colcon_core.verb:set package 'track_drive' build argument 'cmake_clean_first' from command line to 'False'
[1.315s] Level 5:colcon.colcon_core.verb:set package 'track_drive' build argument 'cmake_force_configure' from command line to 'False'
[1.315s] Level 5:colcon.colcon_core.verb:set package 'track_drive' build argument 'ament_cmake_args' from command line to 'None'
[1.315s] Level 5:colcon.colcon_core.verb:set package 'track_drive' build argument 'catkin_cmake_args' from command line to 'None'
[1.315s] Level 5:colcon.colcon_core.verb:set package 'track_drive' build argument 'catkin_skip_building_tests' from command line to 'False'
[1.316s] DEBUG:colcon.colcon_core.verb:Building package 'track_drive' with the following arguments: {'ament_cmake_args': None, 'build_base': '/home/yoon/xycar_ws/build/track_drive', 'catkin_cmake_args': None, 'catkin_skip_building_tests': False, 'cmake_args': None, 'cmake_clean_cache': False, 'cmake_clean_first': False, 'cmake_force_configure': False, 'cmake_target': None, 'cmake_target_skip_unavailable': False, 'install_base': '/home/yoon/xycar_ws/install/track_drive', 'merge_install': False, 'path': '/home/yoon/xycar_ws/src/track_drive', 'symlink_install': False, 'test_result_base': None}
[1.316s] Level 5:colcon.colcon_core.verb:set package 'xycar_msgs' build argument 'cmake_args' from command line to 'None'
[1.316s] Level 5:colcon.colcon_core.verb:set package 'xycar_msgs' build argument 'cmake_target' from command line to 'None'
[1.316s] Level 5:colcon.colcon_core.verb:set package 'xycar_msgs' build argument 'cmake_target_skip_unavailable' from command line to 'False'
[1.316s] Level 5:colcon.colcon_core.verb:set package 'xycar_msgs' build argument 'cmake_clean_cache' from command line to 'False'
[1.316s] Level 5:colcon.colcon_core.verb:set package 'xycar_msgs' build argument 'cmake_clean_first' from command line to 'False'
[1.316s] Level 5:colcon.colcon_core.verb:set package 'xycar_msgs' build argument 'cmake_force_configure' from command line to 'False'
[1.316s] Level 5:colcon.colcon_core.verb:set package 'xycar_msgs' build argument 'ament_cmake_args' from command line to 'None'
[1.317s] Level 5:colcon.colcon_core.verb:set package 'xycar_msgs' build argument 'catkin_cmake_args' from command line to 'None'
[1.317s] Level 5:colcon.colcon_core.verb:set package 'xycar_msgs' build argument 'catkin_skip_building_tests' from command line to 'False'
[1.317s] DEBUG:colcon.colcon_core.verb:Building package 'xycar_msgs' with the following arguments: {'ament_cmake_args': None, 'build_base': '/home/yoon/xycar_ws/build/xycar_msgs', 'catkin_cmake_args': None, 'catkin_skip_building_tests': False, 'cmake_args': None, 'cmake_clean_cache': False, 'cmake_clean_first': False, 'cmake_force_configure': False, 'cmake_target': None, 'cmake_target_skip_unavailable': False, 'install_base': '/home/yoon/xycar_ws/install/xycar_msgs', 'merge_install': False, 'path': '/home/yoon/xycar_ws/src/xycar_msgs', 'symlink_install': False, 'test_result_base': None}
[1.317s] Level 5:colcon.colcon_core.verb:set package 'kookmin9_viewer' build argument 'cmake_args' from command line to 'None'
[1.318s] Level 5:colcon.colcon_core.verb:set package 'kookmin9_viewer' build argument 'cmake_target' from command line to 'None'
[1.318s] Level 5:colcon.colcon_core.verb:set package 'kookmin9_viewer' build argument 'cmake_target_skip_unavailable' from command line to 'False'
[1.318s] Level 5:colcon.colcon_core.verb:set package 'kookmin9_viewer' build argument 'cmake_clean_cache' from command line to 'False'
[1.318s] Level 5:colcon.colcon_core.verb:set package 'kookmin9_viewer' build argument 'cmake_clean_first' from command line to 'False'
[1.318s] Level 5:colcon.colcon_core.verb:set package 'kookmin9_viewer' build argument 'cmake_force_configure' from command line to 'False'
[1.318s] Level 5:colcon.colcon_core.verb:set package 'kookmin9_viewer' build argument 'ament_cmake_args' from command line to 'None'
[1.318s] Level 5:colcon.colcon_core.verb:set package 'kookmin9_viewer' build argument 'catkin_cmake_args' from command line to 'None'
[1.318s] Level 5:colcon.colcon_core.verb:set package 'kookmin9_viewer' build argument 'catkin_skip_building_tests' from command line to 'False'
[1.318s] DEBUG:colcon.colcon_core.verb:Building package 'kookmin9_viewer' with the following arguments: {'ament_cmake_args': None, 'build_base': '/home/yoon/xycar_ws/build/kookmin9_viewer', 'catkin_cmake_args': None, 'catkin_skip_building_tests': False, 'cmake_args': None, 'cmake_clean_cache': False, 'cmake_clean_first': False, 'cmake_force_configure': False, 'cmake_target': None, 'cmake_target_skip_unavailable': False, 'install_base': '/home/yoon/xycar_ws/install/kookmin9_viewer', 'merge_install': False, 'path': '/home/yoon/xycar_ws/src/kookmin9_viewer', 'symlink_install': False, 'test_result_base': None}
[1.318s] Level 5:colcon.colcon_core.verb:set package 'my_cam' build argument 'cmake_args' from command line to 'None'
[1.318s] Level 5:colcon.colcon_core.verb:set package 'my_cam' build argument 'cmake_target' from command line to 'None'
[1.318s] Level 5:colcon.colcon_core.verb:set package 'my_cam' build argument 'cmake_target_skip_unavailable' from command line to 'False'
[1.319s] Level 5:colcon.colcon_core.verb:set package 'my_cam' build argument 'cmake_clean_cache' from command line to 'False'
[1.319s] Level 5:colcon.colcon_core.verb:set package 'my_cam' build argument 'cmake_clean_first' from command line to 'False'
[1.319s] Level 5:colcon.colcon_core.verb:set package 'my_cam' build argument 'cmake_force_configure' from command line to 'False'
[1.319s] Level 5:colcon.colcon_core.verb:set package 'my_cam' build argument 'ament_cmake_args' from command line to 'None'
[1.319s] Level 5:colcon.colcon_core.verb:set package 'my_cam' build argument 'catkin_cmake_args' from command line to 'None'
[1.319s] Level 5:colcon.colcon_core.verb:set package 'my_cam' build argument 'catkin_skip_building_tests' from command line to 'False'
[1.319s] DEBUG:colcon.colcon_core.verb:Building package 'my_cam' with the following arguments: {'ament_cmake_args': None, 'build_base': '/home/yoon/xycar_ws/build/my_cam', 'catkin_cmake_args': None, 'catkin_skip_building_tests': False, 'cmake_args': None, 'cmake_clean_cache': False, 'cmake_clean_first': False, 'cmake_force_configure': False, 'cmake_target': None, 'cmake_target_skip_unavailable': False, 'install_base': '/home/yoon/xycar_ws/install/my_cam', 'merge_install': False, 'path': '/home/yoon/xycar_ws/src/my_cam', 'symlink_install': False, 'test_result_base': None}
[1.319s] Level 5:colcon.colcon_core.verb:set package 'my_lidar' build argument 'cmake_args' from command line to 'None'
[1.319s] Level 5:colcon.colcon_core.verb:set package 'my_lidar' build argument 'cmake_target' from command line to 'None'
[1.319s] Level 5:colcon.colcon_core.verb:set package 'my_lidar' build argument 'cmake_target_skip_unavailable' from command line to 'False'
[1.319s] Level 5:colcon.colcon_core.verb:set package 'my_lidar' build argument 'cmake_clean_cache' from command line to 'False'
[1.319s] Level 5:colcon.colcon_core.verb:set package 'my_lidar' build argument 'cmake_clean_first' from command line to 'False'
[1.319s] Level 5:colcon.colcon_core.verb:set package 'my_lidar' build argument 'cmake_force_configure' from command line to 'False'
[1.320s] Level 5:colcon.colcon_core.verb:set package 'my_lidar' build argument 'ament_cmake_args' from command line to 'None'
[1.320s] Level 5:colcon.colcon_core.verb:set package 'my_lidar' build argument 'catkin_cmake_args' from command line to 'None'
[1.320s] Level 5:colcon.colcon_core.verb:set package 'my_lidar' build argument 'catkin_skip_building_tests' from command line to 'False'
[1.320s] DEBUG:colcon.colcon_core.verb:Building package 'my_lidar' with the following arguments: {'ament_cmake_args': None, 'build_base': '/home/yoon/xycar_ws/build/my_lidar', 'catkin_cmake_args': None, 'catkin_skip_building_tests': False, 'cmake_args': None, 'cmake_clean_cache': False, 'cmake_clean_first': False, 'cmake_force_configure': False, 'cmake_target': None, 'cmake_target_skip_unavailable': False, 'install_base': '/home/yoon/xycar_ws/install/my_lidar', 'merge_install': False, 'path': '/home/yoon/xycar_ws/src/my_lidar', 'symlink_install': False, 'test_result_base': None}
[1.320s] INFO:colcon.colcon_core.executor:Executing jobs using 'parallel' executor
[1.322s] DEBUG:colcon.colcon_parallel_executor.executor.parallel:run_until_complete
[1.322s] INFO:colcon.colcon_ros.task.ament_cmake.build:Building ROS package in '/home/yoon/xycar_ws/src/xycar_msgs' with build type 'ament_cmake'
[1.323s] INFO:colcon.colcon_cmake.task.cmake.build:Building CMake package in '/home/yoon/xycar_ws/src/xycar_msgs'
[1.332s] INFO:colcon.colcon_core.plugin_system:Skipping extension 'colcon_core.shell.bat': Not used on non-Windows systems
[1.333s] INFO:colcon.colcon_core.shell:Skip shell extension 'powershell' for command environment: Not usable outside of PowerShell
[1.333s] DEBUG:colcon.colcon_core.shell:Skip shell extension 'dsv' for command environment
[1.340s] INFO:colcon.colcon_ros.task.ament_python.build:Building ROS package in '/home/yoon/xycar_ws/src/my_imu' with build type 'ament_python'
[1.341s] Level 1:colcon.colcon_core.shell:create_environment_hook('my_imu', 'ament_prefix_path')
[1.342s] INFO:colcon.colcon_core.shell:Creating environment hook '/home/yoon/xycar_ws/install/my_imu/share/my_imu/hook/ament_prefix_path.ps1'
[1.345s] INFO:colcon.colcon_core.shell:Creating environment descriptor '/home/yoon/xycar_ws/install/my_imu/share/my_imu/hook/ament_prefix_path.dsv'
[1.347s] INFO:colcon.colcon_core.shell:Creating environment hook '/home/yoon/xycar_ws/install/my_imu/share/my_imu/hook/ament_prefix_path.sh'
[1.350s] INFO:colcon.colcon_core.shell:Skip shell extension 'powershell' for command environment: Not usable outside of PowerShell
[1.350s] DEBUG:colcon.colcon_core.shell:Skip shell extension 'dsv' for command environment
[1.358s] INFO:colcon.colcon_ros.task.ament_python.build:Building ROS package in '/home/yoon/xycar_ws/src/my_motor' with build type 'ament_python'
[1.359s] Level 1:colcon.colcon_core.shell:create_environment_hook('my_motor', 'ament_prefix_path')
[1.361s] INFO:colcon.colcon_core.shell:Creating environment hook '/home/yoon/xycar_ws/install/my_motor/share/my_motor/hook/ament_prefix_path.ps1'
[1.363s] INFO:colcon.colcon_core.shell:Creating environment descriptor '/home/yoon/xycar_ws/install/my_motor/share/my_motor/hook/ament_prefix_path.dsv'
[1.364s] INFO:colcon.colcon_core.shell:Creating environment hook '/home/yoon/xycar_ws/install/my_motor/share/my_motor/hook/ament_prefix_path.sh'
[1.365s] INFO:colcon.colcon_core.shell:Skip shell extension 'powershell' for command environment: Not usable outside of PowerShell
[1.365s] DEBUG:colcon.colcon_core.shell:Skip shell extension 'dsv' for command environment
[1.374s] INFO:colcon.colcon_ros.task.ament_python.build:Building ROS package in '/home/yoon/xycar_ws/src/ROS-TCP-Endpoint-main-ros2' with build type 'ament_python'
[1.375s] Level 1:colcon.colcon_core.shell:create_environment_hook('ros_tcp_endpoint', 'ament_prefix_path')
[1.376s] INFO:colcon.colcon_core.shell:Creating environment hook '/home/yoon/xycar_ws/install/ros_tcp_endpoint/share/ros_tcp_endpoint/hook/ament_prefix_path.ps1'
[1.380s] INFO:colcon.colcon_core.shell:Creating environment descriptor '/home/yoon/xycar_ws/install/ros_tcp_endpoint/share/ros_tcp_endpoint/hook/ament_prefix_path.dsv'
[1.381s] INFO:colcon.colcon_core.shell:Creating environment hook '/home/yoon/xycar_ws/install/ros_tcp_endpoint/share/ros_tcp_endpoint/hook/ament_prefix_path.sh'
[1.382s] INFO:colcon.colcon_core.shell:Skip shell extension 'powershell' for command environment: Not usable outside of PowerShell
[1.382s] DEBUG:colcon.colcon_core.shell:Skip shell extension 'dsv' for command environment
[1.391s] INFO:colcon.colcon_ros.task.ament_python.build:Building ROS package in '/home/yoon/xycar_ws/src/track_drive' with build type 'ament_python'
[1.391s] Level 1:colcon.colcon_core.shell:create_environment_hook('track_drive', 'ament_prefix_path')
[1.392s] INFO:colcon.colcon_core.shell:Creating environment hook '/home/yoon/xycar_ws/install/track_drive/share/track_drive/hook/ament_prefix_path.ps1'
[1.394s] INFO:colcon.colcon_core.shell:Creating environment descriptor '/home/yoon/xycar_ws/install/track_drive/share/track_drive/hook/ament_prefix_path.dsv'
[1.395s] INFO:colcon.colcon_core.shell:Creating environment hook '/home/yoon/xycar_ws/install/track_drive/share/track_drive/hook/ament_prefix_path.sh'
[1.397s] INFO:colcon.colcon_core.shell:Skip shell extension 'powershell' for command environment: Not usable outside of PowerShell
[1.397s] DEBUG:colcon.colcon_core.shell:Skip shell extension 'dsv' for command environment
[1.423s] DEBUG:colcon.colcon_core.event_handler.log_command:Invoking command in '/home/yoon/xycar_ws/build/xycar_msgs': CMAKE_PREFIX_PATH=${CMAKE_PREFIX_PATH}:/home/yoon/xycar_ws/install/my_lidar:/home/yoon/xycar_ws/install/my_cam:/home/yoon/xycar_ws/install/kookmin9_viewer:/home/yoon/xycar_ws/install/track_drive:/home/yoon/xycar_ws/install/ros_tcp_endpoint:/home/yoon/xycar_ws/install/my_motor:/home/yoon/xycar_ws/install/my_imu:/opt/ros/humble /usr/bin/cmake /home/yoon/xycar_ws/src/xycar_msgs -DCMAKE_INSTALL_PREFIX=/home/yoon/xycar_ws/install/xycar_msgs
[2.028s] INFO:colcon.colcon_core.task.python.build:Building Python package in '/home/yoon/xycar_ws/src/my_imu'
[2.028s] INFO:colcon.colcon_core.shell:Skip shell extension 'powershell' for command environment: Not usable outside of PowerShell
[2.028s] DEBUG:colcon.colcon_core.shell:Skip shell extension 'dsv' for command environment
[2.585s] INFO:colcon.colcon_core.task.python.build:Building Python package in '/home/yoon/xycar_ws/src/my_motor'
[2.586s] INFO:colcon.colcon_core.shell:Skip shell extension 'powershell' for command environment: Not usable outside of PowerShell
[2.586s] DEBUG:colcon.colcon_core.shell:Skip shell extension 'dsv' for command environment
[3.206s] INFO:colcon.colcon_core.task.python.build:Building Python package in '/home/yoon/xycar_ws/src/ROS-TCP-Endpoint-main-ros2'
[3.207s] INFO:colcon.colcon_core.shell:Skip shell extension 'powershell' for command environment: Not usable outside of PowerShell
[3.207s] DEBUG:colcon.colcon_core.shell:Skip shell extension 'dsv' for command environment
[3.897s] INFO:colcon.colcon_core.task.python.build:Building Python package in '/home/yoon/xycar_ws/src/track_drive'
[3.898s] INFO:colcon.colcon_core.shell:Skip shell extension 'powershell' for command environment: Not usable outside of PowerShell
[3.898s] DEBUG:colcon.colcon_core.shell:Skip shell extension 'dsv' for command environment
[5.412s] DEBUG:colcon.colcon_core.event_handler.log_command:Invoking command in '/home/yoon/xycar_ws/build/ros_tcp_endpoint': PYTHONPATH=/home/yoon/xycar_ws/build/ros_tcp_endpoint/prefix_override:/usr/lib/python3/dist-packages/colcon_core/task/python/colcon_distutils_commands:/home/yoon/xycar_ws/install/ros_tcp_endpoint/lib/python3.10/site-packages:${PYTHONPATH} /usr/bin/python3 -W ignore:setup.py install is deprecated -W ignore:easy_install command is deprecated setup.py develop --uninstall --editable --build-directory /home/yoon/xycar_ws/build/ros_tcp_endpoint/build
[5.429s] DEBUG:colcon.colcon_core.event_handler.log_command:Invoking command in '/home/yoon/xycar_ws/build/my_motor': PYTHONPATH=/home/yoon/xycar_ws/build/my_motor/prefix_override:/usr/lib/python3/dist-packages/colcon_core/task/python/colcon_distutils_commands:/home/yoon/xycar_ws/install/my_motor/lib/python3.10/site-packages:${PYTHONPATH} /usr/bin/python3 -W ignore:setup.py install is deprecated -W ignore:easy_install command is deprecated setup.py develop --uninstall --editable --build-directory /home/yoon/xycar_ws/build/my_motor/build
[5.444s] DEBUG:colcon.colcon_core.event_handler.log_command:Invoking command in '/home/yoon/xycar_ws/build/track_drive': PYTHONPATH=/home/yoon/xycar_ws/build/track_drive/prefix_override:/usr/lib/python3/dist-packages/colcon_core/task/python/colcon_distutils_commands:/home/yoon/xycar_ws/install/track_drive/lib/python3.10/site-packages:${PYTHONPATH} /usr/bin/python3 -W ignore:setup.py install is deprecated -W ignore:easy_install command is deprecated setup.py develop --uninstall --editable --build-directory /home/yoon/xycar_ws/build/track_drive/build
[5.447s] DEBUG:colcon.colcon_core.event_handler.log_command:Invoking command in '/home/yoon/xycar_ws/build/my_imu': PYTHONPATH=/home/yoon/xycar_ws/build/my_imu/prefix_override:/usr/lib/python3/dist-packages/colcon_core/task/python/colcon_distutils_commands:/home/yoon/xycar_ws/install/my_imu/lib/python3.10/site-packages:${PYTHONPATH} /usr/bin/python3 -W ignore:setup.py install is deprecated -W ignore:easy_install command is deprecated setup.py develop --uninstall --editable --build-directory /home/yoon/xycar_ws/build/my_imu/build
[6.333s] DEBUG:colcon.colcon_core.event_handler.log_command:Invoked command in '/home/yoon/xycar_ws/build/xycar_msgs' returned '0': CMAKE_PREFIX_PATH=${CMAKE_PREFIX_PATH}:/home/yoon/xycar_ws/install/my_lidar:/home/yoon/xycar_ws/install/my_cam:/home/yoon/xycar_ws/install/kookmin9_viewer:/home/yoon/xycar_ws/install/track_drive:/home/yoon/xycar_ws/install/ros_tcp_endpoint:/home/yoon/xycar_ws/install/my_motor:/home/yoon/xycar_ws/install/my_imu:/opt/ros/humble /usr/bin/cmake /home/yoon/xycar_ws/src/xycar_msgs -DCMAKE_INSTALL_PREFIX=/home/yoon/xycar_ws/install/xycar_msgs
[6.338s] DEBUG:colcon.colcon_core.event_handler.log_command:Invoking command in '/home/yoon/xycar_ws/build/xycar_msgs': CMAKE_PREFIX_PATH=${CMAKE_PREFIX_PATH}:/home/yoon/xycar_ws/install/my_lidar:/home/yoon/xycar_ws/install/my_cam:/home/yoon/xycar_ws/install/kookmin9_viewer:/home/yoon/xycar_ws/install/track_drive:/home/yoon/xycar_ws/install/ros_tcp_endpoint:/home/yoon/xycar_ws/install/my_motor:/home/yoon/xycar_ws/install/my_imu:/opt/ros/humble /usr/bin/cmake --build /home/yoon/xycar_ws/build/xycar_msgs -- -j12 -l12
[6.628s] DEBUG:colcon.colcon_core.event_handler.log_command:Invoked command in '/home/yoon/xycar_ws/build/ros_tcp_endpoint' returned '0': PYTHONPATH=/home/yoon/xycar_ws/build/ros_tcp_endpoint/prefix_override:/usr/lib/python3/dist-packages/colcon_core/task/python/colcon_distutils_commands:/home/yoon/xycar_ws/install/ros_tcp_endpoint/lib/python3.10/site-packages:${PYTHONPATH} /usr/bin/python3 -W ignore:setup.py install is deprecated -W ignore:easy_install command is deprecated setup.py develop --uninstall --editable --build-directory /home/yoon/xycar_ws/build/ros_tcp_endpoint/build
[6.638s] DEBUG:colcon.colcon_core.event_handler.log_command:Invoking command in '/home/yoon/xycar_ws/src/ROS-TCP-Endpoint-main-ros2': PYTHONPATH=/home/yoon/xycar_ws/build/ros_tcp_endpoint/prefix_override:/usr/lib/python3/dist-packages/colcon_core/task/python/colcon_distutils_commands:/home/yoon/xycar_ws/install/ros_tcp_endpoint/lib/python3.10/site-packages:${PYTHONPATH} /usr/bin/python3 -W ignore:setup.py install is deprecated -W ignore:easy_install command is deprecated setup.py egg_info --egg-base ../../build/ros_tcp_endpoint build --build-base /home/yoon/xycar_ws/build/ros_tcp_endpoint/build install --record /home/yoon/xycar_ws/build/ros_tcp_endpoint/install.log --single-version-externally-managed install_data --force
[6.646s] DEBUG:colcon.colcon_core.event_handler.log_command:Invoked command in '/home/yoon/xycar_ws/build/my_imu' returned '0': PYTHONPATH=/home/yoon/xycar_ws/build/my_imu/prefix_override:/usr/lib/python3/dist-packages/colcon_core/task/python/colcon_distutils_commands:/home/yoon/xycar_ws/install/my_imu/lib/python3.10/site-packages:${PYTHONPATH} /usr/bin/python3 -W ignore:setup.py install is deprecated -W ignore:easy_install command is deprecated setup.py develop --uninstall --editable --build-directory /home/yoon/xycar_ws/build/my_imu/build
[6.653s] DEBUG:colcon.colcon_core.event_handler.log_command:Invoking command in '/home/yoon/xycar_ws/src/my_imu': PYTHONPATH=/home/yoon/xycar_ws/build/my_imu/prefix_override:/usr/lib/python3/dist-packages/colcon_core/task/python/colcon_distutils_commands:/home/yoon/xycar_ws/install/my_imu/lib/python3.10/site-packages:${PYTHONPATH} /usr/bin/python3 -W ignore:setup.py install is deprecated -W ignore:easy_install command is deprecated setup.py egg_info --egg-base ../../build/my_imu build --build-base /home/yoon/xycar_ws/build/my_imu/build install --record /home/yoon/xycar_ws/build/my_imu/install.log --single-version-externally-managed install_data --force
[6.658s] DEBUG:colcon.colcon_core.event_handler.log_command:Invoked command in '/home/yoon/xycar_ws/build/track_drive' returned '0': PYTHONPATH=/home/yoon/xycar_ws/build/track_drive/prefix_override:/usr/lib/python3/dist-packages/colcon_core/task/python/colcon_distutils_commands:/home/yoon/xycar_ws/install/track_drive/lib/python3.10/site-packages:${PYTHONPATH} /usr/bin/python3 -W ignore:setup.py install is deprecated -W ignore:easy_install command is deprecated setup.py develop --uninstall --editable --build-directory /home/yoon/xycar_ws/build/track_drive/build
[6.661s] DEBUG:colcon.colcon_core.event_handler.log_command:Invoking command in '/home/yoon/xycar_ws/src/track_drive': PYTHONPATH=/home/yoon/xycar_ws/build/track_drive/prefix_override:/usr/lib/python3/dist-packages/colcon_core/task/python/colcon_distutils_commands:/home/yoon/xycar_ws/install/track_drive/lib/python3.10/site-packages:${PYTHONPATH} /usr/bin/python3 -W ignore:setup.py install is deprecated -W ignore:easy_install command is deprecated setup.py egg_info --egg-base ../../build/track_drive build --build-base /home/yoon/xycar_ws/build/track_drive/build install --record /home/yoon/xycar_ws/build/track_drive/install.log --single-version-externally-managed install_data --force
[6.661s] DEBUG:colcon.colcon_core.event_handler.log_command:Invoked command in '/home/yoon/xycar_ws/build/my_motor' returned '0': PYTHONPATH=/home/yoon/xycar_ws/build/my_motor/prefix_override:/usr/lib/python3/dist-packages/colcon_core/task/python/colcon_distutils_commands:/home/yoon/xycar_ws/install/my_motor/lib/python3.10/site-packages:${PYTHONPATH} /usr/bin/python3 -W ignore:setup.py install is deprecated -W ignore:easy_install command is deprecated setup.py develop --uninstall --editable --build-directory /home/yoon/xycar_ws/build/my_motor/build
[6.665s] DEBUG:colcon.colcon_core.event_handler.log_command:Invoking command in '/home/yoon/xycar_ws/src/my_motor': PYTHONPATH=/home/yoon/xycar_ws/build/my_motor/prefix_override:/usr/lib/python3/dist-packages/colcon_core/task/python/colcon_distutils_commands:/home/yoon/xycar_ws/install/my_motor/lib/python3.10/site-packages:${PYTHONPATH} /usr/bin/python3 -W ignore:setup.py install is deprecated -W ignore:easy_install command is deprecated setup.py egg_info --egg-base ../../build/my_motor build --build-base /home/yoon/xycar_ws/build/my_motor/build install --record /home/yoon/xycar_ws/build/my_motor/install.log --single-version-externally-managed install_data --force
[7.338s] DEBUG:colcon.colcon_core.event_handler.log_command:Invoked command in '/home/yoon/xycar_ws/build/xycar_msgs' returned '0': CMAKE_PREFIX_PATH=${CMAKE_PREFIX_PATH}:/home/yoon/xycar_ws/install/my_lidar:/home/yoon/xycar_ws/install/my_cam:/home/yoon/xycar_ws/install/kookmin9_viewer:/home/yoon/xycar_ws/install/track_drive:/home/yoon/xycar_ws/install/ros_tcp_endpoint:/home/yoon/xycar_ws/install/my_motor:/home/yoon/xycar_ws/install/my_imu:/opt/ros/humble /usr/bin/cmake --build /home/yoon/xycar_ws/build/xycar_msgs -- -j12 -l12
[7.397s] DEBUG:colcon.colcon_core.event_handler.log_command:Invoking command in '/home/yoon/xycar_ws/build/xycar_msgs': CMAKE_PREFIX_PATH=${CMAKE_PREFIX_PATH}:/home/yoon/xycar_ws/install/my_lidar:/home/yoon/xycar_ws/install/my_cam:/home/yoon/xycar_ws/install/kookmin9_viewer:/home/yoon/xycar_ws/install/track_drive:/home/yoon/xycar_ws/install/ros_tcp_endpoint:/home/yoon/xycar_ws/install/my_motor:/home/yoon/xycar_ws/install/my_imu:/opt/ros/humble /usr/bin/cmake --install /home/yoon/xycar_ws/build/xycar_msgs
[7.480s] DEBUG:colcon.colcon_core.event_handler.log_command:Invoked command in '/home/yoon/xycar_ws/src/track_drive' returned '0': PYTHONPATH=/home/yoon/xycar_ws/build/track_drive/prefix_override:/usr/lib/python3/dist-packages/colcon_core/task/python/colcon_distutils_commands:/home/yoon/xycar_ws/install/track_drive/lib/python3.10/site-packages:${PYTHONPATH} /usr/bin/python3 -W ignore:setup.py install is deprecated -W ignore:easy_install command is deprecated setup.py egg_info --egg-base ../../build/track_drive build --build-base /home/yoon/xycar_ws/build/track_drive/build install --record /home/yoon/xycar_ws/build/track_drive/install.log --single-version-externally-managed install_data --force
[7.496s] Level 1:colcon.colcon_core.environment:checking '/home/yoon/xycar_ws/install/track_drive' for CMake module files
[7.497s] Level 1:colcon.colcon_core.environment:checking '/home/yoon/xycar_ws/install/track_drive' for CMake config files
[7.499s] Level 1:colcon.colcon_core.environment:checking '/home/yoon/xycar_ws/install/track_drive/lib'
[7.499s] Level 1:colcon.colcon_core.environment:checking '/home/yoon/xycar_ws/install/track_drive/bin'
[7.499s] Level 1:colcon.colcon_core.environment:checking '/home/yoon/xycar_ws/install/track_drive/lib/pkgconfig/track_drive.pc'
[7.500s] Level 1:colcon.colcon_core.environment:checking '/home/yoon/xycar_ws/install/track_drive/lib/python3.10/site-packages'
[7.500s] Level 1:colcon.colcon_core.shell:create_environment_hook('track_drive', 'pythonpath')
[7.500s] INFO:colcon.colcon_core.shell:Creating environment hook '/home/yoon/xycar_ws/install/track_drive/share/track_drive/hook/pythonpath.ps1'
[7.501s] INFO:colcon.colcon_core.shell:Creating environment descriptor '/home/yoon/xycar_ws/install/track_drive/share/track_drive/hook/pythonpath.dsv'
[7.501s] INFO:colcon.colcon_core.shell:Creating environment hook '/home/yoon/xycar_ws/install/track_drive/share/track_drive/hook/pythonpath.sh'
[7.502s] Level 1:colcon.colcon_core.environment:checking '/home/yoon/xycar_ws/install/track_drive/bin'
[7.503s] Level 1:colcon.colcon_core.environment:create_environment_scripts_only(track_drive)
[7.503s] INFO:colcon.colcon_core.shell:Creating package script '/home/yoon/xycar_ws/install/track_drive/share/track_drive/package.ps1'
[7.508s] INFO:colcon.colcon_core.shell:Creating package descriptor '/home/yoon/xycar_ws/install/track_drive/share/track_drive/package.dsv'
[7.512s] INFO:colcon.colcon_core.shell:Creating package script '/home/yoon/xycar_ws/install/track_drive/share/track_drive/package.sh'
[7.518s] INFO:colcon.colcon_core.shell:Creating package script '/home/yoon/xycar_ws/install/track_drive/share/track_drive/package.bash'
[7.520s] INFO:colcon.colcon_core.shell:Creating package script '/home/yoon/xycar_ws/install/track_drive/share/track_drive/package.zsh'
[7.522s] Level 1:colcon.colcon_core.environment:create_file_with_runtime_dependencies(/home/yoon/xycar_ws/install/track_drive/share/colcon-core/packages/track_drive)
[7.529s] Level 1:colcon.colcon_core.environment:checking '/home/yoon/xycar_ws/install/my_imu' for CMake module files
[7.530s] DEBUG:colcon.colcon_core.event_handler.log_command:Invoked command in '/home/yoon/xycar_ws/src/my_imu' returned '0': PYTHONPATH=/home/yoon/xycar_ws/build/my_imu/prefix_override:/usr/lib/python3/dist-packages/colcon_core/task/python/colcon_distutils_commands:/home/yoon/xycar_ws/install/my_imu/lib/python3.10/site-packages:${PYTHONPATH} /usr/bin/python3 -W ignore:setup.py install is deprecated -W ignore:easy_install command is deprecated setup.py egg_info --egg-base ../../build/my_imu build --build-base /home/yoon/xycar_ws/build/my_imu/build install --record /home/yoon/xycar_ws/build/my_imu/install.log --single-version-externally-managed install_data --force
[7.531s] Level 1:colcon.colcon_core.environment:checking '/home/yoon/xycar_ws/install/my_imu' for CMake config files
[7.532s] Level 1:colcon.colcon_core.environment:checking '/home/yoon/xycar_ws/install/my_imu/lib'
[7.533s] Level 1:colcon.colcon_core.environment:checking '/home/yoon/xycar_ws/install/my_imu/bin'
[7.533s] Level 1:colcon.colcon_core.environment:checking '/home/yoon/xycar_ws/install/my_imu/lib/pkgconfig/my_imu.pc'
[7.533s] Level 1:colcon.colcon_core.environment:checking '/home/yoon/xycar_ws/install/my_imu/lib/python3.10/site-packages'
[7.533s] Level 1:colcon.colcon_core.shell:create_environment_hook('my_imu', 'pythonpath')
[7.534s] INFO:colcon.colcon_core.shell:Creating environment hook '/home/yoon/xycar_ws/install/my_imu/share/my_imu/hook/pythonpath.ps1'
[7.535s] INFO:colcon.colcon_core.shell:Creating environment descriptor '/home/yoon/xycar_ws/install/my_imu/share/my_imu/hook/pythonpath.dsv'
[7.536s] INFO:colcon.colcon_core.shell:Creating environment hook '/home/yoon/xycar_ws/install/my_imu/share/my_imu/hook/pythonpath.sh'
[7.537s] Level 1:colcon.colcon_core.environment:checking '/home/yoon/xycar_ws/install/my_imu/bin'
[7.538s] Level 1:colcon.colcon_core.environment:create_environment_scripts_only(my_imu)
[7.538s] INFO:colcon.colcon_core.shell:Creating package script '/home/yoon/xycar_ws/install/my_imu/share/my_imu/package.ps1'
[7.540s] INFO:colcon.colcon_core.shell:Creating package descriptor '/home/yoon/xycar_ws/install/my_imu/share/my_imu/package.dsv'
[7.542s] INFO:colcon.colcon_core.shell:Creating package script '/home/yoon/xycar_ws/install/my_imu/share/my_imu/package.sh'
[7.542s] INFO:colcon.colcon_core.shell:Creating package script '/home/yoon/xycar_ws/install/my_imu/share/my_imu/package.bash'
[7.543s] INFO:colcon.colcon_core.shell:Creating package script '/home/yoon/xycar_ws/install/my_imu/share/my_imu/package.zsh'
[7.544s] Level 1:colcon.colcon_core.environment:create_file_with_runtime_dependencies(/home/yoon/xycar_ws/install/my_imu/share/colcon-core/packages/my_imu)
[7.545s] Level 1:colcon.colcon_core.environment:checking '/home/yoon/xycar_ws/install/ros_tcp_endpoint' for CMake module files
[7.548s] DEBUG:colcon.colcon_core.event_handler.log_command:Invoked command in '/home/yoon/xycar_ws/src/ROS-TCP-Endpoint-main-ros2' returned '0': PYTHONPATH=/home/yoon/xycar_ws/build/ros_tcp_endpoint/prefix_override:/usr/lib/python3/dist-packages/colcon_core/task/python/colcon_distutils_commands:/home/yoon/xycar_ws/install/ros_tcp_endpoint/lib/python3.10/site-packages:${PYTHONPATH} /usr/bin/python3 -W ignore:setup.py install is deprecated -W ignore:easy_install command is deprecated setup.py egg_info --egg-base ../../build/ros_tcp_endpoint build --build-base /home/yoon/xycar_ws/build/ros_tcp_endpoint/build install --record /home/yoon/xycar_ws/build/ros_tcp_endpoint/install.log --single-version-externally-managed install_data --force
[7.549s] Level 1:colcon.colcon_core.environment:checking '/home/yoon/xycar_ws/install/ros_tcp_endpoint' for CMake config files
[7.551s] Level 1:colcon.colcon_core.environment:checking '/home/yoon/xycar_ws/install/ros_tcp_endpoint/lib'
[7.551s] Level 1:colcon.colcon_core.environment:checking '/home/yoon/xycar_ws/install/ros_tcp_endpoint/bin'
[7.552s] Level 1:colcon.colcon_core.environment:checking '/home/yoon/xycar_ws/install/ros_tcp_endpoint/lib/pkgconfig/ros_tcp_endpoint.pc'
[7.552s] Level 1:colcon.colcon_core.environment:checking '/home/yoon/xycar_ws/install/ros_tcp_endpoint/lib/python3.10/site-packages'
[7.552s] Level 1:colcon.colcon_core.shell:create_environment_hook('ros_tcp_endpoint', 'pythonpath')
[7.553s] INFO:colcon.colcon_core.shell:Creating environment hook '/home/yoon/xycar_ws/install/ros_tcp_endpoint/share/ros_tcp_endpoint/hook/pythonpath.ps1'
[7.554s] INFO:colcon.colcon_core.shell:Creating environment descriptor '/home/yoon/xycar_ws/install/ros_tcp_endpoint/share/ros_tcp_endpoint/hook/pythonpath.dsv'
[7.555s] INFO:colcon.colcon_core.shell:Creating environment hook '/home/yoon/xycar_ws/install/ros_tcp_endpoint/share/ros_tcp_endpoint/hook/pythonpath.sh'
[7.556s] Level 1:colcon.colcon_core.environment:checking '/home/yoon/xycar_ws/install/ros_tcp_endpoint/bin'
[7.556s] Level 1:colcon.colcon_core.environment:create_environment_scripts_only(ros_tcp_endpoint)
[7.557s] INFO:colcon.colcon_core.shell:Creating package script '/home/yoon/xycar_ws/install/ros_tcp_endpoint/share/ros_tcp_endpoint/package.ps1'
[7.559s] INFO:colcon.colcon_core.shell:Creating package descriptor '/home/yoon/xycar_ws/install/ros_tcp_endpoint/share/ros_tcp_endpoint/package.dsv'
[7.560s] INFO:colcon.colcon_core.shell:Creating package script '/home/yoon/xycar_ws/install/ros_tcp_endpoint/share/ros_tcp_endpoint/package.sh'
[7.561s] INFO:colcon.colcon_core.shell:Creating package script '/home/yoon/xycar_ws/install/ros_tcp_endpoint/share/ros_tcp_endpoint/package.bash'
[7.562s] INFO:colcon.colcon_core.shell:Creating package script '/home/yoon/xycar_ws/install/ros_tcp_endpoint/share/ros_tcp_endpoint/package.zsh'
[7.564s] Level 1:colcon.colcon_core.environment:create_file_with_runtime_dependencies(/home/yoon/xycar_ws/install/ros_tcp_endpoint/share/colcon-core/packages/ros_tcp_endpoint)
[7.565s] Level 1:colcon.colcon_core.environment:checking '/home/yoon/xycar_ws/install/my_motor' for CMake module files
[7.568s] Level 1:colcon.colcon_core.environment:checking '/home/yoon/xycar_ws/install/my_motor' for CMake config files
[7.568s] DEBUG:colcon.colcon_core.event_handler.log_command:Invoked command in '/home/yoon/xycar_ws/src/my_motor' returned '0': PYTHONPATH=/home/yoon/xycar_ws/build/my_motor/prefix_override:/usr/lib/python3/dist-packages/colcon_core/task/python/colcon_distutils_commands:/home/yoon/xycar_ws/install/my_motor/lib/python3.10/site-packages:${PYTHONPATH} /usr/bin/python3 -W ignore:setup.py install is deprecated -W ignore:easy_install command is deprecated setup.py egg_info --egg-base ../../build/my_motor build --build-base /home/yoon/xycar_ws/build/my_motor/build install --record /home/yoon/xycar_ws/build/my_motor/install.log --single-version-externally-managed install_data --force
[7.570s] Level 1:colcon.colcon_core.environment:checking '/home/yoon/xycar_ws/install/my_motor/lib'
[7.570s] Level 1:colcon.colcon_core.environment:checking '/home/yoon/xycar_ws/install/my_motor/bin'
[7.570s] Level 1:colcon.colcon_core.environment:checking '/home/yoon/xycar_ws/install/my_motor/lib/pkgconfig/my_motor.pc'
[7.571s] Level 1:colcon.colcon_core.environment:checking '/home/yoon/xycar_ws/install/my_motor/lib/python3.10/site-packages'
[7.571s] Level 1:colcon.colcon_core.shell:create_environment_hook('my_motor', 'pythonpath')
[7.572s] INFO:colcon.colcon_core.shell:Creating environment hook '/home/yoon/xycar_ws/install/my_motor/share/my_motor/hook/pythonpath.ps1'
[7.573s] INFO:colcon.colcon_core.shell:Creating environment descriptor '/home/yoon/xycar_ws/install/my_motor/share/my_motor/hook/pythonpath.dsv'
[7.574s] INFO:colcon.colcon_core.shell:Creating environment hook '/home/yoon/xycar_ws/install/my_motor/share/my_motor/hook/pythonpath.sh'
[7.575s] Level 1:colcon.colcon_core.environment:checking '/home/yoon/xycar_ws/install/my_motor/bin'
[7.575s] Level 1:colcon.colcon_core.environment:create_environment_scripts_only(my_motor)
[7.577s] INFO:colcon.colcon_core.shell:Creating package script '/home/yoon/xycar_ws/install/my_motor/share/my_motor/package.ps1'
[7.580s] INFO:colcon.colcon_core.shell:Creating package descriptor '/home/yoon/xycar_ws/install/my_motor/share/my_motor/package.dsv'
[7.582s] INFO:colcon.colcon_core.shell:Creating package script '/home/yoon/xycar_ws/install/my_motor/share/my_motor/package.sh'
[7.584s] INFO:colcon.colcon_core.shell:Creating package script '/home/yoon/xycar_ws/install/my_motor/share/my_motor/package.bash'
[7.585s] INFO:colcon.colcon_core.shell:Creating package script '/home/yoon/xycar_ws/install/my_motor/share/my_motor/package.zsh'
[7.586s] Level 1:colcon.colcon_core.environment:create_file_with_runtime_dependencies(/home/yoon/xycar_ws/install/my_motor/share/colcon-core/packages/my_motor)
[7.650s] Level 1:colcon.colcon_core.environment:create_environment_scripts_only(xycar_msgs)
[7.651s] Level 1:colcon.colcon_core.environment:checking '/home/yoon/xycar_ws/install/xycar_msgs' for CMake module files
[7.652s] DEBUG:colcon.colcon_core.event_handler.log_command:Invoked command in '/home/yoon/xycar_ws/build/xycar_msgs' returned '0': CMAKE_PREFIX_PATH=${CMAKE_PREFIX_PATH}:/home/yoon/xycar_ws/install/my_lidar:/home/yoon/xycar_ws/install/my_cam:/home/yoon/xycar_ws/install/kookmin9_viewer:/home/yoon/xycar_ws/install/track_drive:/home/yoon/xycar_ws/install/ros_tcp_endpoint:/home/yoon/xycar_ws/install/my_motor:/home/yoon/xycar_ws/install/my_imu:/opt/ros/humble /usr/bin/cmake --install /home/yoon/xycar_ws/build/xycar_msgs
[7.654s] Level 1:colcon.colcon_core.environment:checking '/home/yoon/xycar_ws/install/xycar_msgs' for CMake config files
[7.657s] Level 1:colcon.colcon_core.shell:create_environment_hook('xycar_msgs', 'cmake_prefix_path')
[7.657s] INFO:colcon.colcon_core.shell:Creating environment hook '/home/yoon/xycar_ws/install/xycar_msgs/share/xycar_msgs/hook/cmake_prefix_path.ps1'
[7.658s] INFO:colcon.colcon_core.shell:Creating environment descriptor '/home/yoon/xycar_ws/install/xycar_msgs/share/xycar_msgs/hook/cmake_prefix_path.dsv'
[7.660s] INFO:colcon.colcon_core.shell:Creating environment hook '/home/yoon/xycar_ws/install/xycar_msgs/share/xycar_msgs/hook/cmake_prefix_path.sh'
[7.661s] Level 1:colcon.colcon_core.environment:checking '/home/yoon/xycar_ws/install/xycar_msgs/lib'
[7.662s] Level 1:colcon.colcon_core.shell:create_environment_hook('xycar_msgs', 'ld_library_path_lib')
[7.662s] INFO:colcon.colcon_core.shell:Creating environment hook '/home/yoon/xycar_ws/install/xycar_msgs/share/xycar_msgs/hook/ld_library_path_lib.ps1'
[7.663s] INFO:colcon.colcon_core.shell:Creating environment descriptor '/home/yoon/xycar_ws/install/xycar_msgs/share/xycar_msgs/hook/ld_library_path_lib.dsv'
[7.664s] INFO:colcon.colcon_core.shell:Creating environment hook '/home/yoon/xycar_ws/install/xycar_msgs/share/xycar_msgs/hook/ld_library_path_lib.sh'
[7.665s] Level 1:colcon.colcon_core.environment:checking '/home/yoon/xycar_ws/install/xycar_msgs/bin'
[7.666s] Level 1:colcon.colcon_core.environment:checking '/home/yoon/xycar_ws/install/xycar_msgs/lib/pkgconfig/xycar_msgs.pc'
[7.666s] Level 1:colcon.colcon_core.environment:checking '/home/yoon/xycar_ws/install/xycar_msgs/lib/python3.10/site-packages'
[7.667s] Level 1:colcon.colcon_core.environment:checking '/home/yoon/xycar_ws/install/xycar_msgs/bin'
[7.667s] INFO:colcon.colcon_core.shell:Creating package script '/home/yoon/xycar_ws/install/xycar_msgs/share/xycar_msgs/package.ps1'
[7.669s] INFO:colcon.colcon_core.shell:Creating package descriptor '/home/yoon/xycar_ws/install/xycar_msgs/share/xycar_msgs/package.dsv'
[7.670s] INFO:colcon.colcon_core.shell:Creating package script '/home/yoon/xycar_ws/install/xycar_msgs/share/xycar_msgs/package.sh'
[7.671s] INFO:colcon.colcon_core.shell:Creating package script '/home/yoon/xycar_ws/install/xycar_msgs/share/xycar_msgs/package.bash'
[7.673s] INFO:colcon.colcon_core.shell:Creating package script '/home/yoon/xycar_ws/install/xycar_msgs/share/xycar_msgs/package.zsh'
[7.674s] Level 1:colcon.colcon_core.environment:create_file_with_runtime_dependencies(/home/yoon/xycar_ws/install/xycar_msgs/share/colcon-core/packages/xycar_msgs)
[7.676s] Level 1:colcon.colcon_core.environment:create_environment_scripts_only(xycar_msgs)
[7.676s] Level 1:colcon.colcon_core.environment:checking '/home/yoon/xycar_ws/install/xycar_msgs' for CMake module files
[7.678s] Level 1:colcon.colcon_core.environment:checking '/home/yoon/xycar_ws/install/xycar_msgs' for CMake config files
[7.680s] Level 1:colcon.colcon_core.shell:create_environment_hook('xycar_msgs', 'cmake_prefix_path')
[7.681s] INFO:colcon.colcon_core.shell:Creating environment hook '/home/yoon/xycar_ws/install/xycar_msgs/share/xycar_msgs/hook/cmake_prefix_path.ps1'
[7.682s] INFO:colcon.colcon_core.shell:Creating environment descriptor '/home/yoon/xycar_ws/install/xycar_msgs/share/xycar_msgs/hook/cmake_prefix_path.dsv'
[7.682s] INFO:colcon.colcon_core.shell:Creating environment hook '/home/yoon/xycar_ws/install/xycar_msgs/share/xycar_msgs/hook/cmake_prefix_path.sh'
[7.684s] Level 1:colcon.colcon_core.environment:checking '/home/yoon/xycar_ws/install/xycar_msgs/lib'
[7.684s] Level 1:colcon.colcon_core.shell:create_environment_hook('xycar_msgs', 'ld_library_path_lib')
[7.684s] INFO:colcon.colcon_core.shell:Creating environment hook '/home/yoon/xycar_ws/install/xycar_msgs/share/xycar_msgs/hook/ld_library_path_lib.ps1'
[7.686s] INFO:colcon.colcon_core.shell:Creating environment descriptor '/home/yoon/xycar_ws/install/xycar_msgs/share/xycar_msgs/hook/ld_library_path_lib.dsv'
[7.687s] INFO:colcon.colcon_core.shell:Creating environment hook '/home/yoon/xycar_ws/install/xycar_msgs/share/xycar_msgs/hook/ld_library_path_lib.sh'
[7.688s] Level 1:colcon.colcon_core.environment:checking '/home/yoon/xycar_ws/install/xycar_msgs/bin'
[7.688s] Level 1:colcon.colcon_core.environment:checking '/home/yoon/xycar_ws/install/xycar_msgs/lib/pkgconfig/xycar_msgs.pc'
[7.688s] Level 1:colcon.colcon_core.environment:checking '/home/yoon/xycar_ws/install/xycar_msgs/lib/python3.10/site-packages'
[7.689s] Level 1:colcon.colcon_core.environment:checking '/home/yoon/xycar_ws/install/xycar_msgs/bin'
[7.689s] INFO:colcon.colcon_core.shell:Creating package script '/home/yoon/xycar_ws/install/xycar_msgs/share/xycar_msgs/package.ps1'
[7.691s] INFO:colcon.colcon_core.shell:Creating package descriptor '/home/yoon/xycar_ws/install/xycar_msgs/share/xycar_msgs/package.dsv'
[7.692s] INFO:colcon.colcon_core.shell:Creating package script '/home/yoon/xycar_ws/install/xycar_msgs/share/xycar_msgs/package.sh'
[7.694s] INFO:colcon.colcon_core.shell:Creating package script '/home/yoon/xycar_ws/install/xycar_msgs/share/xycar_msgs/package.bash'
[7.697s] INFO:colcon.colcon_core.shell:Creating package script '/home/yoon/xycar_ws/install/xycar_msgs/share/xycar_msgs/package.zsh'
[7.698s] Level 1:colcon.colcon_core.environment:create_file_with_runtime_dependencies(/home/yoon/xycar_ws/install/xycar_msgs/share/colcon-core/packages/xycar_msgs)
[7.699s] INFO:colcon.colcon_ros.task.ament_python.build:Building ROS package in '/home/yoon/xycar_ws/src/kookmin9_viewer' with build type 'ament_python'
[7.699s] Level 1:colcon.colcon_core.shell:create_environment_hook('kookmin9_viewer', 'ament_prefix_path')
[7.700s] INFO:colcon.colcon_core.shell:Creating environment hook '/home/yoon/xycar_ws/install/kookmin9_viewer/share/kookmin9_viewer/hook/ament_prefix_path.ps1'
[7.702s] INFO:colcon.colcon_core.shell:Creating environment descriptor '/home/yoon/xycar_ws/install/kookmin9_viewer/share/kookmin9_viewer/hook/ament_prefix_path.dsv'
[7.704s] INFO:colcon.colcon_core.shell:Creating environment hook '/home/yoon/xycar_ws/install/kookmin9_viewer/share/kookmin9_viewer/hook/ament_prefix_path.sh'
[7.705s] INFO:colcon.colcon_core.shell:Skip shell extension 'powershell' for command environment: Not usable outside of PowerShell
[7.705s] DEBUG:colcon.colcon_core.shell:Skip shell extension 'dsv' for command environment
[7.712s] INFO:colcon.colcon_ros.task.ament_python.build:Building ROS package in '/home/yoon/xycar_ws/src/my_cam' with build type 'ament_python'
[7.712s] Level 1:colcon.colcon_core.shell:create_environment_hook('my_cam', 'ament_prefix_path')
[7.713s] INFO:colcon.colcon_core.shell:Creating environment hook '/home/yoon/xycar_ws/install/my_cam/share/my_cam/hook/ament_prefix_path.ps1'
[7.714s] INFO:colcon.colcon_core.shell:Creating environment descriptor '/home/yoon/xycar_ws/install/my_cam/share/my_cam/hook/ament_prefix_path.dsv'
[7.715s] INFO:colcon.colcon_core.shell:Creating environment hook '/home/yoon/xycar_ws/install/my_cam/share/my_cam/hook/ament_prefix_path.sh'
[7.717s] INFO:colcon.colcon_core.shell:Skip shell extension 'powershell' for command environment: Not usable outside of PowerShell
[7.717s] DEBUG:colcon.colcon_core.shell:Skip shell extension 'dsv' for command environment
[7.725s] INFO:colcon.colcon_ros.task.ament_python.build:Building ROS package in '/home/yoon/xycar_ws/src/my_lidar' with build type 'ament_python'
[7.725s] Level 1:colcon.colcon_core.shell:create_environment_hook('my_lidar', 'ament_prefix_path')
[7.726s] INFO:colcon.colcon_core.shell:Creating environment hook '/home/yoon/xycar_ws/install/my_lidar/share/my_lidar/hook/ament_prefix_path.ps1'
[7.730s] INFO:colcon.colcon_core.shell:Creating environment descriptor '/home/yoon/xycar_ws/install/my_lidar/share/my_lidar/hook/ament_prefix_path.dsv'
[7.736s] INFO:colcon.colcon_core.shell:Creating environment hook '/home/yoon/xycar_ws/install/my_lidar/share/my_lidar/hook/ament_prefix_path.sh'
[7.737s] INFO:colcon.colcon_core.shell:Skip shell extension 'powershell' for command environment: Not usable outside of PowerShell
[7.738s] DEBUG:colcon.colcon_core.shell:Skip shell extension 'dsv' for command environment
[8.468s] INFO:colcon.colcon_core.task.python.build:Building Python package in '/home/yoon/xycar_ws/src/kookmin9_viewer'
[8.469s] INFO:colcon.colcon_core.shell:Skip shell extension 'powershell' for command environment: Not usable outside of PowerShell
[8.469s] DEBUG:colcon.colcon_core.shell:Skip shell extension 'dsv' for command environment
[9.038s] INFO:colcon.colcon_core.task.python.build:Building Python package in '/home/yoon/xycar_ws/src/my_lidar'
[9.039s] INFO:colcon.colcon_core.shell:Skip shell extension 'powershell' for command environment: Not usable outside of PowerShell
[9.039s] DEBUG:colcon.colcon_core.shell:Skip shell extension 'dsv' for command environment
[9.638s] INFO:colcon.colcon_core.task.python.build:Building Python package in '/home/yoon/xycar_ws/src/my_cam'
[9.639s] INFO:colcon.colcon_core.shell:Skip shell extension 'powershell' for command environment: Not usable outside of PowerShell
[9.639s] DEBUG:colcon.colcon_core.shell:Skip shell extension 'dsv' for command environment
[10.522s] DEBUG:colcon.colcon_core.event_handler.log_command:Invoking command in '/home/yoon/xycar_ws/build/my_lidar': PYTHONPATH=/home/yoon/xycar_ws/build/my_lidar/prefix_override:/usr/lib/python3/dist-packages/colcon_core/task/python/colcon_distutils_commands:/home/yoon/xycar_ws/install/my_lidar/lib/python3.10/site-packages:${PYTHONPATH} /usr/bin/python3 -W ignore:setup.py install is deprecated -W ignore:easy_install command is deprecated setup.py develop --uninstall --editable --build-directory /home/yoon/xycar_ws/build/my_lidar/build
[10.540s] DEBUG:colcon.colcon_core.event_handler.log_command:Invoking command in '/home/yoon/xycar_ws/build/kookmin9_viewer': PYTHONPATH=/home/yoon/xycar_ws/build/kookmin9_viewer/prefix_override:/usr/lib/python3/dist-packages/colcon_core/task/python/colcon_distutils_commands:/home/yoon/xycar_ws/install/kookmin9_viewer/lib/python3.10/site-packages:${PYTHONPATH} /usr/bin/python3 -W ignore:setup.py install is deprecated -W ignore:easy_install command is deprecated setup.py develop --uninstall --editable --build-directory /home/yoon/xycar_ws/build/kookmin9_viewer/build
[10.700s] DEBUG:colcon.colcon_core.event_handler.log_command:Invoking command in '/home/yoon/xycar_ws/build/my_cam': PYTHONPATH=/home/yoon/xycar_ws/build/my_cam/prefix_override:/usr/lib/python3/dist-packages/colcon_core/task/python/colcon_distutils_commands:/home/yoon/xycar_ws/install/my_cam/lib/python3.10/site-packages:${PYTHONPATH} /usr/bin/python3 -W ignore:setup.py install is deprecated -W ignore:easy_install command is deprecated setup.py develop --uninstall --editable --build-directory /home/yoon/xycar_ws/build/my_cam/build
[11.550s] DEBUG:colcon.colcon_core.event_handler.log_command:Invoked command in '/home/yoon/xycar_ws/build/kookmin9_viewer' returned '0': PYTHONPATH=/home/yoon/xycar_ws/build/kookmin9_viewer/prefix_override:/usr/lib/python3/dist-packages/colcon_core/task/python/colcon_distutils_commands:/home/yoon/xycar_ws/install/kookmin9_viewer/lib/python3.10/site-packages:${PYTHONPATH} /usr/bin/python3 -W ignore:setup.py install is deprecated -W ignore:easy_install command is deprecated setup.py develop --uninstall --editable --build-directory /home/yoon/xycar_ws/build/kookmin9_viewer/build
[11.554s] DEBUG:colcon.colcon_core.event_handler.log_command:Invoking command in '/home/yoon/xycar_ws/src/kookmin9_viewer': PYTHONPATH=/home/yoon/xycar_ws/build/kookmin9_viewer/prefix_override:/usr/lib/python3/dist-packages/colcon_core/task/python/colcon_distutils_commands:/home/yoon/xycar_ws/install/kookmin9_viewer/lib/python3.10/site-packages:${PYTHONPATH} /usr/bin/python3 -W ignore:setup.py install is deprecated -W ignore:easy_install command is deprecated setup.py egg_info --egg-base ../../build/kookmin9_viewer build --build-base /home/yoon/xycar_ws/build/kookmin9_viewer/build install --record /home/yoon/xycar_ws/build/kookmin9_viewer/install.log --single-version-externally-managed install_data --force
[11.559s] DEBUG:colcon.colcon_core.event_handler.log_command:Invoked command in '/home/yoon/xycar_ws/build/my_lidar' returned '0': PYTHONPATH=/home/yoon/xycar_ws/build/my_lidar/prefix_override:/usr/lib/python3/dist-packages/colcon_core/task/python/colcon_distutils_commands:/home/yoon/xycar_ws/install/my_lidar/lib/python3.10/site-packages:${PYTHONPATH} /usr/bin/python3 -W ignore:setup.py install is deprecated -W ignore:easy_install command is deprecated setup.py develop --uninstall --editable --build-directory /home/yoon/xycar_ws/build/my_lidar/build
[11.563s] DEBUG:colcon.colcon_core.event_handler.log_command:Invoking command in '/home/yoon/xycar_ws/src/my_lidar': PYTHONPATH=/home/yoon/xycar_ws/build/my_lidar/prefix_override:/usr/lib/python3/dist-packages/colcon_core/task/python/colcon_distutils_commands:/home/yoon/xycar_ws/install/my_lidar/lib/python3.10/site-packages:${PYTHONPATH} /usr/bin/python3 -W ignore:setup.py install is deprecated -W ignore:easy_install command is deprecated setup.py egg_info --egg-base ../../build/my_lidar build --build-base /home/yoon/xycar_ws/build/my_lidar/build install --record /home/yoon/xycar_ws/build/my_lidar/install.log --single-version-externally-managed install_data --force
[11.694s] DEBUG:colcon.colcon_core.event_handler.log_command:Invoked command in '/home/yoon/xycar_ws/build/my_cam' returned '0': PYTHONPATH=/home/yoon/xycar_ws/build/my_cam/prefix_override:/usr/lib/python3/dist-packages/colcon_core/task/python/colcon_distutils_commands:/home/yoon/xycar_ws/install/my_cam/lib/python3.10/site-packages:${PYTHONPATH} /usr/bin/python3 -W ignore:setup.py install is deprecated -W ignore:easy_install command is deprecated setup.py develop --uninstall --editable --build-directory /home/yoon/xycar_ws/build/my_cam/build
[11.698s] DEBUG:colcon.colcon_core.event_handler.log_command:Invoking command in '/home/yoon/xycar_ws/src/my_cam': PYTHONPATH=/home/yoon/xycar_ws/build/my_cam/prefix_override:/usr/lib/python3/dist-packages/colcon_core/task/python/colcon_distutils_commands:/home/yoon/xycar_ws/install/my_cam/lib/python3.10/site-packages:${PYTHONPATH} /usr/bin/python3 -W ignore:setup.py install is deprecated -W ignore:easy_install command is deprecated setup.py egg_info --egg-base ../../build/my_cam build --build-base /home/yoon/xycar_ws/build/my_cam/build install --record /home/yoon/xycar_ws/build/my_cam/install.log --single-version-externally-managed install_data --force
[12.235s] Level 1:colcon.colcon_core.environment:checking '/home/yoon/xycar_ws/install/kookmin9_viewer' for CMake module files
[12.236s] DEBUG:colcon.colcon_core.event_handler.log_command:Invoked command in '/home/yoon/xycar_ws/src/kookmin9_viewer' returned '0': PYTHONPATH=/home/yoon/xycar_ws/build/kookmin9_viewer/prefix_override:/usr/lib/python3/dist-packages/colcon_core/task/python/colcon_distutils_commands:/home/yoon/xycar_ws/install/kookmin9_viewer/lib/python3.10/site-packages:${PYTHONPATH} /usr/bin/python3 -W ignore:setup.py install is deprecated -W ignore:easy_install command is deprecated setup.py egg_info --egg-base ../../build/kookmin9_viewer build --build-base /home/yoon/xycar_ws/build/kookmin9_viewer/build install --record /home/yoon/xycar_ws/build/kookmin9_viewer/install.log --single-version-externally-managed install_data --force
[12.237s] Level 1:colcon.colcon_core.environment:checking '/home/yoon/xycar_ws/install/kookmin9_viewer' for CMake config files
[12.238s] Level 1:colcon.colcon_core.environment:checking '/home/yoon/xycar_ws/install/kookmin9_viewer/lib'
[12.239s] Level 1:colcon.colcon_core.environment:checking '/home/yoon/xycar_ws/install/kookmin9_viewer/bin'
[12.239s] Level 1:colcon.colcon_core.environment:checking '/home/yoon/xycar_ws/install/kookmin9_viewer/lib/pkgconfig/kookmin9_viewer.pc'
[12.239s] Level 1:colcon.colcon_core.environment:checking '/home/yoon/xycar_ws/install/kookmin9_viewer/lib/python3.10/site-packages'
[12.239s] Level 1:colcon.colcon_core.shell:create_environment_hook('kookmin9_viewer', 'pythonpath')
[12.240s] INFO:colcon.colcon_core.shell:Creating environment hook '/home/yoon/xycar_ws/install/kookmin9_viewer/share/kookmin9_viewer/hook/pythonpath.ps1'
[12.242s] INFO:colcon.colcon_core.shell:Creating environment descriptor '/home/yoon/xycar_ws/install/kookmin9_viewer/share/kookmin9_viewer/hook/pythonpath.dsv'
[12.243s] INFO:colcon.colcon_core.shell:Creating environment hook '/home/yoon/xycar_ws/install/kookmin9_viewer/share/kookmin9_viewer/hook/pythonpath.sh'
[12.245s] Level 1:colcon.colcon_core.environment:checking '/home/yoon/xycar_ws/install/kookmin9_viewer/bin'
[12.246s] Level 1:colcon.colcon_core.environment:create_environment_scripts_only(kookmin9_viewer)
[12.246s] INFO:colcon.colcon_core.shell:Creating package script '/home/yoon/xycar_ws/install/kookmin9_viewer/share/kookmin9_viewer/package.ps1'
[12.251s] INFO:colcon.colcon_core.shell:Creating package descriptor '/home/yoon/xycar_ws/install/kookmin9_viewer/share/kookmin9_viewer/package.dsv'
[12.252s] INFO:colcon.colcon_core.shell:Creating package script '/home/yoon/xycar_ws/install/kookmin9_viewer/share/kookmin9_viewer/package.sh'
[12.253s] INFO:colcon.colcon_core.shell:Creating package script '/home/yoon/xycar_ws/install/kookmin9_viewer/share/kookmin9_viewer/package.bash'
[12.254s] INFO:colcon.colcon_core.shell:Creating package script '/home/yoon/xycar_ws/install/kookmin9_viewer/share/kookmin9_viewer/package.zsh'
[12.256s] Level 1:colcon.colcon_core.environment:create_file_with_runtime_dependencies(/home/yoon/xycar_ws/install/kookmin9_viewer/share/colcon-core/packages/kookmin9_viewer)
[12.273s] Level 1:colcon.colcon_core.environment:checking '/home/yoon/xycar_ws/install/my_lidar' for CMake module files
[12.275s] DEBUG:colcon.colcon_core.event_handler.log_command:Invoked command in '/home/yoon/xycar_ws/src/my_lidar' returned '0': PYTHONPATH=/home/yoon/xycar_ws/build/my_lidar/prefix_override:/usr/lib/python3/dist-packages/colcon_core/task/python/colcon_distutils_commands:/home/yoon/xycar_ws/install/my_lidar/lib/python3.10/site-packages:${PYTHONPATH} /usr/bin/python3 -W ignore:setup.py install is deprecated -W ignore:easy_install command is deprecated setup.py egg_info --egg-base ../../build/my_lidar build --build-base /home/yoon/xycar_ws/build/my_lidar/build install --record /home/yoon/xycar_ws/build/my_lidar/install.log --single-version-externally-managed install_data --force
[12.276s] Level 1:colcon.colcon_core.environment:checking '/home/yoon/xycar_ws/install/my_lidar' for CMake config files
[12.277s] Level 1:colcon.colcon_core.environment:checking '/home/yoon/xycar_ws/install/my_lidar/lib'
[12.277s] Level 1:colcon.colcon_core.environment:checking '/home/yoon/xycar_ws/install/my_lidar/bin'
[12.278s] Level 1:colcon.colcon_core.environment:checking '/home/yoon/xycar_ws/install/my_lidar/lib/pkgconfig/my_lidar.pc'
[12.278s] Level 1:colcon.colcon_core.environment:checking '/home/yoon/xycar_ws/install/my_lidar/lib/python3.10/site-packages'
[12.278s] Level 1:colcon.colcon_core.shell:create_environment_hook('my_lidar', 'pythonpath')
[12.279s] INFO:colcon.colcon_core.shell:Creating environment hook '/home/yoon/xycar_ws/install/my_lidar/share/my_lidar/hook/pythonpath.ps1'
[12.280s] INFO:colcon.colcon_core.shell:Creating environment descriptor '/home/yoon/xycar_ws/install/my_lidar/share/my_lidar/hook/pythonpath.dsv'
[12.281s] INFO:colcon.colcon_core.shell:Creating environment hook '/home/yoon/xycar_ws/install/my_lidar/share/my_lidar/hook/pythonpath.sh'
[12.282s] Level 1:colcon.colcon_core.environment:checking '/home/yoon/xycar_ws/install/my_lidar/bin'
[12.283s] Level 1:colcon.colcon_core.environment:create_environment_scripts_only(my_lidar)
[12.283s] INFO:colcon.colcon_core.shell:Creating package script '/home/yoon/xycar_ws/install/my_lidar/share/my_lidar/package.ps1'
[12.284s] INFO:colcon.colcon_core.shell:Creating package descriptor '/home/yoon/xycar_ws/install/my_lidar/share/my_lidar/package.dsv'
[12.285s] INFO:colcon.colcon_core.shell:Creating package script '/home/yoon/xycar_ws/install/my_lidar/share/my_lidar/package.sh'
[12.286s] INFO:colcon.colcon_core.shell:Creating package script '/home/yoon/xycar_ws/install/my_lidar/share/my_lidar/package.bash'
[12.287s] INFO:colcon.colcon_core.shell:Creating package script '/home/yoon/xycar_ws/install/my_lidar/share/my_lidar/package.zsh'
[12.288s] Level 1:colcon.colcon_core.environment:create_file_with_runtime_dependencies(/home/yoon/xycar_ws/install/my_lidar/share/colcon-core/packages/my_lidar)
[12.382s] Level 1:colcon.colcon_core.environment:checking '/home/yoon/xycar_ws/install/my_cam' for CMake module files
[12.383s] DEBUG:colcon.colcon_core.event_handler.log_command:Invoked command in '/home/yoon/xycar_ws/src/my_cam' returned '0': PYTHONPATH=/home/yoon/xycar_ws/build/my_cam/prefix_override:/usr/lib/python3/dist-packages/colcon_core/task/python/colcon_distutils_commands:/home/yoon/xycar_ws/install/my_cam/lib/python3.10/site-packages:${PYTHONPATH} /usr/bin/python3 -W ignore:setup.py install is deprecated -W ignore:easy_install command is deprecated setup.py egg_info --egg-base ../../build/my_cam build --build-base /home/yoon/xycar_ws/build/my_cam/build install --record /home/yoon/xycar_ws/build/my_cam/install.log --single-version-externally-managed install_data --force
[12.384s] Level 1:colcon.colcon_core.environment:checking '/home/yoon/xycar_ws/install/my_cam' for CMake config files
[12.385s] Level 1:colcon.colcon_core.environment:checking '/home/yoon/xycar_ws/install/my_cam/lib'
[12.385s] Level 1:colcon.colcon_core.environment:checking '/home/yoon/xycar_ws/install/my_cam/bin'
[12.385s] Level 1:colcon.colcon_core.environment:checking '/home/yoon/xycar_ws/install/my_cam/lib/pkgconfig/my_cam.pc'
[12.386s] Level 1:colcon.colcon_core.environment:checking '/home/yoon/xycar_ws/install/my_cam/lib/python3.10/site-packages'
[12.386s] Level 1:colcon.colcon_core.shell:create_environment_hook('my_cam', 'pythonpath')
[12.386s] INFO:colcon.colcon_core.shell:Creating environment hook '/home/yoon/xycar_ws/install/my_cam/share/my_cam/hook/pythonpath.ps1'
[12.387s] INFO:colcon.colcon_core.shell:Creating environment descriptor '/home/yoon/xycar_ws/install/my_cam/share/my_cam/hook/pythonpath.dsv'
[12.388s] INFO:colcon.colcon_core.shell:Creating environment hook '/home/yoon/xycar_ws/install/my_cam/share/my_cam/hook/pythonpath.sh'
[12.389s] Level 1:colcon.colcon_core.environment:checking '/home/yoon/xycar_ws/install/my_cam/bin'
[12.389s] Level 1:colcon.colcon_core.environment:create_environment_scripts_only(my_cam)
[12.390s] INFO:colcon.colcon_core.shell:Creating package script '/home/yoon/xycar_ws/install/my_cam/share/my_cam/package.ps1'
[12.391s] INFO:colcon.colcon_core.shell:Creating package descriptor '/home/yoon/xycar_ws/install/my_cam/share/my_cam/package.dsv'
[12.392s] INFO:colcon.colcon_core.shell:Creating package script '/home/yoon/xycar_ws/install/my_cam/share/my_cam/package.sh'
[12.393s] INFO:colcon.colcon_core.shell:Creating package script '/home/yoon/xycar_ws/install/my_cam/share/my_cam/package.bash'
[12.396s] INFO:colcon.colcon_core.shell:Creating package script '/home/yoon/xycar_ws/install/my_cam/share/my_cam/package.zsh'
[12.398s] Level 1:colcon.colcon_core.environment:create_file_with_runtime_dependencies(/home/yoon/xycar_ws/install/my_cam/share/colcon-core/packages/my_cam)
[12.399s] DEBUG:colcon.colcon_parallel_executor.executor.parallel:closing loop
[12.400s] DEBUG:colcon.colcon_parallel_executor.executor.parallel:loop closed
[12.401s] DEBUG:colcon.colcon_parallel_executor.executor.parallel:run_until_complete finished with '0'
[12.402s] DEBUG:colcon.colcon_core.event_reactor:joining thread
[12.539s] INFO:colcon.colcon_core.plugin_system:Skipping extension 'colcon_notification.desktop_notification.notify_send': Could not find 'notify-send'
[12.539s] INFO:colcon.colcon_core.plugin_system:Skipping extension 'colcon_notification.desktop_notification.terminal_notifier': Not used on non-Darwin systems
[12.539s] INFO:colcon.colcon_core.plugin_system:Skipping extension 'colcon_notification.desktop_notification.win32': Not used on non-Windows systems
[12.540s] INFO:colcon.colcon_notification.desktop_notification:Sending desktop notification using 'notify2'
[12.540s] DEBUG:colcon.colcon_notification.desktop_notification.notify2:Failed to initialize notify2: org.freedesktop.DBus.Error.FileNotFound: Failed to connect to socket /run/user/1000/bus: No such file or directory
[12.540s] DEBUG:colcon.colcon_core.event_reactor:joined thread
[12.541s] INFO:colcon.colcon_core.shell:Creating prefix script '/home/yoon/xycar_ws/install/local_setup.ps1'
[12.543s] INFO:colcon.colcon_core.shell:Creating prefix util module '/home/yoon/xycar_ws/install/_local_setup_util_ps1.py'
[12.546s] INFO:colcon.colcon_core.shell:Creating prefix chain script '/home/yoon/xycar_ws/install/setup.ps1'
[12.550s] INFO:colcon.colcon_core.shell:Creating prefix script '/home/yoon/xycar_ws/install/local_setup.sh'
[12.552s] INFO:colcon.colcon_core.shell:Creating prefix util module '/home/yoon/xycar_ws/install/_local_setup_util_sh.py'
[12.553s] INFO:colcon.colcon_core.shell:Creating prefix chain script '/home/yoon/xycar_ws/install/setup.sh'
[12.557s] INFO:colcon.colcon_core.shell:Creating prefix script '/home/yoon/xycar_ws/install/local_setup.bash'
[12.560s] INFO:colcon.colcon_core.shell:Creating prefix chain script '/home/yoon/xycar_ws/install/setup.bash'
[12.564s] INFO:colcon.colcon_core.shell:Creating prefix script '/home/yoon/xycar_ws/install/local_setup.zsh'
[12.566s] INFO:colcon.colcon_core.shell:Creating prefix chain script '/home/yoon/xycar_ws/install/setup.zsh'
