[0.044s] Invoking command in '/home/yoon/xycar_ws/build/xycar_msgs': /usr/bin/cmake /home/yoon/xycar_ws/src/xycar_msgs -DAMENT_CMAKE_SYMLINK_INSTALL=1 -DCMAKE_INSTALL_PREFIX=/home/yoon/xycar_ws/install/xycar_msgs
[0.721s] -- The C compiler identification is GNU 11.4.0
[1.021s] -- The CXX compiler identification is GNU 11.4.0
[1.558s] -- Detecting C compiler ABI info
[1.794s] -- Detecting C compiler ABI info - done
[1.804s] -- Check for working C compiler: /usr/bin/cc - skipped
[1.805s] -- Detecting C compile features
[1.805s] -- Detecting C compile features - done
[1.811s] -- Detecting CXX compiler ABI info
[2.026s] -- Detecting CXX compiler ABI info - done
[2.036s] -- Check for working CXX compiler: /usr/bin/c++ - skipped
[2.036s] -- Detecting CXX compile features
[2.039s] -- Detecting CXX compile features - done
[3.414s] [31mCMake Error at CMakeLists.txt:8 (find_package):
[3.414s]   By not providing "Findament_cmake.cmake" in CMAKE_MODULE_PATH this project
[3.414s]   has asked CMake to find a package configuration file provided by
[3.414s]   "ament_cmake", but CMake did not find one.
[3.414s] 
[3.414s]   Could not find a package configuration file provided by "ament_cmake" with
[3.414s]   any of the following names:
[3.415s] 
[3.415s]     ament_cmakeConfig.cmake
[3.415s]     ament_cmake-config.cmake
[3.415s] 
[3.415s]   Add the installation prefix of "ament_cmake" to CMAKE_PREFIX_PATH or set
[3.415s]   "ament_cmake_DIR" to a directory containing one of the above files.  If
[3.415s]   "ament_cmake" provides a separate development package or SDK, be sure it
[3.415s]   has been installed.
[3.415s] 
[3.415s] [0m
[3.415s] -- Configuring incomplete, errors occurred!
[3.415s] See also "/home/yoon/xycar_ws/build/xycar_msgs/CMakeFiles/CMakeOutput.log".
[3.419s] Invoked command in '/home/yoon/xycar_ws/build/xycar_msgs' returned '1': /usr/bin/cmake /home/yoon/xycar_ws/src/xycar_msgs -DAMENT_CMAKE_SYMLINK_INSTALL=1 -DCMAKE_INSTALL_PREFIX=/home/yoon/xycar_ws/install/xycar_msgs
