running develop
Removing /home/yoon/xycar_ws/install/my_imu/lib/python3.10/site-packages/my-imu.egg-link (link to .)
running egg_info
writing ../../build/my_imu/my_imu.egg-info/PKG-INFO
writing dependency_links to ../../build/my_imu/my_imu.egg-info/dependency_links.txt
writing entry points to ../../build/my_imu/my_imu.egg-info/entry_points.txt
writing requirements to ../../build/my_imu/my_imu.egg-info/requires.txt
writing top-level names to ../../build/my_imu/my_imu.egg-info/top_level.txt
reading manifest file '../../build/my_imu/my_imu.egg-info/SOURCES.txt'
writing manifest file '../../build/my_imu/my_imu.egg-info/SOURCES.txt'
running build
running build_py
creating /home/yoon/xycar_ws/build/my_imu/build
creating /home/yoon/xycar_ws/build/my_imu/build/lib
creating /home/yoon/xycar_ws/build/my_imu/build/lib/my_imu
copying my_imu/roll_pitch_yaw.py -> /home/yoon/xycar_ws/build/my_imu/build/lib/my_imu
copying my_imu/__init__.py -> /home/yoon/xycar_ws/build/my_imu/build/lib/my_imu
running install
running install_lib
creating /home/yoon/xycar_ws/install/my_imu/lib/python3.10/site-packages/my_imu
copying /home/yoon/xycar_ws/build/my_imu/build/lib/my_imu/roll_pitch_yaw.py -> /home/yoon/xycar_ws/install/my_imu/lib/python3.10/site-packages/my_imu
copying /home/yoon/xycar_ws/build/my_imu/build/lib/my_imu/__init__.py -> /home/yoon/xycar_ws/install/my_imu/lib/python3.10/site-packages/my_imu
byte-compiling /home/yoon/xycar_ws/install/my_imu/lib/python3.10/site-packages/my_imu/roll_pitch_yaw.py to roll_pitch_yaw.cpython-310.pyc
byte-compiling /home/yoon/xycar_ws/install/my_imu/lib/python3.10/site-packages/my_imu/__init__.py to __init__.cpython-310.pyc
running install_data
copying resource/my_imu -> /home/yoon/xycar_ws/install/my_imu/share/ament_index/resource_index/packages
copying package.xml -> /home/yoon/xycar_ws/install/my_imu/share/my_imu
running install_egg_info
Copying ../../build/my_imu/my_imu.egg-info to /home/yoon/xycar_ws/install/my_imu/lib/python3.10/site-packages/my_imu-0.0.0-py3.10.egg-info
running install_scripts
Installing roll_pitch_yaw script to /home/yoon/xycar_ws/install/my_imu/lib/my_imu
writing list of installed files to '/home/yoon/xycar_ws/build/my_imu/install.log'
