[4.105s] Invoking command in '/home/yoon/xycar_ws/build/my_imu': PYTHONPATH=/home/yoon/xycar_ws/build/my_imu/prefix_override:/usr/lib/python3/dist-packages/colcon_core/task/python/colcon_distutils_commands:/home/yoon/xycar_ws/install/my_imu/lib/python3.10/site-packages:${PYTHONPATH} /usr/bin/python3 -W ignore:setup.py install is deprecated -W ignore:easy_install command is deprecated setup.py develop --uninstall --editable --build-directory /home/yoon/xycar_ws/build/my_imu/build
[4.785s] running develop
[5.172s] Removing /home/yoon/xycar_ws/install/my_imu/lib/python3.10/site-packages/my-imu.egg-link (link to .)
[5.305s] Invoked command in '/home/yoon/xycar_ws/build/my_imu' returned '0': PYTHONPATH=/home/yoon/xycar_ws/build/my_imu/prefix_override:/usr/lib/python3/dist-packages/colcon_core/task/python/colcon_distutils_commands:/home/yoon/xycar_ws/install/my_imu/lib/python3.10/site-packages:${PYTHONPATH} /usr/bin/python3 -W ignore:setup.py install is deprecated -W ignore:easy_install command is deprecated setup.py develop --uninstall --editable --build-directory /home/yoon/xycar_ws/build/my_imu/build
[5.309s] Invoking command in '/home/yoon/xycar_ws/src/my_imu': PYTHONPATH=/home/yoon/xycar_ws/build/my_imu/prefix_override:/usr/lib/python3/dist-packages/colcon_core/task/python/colcon_distutils_commands:/home/yoon/xycar_ws/install/my_imu/lib/python3.10/site-packages:${PYTHONPATH} /usr/bin/python3 -W ignore:setup.py install is deprecated -W ignore:easy_install command is deprecated setup.py egg_info --egg-base ../../build/my_imu build --build-base /home/yoon/xycar_ws/build/my_imu/build install --record /home/yoon/xycar_ws/build/my_imu/install.log --single-version-externally-managed install_data --force
[5.921s] running egg_info
[5.924s] writing ../../build/my_imu/my_imu.egg-info/PKG-INFO
[5.924s] writing dependency_links to ../../build/my_imu/my_imu.egg-info/dependency_links.txt
[5.925s] writing entry points to ../../build/my_imu/my_imu.egg-info/entry_points.txt
[5.925s] writing requirements to ../../build/my_imu/my_imu.egg-info/requires.txt
[5.925s] writing top-level names to ../../build/my_imu/my_imu.egg-info/top_level.txt
[5.928s] reading manifest file '../../build/my_imu/my_imu.egg-info/SOURCES.txt'
[5.932s] writing manifest file '../../build/my_imu/my_imu.egg-info/SOURCES.txt'
[5.932s] running build
[5.932s] running build_py
[5.932s] creating /home/yoon/xycar_ws/build/my_imu/build
[5.934s] creating /home/yoon/xycar_ws/build/my_imu/build/lib
[5.935s] creating /home/yoon/xycar_ws/build/my_imu/build/lib/my_imu
[5.937s] copying my_imu/roll_pitch_yaw.py -> /home/yoon/xycar_ws/build/my_imu/build/lib/my_imu
[5.939s] copying my_imu/__init__.py -> /home/yoon/xycar_ws/build/my_imu/build/lib/my_imu
[5.939s] running install
[5.940s] running install_lib
[5.942s] creating /home/yoon/xycar_ws/install/my_imu/lib/python3.10/site-packages/my_imu
[5.944s] copying /home/yoon/xycar_ws/build/my_imu/build/lib/my_imu/roll_pitch_yaw.py -> /home/yoon/xycar_ws/install/my_imu/lib/python3.10/site-packages/my_imu
[5.944s] copying /home/yoon/xycar_ws/build/my_imu/build/lib/my_imu/__init__.py -> /home/yoon/xycar_ws/install/my_imu/lib/python3.10/site-packages/my_imu
[5.946s] byte-compiling /home/yoon/xycar_ws/install/my_imu/lib/python3.10/site-packages/my_imu/roll_pitch_yaw.py to roll_pitch_yaw.cpython-310.pyc
[5.948s] byte-compiling /home/yoon/xycar_ws/install/my_imu/lib/python3.10/site-packages/my_imu/__init__.py to __init__.cpython-310.pyc
[5.949s] running install_data
[5.949s] copying resource/my_imu -> /home/yoon/xycar_ws/install/my_imu/share/ament_index/resource_index/packages
[5.949s] copying package.xml -> /home/yoon/xycar_ws/install/my_imu/share/my_imu
[5.950s] running install_egg_info
[5.956s] Copying ../../build/my_imu/my_imu.egg-info to /home/yoon/xycar_ws/install/my_imu/lib/python3.10/site-packages/my_imu-0.0.0-py3.10.egg-info
[5.958s] running install_scripts
[6.023s] Installing roll_pitch_yaw script to /home/yoon/xycar_ws/install/my_imu/lib/my_imu
[6.024s] writing list of installed files to '/home/yoon/xycar_ws/build/my_imu/install.log'
[6.189s] Invoked command in '/home/yoon/xycar_ws/src/my_imu' returned '0': PYTHONPATH=/home/yoon/xycar_ws/build/my_imu/prefix_override:/usr/lib/python3/dist-packages/colcon_core/task/python/colcon_distutils_commands:/home/yoon/xycar_ws/install/my_imu/lib/python3.10/site-packages:${PYTHONPATH} /usr/bin/python3 -W ignore:setup.py install is deprecated -W ignore:easy_install command is deprecated setup.py egg_info --egg-base ../../build/my_imu build --build-base /home/yoon/xycar_ws/build/my_imu/build install --record /home/yoon/xycar_ws/build/my_imu/install.log --single-version-externally-managed install_data --force
