[1.576s] Invoking command in '/home/yoon/xycar_ws/build/my_imu': PYTHONPATH=/home/yoon/xycar_ws/build/my_imu/prefix_override:/usr/lib/python3/dist-packages/colcon_core/task/python/colcon_distutils_commands:/home/yoon/xycar_ws/install/my_imu/lib/python3.10/site-packages: /usr/bin/python3 -W ignore:setup.py install is deprecated -W ignore:easy_install command is deprecated setup.py develop --editable --build-directory /home/yoon/xycar_ws/build/my_imu/build --no-deps symlink_data
[1.857s] running develop
[1.982s] running egg_info
[1.982s] creating my_imu.egg-info
[1.983s] writing my_imu.egg-info/PKG-INFO
[1.984s] writing dependency_links to my_imu.egg-info/dependency_links.txt
[1.984s] writing entry points to my_imu.egg-info/entry_points.txt
[1.985s] writing requirements to my_imu.egg-info/requires.txt
[1.985s] writing top-level names to my_imu.egg-info/top_level.txt
[1.985s] writing manifest file 'my_imu.egg-info/SOURCES.txt'
[1.987s] reading manifest file 'my_imu.egg-info/SOURCES.txt'
[1.988s] writing manifest file 'my_imu.egg-info/SOURCES.txt'
[1.990s] running build_ext
[1.990s] Creating /home/yoon/xycar_ws/install/my_imu/lib/python3.10/site-packages/my-imu.egg-link (link to .)
[1.992s] Installing roll_pitch_yaw script to /home/yoon/xycar_ws/install/my_imu/lib/my_imu
[1.993s] 
[1.993s] Installed /home/yoon/xycar_ws/build/my_imu
[1.994s] running symlink_data
[1.994s] creating /home/yoon/xycar_ws/install/my_imu/share/ament_index
[1.994s] creating /home/yoon/xycar_ws/install/my_imu/share/ament_index/resource_index
[1.995s] creating /home/yoon/xycar_ws/install/my_imu/share/ament_index/resource_index/packages
[1.996s] symbolically linking /home/yoon/xycar_ws/build/my_imu/resource/my_imu -> /home/yoon/xycar_ws/install/my_imu/share/ament_index/resource_index/packages
[1.996s] symbolically linking /home/yoon/xycar_ws/build/my_imu/package.xml -> /home/yoon/xycar_ws/install/my_imu/share/my_imu
[2.060s] Invoked command in '/home/yoon/xycar_ws/build/my_imu' returned '0': PYTHONPATH=/home/yoon/xycar_ws/build/my_imu/prefix_override:/usr/lib/python3/dist-packages/colcon_core/task/python/colcon_distutils_commands:/home/yoon/xycar_ws/install/my_imu/lib/python3.10/site-packages: /usr/bin/python3 -W ignore:setup.py install is deprecated -W ignore:easy_install command is deprecated setup.py develop --editable --build-directory /home/yoon/xycar_ws/build/my_imu/build --no-deps symlink_data
