[0.031s] Invoking command in '/home/yoon/xycar_ws/build/track_drive': CMAKE_PREFIX_PATH=${CMAKE_PREFIX_PATH}:/home/yoon/xycar_ws/install/my_lidar:/home/yoon/xycar_ws/install/my_cam:/home/yoon/xycar_ws/install/kookmin9_viewer:/home/yoon/xycar_ws/install/track_drive:/home/yoon/xycar_ws/install/ros_tcp_endpoint:/home/yoon/xycar_ws/install/my_motor:/home/yoon/xycar_ws/install/my_imu:/opt/ros/humble /usr/bin/cmake /home/yoon/xycar_ws/src/track_drive -DCMAKE_INSTALL_PREFIX=/home/yoon/xycar_ws/install/track_drive
[0.578s] -- The C compiler identification is GNU 11.4.0
[1.349s] -- The CXX compiler identification is GNU 11.4.0
[1.766s] -- Detecting C compiler ABI info
[1.980s] -- Detecting C compiler ABI info - done
[1.988s] -- Check for working C compiler: /usr/bin/cc - skipped
[1.991s] -- Detecting C compile features
[1.994s] -- Detecting C compile features - done
[2.001s] -- Detecting CXX compiler ABI info
[2.205s] -- Detecting CXX compiler ABI info - done
[2.214s] -- Check for working CXX compiler: /usr/bin/c++ - skipped
[2.215s] -- Detecting CXX compile features
[2.215s] -- Detecting CXX compile features - done
[2.224s] -- Found ament_cmake: 1.3.14 (/opt/ros/humble/share/ament_cmake/cmake)
[2.453s] -- Found Python3: /usr/bin/python3 (found version "3.10.12") found components: Interpreter 
[2.649s] -- Found ament_lint_auto: 0.12.15 (/opt/ros/humble/share/ament_lint_auto/cmake)
[2.776s] -- Added test 'cppcheck' to perform static code analysis on C / C++ code
[2.776s] -- Configured cppcheck include dirs: 
[2.776s] -- Configured cppcheck exclude dirs and/or files: 
[2.778s] -- Added test 'flake8' to check Python code syntax and style conventions
[2.781s] -- Added test 'lint_cmake' to check CMake code style
[2.784s] -- Added test 'pep257' to check Python code against some of the docstring style conventions in PEP 257
[2.788s] -- Added test 'uncrustify' to check C / C++ code style
[2.788s] -- Configured uncrustify additional arguments: 
[2.790s] -- Added test 'xmllint' to check XML markup files
[2.795s] -- Configuring done
[2.806s] -- Generating done
[2.810s] -- Build files have been written to: /home/yoon/xycar_ws/build/track_drive
[2.817s] Invoked command in '/home/yoon/xycar_ws/build/track_drive' returned '0': CMAKE_PREFIX_PATH=${CMAKE_PREFIX_PATH}:/home/yoon/xycar_ws/install/my_lidar:/home/yoon/xycar_ws/install/my_cam:/home/yoon/xycar_ws/install/kookmin9_viewer:/home/yoon/xycar_ws/install/track_drive:/home/yoon/xycar_ws/install/ros_tcp_endpoint:/home/yoon/xycar_ws/install/my_motor:/home/yoon/xycar_ws/install/my_imu:/opt/ros/humble /usr/bin/cmake /home/yoon/xycar_ws/src/track_drive -DCMAKE_INSTALL_PREFIX=/home/yoon/xycar_ws/install/track_drive
[2.820s] Invoking command in '/home/yoon/xycar_ws/build/track_drive': CMAKE_PREFIX_PATH=${CMAKE_PREFIX_PATH}:/home/yoon/xycar_ws/install/my_lidar:/home/yoon/xycar_ws/install/my_cam:/home/yoon/xycar_ws/install/kookmin9_viewer:/home/yoon/xycar_ws/install/track_drive:/home/yoon/xycar_ws/install/ros_tcp_endpoint:/home/yoon/xycar_ws/install/my_motor:/home/yoon/xycar_ws/install/my_imu:/opt/ros/humble /usr/bin/cmake --build /home/yoon/xycar_ws/build/track_drive -- -j12 -l12
[2.871s] Invoked command in '/home/yoon/xycar_ws/build/track_drive' returned '0': CMAKE_PREFIX_PATH=${CMAKE_PREFIX_PATH}:/home/yoon/xycar_ws/install/my_lidar:/home/yoon/xycar_ws/install/my_cam:/home/yoon/xycar_ws/install/kookmin9_viewer:/home/yoon/xycar_ws/install/track_drive:/home/yoon/xycar_ws/install/ros_tcp_endpoint:/home/yoon/xycar_ws/install/my_motor:/home/yoon/xycar_ws/install/my_imu:/opt/ros/humble /usr/bin/cmake --build /home/yoon/xycar_ws/build/track_drive -- -j12 -l12
[2.885s] Invoking command in '/home/yoon/xycar_ws/build/track_drive': CMAKE_PREFIX_PATH=${CMAKE_PREFIX_PATH}:/home/yoon/xycar_ws/install/my_lidar:/home/yoon/xycar_ws/install/my_cam:/home/yoon/xycar_ws/install/kookmin9_viewer:/home/yoon/xycar_ws/install/track_drive:/home/yoon/xycar_ws/install/ros_tcp_endpoint:/home/yoon/xycar_ws/install/my_motor:/home/yoon/xycar_ws/install/my_imu:/opt/ros/humble /usr/bin/cmake --install /home/yoon/xycar_ws/build/track_drive
[2.896s] -- Install configuration: ""
[2.897s] -- Installing: /home/yoon/xycar_ws/install/track_drive/share/ament_index/resource_index/package_run_dependencies/track_drive
[2.898s] -- Installing: /home/yoon/xycar_ws/install/track_drive/share/ament_index/resource_index/parent_prefix_path/track_drive
[2.899s] -- Installing: /home/yoon/xycar_ws/install/track_drive/share/track_drive/environment/ament_prefix_path.sh
[2.899s] -- Installing: /home/yoon/xycar_ws/install/track_drive/share/track_drive/environment/ament_prefix_path.dsv
[2.899s] -- Installing: /home/yoon/xycar_ws/install/track_drive/share/track_drive/environment/path.sh
[2.900s] -- Installing: /home/yoon/xycar_ws/install/track_drive/share/track_drive/environment/path.dsv
[2.900s] -- Installing: /home/yoon/xycar_ws/install/track_drive/share/track_drive/local_setup.bash
[2.900s] -- Installing: /home/yoon/xycar_ws/install/track_drive/share/track_drive/local_setup.sh
[2.901s] -- Installing: /home/yoon/xycar_ws/install/track_drive/share/track_drive/local_setup.zsh
[2.901s] -- Installing: /home/yoon/xycar_ws/install/track_drive/share/track_drive/local_setup.dsv
[2.901s] -- Installing: /home/yoon/xycar_ws/install/track_drive/share/track_drive/package.dsv
[2.902s] -- Installing: /home/yoon/xycar_ws/install/track_drive/share/ament_index/resource_index/packages/track_drive
[2.903s] -- Installing: /home/yoon/xycar_ws/install/track_drive/share/track_drive/cmake/track_driveConfig.cmake
[2.903s] -- Installing: /home/yoon/xycar_ws/install/track_drive/share/track_drive/cmake/track_driveConfig-version.cmake
[2.908s] Invoked command in '/home/yoon/xycar_ws/build/track_drive' returned '0': CMAKE_PREFIX_PATH=${CMAKE_PREFIX_PATH}:/home/yoon/xycar_ws/install/my_lidar:/home/yoon/xycar_ws/install/my_cam:/home/yoon/xycar_ws/install/kookmin9_viewer:/home/yoon/xycar_ws/install/track_drive:/home/yoon/xycar_ws/install/ros_tcp_endpoint:/home/yoon/xycar_ws/install/my_motor:/home/yoon/xycar_ws/install/my_imu:/opt/ros/humble /usr/bin/cmake --install /home/yoon/xycar_ws/build/track_drive
