[2.509s] Invoking command in '/home/yoon/xycar_ws/build/my_lidar': PYTHONPATH=/home/yoon/xycar_ws/build/my_lidar/prefix_override:/usr/lib/python3/dist-packages/colcon_core/task/python/colcon_distutils_commands:/home/yoon/xycar_ws/install/my_lidar/lib/python3.10/site-packages:${PYTHONPATH} /usr/bin/python3 -W ignore:setup.py install is deprecated -W ignore:easy_install command is deprecated setup.py develop --editable --build-directory /home/yoon/xycar_ws/build/my_lidar/build --no-deps symlink_data --force
[3.004s] running develop
[3.323s] running egg_info
[3.323s] writing my_lidar.egg-info/PKG-INFO
[3.324s] writing dependency_links to my_lidar.egg-info/dependency_links.txt
[3.324s] writing entry points to my_lidar.egg-info/entry_points.txt
[3.325s] writing requirements to my_lidar.egg-info/requires.txt
[3.325s] writing top-level names to my_lidar.egg-info/top_level.txt
[3.329s] reading manifest file 'my_lidar.egg-info/SOURCES.txt'
[3.331s] writing manifest file 'my_lidar.egg-info/SOURCES.txt'
[3.334s] running build_ext
[3.335s] Creating /home/yoon/xycar_ws/install/my_lidar/lib/python3.10/site-packages/my-lidar.egg-link (link to .)
[3.337s] Installing lidar_scan script to /home/yoon/xycar_ws/install/my_lidar/lib/my_lidar
[3.337s] Installing lidar_viewer script to /home/yoon/xycar_ws/install/my_lidar/lib/my_lidar
[3.338s] 
[3.338s] Installed /home/yoon/xycar_ws/build/my_lidar
[3.338s] running symlink_data
[3.338s] symbolically linking /home/yoon/xycar_ws/build/my_lidar/resource/my_lidar -> /home/yoon/xycar_ws/install/my_lidar/share/ament_index/resource_index/packages
[3.339s] symbolically linking /home/yoon/xycar_ws/build/my_lidar/package.xml -> /home/yoon/xycar_ws/install/my_lidar/share/my_lidar
[3.414s] Invoked command in '/home/yoon/xycar_ws/build/my_lidar' returned '0': PYTHONPATH=/home/yoon/xycar_ws/build/my_lidar/prefix_override:/usr/lib/python3/dist-packages/colcon_core/task/python/colcon_distutils_commands:/home/yoon/xycar_ws/install/my_lidar/lib/python3.10/site-packages:${PYTHONPATH} /usr/bin/python3 -W ignore:setup.py install is deprecated -W ignore:easy_install command is deprecated setup.py develop --editable --build-directory /home/yoon/xycar_ws/build/my_lidar/build --no-deps symlink_data --force
