[2.838s] Invoking command in '/home/yoon/xycar_ws/build/kookmin9_viewer': PYTHONPATH=/home/yoon/xycar_ws/build/kookmin9_viewer/prefix_override:/usr/lib/python3/dist-packages/colcon_core/task/python/colcon_distutils_commands:/home/yoon/xycar_ws/install/kookmin9_viewer/lib/python3.10/site-packages:${PYTHONPATH} /usr/bin/python3 -W ignore:setup.py install is deprecated -W ignore:easy_install command is deprecated setup.py develop --uninstall --editable --build-directory /home/yoon/xycar_ws/build/kookmin9_viewer/build
[3.437s] running develop
[3.763s] Removing /home/yoon/xycar_ws/install/kookmin9_viewer/lib/python3.10/site-packages/kookmin9-viewer.egg-link (link to .)
[3.848s] Invoked command in '/home/yoon/xycar_ws/build/kookmin9_viewer' returned '0': PYTHONPATH=/home/yoon/xycar_ws/build/kookmin9_viewer/prefix_override:/usr/lib/python3/dist-packages/colcon_core/task/python/colcon_distutils_commands:/home/yoon/xycar_ws/install/kookmin9_viewer/lib/python3.10/site-packages:${PYTHONPATH} /usr/bin/python3 -W ignore:setup.py install is deprecated -W ignore:easy_install command is deprecated setup.py develop --uninstall --editable --build-directory /home/yoon/xycar_ws/build/kookmin9_viewer/build
[3.851s] Invoking command in '/home/yoon/xycar_ws/src/kookmin9_viewer': PYTHONPATH=/home/yoon/xycar_ws/build/kookmin9_viewer/prefix_override:/usr/lib/python3/dist-packages/colcon_core/task/python/colcon_distutils_commands:/home/yoon/xycar_ws/install/kookmin9_viewer/lib/python3.10/site-packages:${PYTHONPATH} /usr/bin/python3 -W ignore:setup.py install is deprecated -W ignore:easy_install command is deprecated setup.py egg_info --egg-base ../../build/kookmin9_viewer build --build-base /home/yoon/xycar_ws/build/kookmin9_viewer/build install --record /home/yoon/xycar_ws/build/kookmin9_viewer/install.log --single-version-externally-managed install_data --force
[4.371s] running egg_info
[4.372s] writing ../../build/kookmin9_viewer/kookmin9_viewer.egg-info/PKG-INFO
[4.372s] writing dependency_links to ../../build/kookmin9_viewer/kookmin9_viewer.egg-info/dependency_links.txt
[4.373s] writing entry points to ../../build/kookmin9_viewer/kookmin9_viewer.egg-info/entry_points.txt
[4.373s] writing requirements to ../../build/kookmin9_viewer/kookmin9_viewer.egg-info/requires.txt
[4.373s] writing top-level names to ../../build/kookmin9_viewer/kookmin9_viewer.egg-info/top_level.txt
[4.377s] reading manifest file '../../build/kookmin9_viewer/kookmin9_viewer.egg-info/SOURCES.txt'
[4.378s] adding license file 'LICENSE'
[4.379s] writing manifest file '../../build/kookmin9_viewer/kookmin9_viewer.egg-info/SOURCES.txt'
[4.380s] running build
[4.380s] running build_py
[4.380s] creating /home/yoon/xycar_ws/build/kookmin9_viewer/build
[4.382s] creating /home/yoon/xycar_ws/build/kookmin9_viewer/build/lib
[4.384s] creating /home/yoon/xycar_ws/build/kookmin9_viewer/build/lib/kookmin9_viewer
[4.386s] copying kookmin9_viewer/test_viewer.py -> /home/yoon/xycar_ws/build/kookmin9_viewer/build/lib/kookmin9_viewer
[4.388s] copying kookmin9_viewer/__init__.py -> /home/yoon/xycar_ws/build/kookmin9_viewer/build/lib/kookmin9_viewer
[4.388s] running install
[4.389s] running install_lib
[4.391s] creating /home/yoon/xycar_ws/install/kookmin9_viewer/lib/python3.10/site-packages/kookmin9_viewer
[4.393s] copying /home/yoon/xycar_ws/build/kookmin9_viewer/build/lib/kookmin9_viewer/test_viewer.py -> /home/yoon/xycar_ws/install/kookmin9_viewer/lib/python3.10/site-packages/kookmin9_viewer
[4.393s] copying /home/yoon/xycar_ws/build/kookmin9_viewer/build/lib/kookmin9_viewer/__init__.py -> /home/yoon/xycar_ws/install/kookmin9_viewer/lib/python3.10/site-packages/kookmin9_viewer
[4.394s] byte-compiling /home/yoon/xycar_ws/install/kookmin9_viewer/lib/python3.10/site-packages/kookmin9_viewer/test_viewer.py to test_viewer.cpython-310.pyc
[4.402s] byte-compiling /home/yoon/xycar_ws/install/kookmin9_viewer/lib/python3.10/site-packages/kookmin9_viewer/__init__.py to __init__.cpython-310.pyc
[4.403s] running install_data
[4.403s] copying resource/kookmin9_viewer -> /home/yoon/xycar_ws/install/kookmin9_viewer/share/ament_index/resource_index/packages
[4.404s] copying package.xml -> /home/yoon/xycar_ws/install/kookmin9_viewer/share/kookmin9_viewer
[4.404s] running install_egg_info
[4.410s] Copying ../../build/kookmin9_viewer/kookmin9_viewer.egg-info to /home/yoon/xycar_ws/install/kookmin9_viewer/lib/python3.10/site-packages/kookmin9_viewer-0.1.0-py3.10.egg-info
[4.414s] running install_scripts
[4.460s] Installing test_viewer script to /home/yoon/xycar_ws/install/kookmin9_viewer/lib/kookmin9_viewer
[4.461s] writing list of installed files to '/home/yoon/xycar_ws/build/kookmin9_viewer/install.log'
[4.534s] Invoked command in '/home/yoon/xycar_ws/src/kookmin9_viewer' returned '0': PYTHONPATH=/home/yoon/xycar_ws/build/kookmin9_viewer/prefix_override:/usr/lib/python3/dist-packages/colcon_core/task/python/colcon_distutils_commands:/home/yoon/xycar_ws/install/kookmin9_viewer/lib/python3.10/site-packages:${PYTHONPATH} /usr/bin/python3 -W ignore:setup.py install is deprecated -W ignore:easy_install command is deprecated setup.py egg_info --egg-base ../../build/kookmin9_viewer build --build-base /home/yoon/xycar_ws/build/kookmin9_viewer/build install --record /home/yoon/xycar_ws/build/kookmin9_viewer/install.log --single-version-externally-managed install_data --force
