running develop
running egg_info
creating kookmin9_viewer.egg-info
writing kookmin9_viewer.egg-info/PKG-INFO
writing dependency_links to kookmin9_viewer.egg-info/dependency_links.txt
writing entry points to kookmin9_viewer.egg-info/entry_points.txt
writing requirements to kookmin9_viewer.egg-info/requires.txt
writing top-level names to kookmin9_viewer.egg-info/top_level.txt
writing manifest file 'kookmin9_viewer.egg-info/SOURCES.txt'
reading manifest file 'kookmin9_viewer.egg-info/SOURCES.txt'
writing manifest file 'kookmin9_viewer.egg-info/SOURCES.txt'
running build_ext
Creating /home/yoon/xycar_ws/install/kookmin9_viewer/lib/python3.10/site-packages/kookmin9-viewer.egg-link (link to .)
Installing test_viewer script to /home/yoon/xycar_ws/install/kookmin9_viewer/lib/kookmin9_viewer

Installed /home/yoon/xycar_ws/build/kookmin9_viewer
running symlink_data
creating /home/yoon/xycar_ws/install/kookmin9_viewer/share/ament_index
creating /home/yoon/xycar_ws/install/kookmin9_viewer/share/ament_index/resource_index
creating /home/yoon/xycar_ws/install/kookmin9_viewer/share/ament_index/resource_index/packages
symbolically linking /home/yoon/xycar_ws/build/kookmin9_viewer/resource/kookmin9_viewer -> /home/yoon/xycar_ws/install/kookmin9_viewer/share/ament_index/resource_index/packages
symbolically linking /home/yoon/xycar_ws/build/kookmin9_viewer/package.xml -> /home/yoon/xycar_ws/install/kookmin9_viewer/share/kookmin9_viewer
