[1.422s] Invoking command in '/home/yoon/xycar_ws/build/kookmin9_viewer': AMENT_PREFIX_PATH=/home/yoon/xycar_ws/install/xycar_msgs:${AMENT_PREFIX_PATH} CMAKE_PREFIX_PATH=/home/yoon/xycar_ws/install/xycar_msgs LD_LIBRARY_PATH=/home/yoon/xycar_ws/install/xycar_msgs/lib:${LD_LIBRARY_PATH} PYTHONPATH=/home/yoon/xycar_ws/build/kookmin9_viewer/prefix_override:/usr/lib/python3/dist-packages/colcon_core/task/python/colcon_distutils_commands:/home/yoon/xycar_ws/install/kookmin9_viewer/lib/python3.10/site-packages:/home/yoon/xycar_ws/install/xycar_msgs/local/lib/python3.10/dist-packages:${PYTHONPATH} /usr/bin/python3 -W ignore:setup.py install is deprecated -W ignore:easy_install command is deprecated setup.py develop --editable --build-directory /home/yoon/xycar_ws/build/kookmin9_viewer/build --no-deps symlink_data
[1.750s] running develop
[1.930s] running egg_info
[1.931s] creating kookmin9_viewer.egg-info
[1.931s] writing kookmin9_viewer.egg-info/PKG-INFO
[1.932s] writing dependency_links to kookmin9_viewer.egg-info/dependency_links.txt
[1.932s] writing entry points to kookmin9_viewer.egg-info/entry_points.txt
[1.932s] writing requirements to kookmin9_viewer.egg-info/requires.txt
[1.932s] writing top-level names to kookmin9_viewer.egg-info/top_level.txt
[1.932s] writing manifest file 'kookmin9_viewer.egg-info/SOURCES.txt'
[1.935s] reading manifest file 'kookmin9_viewer.egg-info/SOURCES.txt'
[1.936s] writing manifest file 'kookmin9_viewer.egg-info/SOURCES.txt'
[1.937s] running build_ext
[1.938s] Creating /home/yoon/xycar_ws/install/kookmin9_viewer/lib/python3.10/site-packages/kookmin9-viewer.egg-link (link to .)
[1.938s] Installing test_viewer script to /home/yoon/xycar_ws/install/kookmin9_viewer/lib/kookmin9_viewer
[1.939s] 
[1.939s] Installed /home/yoon/xycar_ws/build/kookmin9_viewer
[1.939s] running symlink_data
[1.939s] creating /home/yoon/xycar_ws/install/kookmin9_viewer/share/ament_index
[1.939s] creating /home/yoon/xycar_ws/install/kookmin9_viewer/share/ament_index/resource_index
[1.940s] creating /home/yoon/xycar_ws/install/kookmin9_viewer/share/ament_index/resource_index/packages
[1.941s] symbolically linking /home/yoon/xycar_ws/build/kookmin9_viewer/resource/kookmin9_viewer -> /home/yoon/xycar_ws/install/kookmin9_viewer/share/ament_index/resource_index/packages
[1.942s] symbolically linking /home/yoon/xycar_ws/build/kookmin9_viewer/package.xml -> /home/yoon/xycar_ws/install/kookmin9_viewer/share/kookmin9_viewer
[1.976s] Invoked command in '/home/yoon/xycar_ws/build/kookmin9_viewer' returned '0': AMENT_PREFIX_PATH=/home/yoon/xycar_ws/install/xycar_msgs:${AMENT_PREFIX_PATH} CMAKE_PREFIX_PATH=/home/yoon/xycar_ws/install/xycar_msgs LD_LIBRARY_PATH=/home/yoon/xycar_ws/install/xycar_msgs/lib:${LD_LIBRARY_PATH} PYTHONPATH=/home/yoon/xycar_ws/build/kookmin9_viewer/prefix_override:/usr/lib/python3/dist-packages/colcon_core/task/python/colcon_distutils_commands:/home/yoon/xycar_ws/install/kookmin9_viewer/lib/python3.10/site-packages:/home/yoon/xycar_ws/install/xycar_msgs/local/lib/python3.10/dist-packages:${PYTHONPATH} /usr/bin/python3 -W ignore:setup.py install is deprecated -W ignore:easy_install command is deprecated setup.py develop --editable --build-directory /home/yoon/xycar_ws/build/kookmin9_viewer/build --no-deps symlink_data
