[0.378s] DEBUG:colcon:Command line arguments: ['/usr/bin/colcon', 'build', '--packages-select', 'track_drive']
[0.378s] DEBUG:colcon:Parsed command line arguments: Namespace(log_base=None, log_level=None, verb_name='build', build_base='build', install_base='install', merge_install=False, symlink_install=False, test_result_base=None, continue_on_error=False, executor='parallel', parallel_workers=12, event_handlers=None, ignore_user_meta=False, metas=['./colcon.meta'], base_paths=['.'], packages_ignore=None, packages_ignore_regex=None, paths=None, packages_up_to=None, packages_up_to_regex=None, packages_above=None, packages_above_and_dependencies=None, packages_above_depth=None, packages_select_by_dep=None, packages_skip_by_dep=None, packages_skip_up_to=None, packages_select_build_failed=False, packages_skip_build_finished=False, packages_select_test_failures=False, packages_skip_test_passed=False, packages_select=['track_drive'], packages_skip=None, packages_select_regex=None, packages_skip_regex=None, packages_start=None, packages_end=None, allow_overriding=[], cmake_args=None, cmake_target=None, cmake_target_skip_unavailable=False, cmake_clean_cache=False, cmake_clean_first=False, cmake_force_configure=False, ament_cmake_args=None, catkin_cmake_args=None, catkin_skip_building_tests=False, verb_parser=<colcon_defaults.argument_parser.defaults.DefaultArgumentsDecorator object at 0x7fcfd4b46590>, verb_extension=<colcon_core.verb.build.BuildVerb object at 0x7fcfd4c2ba00>, main=<bound method BuildVerb.main of <colcon_core.verb.build.BuildVerb object at 0x7fcfd4c2ba00>>)
[0.861s] Level 1:colcon.colcon_core.package_discovery:discover_packages(colcon_meta) check parameters
[0.862s] Level 1:colcon.colcon_core.package_discovery:discover_packages(recursive) check parameters
[0.862s] Level 1:colcon.colcon_core.package_discovery:discover_packages(ignore) check parameters
[0.862s] Level 1:colcon.colcon_core.package_discovery:discover_packages(path) check parameters
[0.862s] Level 1:colcon.colcon_core.package_discovery:discover_packages(colcon_meta) discover
[0.862s] Level 1:colcon.colcon_core.package_discovery:discover_packages(recursive) discover
[0.862s] INFO:colcon.colcon_core.package_discovery:Crawling recursively for packages in '/home/yoon/xycar_ws'
[0.862s] Level 1:colcon.colcon_core.package_identification:_identify(.) by extensions ['ignore', 'ignore_ament_install']
[0.862s] Level 1:colcon.colcon_core.package_identification:_identify(.) by extension 'ignore'
[0.862s] Level 1:colcon.colcon_core.package_identification:_identify(.) by extension 'ignore_ament_install'
[0.863s] Level 1:colcon.colcon_core.package_identification:_identify(.) by extensions ['colcon_pkg']
[0.863s] Level 1:colcon.colcon_core.package_identification:_identify(.) by extension 'colcon_pkg'
[0.863s] Level 1:colcon.colcon_core.package_identification:_identify(.) by extensions ['colcon_meta']
[0.863s] Level 1:colcon.colcon_core.package_identification:_identify(.) by extension 'colcon_meta'
[0.863s] Level 1:colcon.colcon_core.package_identification:_identify(.) by extensions ['ros']
[0.863s] Level 1:colcon.colcon_core.package_identification:_identify(.) by extension 'ros'
[0.876s] Level 1:colcon.colcon_core.package_identification:_identify(.) by extensions ['cmake', 'python']
[0.876s] Level 1:colcon.colcon_core.package_identification:_identify(.) by extension 'cmake'
[0.876s] Level 1:colcon.colcon_core.package_identification:_identify(.) by extension 'python'
[0.876s] Level 1:colcon.colcon_core.package_identification:_identify(.) by extensions ['python_setup_py']
[0.876s] Level 1:colcon.colcon_core.package_identification:_identify(.) by extension 'python_setup_py'
[0.876s] Level 1:colcon.colcon_core.package_identification:_identify(build) by extensions ['ignore', 'ignore_ament_install']
[0.877s] Level 1:colcon.colcon_core.package_identification:_identify(build) by extension 'ignore'
[0.877s] Level 1:colcon.colcon_core.package_identification:_identify(build) ignored
[0.877s] Level 1:colcon.colcon_core.package_identification:_identify(install) by extensions ['ignore', 'ignore_ament_install']
[0.877s] Level 1:colcon.colcon_core.package_identification:_identify(install) by extension 'ignore'
[0.877s] Level 1:colcon.colcon_core.package_identification:_identify(install) ignored
[0.877s] Level 1:colcon.colcon_core.package_identification:_identify(log) by extensions ['ignore', 'ignore_ament_install']
[0.877s] Level 1:colcon.colcon_core.package_identification:_identify(log) by extension 'ignore'
[0.877s] Level 1:colcon.colcon_core.package_identification:_identify(log) ignored
[0.877s] Level 1:colcon.colcon_core.package_identification:_identify(src) by extensions ['ignore', 'ignore_ament_install']
[0.878s] Level 1:colcon.colcon_core.package_identification:_identify(src) by extension 'ignore'
[0.878s] Level 1:colcon.colcon_core.package_identification:_identify(src) by extension 'ignore_ament_install'
[0.878s] Level 1:colcon.colcon_core.package_identification:_identify(src) by extensions ['colcon_pkg']
[0.878s] Level 1:colcon.colcon_core.package_identification:_identify(src) by extension 'colcon_pkg'
[0.878s] Level 1:colcon.colcon_core.package_identification:_identify(src) by extensions ['colcon_meta']
[0.878s] Level 1:colcon.colcon_core.package_identification:_identify(src) by extension 'colcon_meta'
[0.878s] Level 1:colcon.colcon_core.package_identification:_identify(src) by extensions ['ros']
[0.878s] Level 1:colcon.colcon_core.package_identification:_identify(src) by extension 'ros'
[0.878s] Level 1:colcon.colcon_core.package_identification:_identify(src) by extensions ['cmake', 'python']
[0.878s] Level 1:colcon.colcon_core.package_identification:_identify(src) by extension 'cmake'
[0.878s] Level 1:colcon.colcon_core.package_identification:_identify(src) by extension 'python'
[0.878s] Level 1:colcon.colcon_core.package_identification:_identify(src) by extensions ['python_setup_py']
[0.878s] Level 1:colcon.colcon_core.package_identification:_identify(src) by extension 'python_setup_py'
[0.879s] Level 1:colcon.colcon_core.package_identification:_identify(src/ROS-TCP-Endpoint-main-ros2) by extensions ['ignore', 'ignore_ament_install']
[0.879s] Level 1:colcon.colcon_core.package_identification:_identify(src/ROS-TCP-Endpoint-main-ros2) by extension 'ignore'
[0.879s] Level 1:colcon.colcon_core.package_identification:_identify(src/ROS-TCP-Endpoint-main-ros2) by extension 'ignore_ament_install'
[0.879s] Level 1:colcon.colcon_core.package_identification:_identify(src/ROS-TCP-Endpoint-main-ros2) by extensions ['colcon_pkg']
[0.879s] Level 1:colcon.colcon_core.package_identification:_identify(src/ROS-TCP-Endpoint-main-ros2) by extension 'colcon_pkg'
[0.879s] Level 1:colcon.colcon_core.package_identification:_identify(src/ROS-TCP-Endpoint-main-ros2) by extensions ['colcon_meta']
[0.879s] Level 1:colcon.colcon_core.package_identification:_identify(src/ROS-TCP-Endpoint-main-ros2) by extension 'colcon_meta'
[0.879s] Level 1:colcon.colcon_core.package_identification:_identify(src/ROS-TCP-Endpoint-main-ros2) by extensions ['ros']
[0.879s] Level 1:colcon.colcon_core.package_identification:_identify(src/ROS-TCP-Endpoint-main-ros2) by extension 'ros'
[0.885s] DEBUG:colcon.colcon_core.package_identification:Package 'src/ROS-TCP-Endpoint-main-ros2' with type 'ros.ament_python' and name 'ros_tcp_endpoint'
[0.885s] Level 1:colcon.colcon_core.package_identification:_identify(src/kookmin9_viewer) by extensions ['ignore', 'ignore_ament_install']
[0.885s] Level 1:colcon.colcon_core.package_identification:_identify(src/kookmin9_viewer) by extension 'ignore'
[0.885s] Level 1:colcon.colcon_core.package_identification:_identify(src/kookmin9_viewer) by extension 'ignore_ament_install'
[0.885s] Level 1:colcon.colcon_core.package_identification:_identify(src/kookmin9_viewer) by extensions ['colcon_pkg']
[0.885s] Level 1:colcon.colcon_core.package_identification:_identify(src/kookmin9_viewer) by extension 'colcon_pkg'
[0.885s] Level 1:colcon.colcon_core.package_identification:_identify(src/kookmin9_viewer) by extensions ['colcon_meta']
[0.885s] Level 1:colcon.colcon_core.package_identification:_identify(src/kookmin9_viewer) by extension 'colcon_meta'
[0.885s] Level 1:colcon.colcon_core.package_identification:_identify(src/kookmin9_viewer) by extensions ['ros']
[0.885s] Level 1:colcon.colcon_core.package_identification:_identify(src/kookmin9_viewer) by extension 'ros'
[0.886s] DEBUG:colcon.colcon_core.package_identification:Package 'src/kookmin9_viewer' with type 'ros.ament_python' and name 'kookmin9_viewer'
[0.887s] Level 1:colcon.colcon_core.package_identification:_identify(src/my_cam) by extensions ['ignore', 'ignore_ament_install']
[0.887s] Level 1:colcon.colcon_core.package_identification:_identify(src/my_cam) by extension 'ignore'
[0.887s] Level 1:colcon.colcon_core.package_identification:_identify(src/my_cam) by extension 'ignore_ament_install'
[0.887s] Level 1:colcon.colcon_core.package_identification:_identify(src/my_cam) by extensions ['colcon_pkg']
[0.887s] Level 1:colcon.colcon_core.package_identification:_identify(src/my_cam) by extension 'colcon_pkg'
[0.887s] Level 1:colcon.colcon_core.package_identification:_identify(src/my_cam) by extensions ['colcon_meta']
[0.887s] Level 1:colcon.colcon_core.package_identification:_identify(src/my_cam) by extension 'colcon_meta'
[0.887s] Level 1:colcon.colcon_core.package_identification:_identify(src/my_cam) by extensions ['ros']
[0.887s] Level 1:colcon.colcon_core.package_identification:_identify(src/my_cam) by extension 'ros'
[0.888s] DEBUG:colcon.colcon_core.package_identification:Package 'src/my_cam' with type 'ros.ament_python' and name 'my_cam'
[0.888s] Level 1:colcon.colcon_core.package_identification:_identify(src/my_imu) by extensions ['ignore', 'ignore_ament_install']
[0.888s] Level 1:colcon.colcon_core.package_identification:_identify(src/my_imu) by extension 'ignore'
[0.888s] Level 1:colcon.colcon_core.package_identification:_identify(src/my_imu) by extension 'ignore_ament_install'
[0.888s] Level 1:colcon.colcon_core.package_identification:_identify(src/my_imu) by extensions ['colcon_pkg']
[0.889s] Level 1:colcon.colcon_core.package_identification:_identify(src/my_imu) by extension 'colcon_pkg'
[0.889s] Level 1:colcon.colcon_core.package_identification:_identify(src/my_imu) by extensions ['colcon_meta']
[0.889s] Level 1:colcon.colcon_core.package_identification:_identify(src/my_imu) by extension 'colcon_meta'
[0.889s] Level 1:colcon.colcon_core.package_identification:_identify(src/my_imu) by extensions ['ros']
[0.889s] Level 1:colcon.colcon_core.package_identification:_identify(src/my_imu) by extension 'ros'
[0.889s] DEBUG:colcon.colcon_core.package_identification:Package 'src/my_imu' with type 'ros.ament_python' and name 'my_imu'
[0.889s] Level 1:colcon.colcon_core.package_identification:_identify(src/my_lidar) by extensions ['ignore', 'ignore_ament_install']
[0.890s] Level 1:colcon.colcon_core.package_identification:_identify(src/my_lidar) by extension 'ignore'
[0.890s] Level 1:colcon.colcon_core.package_identification:_identify(src/my_lidar) by extension 'ignore_ament_install'
[0.890s] Level 1:colcon.colcon_core.package_identification:_identify(src/my_lidar) by extensions ['colcon_pkg']
[0.890s] Level 1:colcon.colcon_core.package_identification:_identify(src/my_lidar) by extension 'colcon_pkg'
[0.890s] Level 1:colcon.colcon_core.package_identification:_identify(src/my_lidar) by extensions ['colcon_meta']
[0.890s] Level 1:colcon.colcon_core.package_identification:_identify(src/my_lidar) by extension 'colcon_meta'
[0.890s] Level 1:colcon.colcon_core.package_identification:_identify(src/my_lidar) by extensions ['ros']
[0.890s] Level 1:colcon.colcon_core.package_identification:_identify(src/my_lidar) by extension 'ros'
[0.891s] DEBUG:colcon.colcon_core.package_identification:Package 'src/my_lidar' with type 'ros.ament_python' and name 'my_lidar'
[0.891s] Level 1:colcon.colcon_core.package_identification:_identify(src/my_motor) by extensions ['ignore', 'ignore_ament_install']
[0.891s] Level 1:colcon.colcon_core.package_identification:_identify(src/my_motor) by extension 'ignore'
[0.891s] Level 1:colcon.colcon_core.package_identification:_identify(src/my_motor) by extension 'ignore_ament_install'
[0.891s] Level 1:colcon.colcon_core.package_identification:_identify(src/my_motor) by extensions ['colcon_pkg']
[0.891s] Level 1:colcon.colcon_core.package_identification:_identify(src/my_motor) by extension 'colcon_pkg'
[0.891s] Level 1:colcon.colcon_core.package_identification:_identify(src/my_motor) by extensions ['colcon_meta']
[0.891s] Level 1:colcon.colcon_core.package_identification:_identify(src/my_motor) by extension 'colcon_meta'
[0.891s] Level 1:colcon.colcon_core.package_identification:_identify(src/my_motor) by extensions ['ros']
[0.892s] Level 1:colcon.colcon_core.package_identification:_identify(src/my_motor) by extension 'ros'
[0.892s] DEBUG:colcon.colcon_core.package_identification:Package 'src/my_motor' with type 'ros.ament_python' and name 'my_motor'
[0.892s] Level 1:colcon.colcon_core.package_identification:_identify(src/track_drive) by extensions ['ignore', 'ignore_ament_install']
[0.892s] Level 1:colcon.colcon_core.package_identification:_identify(src/track_drive) by extension 'ignore'
[0.892s] Level 1:colcon.colcon_core.package_identification:_identify(src/track_drive) by extension 'ignore_ament_install'
[0.892s] Level 1:colcon.colcon_core.package_identification:_identify(src/track_drive) by extensions ['colcon_pkg']
[0.892s] Level 1:colcon.colcon_core.package_identification:_identify(src/track_drive) by extension 'colcon_pkg'
[0.893s] Level 1:colcon.colcon_core.package_identification:_identify(src/track_drive) by extensions ['colcon_meta']
[0.893s] Level 1:colcon.colcon_core.package_identification:_identify(src/track_drive) by extension 'colcon_meta'
[0.893s] Level 1:colcon.colcon_core.package_identification:_identify(src/track_drive) by extensions ['ros']
[0.893s] Level 1:colcon.colcon_core.package_identification:_identify(src/track_drive) by extension 'ros'
[0.893s] DEBUG:colcon.colcon_core.package_identification:Package 'src/track_drive' with type 'ros.ament_cmake' and name 'track_drive'
[0.893s] Level 1:colcon.colcon_core.package_identification:_identify(src/xycar_msgs) by extensions ['ignore', 'ignore_ament_install']
[0.893s] Level 1:colcon.colcon_core.package_identification:_identify(src/xycar_msgs) by extension 'ignore'
[0.894s] Level 1:colcon.colcon_core.package_identification:_identify(src/xycar_msgs) by extension 'ignore_ament_install'
[0.894s] Level 1:colcon.colcon_core.package_identification:_identify(src/xycar_msgs) by extensions ['colcon_pkg']
[0.894s] Level 1:colcon.colcon_core.package_identification:_identify(src/xycar_msgs) by extension 'colcon_pkg'
[0.894s] Level 1:colcon.colcon_core.package_identification:_identify(src/xycar_msgs) by extensions ['colcon_meta']
[0.894s] Level 1:colcon.colcon_core.package_identification:_identify(src/xycar_msgs) by extension 'colcon_meta'
[0.894s] Level 1:colcon.colcon_core.package_identification:_identify(src/xycar_msgs) by extensions ['ros']
[0.894s] Level 1:colcon.colcon_core.package_identification:_identify(src/xycar_msgs) by extension 'ros'
[0.895s] DEBUG:colcon.colcon_core.package_identification:Package 'src/xycar_msgs' with type 'ros.ament_cmake' and name 'xycar_msgs'
[0.895s] Level 1:colcon.colcon_core.package_discovery:discover_packages(recursive) using defaults
[0.895s] Level 1:colcon.colcon_core.package_discovery:discover_packages(ignore) discover
[0.895s] Level 1:colcon.colcon_core.package_discovery:discover_packages(ignore) using defaults
[0.895s] Level 1:colcon.colcon_core.package_discovery:discover_packages(path) discover
[0.895s] Level 1:colcon.colcon_core.package_discovery:discover_packages(path) using defaults
[0.951s] INFO:colcon.colcon_core.package_selection:Skipping not selected package 'my_imu' in 'src/my_imu'
[0.951s] INFO:colcon.colcon_core.package_selection:Skipping not selected package 'my_motor' in 'src/my_motor'
[0.951s] INFO:colcon.colcon_core.package_selection:Skipping not selected package 'ros_tcp_endpoint' in 'src/ROS-TCP-Endpoint-main-ros2'
[0.951s] INFO:colcon.colcon_core.package_selection:Skipping not selected package 'xycar_msgs' in 'src/xycar_msgs'
[0.951s] INFO:colcon.colcon_core.package_selection:Skipping not selected package 'kookmin9_viewer' in 'src/kookmin9_viewer'
[0.951s] INFO:colcon.colcon_core.package_selection:Skipping not selected package 'my_cam' in 'src/my_cam'
[0.951s] INFO:colcon.colcon_core.package_selection:Skipping not selected package 'my_lidar' in 'src/my_lidar'
[0.952s] Level 1:colcon.colcon_core.package_discovery:discover_packages(prefix_path) check parameters
[0.952s] Level 1:colcon.colcon_core.package_discovery:discover_packages(prefix_path) discover
[0.958s] DEBUG:colcon.colcon_installed_package_information.package_discovery:Found 8 installed packages in /home/yoon/xycar_ws/install
[0.960s] DEBUG:colcon.colcon_installed_package_information.package_discovery:Found 273 installed packages in /opt/ros/humble
[0.961s] Level 1:colcon.colcon_core.package_discovery:discover_packages(prefix_path) using defaults
[1.008s] Level 5:colcon.colcon_core.verb:set package 'track_drive' build argument 'cmake_args' from command line to 'None'
[1.008s] Level 5:colcon.colcon_core.verb:set package 'track_drive' build argument 'cmake_target' from command line to 'None'
[1.008s] Level 5:colcon.colcon_core.verb:set package 'track_drive' build argument 'cmake_target_skip_unavailable' from command line to 'False'
[1.008s] Level 5:colcon.colcon_core.verb:set package 'track_drive' build argument 'cmake_clean_cache' from command line to 'False'
[1.008s] Level 5:colcon.colcon_core.verb:set package 'track_drive' build argument 'cmake_clean_first' from command line to 'False'
[1.008s] Level 5:colcon.colcon_core.verb:set package 'track_drive' build argument 'cmake_force_configure' from command line to 'False'
[1.009s] Level 5:colcon.colcon_core.verb:set package 'track_drive' build argument 'ament_cmake_args' from command line to 'None'
[1.009s] Level 5:colcon.colcon_core.verb:set package 'track_drive' build argument 'catkin_cmake_args' from command line to 'None'
[1.009s] Level 5:colcon.colcon_core.verb:set package 'track_drive' build argument 'catkin_skip_building_tests' from command line to 'False'
[1.009s] DEBUG:colcon.colcon_core.verb:Building package 'track_drive' with the following arguments: {'ament_cmake_args': None, 'build_base': '/home/yoon/xycar_ws/build/track_drive', 'catkin_cmake_args': None, 'catkin_skip_building_tests': False, 'cmake_args': None, 'cmake_clean_cache': False, 'cmake_clean_first': False, 'cmake_force_configure': False, 'cmake_target': None, 'cmake_target_skip_unavailable': False, 'install_base': '/home/yoon/xycar_ws/install/track_drive', 'merge_install': False, 'path': '/home/yoon/xycar_ws/src/track_drive', 'symlink_install': False, 'test_result_base': None}
[1.009s] INFO:colcon.colcon_core.executor:Executing jobs using 'parallel' executor
[1.011s] DEBUG:colcon.colcon_parallel_executor.executor.parallel:run_until_complete
[1.011s] INFO:colcon.colcon_ros.task.ament_cmake.build:Building ROS package in '/home/yoon/xycar_ws/src/track_drive' with build type 'ament_cmake'
[1.011s] INFO:colcon.colcon_cmake.task.cmake.build:Building CMake package in '/home/yoon/xycar_ws/src/track_drive'
[1.024s] INFO:colcon.colcon_core.plugin_system:Skipping extension 'colcon_core.shell.bat': Not used on non-Windows systems
[1.025s] INFO:colcon.colcon_core.shell:Skip shell extension 'powershell' for command environment: Not usable outside of PowerShell
[1.025s] DEBUG:colcon.colcon_core.shell:Skip shell extension 'dsv' for command environment
[1.044s] DEBUG:colcon.colcon_core.event_handler.log_command:Invoking command in '/home/yoon/xycar_ws/build/track_drive': CMAKE_PREFIX_PATH=${CMAKE_PREFIX_PATH}:/home/yoon/xycar_ws/install/my_lidar:/home/yoon/xycar_ws/install/my_cam:/home/yoon/xycar_ws/install/kookmin9_viewer:/home/yoon/xycar_ws/install/track_drive:/home/yoon/xycar_ws/install/ros_tcp_endpoint:/home/yoon/xycar_ws/install/my_motor:/home/yoon/xycar_ws/install/my_imu:/opt/ros/humble /usr/bin/cmake /home/yoon/xycar_ws/src/track_drive -DCMAKE_INSTALL_PREFIX=/home/yoon/xycar_ws/install/track_drive
[3.830s] DEBUG:colcon.colcon_core.event_handler.log_command:Invoked command in '/home/yoon/xycar_ws/build/track_drive' returned '0': CMAKE_PREFIX_PATH=${CMAKE_PREFIX_PATH}:/home/yoon/xycar_ws/install/my_lidar:/home/yoon/xycar_ws/install/my_cam:/home/yoon/xycar_ws/install/kookmin9_viewer:/home/yoon/xycar_ws/install/track_drive:/home/yoon/xycar_ws/install/ros_tcp_endpoint:/home/yoon/xycar_ws/install/my_motor:/home/yoon/xycar_ws/install/my_imu:/opt/ros/humble /usr/bin/cmake /home/yoon/xycar_ws/src/track_drive -DCMAKE_INSTALL_PREFIX=/home/yoon/xycar_ws/install/track_drive
[3.832s] DEBUG:colcon.colcon_core.event_handler.log_command:Invoking command in '/home/yoon/xycar_ws/build/track_drive': CMAKE_PREFIX_PATH=${CMAKE_PREFIX_PATH}:/home/yoon/xycar_ws/install/my_lidar:/home/yoon/xycar_ws/install/my_cam:/home/yoon/xycar_ws/install/kookmin9_viewer:/home/yoon/xycar_ws/install/track_drive:/home/yoon/xycar_ws/install/ros_tcp_endpoint:/home/yoon/xycar_ws/install/my_motor:/home/yoon/xycar_ws/install/my_imu:/opt/ros/humble /usr/bin/cmake --build /home/yoon/xycar_ws/build/track_drive -- -j12 -l12
[3.884s] DEBUG:colcon.colcon_core.event_handler.log_command:Invoked command in '/home/yoon/xycar_ws/build/track_drive' returned '0': CMAKE_PREFIX_PATH=${CMAKE_PREFIX_PATH}:/home/yoon/xycar_ws/install/my_lidar:/home/yoon/xycar_ws/install/my_cam:/home/yoon/xycar_ws/install/kookmin9_viewer:/home/yoon/xycar_ws/install/track_drive:/home/yoon/xycar_ws/install/ros_tcp_endpoint:/home/yoon/xycar_ws/install/my_motor:/home/yoon/xycar_ws/install/my_imu:/opt/ros/humble /usr/bin/cmake --build /home/yoon/xycar_ws/build/track_drive -- -j12 -l12
[3.898s] DEBUG:colcon.colcon_core.event_handler.log_command:Invoking command in '/home/yoon/xycar_ws/build/track_drive': CMAKE_PREFIX_PATH=${CMAKE_PREFIX_PATH}:/home/yoon/xycar_ws/install/my_lidar:/home/yoon/xycar_ws/install/my_cam:/home/yoon/xycar_ws/install/kookmin9_viewer:/home/yoon/xycar_ws/install/track_drive:/home/yoon/xycar_ws/install/ros_tcp_endpoint:/home/yoon/xycar_ws/install/my_motor:/home/yoon/xycar_ws/install/my_imu:/opt/ros/humble /usr/bin/cmake --install /home/yoon/xycar_ws/build/track_drive
[3.919s] Level 1:colcon.colcon_core.environment:create_environment_scripts_only(track_drive)
[3.920s] DEBUG:colcon.colcon_core.event_handler.log_command:Invoked command in '/home/yoon/xycar_ws/build/track_drive' returned '0': CMAKE_PREFIX_PATH=${CMAKE_PREFIX_PATH}:/home/yoon/xycar_ws/install/my_lidar:/home/yoon/xycar_ws/install/my_cam:/home/yoon/xycar_ws/install/kookmin9_viewer:/home/yoon/xycar_ws/install/track_drive:/home/yoon/xycar_ws/install/ros_tcp_endpoint:/home/yoon/xycar_ws/install/my_motor:/home/yoon/xycar_ws/install/my_imu:/opt/ros/humble /usr/bin/cmake --install /home/yoon/xycar_ws/build/track_drive
[3.932s] Level 1:colcon.colcon_core.environment:checking '/home/yoon/xycar_ws/install/track_drive' for CMake module files
[3.933s] Level 1:colcon.colcon_core.environment:checking '/home/yoon/xycar_ws/install/track_drive' for CMake config files
[3.933s] Level 1:colcon.colcon_core.shell:create_environment_hook('track_drive', 'cmake_prefix_path')
[3.934s] INFO:colcon.colcon_core.shell:Creating environment hook '/home/yoon/xycar_ws/install/track_drive/share/track_drive/hook/cmake_prefix_path.ps1'
[3.936s] INFO:colcon.colcon_core.shell:Creating environment descriptor '/home/yoon/xycar_ws/install/track_drive/share/track_drive/hook/cmake_prefix_path.dsv'
[3.937s] INFO:colcon.colcon_core.shell:Creating environment hook '/home/yoon/xycar_ws/install/track_drive/share/track_drive/hook/cmake_prefix_path.sh'
[3.938s] Level 1:colcon.colcon_core.environment:checking '/home/yoon/xycar_ws/install/track_drive/lib'
[3.938s] Level 1:colcon.colcon_core.environment:checking '/home/yoon/xycar_ws/install/track_drive/bin'
[3.938s] Level 1:colcon.colcon_core.environment:checking '/home/yoon/xycar_ws/install/track_drive/lib/pkgconfig/track_drive.pc'
[3.939s] Level 1:colcon.colcon_core.environment:checking '/home/yoon/xycar_ws/install/track_drive/lib/python3.10/site-packages'
[3.939s] Level 1:colcon.colcon_core.shell:create_environment_hook('track_drive', 'pythonpath')
[3.939s] INFO:colcon.colcon_core.shell:Creating environment hook '/home/yoon/xycar_ws/install/track_drive/share/track_drive/hook/pythonpath.ps1'
[3.940s] INFO:colcon.colcon_core.shell:Creating environment descriptor '/home/yoon/xycar_ws/install/track_drive/share/track_drive/hook/pythonpath.dsv'
[3.940s] INFO:colcon.colcon_core.shell:Creating environment hook '/home/yoon/xycar_ws/install/track_drive/share/track_drive/hook/pythonpath.sh'
[3.941s] Level 1:colcon.colcon_core.environment:checking '/home/yoon/xycar_ws/install/track_drive/bin'
[3.941s] INFO:colcon.colcon_core.shell:Creating package script '/home/yoon/xycar_ws/install/track_drive/share/track_drive/package.ps1'
[3.944s] INFO:colcon.colcon_core.shell:Creating package descriptor '/home/yoon/xycar_ws/install/track_drive/share/track_drive/package.dsv'
[3.945s] INFO:colcon.colcon_core.shell:Creating package script '/home/yoon/xycar_ws/install/track_drive/share/track_drive/package.sh'
[3.947s] INFO:colcon.colcon_core.shell:Creating package script '/home/yoon/xycar_ws/install/track_drive/share/track_drive/package.bash'
[3.948s] INFO:colcon.colcon_core.shell:Creating package script '/home/yoon/xycar_ws/install/track_drive/share/track_drive/package.zsh'
[3.950s] Level 1:colcon.colcon_core.environment:create_file_with_runtime_dependencies(/home/yoon/xycar_ws/install/track_drive/share/colcon-core/packages/track_drive)
[3.951s] Level 1:colcon.colcon_core.environment:create_environment_scripts_only(track_drive)
[3.951s] Level 1:colcon.colcon_core.environment:checking '/home/yoon/xycar_ws/install/track_drive' for CMake module files
[3.952s] Level 1:colcon.colcon_core.environment:checking '/home/yoon/xycar_ws/install/track_drive' for CMake config files
[3.952s] Level 1:colcon.colcon_core.shell:create_environment_hook('track_drive', 'cmake_prefix_path')
[3.952s] INFO:colcon.colcon_core.shell:Creating environment hook '/home/yoon/xycar_ws/install/track_drive/share/track_drive/hook/cmake_prefix_path.ps1'
[3.953s] INFO:colcon.colcon_core.shell:Creating environment descriptor '/home/yoon/xycar_ws/install/track_drive/share/track_drive/hook/cmake_prefix_path.dsv'
[3.953s] INFO:colcon.colcon_core.shell:Creating environment hook '/home/yoon/xycar_ws/install/track_drive/share/track_drive/hook/cmake_prefix_path.sh'
[3.954s] Level 1:colcon.colcon_core.environment:checking '/home/yoon/xycar_ws/install/track_drive/lib'
[3.954s] Level 1:colcon.colcon_core.environment:checking '/home/yoon/xycar_ws/install/track_drive/bin'
[3.954s] Level 1:colcon.colcon_core.environment:checking '/home/yoon/xycar_ws/install/track_drive/lib/pkgconfig/track_drive.pc'
[3.954s] Level 1:colcon.colcon_core.environment:checking '/home/yoon/xycar_ws/install/track_drive/lib/python3.10/site-packages'
[3.954s] Level 1:colcon.colcon_core.shell:create_environment_hook('track_drive', 'pythonpath')
[3.955s] INFO:colcon.colcon_core.shell:Creating environment hook '/home/yoon/xycar_ws/install/track_drive/share/track_drive/hook/pythonpath.ps1'
[3.955s] INFO:colcon.colcon_core.shell:Creating environment descriptor '/home/yoon/xycar_ws/install/track_drive/share/track_drive/hook/pythonpath.dsv'
[3.955s] INFO:colcon.colcon_core.shell:Creating environment hook '/home/yoon/xycar_ws/install/track_drive/share/track_drive/hook/pythonpath.sh'
[3.956s] Level 1:colcon.colcon_core.environment:checking '/home/yoon/xycar_ws/install/track_drive/bin'
[3.957s] INFO:colcon.colcon_core.shell:Creating package script '/home/yoon/xycar_ws/install/track_drive/share/track_drive/package.ps1'
[3.957s] INFO:colcon.colcon_core.shell:Creating package descriptor '/home/yoon/xycar_ws/install/track_drive/share/track_drive/package.dsv'
[3.958s] INFO:colcon.colcon_core.shell:Creating package script '/home/yoon/xycar_ws/install/track_drive/share/track_drive/package.sh'
[3.958s] INFO:colcon.colcon_core.shell:Creating package script '/home/yoon/xycar_ws/install/track_drive/share/track_drive/package.bash'
[3.959s] INFO:colcon.colcon_core.shell:Creating package script '/home/yoon/xycar_ws/install/track_drive/share/track_drive/package.zsh'
[3.960s] Level 1:colcon.colcon_core.environment:create_file_with_runtime_dependencies(/home/yoon/xycar_ws/install/track_drive/share/colcon-core/packages/track_drive)
[3.960s] DEBUG:colcon.colcon_parallel_executor.executor.parallel:closing loop
[3.961s] DEBUG:colcon.colcon_parallel_executor.executor.parallel:loop closed
[3.961s] DEBUG:colcon.colcon_parallel_executor.executor.parallel:run_until_complete finished with '0'
[3.961s] DEBUG:colcon.colcon_core.event_reactor:joining thread
[4.015s] INFO:colcon.colcon_core.plugin_system:Skipping extension 'colcon_notification.desktop_notification.notify_send': Could not find 'notify-send'
[4.015s] INFO:colcon.colcon_core.plugin_system:Skipping extension 'colcon_notification.desktop_notification.terminal_notifier': Not used on non-Darwin systems
[4.015s] INFO:colcon.colcon_core.plugin_system:Skipping extension 'colcon_notification.desktop_notification.win32': Not used on non-Windows systems
[4.016s] INFO:colcon.colcon_notification.desktop_notification:Sending desktop notification using 'notify2'
[4.016s] DEBUG:colcon.colcon_notification.desktop_notification.notify2:Failed to initialize notify2: org.freedesktop.DBus.Error.FileNotFound: Failed to connect to socket /run/user/1000/bus: No such file or directory
[4.016s] DEBUG:colcon.colcon_core.event_reactor:joined thread
[4.016s] INFO:colcon.colcon_core.shell:Creating prefix script '/home/yoon/xycar_ws/install/local_setup.ps1'
[4.018s] INFO:colcon.colcon_core.shell:Creating prefix util module '/home/yoon/xycar_ws/install/_local_setup_util_ps1.py'
[4.025s] INFO:colcon.colcon_core.shell:Creating prefix chain script '/home/yoon/xycar_ws/install/setup.ps1'
[4.027s] INFO:colcon.colcon_core.shell:Creating prefix script '/home/yoon/xycar_ws/install/local_setup.sh'
[4.032s] INFO:colcon.colcon_core.shell:Creating prefix util module '/home/yoon/xycar_ws/install/_local_setup_util_sh.py'
[4.033s] INFO:colcon.colcon_core.shell:Creating prefix chain script '/home/yoon/xycar_ws/install/setup.sh'
[4.036s] INFO:colcon.colcon_core.shell:Creating prefix script '/home/yoon/xycar_ws/install/local_setup.bash'
[4.037s] INFO:colcon.colcon_core.shell:Creating prefix chain script '/home/yoon/xycar_ws/install/setup.bash'
[4.039s] INFO:colcon.colcon_core.shell:Creating prefix script '/home/yoon/xycar_ws/install/local_setup.zsh'
[4.041s] INFO:colcon.colcon_core.shell:Creating prefix chain script '/home/yoon/xycar_ws/install/setup.zsh'
