[2.988s] Invoking command in '/home/yoon/xycar_ws/build/my_cam': PYTHONPATH=/home/yoon/xycar_ws/build/my_cam/prefix_override:/usr/lib/python3/dist-packages/colcon_core/task/python/colcon_distutils_commands:/home/yoon/xycar_ws/install/my_cam/lib/python3.10/site-packages:${PYTHONPATH} /usr/bin/python3 -W ignore:setup.py install is deprecated -W ignore:easy_install command is deprecated setup.py develop --uninstall --editable --build-directory /home/yoon/xycar_ws/build/my_cam/build
[3.572s] running develop
[3.909s] Removing /home/yoon/xycar_ws/install/my_cam/lib/python3.10/site-packages/my-cam.egg-link (link to .)
[3.981s] Invoked command in '/home/yoon/xycar_ws/build/my_cam' returned '0': PYTHONPATH=/home/yoon/xycar_ws/build/my_cam/prefix_override:/usr/lib/python3/dist-packages/colcon_core/task/python/colcon_distutils_commands:/home/yoon/xycar_ws/install/my_cam/lib/python3.10/site-packages:${PYTHONPATH} /usr/bin/python3 -W ignore:setup.py install is deprecated -W ignore:easy_install command is deprecated setup.py develop --uninstall --editable --build-directory /home/yoon/xycar_ws/build/my_cam/build
[3.985s] Invoking command in '/home/yoon/xycar_ws/src/my_cam': PYTHONPATH=/home/yoon/xycar_ws/build/my_cam/prefix_override:/usr/lib/python3/dist-packages/colcon_core/task/python/colcon_distutils_commands:/home/yoon/xycar_ws/install/my_cam/lib/python3.10/site-packages:${PYTHONPATH} /usr/bin/python3 -W ignore:setup.py install is deprecated -W ignore:easy_install command is deprecated setup.py egg_info --egg-base ../../build/my_cam build --build-base /home/yoon/xycar_ws/build/my_cam/build install --record /home/yoon/xycar_ws/build/my_cam/install.log --single-version-externally-managed install_data --force
[4.529s] running egg_info
[4.535s] writing ../../build/my_cam/my_cam.egg-info/PKG-INFO
[4.535s] writing dependency_links to ../../build/my_cam/my_cam.egg-info/dependency_links.txt
[4.537s] writing entry points to ../../build/my_cam/my_cam.egg-info/entry_points.txt
[4.537s] writing requirements to ../../build/my_cam/my_cam.egg-info/requires.txt
[4.538s] writing top-level names to ../../build/my_cam/my_cam.egg-info/top_level.txt
[4.543s] reading manifest file '../../build/my_cam/my_cam.egg-info/SOURCES.txt'
[4.545s] adding license file 'LICENSE'
[4.547s] writing manifest file '../../build/my_cam/my_cam.egg-info/SOURCES.txt'
[4.547s] running build
[4.547s] running build_py
[4.547s] creating /home/yoon/xycar_ws/build/my_cam/build
[4.549s] creating /home/yoon/xycar_ws/build/my_cam/build/lib
[4.550s] creating /home/yoon/xycar_ws/build/my_cam/build/lib/my_cam
[4.550s] copying my_cam/__init__.py -> /home/yoon/xycar_ws/build/my_cam/build/lib/my_cam
[4.551s] copying my_cam/cam_viewer.py -> /home/yoon/xycar_ws/build/my_cam/build/lib/my_cam
[4.552s] running install
[4.552s] running install_lib
[4.553s] creating /home/yoon/xycar_ws/install/my_cam/lib/python3.10/site-packages/my_cam
[4.554s] copying /home/yoon/xycar_ws/build/my_cam/build/lib/my_cam/__init__.py -> /home/yoon/xycar_ws/install/my_cam/lib/python3.10/site-packages/my_cam
[4.554s] copying /home/yoon/xycar_ws/build/my_cam/build/lib/my_cam/cam_viewer.py -> /home/yoon/xycar_ws/install/my_cam/lib/python3.10/site-packages/my_cam
[4.555s] byte-compiling /home/yoon/xycar_ws/install/my_cam/lib/python3.10/site-packages/my_cam/__init__.py to __init__.cpython-310.pyc
[4.556s] byte-compiling /home/yoon/xycar_ws/install/my_cam/lib/python3.10/site-packages/my_cam/cam_viewer.py to cam_viewer.cpython-310.pyc
[4.558s] running install_data
[4.559s] copying resource/my_cam -> /home/yoon/xycar_ws/install/my_cam/share/ament_index/resource_index/packages
[4.560s] copying package.xml -> /home/yoon/xycar_ws/install/my_cam/share/my_cam
[4.562s] running install_egg_info
[4.563s] Copying ../../build/my_cam/my_cam.egg-info to /home/yoon/xycar_ws/install/my_cam/lib/python3.10/site-packages/my_cam-0.0.0-py3.10.egg-info
[4.566s] running install_scripts
[4.612s] Installing cam_viewer script to /home/yoon/xycar_ws/install/my_cam/lib/my_cam
[4.612s] writing list of installed files to '/home/yoon/xycar_ws/build/my_cam/install.log'
[4.671s] Invoked command in '/home/yoon/xycar_ws/src/my_cam' returned '0': PYTHONPATH=/home/yoon/xycar_ws/build/my_cam/prefix_override:/usr/lib/python3/dist-packages/colcon_core/task/python/colcon_distutils_commands:/home/yoon/xycar_ws/install/my_cam/lib/python3.10/site-packages:${PYTHONPATH} /usr/bin/python3 -W ignore:setup.py install is deprecated -W ignore:easy_install command is deprecated setup.py egg_info --egg-base ../../build/my_cam build --build-base /home/yoon/xycar_ws/build/my_cam/build install --record /home/yoon/xycar_ws/build/my_cam/install.log --single-version-externally-managed install_data --force
