[3.195s] Invoking command in '/home/yoon/xycar_ws/build/track_drive': PYTHONPATH=/home/yoon/xycar_ws/build/track_drive/prefix_override:/usr/lib/python3/dist-packages/colcon_core/task/python/colcon_distutils_commands:/home/yoon/xycar_ws/install/track_drive/lib/python3.10/site-packages:${PYTHONPATH} /usr/bin/python3 -W ignore:setup.py install is deprecated -W ignore:easy_install command is deprecated setup.py develop --editable --build-directory /home/yoon/xycar_ws/build/track_drive/build --no-deps symlink_data --force
[3.743s] running develop
[4.086s] running egg_info
[4.086s] writing track_drive.egg-info/PKG-INFO
[4.088s] writing dependency_links to track_drive.egg-info/dependency_links.txt
[4.089s] writing entry points to track_drive.egg-info/entry_points.txt
[4.089s] writing requirements to track_drive.egg-info/requires.txt
[4.089s] writing top-level names to track_drive.egg-info/top_level.txt
[4.092s] reading manifest file 'track_drive.egg-info/SOURCES.txt'
[4.095s] writing manifest file 'track_drive.egg-info/SOURCES.txt'
[4.099s] running build_ext
[4.100s] Creating /home/yoon/xycar_ws/install/track_drive/lib/python3.10/site-packages/track-drive.egg-link (link to .)
[4.103s] Installing lane_detection script to /home/yoon/xycar_ws/install/track_drive/lib/track_drive
[4.103s] Installing track_drive script to /home/yoon/xycar_ws/install/track_drive/lib/track_drive
[4.104s] 
[4.104s] Installed /home/yoon/xycar_ws/build/track_drive
[4.104s] running symlink_data
[4.107s] symbolically linking /home/yoon/xycar_ws/build/track_drive/resource/track_drive -> /home/yoon/xycar_ws/install/track_drive/share/ament_index/resource_index/packages
[4.107s] symbolically linking /home/yoon/xycar_ws/build/track_drive/package.xml -> /home/yoon/xycar_ws/install/track_drive/share/track_drive
[4.238s] Invoked command in '/home/yoon/xycar_ws/build/track_drive' returned '0': PYTHONPATH=/home/yoon/xycar_ws/build/track_drive/prefix_override:/usr/lib/python3/dist-packages/colcon_core/task/python/colcon_distutils_commands:/home/yoon/xycar_ws/install/track_drive/lib/python3.10/site-packages:${PYTHONPATH} /usr/bin/python3 -W ignore:setup.py install is deprecated -W ignore:easy_install command is deprecated setup.py develop --editable --build-directory /home/yoon/xycar_ws/build/track_drive/build --no-deps symlink_data --force
