[1.585s] Invoking command in '/home/yoon/xycar_ws/build/track_drive': PYTHONPATH=/home/yoon/xycar_ws/build/track_drive/prefix_override:/usr/lib/python3/dist-packages/colcon_core/task/python/colcon_distutils_commands:/home/yoon/xycar_ws/install/track_drive/lib/python3.10/site-packages: /usr/bin/python3 -W ignore:setup.py install is deprecated -W ignore:easy_install command is deprecated setup.py develop --editable --build-directory /home/yoon/xycar_ws/build/track_drive/build --no-deps symlink_data
[1.872s] running develop
[2.004s] running egg_info
[2.004s] creating track_drive.egg-info
[2.005s] writing track_drive.egg-info/PKG-INFO
[2.007s] writing dependency_links to track_drive.egg-info/dependency_links.txt
[2.007s] writing entry points to track_drive.egg-info/entry_points.txt
[2.009s] writing requirements to track_drive.egg-info/requires.txt
[2.009s] writing top-level names to track_drive.egg-info/top_level.txt
[2.010s] writing manifest file 'track_drive.egg-info/SOURCES.txt'
[2.010s] reading manifest file 'track_drive.egg-info/SOURCES.txt'
[2.010s] writing manifest file 'track_drive.egg-info/SOURCES.txt'
[2.013s] running build_ext
[2.013s] Creating /home/yoon/xycar_ws/install/track_drive/lib/python3.10/site-packages/track-drive.egg-link (link to .)
[2.014s] Installing track_drive script to /home/yoon/xycar_ws/install/track_drive/lib/track_drive
[2.014s] 
[2.014s] Installed /home/yoon/xycar_ws/build/track_drive
[2.014s] running symlink_data
[2.015s] creating /home/yoon/xycar_ws/install/track_drive/share/ament_index
[2.015s] creating /home/yoon/xycar_ws/install/track_drive/share/ament_index/resource_index
[2.016s] creating /home/yoon/xycar_ws/install/track_drive/share/ament_index/resource_index/packages
[2.018s] symbolically linking /home/yoon/xycar_ws/build/track_drive/resource/track_drive -> /home/yoon/xycar_ws/install/track_drive/share/ament_index/resource_index/packages
[2.018s] symbolically linking /home/yoon/xycar_ws/build/track_drive/package.xml -> /home/yoon/xycar_ws/install/track_drive/share/track_drive
[2.018s] creating /home/yoon/xycar_ws/install/track_drive/share/track_drive/launch
[2.069s] Invoked command in '/home/yoon/xycar_ws/build/track_drive' returned '0': PYTHONPATH=/home/yoon/xycar_ws/build/track_drive/prefix_override:/usr/lib/python3/dist-packages/colcon_core/task/python/colcon_distutils_commands:/home/yoon/xycar_ws/install/track_drive/lib/python3.10/site-packages: /usr/bin/python3 -W ignore:setup.py install is deprecated -W ignore:easy_install command is deprecated setup.py develop --editable --build-directory /home/yoon/xycar_ws/build/track_drive/build --no-deps symlink_data
