running develop
Removing /home/yoon/xycar_ws/install/my_lidar/lib/python3.10/site-packages/my-lidar.egg-link (link to .)
running egg_info
writing ../../build/my_lidar/my_lidar.egg-info/PKG-INFO
writing dependency_links to ../../build/my_lidar/my_lidar.egg-info/dependency_links.txt
writing entry points to ../../build/my_lidar/my_lidar.egg-info/entry_points.txt
writing requirements to ../../build/my_lidar/my_lidar.egg-info/requires.txt
writing top-level names to ../../build/my_lidar/my_lidar.egg-info/top_level.txt
reading manifest file '../../build/my_lidar/my_lidar.egg-info/SOURCES.txt'
adding license file 'LICENSE'
writing manifest file '../../build/my_lidar/my_lidar.egg-info/SOURCES.txt'
running build
running build_py
creating /home/yoon/xycar_ws/build/my_lidar/build
creating /home/yoon/xycar_ws/build/my_lidar/build/lib
creating /home/yoon/xycar_ws/build/my_lidar/build/lib/my_lidar
copying my_lidar/lidar_scan.py -> /home/yoon/xycar_ws/build/my_lidar/build/lib/my_lidar
copying my_lidar/__init__.py -> /home/yoon/xycar_ws/build/my_lidar/build/lib/my_lidar
copying my_lidar/lidar_viewer.py -> /home/yoon/xycar_ws/build/my_lidar/build/lib/my_lidar
running install
running install_lib
creating /home/yoon/xycar_ws/install/my_lidar/lib/python3.10/site-packages/my_lidar
copying /home/yoon/xycar_ws/build/my_lidar/build/lib/my_lidar/lidar_scan.py -> /home/yoon/xycar_ws/install/my_lidar/lib/python3.10/site-packages/my_lidar
copying /home/yoon/xycar_ws/build/my_lidar/build/lib/my_lidar/__init__.py -> /home/yoon/xycar_ws/install/my_lidar/lib/python3.10/site-packages/my_lidar
copying /home/yoon/xycar_ws/build/my_lidar/build/lib/my_lidar/lidar_viewer.py -> /home/yoon/xycar_ws/install/my_lidar/lib/python3.10/site-packages/my_lidar
byte-compiling /home/yoon/xycar_ws/install/my_lidar/lib/python3.10/site-packages/my_lidar/lidar_scan.py to lidar_scan.cpython-310.pyc
byte-compiling /home/yoon/xycar_ws/install/my_lidar/lib/python3.10/site-packages/my_lidar/__init__.py to __init__.cpython-310.pyc
byte-compiling /home/yoon/xycar_ws/install/my_lidar/lib/python3.10/site-packages/my_lidar/lidar_viewer.py to lidar_viewer.cpython-310.pyc
running install_data
copying resource/my_lidar -> /home/yoon/xycar_ws/install/my_lidar/share/ament_index/resource_index/packages
copying package.xml -> /home/yoon/xycar_ws/install/my_lidar/share/my_lidar
running install_egg_info
Copying ../../build/my_lidar/my_lidar.egg-info to /home/yoon/xycar_ws/install/my_lidar/lib/python3.10/site-packages/my_lidar-0.0.0-py3.10.egg-info
running install_scripts
Installing lidar_scan script to /home/yoon/xycar_ws/install/my_lidar/lib/my_lidar
Installing lidar_viewer script to /home/yoon/xycar_ws/install/my_lidar/lib/my_lidar
writing list of installed files to '/home/yoon/xycar_ws/build/my_lidar/install.log'
