[2.796s] Invoking command in '/home/yoon/xycar_ws/build/my_lidar': PYTHONPATH=/home/yoon/xycar_ws/build/my_lidar/prefix_override:/usr/lib/python3/dist-packages/colcon_core/task/python/colcon_distutils_commands:/home/yoon/xycar_ws/install/my_lidar/lib/python3.10/site-packages:${PYTHONPATH} /usr/bin/python3 -W ignore:setup.py install is deprecated -W ignore:easy_install command is deprecated setup.py develop --uninstall --editable --build-directory /home/yoon/xycar_ws/build/my_lidar/build
[3.410s] running develop
[3.759s] Removing /home/yoon/xycar_ws/install/my_lidar/lib/python3.10/site-packages/my-lidar.egg-link (link to .)
[3.833s] Invoked command in '/home/yoon/xycar_ws/build/my_lidar' returned '0': PYTHONPATH=/home/yoon/xycar_ws/build/my_lidar/prefix_override:/usr/lib/python3/dist-packages/colcon_core/task/python/colcon_distutils_commands:/home/yoon/xycar_ws/install/my_lidar/lib/python3.10/site-packages:${PYTHONPATH} /usr/bin/python3 -W ignore:setup.py install is deprecated -W ignore:easy_install command is deprecated setup.py develop --uninstall --editable --build-directory /home/yoon/xycar_ws/build/my_lidar/build
[3.837s] Invoking command in '/home/yoon/xycar_ws/src/my_lidar': PYTHONPATH=/home/yoon/xycar_ws/build/my_lidar/prefix_override:/usr/lib/python3/dist-packages/colcon_core/task/python/colcon_distutils_commands:/home/yoon/xycar_ws/install/my_lidar/lib/python3.10/site-packages:${PYTHONPATH} /usr/bin/python3 -W ignore:setup.py install is deprecated -W ignore:easy_install command is deprecated setup.py egg_info --egg-base ../../build/my_lidar build --build-base /home/yoon/xycar_ws/build/my_lidar/build install --record /home/yoon/xycar_ws/build/my_lidar/install.log --single-version-externally-managed install_data --force
[4.382s] running egg_info
[4.384s] writing ../../build/my_lidar/my_lidar.egg-info/PKG-INFO
[4.385s] writing dependency_links to ../../build/my_lidar/my_lidar.egg-info/dependency_links.txt
[4.385s] writing entry points to ../../build/my_lidar/my_lidar.egg-info/entry_points.txt
[4.385s] writing requirements to ../../build/my_lidar/my_lidar.egg-info/requires.txt
[4.386s] writing top-level names to ../../build/my_lidar/my_lidar.egg-info/top_level.txt
[4.390s] reading manifest file '../../build/my_lidar/my_lidar.egg-info/SOURCES.txt'
[4.391s] adding license file 'LICENSE'
[4.393s] writing manifest file '../../build/my_lidar/my_lidar.egg-info/SOURCES.txt'
[4.393s] running build
[4.394s] running build_py
[4.394s] creating /home/yoon/xycar_ws/build/my_lidar/build
[4.396s] creating /home/yoon/xycar_ws/build/my_lidar/build/lib
[4.398s] creating /home/yoon/xycar_ws/build/my_lidar/build/lib/my_lidar
[4.399s] copying my_lidar/lidar_scan.py -> /home/yoon/xycar_ws/build/my_lidar/build/lib/my_lidar
[4.401s] copying my_lidar/__init__.py -> /home/yoon/xycar_ws/build/my_lidar/build/lib/my_lidar
[4.401s] copying my_lidar/lidar_viewer.py -> /home/yoon/xycar_ws/build/my_lidar/build/lib/my_lidar
[4.402s] running install
[4.403s] running install_lib
[4.404s] creating /home/yoon/xycar_ws/install/my_lidar/lib/python3.10/site-packages/my_lidar
[4.406s] copying /home/yoon/xycar_ws/build/my_lidar/build/lib/my_lidar/lidar_scan.py -> /home/yoon/xycar_ws/install/my_lidar/lib/python3.10/site-packages/my_lidar
[4.406s] copying /home/yoon/xycar_ws/build/my_lidar/build/lib/my_lidar/__init__.py -> /home/yoon/xycar_ws/install/my_lidar/lib/python3.10/site-packages/my_lidar
[4.407s] copying /home/yoon/xycar_ws/build/my_lidar/build/lib/my_lidar/lidar_viewer.py -> /home/yoon/xycar_ws/install/my_lidar/lib/python3.10/site-packages/my_lidar
[4.408s] byte-compiling /home/yoon/xycar_ws/install/my_lidar/lib/python3.10/site-packages/my_lidar/lidar_scan.py to lidar_scan.cpython-310.pyc
[4.412s] byte-compiling /home/yoon/xycar_ws/install/my_lidar/lib/python3.10/site-packages/my_lidar/__init__.py to __init__.cpython-310.pyc
[4.412s] byte-compiling /home/yoon/xycar_ws/install/my_lidar/lib/python3.10/site-packages/my_lidar/lidar_viewer.py to lidar_viewer.cpython-310.pyc
[4.414s] running install_data
[4.414s] copying resource/my_lidar -> /home/yoon/xycar_ws/install/my_lidar/share/ament_index/resource_index/packages
[4.415s] copying package.xml -> /home/yoon/xycar_ws/install/my_lidar/share/my_lidar
[4.415s] running install_egg_info
[4.419s] Copying ../../build/my_lidar/my_lidar.egg-info to /home/yoon/xycar_ws/install/my_lidar/lib/python3.10/site-packages/my_lidar-0.0.0-py3.10.egg-info
[4.424s] running install_scripts
[4.466s] Installing lidar_scan script to /home/yoon/xycar_ws/install/my_lidar/lib/my_lidar
[4.467s] Installing lidar_viewer script to /home/yoon/xycar_ws/install/my_lidar/lib/my_lidar
[4.468s] writing list of installed files to '/home/yoon/xycar_ws/build/my_lidar/install.log'
[4.549s] Invoked command in '/home/yoon/xycar_ws/src/my_lidar' returned '0': PYTHONPATH=/home/yoon/xycar_ws/build/my_lidar/prefix_override:/usr/lib/python3/dist-packages/colcon_core/task/python/colcon_distutils_commands:/home/yoon/xycar_ws/install/my_lidar/lib/python3.10/site-packages:${PYTHONPATH} /usr/bin/python3 -W ignore:setup.py install is deprecated -W ignore:easy_install command is deprecated setup.py egg_info --egg-base ../../build/my_lidar build --build-base /home/yoon/xycar_ws/build/my_lidar/build install --record /home/yoon/xycar_ws/build/my_lidar/install.log --single-version-externally-managed install_data --force
