[0.098s] Invoking command in '/home/yoon/xycar_ws/build/xycar_msgs': CMAKE_PREFIX_PATH=${CMAKE_PREFIX_PATH}:/home/yoon/xycar_ws/install/my_lidar:/home/yoon/xycar_ws/install/my_cam:/home/yoon/xycar_ws/install/kookmin9_viewer:/home/yoon/xycar_ws/install/track_drive:/home/yoon/xycar_ws/install/ros_tcp_endpoint:/home/yoon/xycar_ws/install/my_motor:/home/yoon/xycar_ws/install/my_imu:/opt/ros/humble /usr/bin/cmake /home/yoon/xycar_ws/src/xycar_msgs -DCMAKE_INSTALL_PREFIX=/home/yoon/xycar_ws/install/xycar_msgs
[1.895s] -- Found ament_cmake: 1.3.14 (/opt/ros/humble/share/ament_cmake/cmake)
[1.897s] -- Override CMake install command with custom implementation using symlinks instead of copying resources
[1.897s] -- Found rosidl_default_generators: 1.2.1 (/opt/ros/humble/share/rosidl_default_generators/cmake)
[1.897s] -- Using all available rosidl_typesupport_c: rosidl_typesupport_fastrtps_c;rosidl_typesupport_introspection_c
[1.898s] -- Found rosidl_adapter: 3.1.8 (/opt/ros/humble/share/rosidl_adapter/cmake)
[1.898s] -- Using all available rosidl_typesupport_cpp: rosidl_typesupport_fastrtps_cpp;rosidl_typesupport_introspection_cpp
[1.898s] -- Found std_msgs: 4.9.1 (/opt/ros/humble/share/std_msgs/cmake)
[1.898s] -- Found sensor_msgs: 4.9.1 (/opt/ros/humble/share/sensor_msgs/cmake)
[2.044s] -- Found ament_cmake_ros: 0.10.0 (/opt/ros/humble/share/ament_cmake_ros/cmake)
[2.897s] -- Using all available rosidl_typesupport_c: rosidl_typesupport_fastrtps_c;rosidl_typesupport_introspection_c
[4.008s] -- Using all available rosidl_typesupport_cpp: rosidl_typesupport_fastrtps_cpp;rosidl_typesupport_introspection_cpp
[4.113s] -- Found python_cmake_module: 0.10.0 (/opt/ros/humble/share/python_cmake_module/cmake)
[4.178s] -- Using PYTHON_EXECUTABLE: /usr/bin/python3
[4.178s] -- Using PYTHON_INCLUDE_DIRS: /usr/include/python3.10
[4.178s] -- Using PYTHON_LIBRARIES: /usr/lib/x86_64-linux-gnu/libpython3.10.so
[4.613s] -- Found ament_lint_auto: 0.12.15 (/opt/ros/humble/share/ament_lint_auto/cmake)
[4.708s] -- Added test 'lint_cmake' to check CMake code style
[4.712s] -- Added test 'xmllint' to check XML markup files
[4.734s] -- Configuring done
[4.931s] -- Generating done
[4.977s] -- Build files have been written to: /home/yoon/xycar_ws/build/xycar_msgs
[5.009s] Invoked command in '/home/yoon/xycar_ws/build/xycar_msgs' returned '0': CMAKE_PREFIX_PATH=${CMAKE_PREFIX_PATH}:/home/yoon/xycar_ws/install/my_lidar:/home/yoon/xycar_ws/install/my_cam:/home/yoon/xycar_ws/install/kookmin9_viewer:/home/yoon/xycar_ws/install/track_drive:/home/yoon/xycar_ws/install/ros_tcp_endpoint:/home/yoon/xycar_ws/install/my_motor:/home/yoon/xycar_ws/install/my_imu:/opt/ros/humble /usr/bin/cmake /home/yoon/xycar_ws/src/xycar_msgs -DCMAKE_INSTALL_PREFIX=/home/yoon/xycar_ws/install/xycar_msgs
[5.013s] Invoking command in '/home/yoon/xycar_ws/build/xycar_msgs': CMAKE_PREFIX_PATH=${CMAKE_PREFIX_PATH}:/home/yoon/xycar_ws/install/my_lidar:/home/yoon/xycar_ws/install/my_cam:/home/yoon/xycar_ws/install/kookmin9_viewer:/home/yoon/xycar_ws/install/track_drive:/home/yoon/xycar_ws/install/ros_tcp_endpoint:/home/yoon/xycar_ws/install/my_motor:/home/yoon/xycar_ws/install/my_imu:/opt/ros/humble /usr/bin/cmake --build /home/yoon/xycar_ws/build/xycar_msgs -- -j12 -l12
[5.118s] [35m[1mConsolidate compiler generated dependencies of target xycar_msgs__rosidl_generator_c[0m
[5.140s] [  2%] Built target xycar_msgs__cpp
[5.142s] [  5%] Built target xycar_msgs__rs
[5.169s] [ 15%] Built target xycar_msgs__rosidl_generator_c
[5.184s] [35m[1mConsolidate compiler generated dependencies of target xycar_msgs__rosidl_typesupport_cpp[0m
[5.185s] [35m[1mConsolidate compiler generated dependencies of target xycar_msgs__rosidl_typesupport_introspection_cpp[0m
[5.200s] [35m[1mConsolidate compiler generated dependencies of target xycar_msgs__rosidl_typesupport_fastrtps_cpp[0m
[5.217s] [ 15%] Built target ament_cmake_python_symlink_xycar_msgs
[5.222s] [35m[1mConsolidate compiler generated dependencies of target xycar_msgs__rosidl_typesupport_introspection_c[0m
[5.224s] [35m[1mConsolidate compiler generated dependencies of target xycar_msgs__rosidl_typesupport_fastrtps_c[0m
[5.226s] [35m[1mConsolidate compiler generated dependencies of target xycar_msgs__rosidl_typesupport_c[0m
[5.274s] [ 25%] Built target xycar_msgs__rosidl_typesupport_introspection_c
[5.274s] [ 35%] Built target xycar_msgs__rosidl_typesupport_c
[5.274s] [ 45%] Built target xycar_msgs__rosidl_typesupport_cpp
[5.280s] [ 55%] Built target xycar_msgs__rosidl_typesupport_fastrtps_cpp
[5.290s] [ 75%] Built target xycar_msgs__rosidl_typesupport_introspection_cpp
[5.290s] [ 75%] Built target xycar_msgs__rosidl_typesupport_fastrtps_c
[5.354s] [ 75%] Built target xycar_msgs
[5.410s] [ 77%] Built target xycar_msgs__py
[5.440s] [35m[1mConsolidate compiler generated dependencies of target xycar_msgs__rosidl_generator_py[0m
[5.489s] [ 85%] Built target xycar_msgs__rosidl_generator_py
[5.521s] [35m[1mConsolidate compiler generated dependencies of target xycar_msgs__rosidl_typesupport_fastrtps_c__pyext[0m
[5.525s] [35m[1mConsolidate compiler generated dependencies of target xycar_msgs__rosidl_typesupport_c__pyext[0m
[5.525s] [35m[1mConsolidate compiler generated dependencies of target xycar_msgs__rosidl_typesupport_introspection_c__pyext[0m
[5.555s] [ 90%] Built target xycar_msgs__rosidl_typesupport_c__pyext
[5.558s] [ 95%] Built target xycar_msgs__rosidl_typesupport_fastrtps_c__pyext
[5.559s] [100%] Built target xycar_msgs__rosidl_typesupport_introspection_c__pyext
[5.877s] running egg_info
[5.878s] writing xycar_msgs.egg-info/PKG-INFO
[5.878s] writing dependency_links to xycar_msgs.egg-info/dependency_links.txt
[5.879s] writing top-level names to xycar_msgs.egg-info/top_level.txt
[5.888s] reading manifest file 'xycar_msgs.egg-info/SOURCES.txt'
[5.892s] writing manifest file 'xycar_msgs.egg-info/SOURCES.txt'
[5.979s] [100%] Built target ament_cmake_python_build_xycar_msgs_egg
[6.014s] Invoked command in '/home/yoon/xycar_ws/build/xycar_msgs' returned '0': CMAKE_PREFIX_PATH=${CMAKE_PREFIX_PATH}:/home/yoon/xycar_ws/install/my_lidar:/home/yoon/xycar_ws/install/my_cam:/home/yoon/xycar_ws/install/kookmin9_viewer:/home/yoon/xycar_ws/install/track_drive:/home/yoon/xycar_ws/install/ros_tcp_endpoint:/home/yoon/xycar_ws/install/my_motor:/home/yoon/xycar_ws/install/my_imu:/opt/ros/humble /usr/bin/cmake --build /home/yoon/xycar_ws/build/xycar_msgs -- -j12 -l12
[6.072s] Invoking command in '/home/yoon/xycar_ws/build/xycar_msgs': CMAKE_PREFIX_PATH=${CMAKE_PREFIX_PATH}:/home/yoon/xycar_ws/install/my_lidar:/home/yoon/xycar_ws/install/my_cam:/home/yoon/xycar_ws/install/kookmin9_viewer:/home/yoon/xycar_ws/install/track_drive:/home/yoon/xycar_ws/install/ros_tcp_endpoint:/home/yoon/xycar_ws/install/my_motor:/home/yoon/xycar_ws/install/my_imu:/opt/ros/humble /usr/bin/cmake --install /home/yoon/xycar_ws/build/xycar_msgs
[6.105s] -- Install configuration: ""
[6.109s] -- Execute custom install script
[6.110s] -- Up-to-date symlink: /home/yoon/xycar_ws/install/xycar_msgs/share/ament_index/resource_index/rosidl_interfaces/xycar_msgs
[6.111s] -- Up-to-date symlink: /home/yoon/xycar_ws/install/xycar_msgs/include/xycar_msgs/xycar_msgs/msg/detail/xycar_motor__functions.h
[6.111s] -- Up-to-date symlink: /home/yoon/xycar_ws/install/xycar_msgs/include/xycar_msgs/xycar_msgs/msg/detail/xycar_motor__struct.h
[6.112s] -- Up-to-date symlink: /home/yoon/xycar_ws/install/xycar_msgs/include/xycar_msgs/xycar_msgs/msg/detail/xycar_motor__type_support.h
[6.112s] -- Up-to-date symlink: /home/yoon/xycar_ws/install/xycar_msgs/include/xycar_msgs/xycar_msgs/msg/detail/xycar_ultrasonic__functions.h
[6.112s] -- Up-to-date symlink: /home/yoon/xycar_ws/install/xycar_msgs/include/xycar_msgs/xycar_msgs/msg/detail/xycar_ultrasonic__struct.h
[6.113s] -- Up-to-date symlink: /home/yoon/xycar_ws/install/xycar_msgs/include/xycar_msgs/xycar_msgs/msg/detail/xycar_ultrasonic__type_support.h
[6.117s] -- Up-to-date symlink: /home/yoon/xycar_ws/install/xycar_msgs/include/xycar_msgs/xycar_msgs/msg/rosidl_generator_c__visibility_control.h
[6.119s] -- Up-to-date symlink: /home/yoon/xycar_ws/install/xycar_msgs/include/xycar_msgs/xycar_msgs/msg/xycar_motor.h
[6.120s] -- Up-to-date symlink: /home/yoon/xycar_ws/install/xycar_msgs/include/xycar_msgs/xycar_msgs/msg/xycar_ultrasonic.h
[6.121s] -- Up-to-date symlink: /home/yoon/xycar_ws/install/xycar_msgs/share/xycar_msgs/environment/library_path.sh
[6.121s] -- Up-to-date symlink: /home/yoon/xycar_ws/install/xycar_msgs/share/xycar_msgs/environment/library_path.dsv
[6.123s] -- Up-to-date symlink: /home/yoon/xycar_ws/install/xycar_msgs/include/xycar_msgs/xycar_msgs/msg/detail/xycar_motor__rosidl_typesupport_fastrtps_c.h
[6.124s] -- Up-to-date symlink: /home/yoon/xycar_ws/install/xycar_msgs/include/xycar_msgs/xycar_msgs/msg/detail/xycar_ultrasonic__rosidl_typesupport_fastrtps_c.h
[6.124s] -- Up-to-date symlink: /home/yoon/xycar_ws/install/xycar_msgs/include/xycar_msgs/xycar_msgs/msg/rosidl_typesupport_fastrtps_c__visibility_control.h
[6.125s] -- Up-to-date symlink: /home/yoon/xycar_ws/install/xycar_msgs/include/xycar_msgs/xycar_msgs/msg/detail/xycar_motor__rosidl_typesupport_introspection_c.h
[6.125s] -- Up-to-date symlink: /home/yoon/xycar_ws/install/xycar_msgs/include/xycar_msgs/xycar_msgs/msg/detail/xycar_ultrasonic__rosidl_typesupport_introspection_c.h
[6.126s] -- Up-to-date symlink: /home/yoon/xycar_ws/install/xycar_msgs/include/xycar_msgs/xycar_msgs/msg/rosidl_typesupport_introspection_c__visibility_control.h
[6.127s] -- Up-to-date symlink: /home/yoon/xycar_ws/install/xycar_msgs/include/xycar_msgs/xycar_msgs/msg/detail/xycar_motor__builder.hpp
[6.128s] -- Up-to-date symlink: /home/yoon/xycar_ws/install/xycar_msgs/include/xycar_msgs/xycar_msgs/msg/detail/xycar_motor__struct.hpp
[6.128s] -- Up-to-date symlink: /home/yoon/xycar_ws/install/xycar_msgs/include/xycar_msgs/xycar_msgs/msg/detail/xycar_motor__traits.hpp
[6.128s] -- Up-to-date symlink: /home/yoon/xycar_ws/install/xycar_msgs/include/xycar_msgs/xycar_msgs/msg/detail/xycar_motor__type_support.hpp
[6.129s] -- Up-to-date symlink: /home/yoon/xycar_ws/install/xycar_msgs/include/xycar_msgs/xycar_msgs/msg/detail/xycar_ultrasonic__builder.hpp
[6.130s] -- Up-to-date symlink: /home/yoon/xycar_ws/install/xycar_msgs/include/xycar_msgs/xycar_msgs/msg/detail/xycar_ultrasonic__struct.hpp
[6.131s] -- Up-to-date symlink: /home/yoon/xycar_ws/install/xycar_msgs/include/xycar_msgs/xycar_msgs/msg/detail/xycar_ultrasonic__traits.hpp
[6.131s] -- Up-to-date symlink: /home/yoon/xycar_ws/install/xycar_msgs/include/xycar_msgs/xycar_msgs/msg/detail/xycar_ultrasonic__type_support.hpp
[6.131s] -- Up-to-date symlink: /home/yoon/xycar_ws/install/xycar_msgs/include/xycar_msgs/xycar_msgs/msg/rosidl_generator_cpp__visibility_control.hpp
[6.132s] -- Up-to-date symlink: /home/yoon/xycar_ws/install/xycar_msgs/include/xycar_msgs/xycar_msgs/msg/xycar_motor.hpp
[6.132s] -- Up-to-date symlink: /home/yoon/xycar_ws/install/xycar_msgs/include/xycar_msgs/xycar_msgs/msg/xycar_ultrasonic.hpp
[6.134s] -- Up-to-date symlink: /home/yoon/xycar_ws/install/xycar_msgs/include/xycar_msgs/xycar_msgs/msg/detail/xycar_motor__rosidl_typesupport_fastrtps_cpp.hpp
[6.135s] -- Up-to-date symlink: /home/yoon/xycar_ws/install/xycar_msgs/include/xycar_msgs/xycar_msgs/msg/detail/xycar_ultrasonic__rosidl_typesupport_fastrtps_cpp.hpp
[6.136s] -- Up-to-date symlink: /home/yoon/xycar_ws/install/xycar_msgs/include/xycar_msgs/xycar_msgs/msg/rosidl_typesupport_fastrtps_cpp__visibility_control.h
[6.137s] -- Up-to-date symlink: /home/yoon/xycar_ws/install/xycar_msgs/include/xycar_msgs/xycar_msgs/msg/detail/xycar_motor__rosidl_typesupport_introspection_cpp.hpp
[6.138s] -- Up-to-date symlink: /home/yoon/xycar_ws/install/xycar_msgs/include/xycar_msgs/xycar_msgs/msg/detail/xycar_ultrasonic__rosidl_typesupport_introspection_cpp.hpp
[6.143s] -- Up-to-date symlink: /home/yoon/xycar_ws/install/xycar_msgs/share/xycar_msgs/environment/pythonpath.sh
[6.144s] -- Up-to-date symlink: /home/yoon/xycar_ws/install/xycar_msgs/share/xycar_msgs/environment/pythonpath.dsv
[6.147s] -- Up-to-date symlink: /home/yoon/xycar_ws/install/xycar_msgs/local/lib/python3.10/dist-packages/xycar_msgs-0.0.0-py3.10.egg-info/PKG-INFO
[6.149s] -- Up-to-date symlink: /home/yoon/xycar_ws/install/xycar_msgs/local/lib/python3.10/dist-packages/xycar_msgs-0.0.0-py3.10.egg-info/SOURCES.txt
[6.150s] -- Up-to-date symlink: /home/yoon/xycar_ws/install/xycar_msgs/local/lib/python3.10/dist-packages/xycar_msgs-0.0.0-py3.10.egg-info/dependency_links.txt
[6.152s] -- Up-to-date symlink: /home/yoon/xycar_ws/install/xycar_msgs/local/lib/python3.10/dist-packages/xycar_msgs-0.0.0-py3.10.egg-info/top_level.txt
[6.156s] -- Up-to-date symlink: /home/yoon/xycar_ws/install/xycar_msgs/local/lib/python3.10/dist-packages/xycar_msgs/__init__.py
[6.157s] -- Up-to-date symlink: /home/yoon/xycar_ws/install/xycar_msgs/local/lib/python3.10/dist-packages/xycar_msgs/_xycar_msgs_s.ep.rosidl_typesupport_c.c
[6.158s] -- Up-to-date symlink: /home/yoon/xycar_ws/install/xycar_msgs/local/lib/python3.10/dist-packages/xycar_msgs/_xycar_msgs_s.ep.rosidl_typesupport_fastrtps_c.c
[6.158s] -- Up-to-date symlink: /home/yoon/xycar_ws/install/xycar_msgs/local/lib/python3.10/dist-packages/xycar_msgs/_xycar_msgs_s.ep.rosidl_typesupport_introspection_c.c
[6.158s] -- Up-to-date symlink: /home/yoon/xycar_ws/install/xycar_msgs/local/lib/python3.10/dist-packages/xycar_msgs/libxycar_msgs__rosidl_generator_py.so
[6.159s] -- Up-to-date symlink: /home/yoon/xycar_ws/install/xycar_msgs/local/lib/python3.10/dist-packages/xycar_msgs/msg/__init__.py
[6.160s] -- Up-to-date symlink: /home/yoon/xycar_ws/install/xycar_msgs/local/lib/python3.10/dist-packages/xycar_msgs/msg/_xycar_motor.py
[6.160s] -- Up-to-date symlink: /home/yoon/xycar_ws/install/xycar_msgs/local/lib/python3.10/dist-packages/xycar_msgs/msg/_xycar_motor_s.c
[6.161s] -- Up-to-date symlink: /home/yoon/xycar_ws/install/xycar_msgs/local/lib/python3.10/dist-packages/xycar_msgs/msg/_xycar_ultrasonic.py
[6.161s] -- Up-to-date symlink: /home/yoon/xycar_ws/install/xycar_msgs/local/lib/python3.10/dist-packages/xycar_msgs/msg/_xycar_ultrasonic_s.c
[6.161s] -- Up-to-date symlink: /home/yoon/xycar_ws/install/xycar_msgs/local/lib/python3.10/dist-packages/xycar_msgs/xycar_msgs_s__rosidl_typesupport_c.cpython-310-x86_64-linux-gnu.so
[6.162s] -- Up-to-date symlink: /home/yoon/xycar_ws/install/xycar_msgs/local/lib/python3.10/dist-packages/xycar_msgs/xycar_msgs_s__rosidl_typesupport_fastrtps_c.cpython-310-x86_64-linux-gnu.so
[6.162s] -- Up-to-date symlink: /home/yoon/xycar_ws/install/xycar_msgs/local/lib/python3.10/dist-packages/xycar_msgs/xycar_msgs_s__rosidl_typesupport_introspection_c.cpython-310-x86_64-linux-gnu.so
[6.163s] -- Up-to-date symlink: /home/yoon/xycar_ws/install/xycar_msgs/local/lib/python3.10/dist-packages/xycar_msgs/xycar_msgs_s__rosidl_typesupport_fastrtps_c.cpython-310-x86_64-linux-gnu.so
[6.163s] -- Up-to-date symlink: /home/yoon/xycar_ws/install/xycar_msgs/local/lib/python3.10/dist-packages/xycar_msgs/xycar_msgs_s__rosidl_typesupport_introspection_c.cpython-310-x86_64-linux-gnu.so
[6.163s] -- Up-to-date symlink: /home/yoon/xycar_ws/install/xycar_msgs/local/lib/python3.10/dist-packages/xycar_msgs/xycar_msgs_s__rosidl_typesupport_c.cpython-310-x86_64-linux-gnu.so
[6.164s] -- Up-to-date symlink: /home/yoon/xycar_ws/install/xycar_msgs/share/ament_index/resource_index/rust_packages/xycar_msgs
[6.164s] -- Up-to-date symlink: /home/yoon/xycar_ws/install/xycar_msgs/share/xycar_msgs/rust/Cargo.toml
[6.164s] -- Up-to-date symlink: /home/yoon/xycar_ws/install/xycar_msgs/share/xycar_msgs/rust/build.rs
[6.164s] -- Up-to-date symlink: /home/yoon/xycar_ws/install/xycar_msgs/share/xycar_msgs/rust/src/lib.rs
[6.164s] -- Up-to-date symlink: /home/yoon/xycar_ws/install/xycar_msgs/share/xycar_msgs/rust/src/msg.rs
[6.164s] -- Up-to-date symlink: /home/yoon/xycar_ws/install/xycar_msgs/share/xycar_msgs/rust/src/msg/rmw.rs
[6.164s] -- Up-to-date symlink: /home/yoon/xycar_ws/install/xycar_msgs/share/xycar_msgs/msg/XycarMotor.idl
[6.165s] -- Up-to-date symlink: /home/yoon/xycar_ws/install/xycar_msgs/share/xycar_msgs/msg/XycarUltrasonic.idl
[6.165s] -- Up-to-date symlink: /home/yoon/xycar_ws/install/xycar_msgs/share/xycar_msgs/msg/XycarMotor.msg
[6.165s] -- Up-to-date symlink: /home/yoon/xycar_ws/install/xycar_msgs/share/xycar_msgs/msg/XycarUltrasonic.msg
[6.165s] -- Up-to-date symlink: /home/yoon/xycar_ws/install/xycar_msgs/share/ament_index/resource_index/package_run_dependencies/xycar_msgs
[6.165s] -- Up-to-date symlink: /home/yoon/xycar_ws/install/xycar_msgs/share/ament_index/resource_index/parent_prefix_path/xycar_msgs
[6.166s] -- Up-to-date symlink: /home/yoon/xycar_ws/install/xycar_msgs/share/xycar_msgs/environment/ament_prefix_path.sh
[6.166s] -- Up-to-date symlink: /home/yoon/xycar_ws/install/xycar_msgs/share/xycar_msgs/environment/ament_prefix_path.dsv
[6.166s] -- Up-to-date symlink: /home/yoon/xycar_ws/install/xycar_msgs/share/xycar_msgs/environment/path.sh
[6.167s] -- Up-to-date symlink: /home/yoon/xycar_ws/install/xycar_msgs/share/xycar_msgs/environment/path.dsv
[6.167s] -- Up-to-date symlink: /home/yoon/xycar_ws/install/xycar_msgs/share/xycar_msgs/local_setup.bash
[6.167s] -- Up-to-date symlink: /home/yoon/xycar_ws/install/xycar_msgs/share/xycar_msgs/local_setup.sh
[6.167s] -- Up-to-date symlink: /home/yoon/xycar_ws/install/xycar_msgs/share/xycar_msgs/local_setup.zsh
[6.167s] -- Up-to-date symlink: /home/yoon/xycar_ws/install/xycar_msgs/share/xycar_msgs/local_setup.dsv
[6.167s] -- Symlinking: /home/yoon/xycar_ws/install/xycar_msgs/share/xycar_msgs/package.dsv
[6.183s] -- Up-to-date symlink: /home/yoon/xycar_ws/install/xycar_msgs/share/ament_index/resource_index/packages/xycar_msgs
[6.184s] -- Up-to-date symlink: /home/yoon/xycar_ws/install/xycar_msgs/share/xycar_msgs/cmake/rosidl_cmake-extras.cmake
[6.185s] -- Up-to-date symlink: /home/yoon/xycar_ws/install/xycar_msgs/share/xycar_msgs/cmake/ament_cmake_export_dependencies-extras.cmake
[6.185s] -- Up-to-date symlink: /home/yoon/xycar_ws/install/xycar_msgs/share/xycar_msgs/cmake/ament_cmake_export_include_directories-extras.cmake
[6.185s] -- Up-to-date symlink: /home/yoon/xycar_ws/install/xycar_msgs/share/xycar_msgs/cmake/ament_cmake_export_libraries-extras.cmake
[6.186s] -- Up-to-date symlink: /home/yoon/xycar_ws/install/xycar_msgs/share/xycar_msgs/cmake/ament_cmake_export_targets-extras.cmake
[6.187s] -- Up-to-date symlink: /home/yoon/xycar_ws/install/xycar_msgs/share/xycar_msgs/cmake/rosidl_cmake_export_typesupport_targets-extras.cmake
[6.187s] -- Up-to-date symlink: /home/yoon/xycar_ws/install/xycar_msgs/share/xycar_msgs/cmake/rosidl_cmake_export_typesupport_libraries-extras.cmake
[6.188s] -- Up-to-date symlink: /home/yoon/xycar_ws/install/xycar_msgs/share/xycar_msgs/cmake/xycar_msgsConfig.cmake
[6.189s] -- Up-to-date symlink: /home/yoon/xycar_ws/install/xycar_msgs/share/xycar_msgs/cmake/xycar_msgsConfig-version.cmake
[6.189s] -- Up-to-date symlink: /home/yoon/xycar_ws/install/xycar_msgs/share/xycar_msgs/package.xml
[6.189s] -- Up-to-date: /home/yoon/xycar_ws/install/xycar_msgs/lib/libxycar_msgs__rosidl_generator_c.so
[6.190s] -- Up-to-date: /home/yoon/xycar_ws/install/xycar_msgs/lib/libxycar_msgs__rosidl_typesupport_fastrtps_c.so
[6.190s] -- Up-to-date: /home/yoon/xycar_ws/install/xycar_msgs/lib/libxycar_msgs__rosidl_typesupport_introspection_c.so
[6.193s] -- Up-to-date: /home/yoon/xycar_ws/install/xycar_msgs/lib/libxycar_msgs__rosidl_typesupport_c.so
[6.194s] -- Up-to-date: /home/yoon/xycar_ws/install/xycar_msgs/lib/libxycar_msgs__rosidl_typesupport_fastrtps_cpp.so
[6.194s] -- Up-to-date: /home/yoon/xycar_ws/install/xycar_msgs/lib/libxycar_msgs__rosidl_typesupport_introspection_cpp.so
[6.195s] -- Up-to-date: /home/yoon/xycar_ws/install/xycar_msgs/lib/libxycar_msgs__rosidl_typesupport_cpp.so
[6.291s] Listing '/home/yoon/xycar_ws/install/xycar_msgs/local/lib/python3.10/dist-packages/xycar_msgs'...
[6.292s] Compiling '/home/yoon/xycar_ws/install/xycar_msgs/local/lib/python3.10/dist-packages/xycar_msgs/__init__.py'...
[6.292s] Listing '/home/yoon/xycar_ws/install/xycar_msgs/local/lib/python3.10/dist-packages/xycar_msgs/msg'...
[6.304s] -- Up-to-date: /home/yoon/xycar_ws/install/xycar_msgs/lib/libxycar_msgs__rosidl_generator_py.so
[6.305s] -- Up-to-date: /home/yoon/xycar_ws/install/xycar_msgs/share/xycar_msgs/cmake/export_xycar_msgs__rosidl_generator_cExport.cmake
[6.305s] -- Up-to-date: /home/yoon/xycar_ws/install/xycar_msgs/share/xycar_msgs/cmake/export_xycar_msgs__rosidl_generator_cExport-noconfig.cmake
[6.308s] -- Up-to-date: /home/yoon/xycar_ws/install/xycar_msgs/share/xycar_msgs/cmake/export_xycar_msgs__rosidl_typesupport_fastrtps_cExport.cmake
[6.308s] -- Up-to-date: /home/yoon/xycar_ws/install/xycar_msgs/share/xycar_msgs/cmake/export_xycar_msgs__rosidl_typesupport_fastrtps_cExport-noconfig.cmake
[6.309s] -- Up-to-date: /home/yoon/xycar_ws/install/xycar_msgs/share/xycar_msgs/cmake/xycar_msgs__rosidl_typesupport_introspection_cExport.cmake
[6.309s] -- Up-to-date: /home/yoon/xycar_ws/install/xycar_msgs/share/xycar_msgs/cmake/xycar_msgs__rosidl_typesupport_introspection_cExport-noconfig.cmake
[6.312s] -- Up-to-date: /home/yoon/xycar_ws/install/xycar_msgs/share/xycar_msgs/cmake/xycar_msgs__rosidl_typesupport_cExport.cmake
[6.312s] -- Up-to-date: /home/yoon/xycar_ws/install/xycar_msgs/share/xycar_msgs/cmake/xycar_msgs__rosidl_typesupport_cExport-noconfig.cmake
[6.313s] -- Up-to-date: /home/yoon/xycar_ws/install/xycar_msgs/share/xycar_msgs/cmake/export_xycar_msgs__rosidl_generator_cppExport.cmake
[6.315s] -- Up-to-date: /home/yoon/xycar_ws/install/xycar_msgs/share/xycar_msgs/cmake/export_xycar_msgs__rosidl_typesupport_fastrtps_cppExport.cmake
[6.315s] -- Up-to-date: /home/yoon/xycar_ws/install/xycar_msgs/share/xycar_msgs/cmake/export_xycar_msgs__rosidl_typesupport_fastrtps_cppExport-noconfig.cmake
[6.316s] -- Up-to-date: /home/yoon/xycar_ws/install/xycar_msgs/share/xycar_msgs/cmake/xycar_msgs__rosidl_typesupport_introspection_cppExport.cmake
[6.317s] -- Up-to-date: /home/yoon/xycar_ws/install/xycar_msgs/share/xycar_msgs/cmake/xycar_msgs__rosidl_typesupport_introspection_cppExport-noconfig.cmake
[6.318s] -- Up-to-date: /home/yoon/xycar_ws/install/xycar_msgs/share/xycar_msgs/cmake/xycar_msgs__rosidl_typesupport_cppExport.cmake
[6.318s] -- Up-to-date: /home/yoon/xycar_ws/install/xycar_msgs/share/xycar_msgs/cmake/xycar_msgs__rosidl_typesupport_cppExport-noconfig.cmake
[6.320s] -- Up-to-date: /home/yoon/xycar_ws/install/xycar_msgs/share/xycar_msgs/cmake/export_xycar_msgs__rosidl_generator_pyExport.cmake
[6.320s] -- Up-to-date: /home/yoon/xycar_ws/install/xycar_msgs/share/xycar_msgs/cmake/export_xycar_msgs__rosidl_generator_pyExport-noconfig.cmake
[6.327s] Invoked command in '/home/yoon/xycar_ws/build/xycar_msgs' returned '0': CMAKE_PREFIX_PATH=${CMAKE_PREFIX_PATH}:/home/yoon/xycar_ws/install/my_lidar:/home/yoon/xycar_ws/install/my_cam:/home/yoon/xycar_ws/install/kookmin9_viewer:/home/yoon/xycar_ws/install/track_drive:/home/yoon/xycar_ws/install/ros_tcp_endpoint:/home/yoon/xycar_ws/install/my_motor:/home/yoon/xycar_ws/install/my_imu:/opt/ros/humble /usr/bin/cmake --install /home/yoon/xycar_ws/build/xycar_msgs
