[0.225s] DEBUG:colcon:Command line arguments: ['/usr/bin/colcon', 'build', '--symlink-install']
[0.225s] DEBUG:colcon:Parsed command line arguments: Namespace(log_base=None, log_level=None, verb_name='build', build_base='build', install_base='install', merge_install=False, symlink_install=True, test_result_base=None, continue_on_error=False, executor='parallel', parallel_workers=12, event_handlers=None, ignore_user_meta=False, metas=['./colcon.meta'], base_paths=['.'], packages_ignore=None, packages_ignore_regex=None, paths=None, packages_up_to=None, packages_up_to_regex=None, packages_above=None, packages_above_and_dependencies=None, packages_above_depth=None, packages_select_by_dep=None, packages_skip_by_dep=None, packages_skip_up_to=None, packages_select_build_failed=False, packages_skip_build_finished=False, packages_select_test_failures=False, packages_skip_test_passed=False, packages_select=None, packages_skip=None, packages_select_regex=None, packages_skip_regex=None, packages_start=None, packages_end=None, allow_overriding=[], cmake_args=None, cmake_target=None, cmake_target_skip_unavailable=False, cmake_clean_cache=False, cmake_clean_first=False, cmake_force_configure=False, ament_cmake_args=None, catkin_cmake_args=None, catkin_skip_building_tests=False, verb_parser=<colcon_defaults.argument_parser.defaults.DefaultArgumentsDecorator object at 0x7c3cd4b1b6d0>, verb_extension=<colcon_core.verb.build.BuildVerb object at 0x7c3cd4c64a60>, main=<bound method BuildVerb.main of <colcon_core.verb.build.BuildVerb object at 0x7c3cd4c64a60>>)
[0.451s] Level 1:colcon.colcon_core.package_discovery:discover_packages(colcon_meta) check parameters
[0.451s] Level 1:colcon.colcon_core.package_discovery:discover_packages(recursive) check parameters
[0.451s] Level 1:colcon.colcon_core.package_discovery:discover_packages(ignore) check parameters
[0.451s] Level 1:colcon.colcon_core.package_discovery:discover_packages(path) check parameters
[0.451s] Level 1:colcon.colcon_core.package_discovery:discover_packages(colcon_meta) discover
[0.451s] Level 1:colcon.colcon_core.package_discovery:discover_packages(recursive) discover
[0.451s] INFO:colcon.colcon_core.package_discovery:Crawling recursively for packages in '/home/yoon/xycar_ws'
[0.452s] Level 1:colcon.colcon_core.package_identification:_identify(.) by extensions ['ignore', 'ignore_ament_install']
[0.452s] Level 1:colcon.colcon_core.package_identification:_identify(.) by extension 'ignore'
[0.452s] Level 1:colcon.colcon_core.package_identification:_identify(.) by extension 'ignore_ament_install'
[0.452s] Level 1:colcon.colcon_core.package_identification:_identify(.) by extensions ['colcon_pkg']
[0.452s] Level 1:colcon.colcon_core.package_identification:_identify(.) by extension 'colcon_pkg'
[0.452s] Level 1:colcon.colcon_core.package_identification:_identify(.) by extensions ['colcon_meta']
[0.452s] Level 1:colcon.colcon_core.package_identification:_identify(.) by extension 'colcon_meta'
[0.452s] Level 1:colcon.colcon_core.package_identification:_identify(.) by extensions ['ros']
[0.452s] Level 1:colcon.colcon_core.package_identification:_identify(.) by extension 'ros'
[0.464s] Level 1:colcon.colcon_core.package_identification:_identify(.) by extensions ['cmake', 'python']
[0.464s] Level 1:colcon.colcon_core.package_identification:_identify(.) by extension 'cmake'
[0.464s] Level 1:colcon.colcon_core.package_identification:_identify(.) by extension 'python'
[0.464s] Level 1:colcon.colcon_core.package_identification:_identify(.) by extensions ['python_setup_py']
[0.464s] Level 1:colcon.colcon_core.package_identification:_identify(.) by extension 'python_setup_py'
[0.464s] Level 1:colcon.colcon_core.package_identification:_identify(build) by extensions ['ignore', 'ignore_ament_install']
[0.464s] Level 1:colcon.colcon_core.package_identification:_identify(build) by extension 'ignore'
[0.464s] Level 1:colcon.colcon_core.package_identification:_identify(build) ignored
[0.464s] Level 1:colcon.colcon_core.package_identification:_identify(install) by extensions ['ignore', 'ignore_ament_install']
[0.464s] Level 1:colcon.colcon_core.package_identification:_identify(install) by extension 'ignore'
[0.464s] Level 1:colcon.colcon_core.package_identification:_identify(install) ignored
[0.465s] Level 1:colcon.colcon_core.package_identification:_identify(log) by extensions ['ignore', 'ignore_ament_install']
[0.465s] Level 1:colcon.colcon_core.package_identification:_identify(log) by extension 'ignore'
[0.465s] Level 1:colcon.colcon_core.package_identification:_identify(log) ignored
[0.465s] Level 1:colcon.colcon_core.package_identification:_identify(src) by extensions ['ignore', 'ignore_ament_install']
[0.465s] Level 1:colcon.colcon_core.package_identification:_identify(src) by extension 'ignore'
[0.465s] Level 1:colcon.colcon_core.package_identification:_identify(src) by extension 'ignore_ament_install'
[0.465s] Level 1:colcon.colcon_core.package_identification:_identify(src) by extensions ['colcon_pkg']
[0.465s] Level 1:colcon.colcon_core.package_identification:_identify(src) by extension 'colcon_pkg'
[0.465s] Level 1:colcon.colcon_core.package_identification:_identify(src) by extensions ['colcon_meta']
[0.465s] Level 1:colcon.colcon_core.package_identification:_identify(src) by extension 'colcon_meta'
[0.465s] Level 1:colcon.colcon_core.package_identification:_identify(src) by extensions ['ros']
[0.465s] Level 1:colcon.colcon_core.package_identification:_identify(src) by extension 'ros'
[0.465s] Level 1:colcon.colcon_core.package_identification:_identify(src) by extensions ['cmake', 'python']
[0.465s] Level 1:colcon.colcon_core.package_identification:_identify(src) by extension 'cmake'
[0.465s] Level 1:colcon.colcon_core.package_identification:_identify(src) by extension 'python'
[0.465s] Level 1:colcon.colcon_core.package_identification:_identify(src) by extensions ['python_setup_py']
[0.465s] Level 1:colcon.colcon_core.package_identification:_identify(src) by extension 'python_setup_py'
[0.465s] Level 1:colcon.colcon_core.package_identification:_identify(src/ROS-TCP-Endpoint-main-ros2) by extensions ['ignore', 'ignore_ament_install']
[0.465s] Level 1:colcon.colcon_core.package_identification:_identify(src/ROS-TCP-Endpoint-main-ros2) by extension 'ignore'
[0.466s] Level 1:colcon.colcon_core.package_identification:_identify(src/ROS-TCP-Endpoint-main-ros2) by extension 'ignore_ament_install'
[0.466s] Level 1:colcon.colcon_core.package_identification:_identify(src/ROS-TCP-Endpoint-main-ros2) by extensions ['colcon_pkg']
[0.466s] Level 1:colcon.colcon_core.package_identification:_identify(src/ROS-TCP-Endpoint-main-ros2) by extension 'colcon_pkg'
[0.466s] Level 1:colcon.colcon_core.package_identification:_identify(src/ROS-TCP-Endpoint-main-ros2) by extensions ['colcon_meta']
[0.466s] Level 1:colcon.colcon_core.package_identification:_identify(src/ROS-TCP-Endpoint-main-ros2) by extension 'colcon_meta'
[0.466s] Level 1:colcon.colcon_core.package_identification:_identify(src/ROS-TCP-Endpoint-main-ros2) by extensions ['ros']
[0.466s] Level 1:colcon.colcon_core.package_identification:_identify(src/ROS-TCP-Endpoint-main-ros2) by extension 'ros'
[0.468s] DEBUG:colcon.colcon_core.package_identification:Package 'src/ROS-TCP-Endpoint-main-ros2' with type 'ros.ament_python' and name 'ros_tcp_endpoint'
[0.468s] Level 1:colcon.colcon_core.package_identification:_identify(src/kookmin9_viewer) by extensions ['ignore', 'ignore_ament_install']
[0.469s] Level 1:colcon.colcon_core.package_identification:_identify(src/kookmin9_viewer) by extension 'ignore'
[0.469s] Level 1:colcon.colcon_core.package_identification:_identify(src/kookmin9_viewer) by extension 'ignore_ament_install'
[0.469s] Level 1:colcon.colcon_core.package_identification:_identify(src/kookmin9_viewer) by extensions ['colcon_pkg']
[0.469s] Level 1:colcon.colcon_core.package_identification:_identify(src/kookmin9_viewer) by extension 'colcon_pkg'
[0.469s] Level 1:colcon.colcon_core.package_identification:_identify(src/kookmin9_viewer) by extensions ['colcon_meta']
[0.469s] Level 1:colcon.colcon_core.package_identification:_identify(src/kookmin9_viewer) by extension 'colcon_meta'
[0.469s] Level 1:colcon.colcon_core.package_identification:_identify(src/kookmin9_viewer) by extensions ['ros']
[0.469s] Level 1:colcon.colcon_core.package_identification:_identify(src/kookmin9_viewer) by extension 'ros'
[0.470s] DEBUG:colcon.colcon_core.package_identification:Package 'src/kookmin9_viewer' with type 'ros.ament_python' and name 'kookmin9_viewer'
[0.470s] Level 1:colcon.colcon_core.package_identification:_identify(src/my_cam) by extensions ['ignore', 'ignore_ament_install']
[0.470s] Level 1:colcon.colcon_core.package_identification:_identify(src/my_cam) by extension 'ignore'
[0.470s] Level 1:colcon.colcon_core.package_identification:_identify(src/my_cam) by extension 'ignore_ament_install'
[0.470s] Level 1:colcon.colcon_core.package_identification:_identify(src/my_cam) by extensions ['colcon_pkg']
[0.470s] Level 1:colcon.colcon_core.package_identification:_identify(src/my_cam) by extension 'colcon_pkg'
[0.470s] Level 1:colcon.colcon_core.package_identification:_identify(src/my_cam) by extensions ['colcon_meta']
[0.470s] Level 1:colcon.colcon_core.package_identification:_identify(src/my_cam) by extension 'colcon_meta'
[0.470s] Level 1:colcon.colcon_core.package_identification:_identify(src/my_cam) by extensions ['ros']
[0.470s] Level 1:colcon.colcon_core.package_identification:_identify(src/my_cam) by extension 'ros'
[0.471s] DEBUG:colcon.colcon_core.package_identification:Package 'src/my_cam' with type 'ros.ament_python' and name 'my_cam'
[0.471s] Level 1:colcon.colcon_core.package_identification:_identify(src/my_imu) by extensions ['ignore', 'ignore_ament_install']
[0.471s] Level 1:colcon.colcon_core.package_identification:_identify(src/my_imu) by extension 'ignore'
[0.471s] Level 1:colcon.colcon_core.package_identification:_identify(src/my_imu) by extension 'ignore_ament_install'
[0.471s] Level 1:colcon.colcon_core.package_identification:_identify(src/my_imu) by extensions ['colcon_pkg']
[0.471s] Level 1:colcon.colcon_core.package_identification:_identify(src/my_imu) by extension 'colcon_pkg'
[0.471s] Level 1:colcon.colcon_core.package_identification:_identify(src/my_imu) by extensions ['colcon_meta']
[0.471s] Level 1:colcon.colcon_core.package_identification:_identify(src/my_imu) by extension 'colcon_meta'
[0.471s] Level 1:colcon.colcon_core.package_identification:_identify(src/my_imu) by extensions ['ros']
[0.471s] Level 1:colcon.colcon_core.package_identification:_identify(src/my_imu) by extension 'ros'
[0.472s] DEBUG:colcon.colcon_core.package_identification:Package 'src/my_imu' with type 'ros.ament_python' and name 'my_imu'
[0.472s] Level 1:colcon.colcon_core.package_identification:_identify(src/my_lidar) by extensions ['ignore', 'ignore_ament_install']
[0.472s] Level 1:colcon.colcon_core.package_identification:_identify(src/my_lidar) by extension 'ignore'
[0.472s] Level 1:colcon.colcon_core.package_identification:_identify(src/my_lidar) by extension 'ignore_ament_install'
[0.472s] Level 1:colcon.colcon_core.package_identification:_identify(src/my_lidar) by extensions ['colcon_pkg']
[0.472s] Level 1:colcon.colcon_core.package_identification:_identify(src/my_lidar) by extension 'colcon_pkg'
[0.472s] Level 1:colcon.colcon_core.package_identification:_identify(src/my_lidar) by extensions ['colcon_meta']
[0.472s] Level 1:colcon.colcon_core.package_identification:_identify(src/my_lidar) by extension 'colcon_meta'
[0.472s] Level 1:colcon.colcon_core.package_identification:_identify(src/my_lidar) by extensions ['ros']
[0.472s] Level 1:colcon.colcon_core.package_identification:_identify(src/my_lidar) by extension 'ros'
[0.473s] DEBUG:colcon.colcon_core.package_identification:Package 'src/my_lidar' with type 'ros.ament_python' and name 'my_lidar'
[0.473s] Level 1:colcon.colcon_core.package_identification:_identify(src/my_motor) by extensions ['ignore', 'ignore_ament_install']
[0.473s] Level 1:colcon.colcon_core.package_identification:_identify(src/my_motor) by extension 'ignore'
[0.473s] Level 1:colcon.colcon_core.package_identification:_identify(src/my_motor) by extension 'ignore_ament_install'
[0.473s] Level 1:colcon.colcon_core.package_identification:_identify(src/my_motor) by extensions ['colcon_pkg']
[0.473s] Level 1:colcon.colcon_core.package_identification:_identify(src/my_motor) by extension 'colcon_pkg'
[0.473s] Level 1:colcon.colcon_core.package_identification:_identify(src/my_motor) by extensions ['colcon_meta']
[0.473s] Level 1:colcon.colcon_core.package_identification:_identify(src/my_motor) by extension 'colcon_meta'
[0.473s] Level 1:colcon.colcon_core.package_identification:_identify(src/my_motor) by extensions ['ros']
[0.473s] Level 1:colcon.colcon_core.package_identification:_identify(src/my_motor) by extension 'ros'
[0.474s] DEBUG:colcon.colcon_core.package_identification:Package 'src/my_motor' with type 'ros.ament_python' and name 'my_motor'
[0.474s] Level 1:colcon.colcon_core.package_identification:_identify(src/track_drive) by extensions ['ignore', 'ignore_ament_install']
[0.474s] Level 1:colcon.colcon_core.package_identification:_identify(src/track_drive) by extension 'ignore'
[0.474s] Level 1:colcon.colcon_core.package_identification:_identify(src/track_drive) by extension 'ignore_ament_install'
[0.474s] Level 1:colcon.colcon_core.package_identification:_identify(src/track_drive) by extensions ['colcon_pkg']
[0.474s] Level 1:colcon.colcon_core.package_identification:_identify(src/track_drive) by extension 'colcon_pkg'
[0.474s] Level 1:colcon.colcon_core.package_identification:_identify(src/track_drive) by extensions ['colcon_meta']
[0.474s] Level 1:colcon.colcon_core.package_identification:_identify(src/track_drive) by extension 'colcon_meta'
[0.474s] Level 1:colcon.colcon_core.package_identification:_identify(src/track_drive) by extensions ['ros']
[0.474s] Level 1:colcon.colcon_core.package_identification:_identify(src/track_drive) by extension 'ros'
[0.475s] DEBUG:colcon.colcon_core.package_identification:Package 'src/track_drive' with type 'ros.ament_python' and name 'track_drive'
[0.475s] Level 1:colcon.colcon_core.package_identification:_identify(src/xycar_msgs) by extensions ['ignore', 'ignore_ament_install']
[0.475s] Level 1:colcon.colcon_core.package_identification:_identify(src/xycar_msgs) by extension 'ignore'
[0.475s] Level 1:colcon.colcon_core.package_identification:_identify(src/xycar_msgs) by extension 'ignore_ament_install'
[0.475s] Level 1:colcon.colcon_core.package_identification:_identify(src/xycar_msgs) by extensions ['colcon_pkg']
[0.475s] Level 1:colcon.colcon_core.package_identification:_identify(src/xycar_msgs) by extension 'colcon_pkg'
[0.475s] Level 1:colcon.colcon_core.package_identification:_identify(src/xycar_msgs) by extensions ['colcon_meta']
[0.475s] Level 1:colcon.colcon_core.package_identification:_identify(src/xycar_msgs) by extension 'colcon_meta'
[0.475s] Level 1:colcon.colcon_core.package_identification:_identify(src/xycar_msgs) by extensions ['ros']
[0.475s] Level 1:colcon.colcon_core.package_identification:_identify(src/xycar_msgs) by extension 'ros'
[0.476s] DEBUG:colcon.colcon_core.package_identification:Package 'src/xycar_msgs' with type 'ros.ament_cmake' and name 'xycar_msgs'
[0.476s] Level 1:colcon.colcon_core.package_discovery:discover_packages(recursive) using defaults
[0.476s] Level 1:colcon.colcon_core.package_discovery:discover_packages(ignore) discover
[0.476s] Level 1:colcon.colcon_core.package_discovery:discover_packages(ignore) using defaults
[0.476s] Level 1:colcon.colcon_core.package_discovery:discover_packages(path) discover
[0.476s] Level 1:colcon.colcon_core.package_discovery:discover_packages(path) using defaults
[0.498s] Level 1:colcon.colcon_core.package_discovery:discover_packages(prefix_path) check parameters
[0.498s] Level 1:colcon.colcon_core.package_discovery:discover_packages(prefix_path) discover
[0.502s] DEBUG:colcon.colcon_installed_package_information.package_discovery:Found 273 installed packages in /opt/ros/humble
[0.514s] Level 1:colcon.colcon_core.package_discovery:discover_packages(prefix_path) using defaults
[0.555s] Level 5:colcon.colcon_core.verb:set package 'my_imu' build argument 'cmake_args' from command line to 'None'
[0.555s] Level 5:colcon.colcon_core.verb:set package 'my_imu' build argument 'cmake_target' from command line to 'None'
[0.555s] Level 5:colcon.colcon_core.verb:set package 'my_imu' build argument 'cmake_target_skip_unavailable' from command line to 'False'
[0.555s] Level 5:colcon.colcon_core.verb:set package 'my_imu' build argument 'cmake_clean_cache' from command line to 'False'
[0.555s] Level 5:colcon.colcon_core.verb:set package 'my_imu' build argument 'cmake_clean_first' from command line to 'False'
[0.555s] Level 5:colcon.colcon_core.verb:set package 'my_imu' build argument 'cmake_force_configure' from command line to 'False'
[0.555s] Level 5:colcon.colcon_core.verb:set package 'my_imu' build argument 'ament_cmake_args' from command line to 'None'
[0.555s] Level 5:colcon.colcon_core.verb:set package 'my_imu' build argument 'catkin_cmake_args' from command line to 'None'
[0.555s] Level 5:colcon.colcon_core.verb:set package 'my_imu' build argument 'catkin_skip_building_tests' from command line to 'False'
[0.555s] DEBUG:colcon.colcon_core.verb:Building package 'my_imu' with the following arguments: {'ament_cmake_args': None, 'build_base': '/home/yoon/xycar_ws/build/my_imu', 'catkin_cmake_args': None, 'catkin_skip_building_tests': False, 'cmake_args': None, 'cmake_clean_cache': False, 'cmake_clean_first': False, 'cmake_force_configure': False, 'cmake_target': None, 'cmake_target_skip_unavailable': False, 'install_base': '/home/yoon/xycar_ws/install/my_imu', 'merge_install': False, 'path': '/home/yoon/xycar_ws/src/my_imu', 'symlink_install': True, 'test_result_base': None}
[0.556s] Level 5:colcon.colcon_core.verb:set package 'my_motor' build argument 'cmake_args' from command line to 'None'
[0.556s] Level 5:colcon.colcon_core.verb:set package 'my_motor' build argument 'cmake_target' from command line to 'None'
[0.556s] Level 5:colcon.colcon_core.verb:set package 'my_motor' build argument 'cmake_target_skip_unavailable' from command line to 'False'
[0.556s] Level 5:colcon.colcon_core.verb:set package 'my_motor' build argument 'cmake_clean_cache' from command line to 'False'
[0.556s] Level 5:colcon.colcon_core.verb:set package 'my_motor' build argument 'cmake_clean_first' from command line to 'False'
[0.556s] Level 5:colcon.colcon_core.verb:set package 'my_motor' build argument 'cmake_force_configure' from command line to 'False'
[0.556s] Level 5:colcon.colcon_core.verb:set package 'my_motor' build argument 'ament_cmake_args' from command line to 'None'
[0.556s] Level 5:colcon.colcon_core.verb:set package 'my_motor' build argument 'catkin_cmake_args' from command line to 'None'
[0.556s] Level 5:colcon.colcon_core.verb:set package 'my_motor' build argument 'catkin_skip_building_tests' from command line to 'False'
[0.556s] DEBUG:colcon.colcon_core.verb:Building package 'my_motor' with the following arguments: {'ament_cmake_args': None, 'build_base': '/home/yoon/xycar_ws/build/my_motor', 'catkin_cmake_args': None, 'catkin_skip_building_tests': False, 'cmake_args': None, 'cmake_clean_cache': False, 'cmake_clean_first': False, 'cmake_force_configure': False, 'cmake_target': None, 'cmake_target_skip_unavailable': False, 'install_base': '/home/yoon/xycar_ws/install/my_motor', 'merge_install': False, 'path': '/home/yoon/xycar_ws/src/my_motor', 'symlink_install': True, 'test_result_base': None}
[0.556s] Level 5:colcon.colcon_core.verb:set package 'ros_tcp_endpoint' build argument 'cmake_args' from command line to 'None'
[0.556s] Level 5:colcon.colcon_core.verb:set package 'ros_tcp_endpoint' build argument 'cmake_target' from command line to 'None'
[0.556s] Level 5:colcon.colcon_core.verb:set package 'ros_tcp_endpoint' build argument 'cmake_target_skip_unavailable' from command line to 'False'
[0.556s] Level 5:colcon.colcon_core.verb:set package 'ros_tcp_endpoint' build argument 'cmake_clean_cache' from command line to 'False'
[0.557s] Level 5:colcon.colcon_core.verb:set package 'ros_tcp_endpoint' build argument 'cmake_clean_first' from command line to 'False'
[0.557s] Level 5:colcon.colcon_core.verb:set package 'ros_tcp_endpoint' build argument 'cmake_force_configure' from command line to 'False'
[0.557s] Level 5:colcon.colcon_core.verb:set package 'ros_tcp_endpoint' build argument 'ament_cmake_args' from command line to 'None'
[0.557s] Level 5:colcon.colcon_core.verb:set package 'ros_tcp_endpoint' build argument 'catkin_cmake_args' from command line to 'None'
[0.557s] Level 5:colcon.colcon_core.verb:set package 'ros_tcp_endpoint' build argument 'catkin_skip_building_tests' from command line to 'False'
[0.557s] DEBUG:colcon.colcon_core.verb:Building package 'ros_tcp_endpoint' with the following arguments: {'ament_cmake_args': None, 'build_base': '/home/yoon/xycar_ws/build/ros_tcp_endpoint', 'catkin_cmake_args': None, 'catkin_skip_building_tests': False, 'cmake_args': None, 'cmake_clean_cache': False, 'cmake_clean_first': False, 'cmake_force_configure': False, 'cmake_target': None, 'cmake_target_skip_unavailable': False, 'install_base': '/home/yoon/xycar_ws/install/ros_tcp_endpoint', 'merge_install': False, 'path': '/home/yoon/xycar_ws/src/ROS-TCP-Endpoint-main-ros2', 'symlink_install': True, 'test_result_base': None}
[0.557s] Level 5:colcon.colcon_core.verb:set package 'track_drive' build argument 'cmake_args' from command line to 'None'
[0.557s] Level 5:colcon.colcon_core.verb:set package 'track_drive' build argument 'cmake_target' from command line to 'None'
[0.557s] Level 5:colcon.colcon_core.verb:set package 'track_drive' build argument 'cmake_target_skip_unavailable' from command line to 'False'
[0.557s] Level 5:colcon.colcon_core.verb:set package 'track_drive' build argument 'cmake_clean_cache' from command line to 'False'
[0.557s] Level 5:colcon.colcon_core.verb:set package 'track_drive' build argument 'cmake_clean_first' from command line to 'False'
[0.557s] Level 5:colcon.colcon_core.verb:set package 'track_drive' build argument 'cmake_force_configure' from command line to 'False'
[0.557s] Level 5:colcon.colcon_core.verb:set package 'track_drive' build argument 'ament_cmake_args' from command line to 'None'
[0.557s] Level 5:colcon.colcon_core.verb:set package 'track_drive' build argument 'catkin_cmake_args' from command line to 'None'
[0.557s] Level 5:colcon.colcon_core.verb:set package 'track_drive' build argument 'catkin_skip_building_tests' from command line to 'False'
[0.557s] DEBUG:colcon.colcon_core.verb:Building package 'track_drive' with the following arguments: {'ament_cmake_args': None, 'build_base': '/home/yoon/xycar_ws/build/track_drive', 'catkin_cmake_args': None, 'catkin_skip_building_tests': False, 'cmake_args': None, 'cmake_clean_cache': False, 'cmake_clean_first': False, 'cmake_force_configure': False, 'cmake_target': None, 'cmake_target_skip_unavailable': False, 'install_base': '/home/yoon/xycar_ws/install/track_drive', 'merge_install': False, 'path': '/home/yoon/xycar_ws/src/track_drive', 'symlink_install': True, 'test_result_base': None}
[0.558s] Level 5:colcon.colcon_core.verb:set package 'xycar_msgs' build argument 'cmake_args' from command line to 'None'
[0.558s] Level 5:colcon.colcon_core.verb:set package 'xycar_msgs' build argument 'cmake_target' from command line to 'None'
[0.558s] Level 5:colcon.colcon_core.verb:set package 'xycar_msgs' build argument 'cmake_target_skip_unavailable' from command line to 'False'
[0.558s] Level 5:colcon.colcon_core.verb:set package 'xycar_msgs' build argument 'cmake_clean_cache' from command line to 'False'
[0.558s] Level 5:colcon.colcon_core.verb:set package 'xycar_msgs' build argument 'cmake_clean_first' from command line to 'False'
[0.558s] Level 5:colcon.colcon_core.verb:set package 'xycar_msgs' build argument 'cmake_force_configure' from command line to 'False'
[0.558s] Level 5:colcon.colcon_core.verb:set package 'xycar_msgs' build argument 'ament_cmake_args' from command line to 'None'
[0.558s] Level 5:colcon.colcon_core.verb:set package 'xycar_msgs' build argument 'catkin_cmake_args' from command line to 'None'
[0.558s] Level 5:colcon.colcon_core.verb:set package 'xycar_msgs' build argument 'catkin_skip_building_tests' from command line to 'False'
[0.558s] DEBUG:colcon.colcon_core.verb:Building package 'xycar_msgs' with the following arguments: {'ament_cmake_args': None, 'build_base': '/home/yoon/xycar_ws/build/xycar_msgs', 'catkin_cmake_args': None, 'catkin_skip_building_tests': False, 'cmake_args': None, 'cmake_clean_cache': False, 'cmake_clean_first': False, 'cmake_force_configure': False, 'cmake_target': None, 'cmake_target_skip_unavailable': False, 'install_base': '/home/yoon/xycar_ws/install/xycar_msgs', 'merge_install': False, 'path': '/home/yoon/xycar_ws/src/xycar_msgs', 'symlink_install': True, 'test_result_base': None}
[0.558s] Level 5:colcon.colcon_core.verb:set package 'kookmin9_viewer' build argument 'cmake_args' from command line to 'None'
[0.558s] Level 5:colcon.colcon_core.verb:set package 'kookmin9_viewer' build argument 'cmake_target' from command line to 'None'
[0.558s] Level 5:colcon.colcon_core.verb:set package 'kookmin9_viewer' build argument 'cmake_target_skip_unavailable' from command line to 'False'
[0.558s] Level 5:colcon.colcon_core.verb:set package 'kookmin9_viewer' build argument 'cmake_clean_cache' from command line to 'False'
[0.558s] Level 5:colcon.colcon_core.verb:set package 'kookmin9_viewer' build argument 'cmake_clean_first' from command line to 'False'
[0.558s] Level 5:colcon.colcon_core.verb:set package 'kookmin9_viewer' build argument 'cmake_force_configure' from command line to 'False'
[0.558s] Level 5:colcon.colcon_core.verb:set package 'kookmin9_viewer' build argument 'ament_cmake_args' from command line to 'None'
[0.558s] Level 5:colcon.colcon_core.verb:set package 'kookmin9_viewer' build argument 'catkin_cmake_args' from command line to 'None'
[0.558s] Level 5:colcon.colcon_core.verb:set package 'kookmin9_viewer' build argument 'catkin_skip_building_tests' from command line to 'False'
[0.558s] DEBUG:colcon.colcon_core.verb:Building package 'kookmin9_viewer' with the following arguments: {'ament_cmake_args': None, 'build_base': '/home/yoon/xycar_ws/build/kookmin9_viewer', 'catkin_cmake_args': None, 'catkin_skip_building_tests': False, 'cmake_args': None, 'cmake_clean_cache': False, 'cmake_clean_first': False, 'cmake_force_configure': False, 'cmake_target': None, 'cmake_target_skip_unavailable': False, 'install_base': '/home/yoon/xycar_ws/install/kookmin9_viewer', 'merge_install': False, 'path': '/home/yoon/xycar_ws/src/kookmin9_viewer', 'symlink_install': True, 'test_result_base': None}
[0.559s] Level 5:colcon.colcon_core.verb:set package 'my_cam' build argument 'cmake_args' from command line to 'None'
[0.559s] Level 5:colcon.colcon_core.verb:set package 'my_cam' build argument 'cmake_target' from command line to 'None'
[0.559s] Level 5:colcon.colcon_core.verb:set package 'my_cam' build argument 'cmake_target_skip_unavailable' from command line to 'False'
[0.559s] Level 5:colcon.colcon_core.verb:set package 'my_cam' build argument 'cmake_clean_cache' from command line to 'False'
[0.559s] Level 5:colcon.colcon_core.verb:set package 'my_cam' build argument 'cmake_clean_first' from command line to 'False'
[0.559s] Level 5:colcon.colcon_core.verb:set package 'my_cam' build argument 'cmake_force_configure' from command line to 'False'
[0.559s] Level 5:colcon.colcon_core.verb:set package 'my_cam' build argument 'ament_cmake_args' from command line to 'None'
[0.559s] Level 5:colcon.colcon_core.verb:set package 'my_cam' build argument 'catkin_cmake_args' from command line to 'None'
[0.559s] Level 5:colcon.colcon_core.verb:set package 'my_cam' build argument 'catkin_skip_building_tests' from command line to 'False'
[0.559s] DEBUG:colcon.colcon_core.verb:Building package 'my_cam' with the following arguments: {'ament_cmake_args': None, 'build_base': '/home/yoon/xycar_ws/build/my_cam', 'catkin_cmake_args': None, 'catkin_skip_building_tests': False, 'cmake_args': None, 'cmake_clean_cache': False, 'cmake_clean_first': False, 'cmake_force_configure': False, 'cmake_target': None, 'cmake_target_skip_unavailable': False, 'install_base': '/home/yoon/xycar_ws/install/my_cam', 'merge_install': False, 'path': '/home/yoon/xycar_ws/src/my_cam', 'symlink_install': True, 'test_result_base': None}
[0.559s] Level 5:colcon.colcon_core.verb:set package 'my_lidar' build argument 'cmake_args' from command line to 'None'
[0.559s] Level 5:colcon.colcon_core.verb:set package 'my_lidar' build argument 'cmake_target' from command line to 'None'
[0.559s] Level 5:colcon.colcon_core.verb:set package 'my_lidar' build argument 'cmake_target_skip_unavailable' from command line to 'False'
[0.559s] Level 5:colcon.colcon_core.verb:set package 'my_lidar' build argument 'cmake_clean_cache' from command line to 'False'
[0.559s] Level 5:colcon.colcon_core.verb:set package 'my_lidar' build argument 'cmake_clean_first' from command line to 'False'
[0.560s] Level 5:colcon.colcon_core.verb:set package 'my_lidar' build argument 'cmake_force_configure' from command line to 'False'
[0.560s] Level 5:colcon.colcon_core.verb:set package 'my_lidar' build argument 'ament_cmake_args' from command line to 'None'
[0.560s] Level 5:colcon.colcon_core.verb:set package 'my_lidar' build argument 'catkin_cmake_args' from command line to 'None'
[0.560s] Level 5:colcon.colcon_core.verb:set package 'my_lidar' build argument 'catkin_skip_building_tests' from command line to 'False'
[0.560s] DEBUG:colcon.colcon_core.verb:Building package 'my_lidar' with the following arguments: {'ament_cmake_args': None, 'build_base': '/home/yoon/xycar_ws/build/my_lidar', 'catkin_cmake_args': None, 'catkin_skip_building_tests': False, 'cmake_args': None, 'cmake_clean_cache': False, 'cmake_clean_first': False, 'cmake_force_configure': False, 'cmake_target': None, 'cmake_target_skip_unavailable': False, 'install_base': '/home/yoon/xycar_ws/install/my_lidar', 'merge_install': False, 'path': '/home/yoon/xycar_ws/src/my_lidar', 'symlink_install': True, 'test_result_base': None}
[0.560s] INFO:colcon.colcon_core.executor:Executing jobs using 'parallel' executor
[0.561s] DEBUG:colcon.colcon_parallel_executor.executor.parallel:run_until_complete
[0.561s] INFO:colcon.colcon_ros.task.ament_cmake.build:Building ROS package in '/home/yoon/xycar_ws/src/xycar_msgs' with build type 'ament_cmake'
[0.562s] INFO:colcon.colcon_cmake.task.cmake.build:Building CMake package in '/home/yoon/xycar_ws/src/xycar_msgs'
[0.565s] INFO:colcon.colcon_core.plugin_system:Skipping extension 'colcon_core.shell.bat': Not used on non-Windows systems
[0.565s] INFO:colcon.colcon_core.shell:Skip shell extension 'powershell' for command environment: Not usable outside of PowerShell
[0.565s] DEBUG:colcon.colcon_core.shell:Skip shell extension 'dsv' for command environment
[0.568s] INFO:colcon.colcon_ros.task.ament_python.build:Building ROS package in '/home/yoon/xycar_ws/src/my_imu' with build type 'ament_python'
[0.569s] Level 1:colcon.colcon_core.shell:create_environment_hook('my_imu', 'ament_prefix_path')
[0.569s] INFO:colcon.colcon_core.shell:Creating environment hook '/home/yoon/xycar_ws/install/my_imu/share/my_imu/hook/ament_prefix_path.ps1'
[0.570s] INFO:colcon.colcon_core.shell:Creating environment descriptor '/home/yoon/xycar_ws/install/my_imu/share/my_imu/hook/ament_prefix_path.dsv'
[0.570s] INFO:colcon.colcon_core.shell:Creating environment hook '/home/yoon/xycar_ws/install/my_imu/share/my_imu/hook/ament_prefix_path.sh'
[0.571s] INFO:colcon.colcon_core.shell:Skip shell extension 'powershell' for command environment: Not usable outside of PowerShell
[0.571s] DEBUG:colcon.colcon_core.shell:Skip shell extension 'dsv' for command environment
[0.574s] INFO:colcon.colcon_ros.task.ament_python.build:Building ROS package in '/home/yoon/xycar_ws/src/my_motor' with build type 'ament_python'
[0.574s] Level 1:colcon.colcon_core.shell:create_environment_hook('my_motor', 'ament_prefix_path')
[0.575s] INFO:colcon.colcon_core.shell:Creating environment hook '/home/yoon/xycar_ws/install/my_motor/share/my_motor/hook/ament_prefix_path.ps1'
[0.576s] INFO:colcon.colcon_core.shell:Creating environment descriptor '/home/yoon/xycar_ws/install/my_motor/share/my_motor/hook/ament_prefix_path.dsv'
[0.576s] INFO:colcon.colcon_core.shell:Creating environment hook '/home/yoon/xycar_ws/install/my_motor/share/my_motor/hook/ament_prefix_path.sh'
[0.577s] INFO:colcon.colcon_core.shell:Skip shell extension 'powershell' for command environment: Not usable outside of PowerShell
[0.577s] DEBUG:colcon.colcon_core.shell:Skip shell extension 'dsv' for command environment
[0.581s] INFO:colcon.colcon_ros.task.ament_python.build:Building ROS package in '/home/yoon/xycar_ws/src/ROS-TCP-Endpoint-main-ros2' with build type 'ament_python'
[0.581s] Level 1:colcon.colcon_core.shell:create_environment_hook('ros_tcp_endpoint', 'ament_prefix_path')
[0.582s] INFO:colcon.colcon_core.shell:Creating environment hook '/home/yoon/xycar_ws/install/ros_tcp_endpoint/share/ros_tcp_endpoint/hook/ament_prefix_path.ps1'
[0.583s] INFO:colcon.colcon_core.shell:Creating environment descriptor '/home/yoon/xycar_ws/install/ros_tcp_endpoint/share/ros_tcp_endpoint/hook/ament_prefix_path.dsv'
[0.584s] INFO:colcon.colcon_core.shell:Creating environment hook '/home/yoon/xycar_ws/install/ros_tcp_endpoint/share/ros_tcp_endpoint/hook/ament_prefix_path.sh'
[0.584s] INFO:colcon.colcon_core.shell:Skip shell extension 'powershell' for command environment: Not usable outside of PowerShell
[0.584s] DEBUG:colcon.colcon_core.shell:Skip shell extension 'dsv' for command environment
[0.588s] INFO:colcon.colcon_ros.task.ament_python.build:Building ROS package in '/home/yoon/xycar_ws/src/track_drive' with build type 'ament_python'
[0.588s] Level 1:colcon.colcon_core.shell:create_environment_hook('track_drive', 'ament_prefix_path')
[0.588s] INFO:colcon.colcon_core.shell:Creating environment hook '/home/yoon/xycar_ws/install/track_drive/share/track_drive/hook/ament_prefix_path.ps1'
[0.589s] INFO:colcon.colcon_core.shell:Creating environment descriptor '/home/yoon/xycar_ws/install/track_drive/share/track_drive/hook/ament_prefix_path.dsv'
[0.589s] INFO:colcon.colcon_core.shell:Creating environment hook '/home/yoon/xycar_ws/install/track_drive/share/track_drive/hook/ament_prefix_path.sh'
[0.590s] INFO:colcon.colcon_core.shell:Skip shell extension 'powershell' for command environment: Not usable outside of PowerShell
[0.590s] DEBUG:colcon.colcon_core.shell:Skip shell extension 'dsv' for command environment
[0.599s] DEBUG:colcon.colcon_core.event_handler.log_command:Invoking command in '/home/yoon/xycar_ws/build/xycar_msgs': CMAKE_PREFIX_PATH=/opt/ros/humble /usr/bin/cmake /home/yoon/xycar_ws/src/xycar_msgs -DAMENT_CMAKE_SYMLINK_INSTALL=1 -DCMAKE_INSTALL_PREFIX=/home/yoon/xycar_ws/install/xycar_msgs
[0.883s] INFO:colcon.colcon_core.task.python.build:Building Python package in '/home/yoon/xycar_ws/src/my_imu'
[0.883s] INFO:colcon.colcon_core.shell:Skip shell extension 'powershell' for command environment: Not usable outside of PowerShell
[0.883s] DEBUG:colcon.colcon_core.shell:Skip shell extension 'dsv' for command environment
[1.169s] INFO:colcon.colcon_core.task.python.build:Building Python package in '/home/yoon/xycar_ws/src/my_motor'
[1.169s] INFO:colcon.colcon_core.shell:Skip shell extension 'powershell' for command environment: Not usable outside of PowerShell
[1.169s] DEBUG:colcon.colcon_core.shell:Skip shell extension 'dsv' for command environment
[1.461s] INFO:colcon.colcon_core.task.python.build:Building Python package in '/home/yoon/xycar_ws/src/ROS-TCP-Endpoint-main-ros2'
[1.462s] INFO:colcon.colcon_core.shell:Skip shell extension 'powershell' for command environment: Not usable outside of PowerShell
[1.462s] DEBUG:colcon.colcon_core.shell:Skip shell extension 'dsv' for command environment
[1.754s] INFO:colcon.colcon_core.task.python.build:Building Python package in '/home/yoon/xycar_ws/src/track_drive'
[1.754s] INFO:colcon.colcon_core.shell:Skip shell extension 'powershell' for command environment: Not usable outside of PowerShell
[1.754s] DEBUG:colcon.colcon_core.shell:Skip shell extension 'dsv' for command environment
[2.217s] DEBUG:colcon.colcon_core.event_handler.log_command:Invoking command in '/home/yoon/xycar_ws/build/ros_tcp_endpoint': PYTHONPATH=/home/yoon/xycar_ws/build/ros_tcp_endpoint/prefix_override:/usr/lib/python3/dist-packages/colcon_core/task/python/colcon_distutils_commands:/home/yoon/xycar_ws/install/ros_tcp_endpoint/lib/python3.10/site-packages:${PYTHONPATH} /usr/bin/python3 -W ignore:setup.py install is deprecated -W ignore:easy_install command is deprecated setup.py develop --editable --build-directory /home/yoon/xycar_ws/build/ros_tcp_endpoint/build --no-deps symlink_data
[2.252s] DEBUG:colcon.colcon_core.event_handler.log_command:Invoking command in '/home/yoon/xycar_ws/build/track_drive': PYTHONPATH=/home/yoon/xycar_ws/build/track_drive/prefix_override:/usr/lib/python3/dist-packages/colcon_core/task/python/colcon_distutils_commands:/home/yoon/xycar_ws/install/track_drive/lib/python3.10/site-packages:${PYTHONPATH} /usr/bin/python3 -W ignore:setup.py install is deprecated -W ignore:easy_install command is deprecated setup.py develop --editable --build-directory /home/yoon/xycar_ws/build/track_drive/build --no-deps symlink_data
[2.257s] DEBUG:colcon.colcon_core.event_handler.log_command:Invoking command in '/home/yoon/xycar_ws/build/my_imu': PYTHONPATH=/home/yoon/xycar_ws/build/my_imu/prefix_override:/usr/lib/python3/dist-packages/colcon_core/task/python/colcon_distutils_commands:/home/yoon/xycar_ws/install/my_imu/lib/python3.10/site-packages:${PYTHONPATH} /usr/bin/python3 -W ignore:setup.py install is deprecated -W ignore:easy_install command is deprecated setup.py develop --editable --build-directory /home/yoon/xycar_ws/build/my_imu/build --no-deps symlink_data
[2.267s] DEBUG:colcon.colcon_core.event_handler.log_command:Invoking command in '/home/yoon/xycar_ws/build/my_motor': PYTHONPATH=/home/yoon/xycar_ws/build/my_motor/prefix_override:/usr/lib/python3/dist-packages/colcon_core/task/python/colcon_distutils_commands:/home/yoon/xycar_ws/install/my_motor/lib/python3.10/site-packages:${PYTHONPATH} /usr/bin/python3 -W ignore:setup.py install is deprecated -W ignore:easy_install command is deprecated setup.py develop --editable --build-directory /home/yoon/xycar_ws/build/my_motor/build --no-deps symlink_data
[2.830s] Level 1:colcon.colcon_core.shell:create_environment_hook('my_imu', 'pythonpath_develop')
[2.830s] INFO:colcon.colcon_core.shell:Creating environment hook '/home/yoon/xycar_ws/build/my_imu/share/my_imu/hook/pythonpath_develop.ps1'
[2.831s] DEBUG:colcon.colcon_core.event_handler.log_command:Invoked command in '/home/yoon/xycar_ws/build/my_imu' returned '0': PYTHONPATH=/home/yoon/xycar_ws/build/my_imu/prefix_override:/usr/lib/python3/dist-packages/colcon_core/task/python/colcon_distutils_commands:/home/yoon/xycar_ws/install/my_imu/lib/python3.10/site-packages:${PYTHONPATH} /usr/bin/python3 -W ignore:setup.py install is deprecated -W ignore:easy_install command is deprecated setup.py develop --editable --build-directory /home/yoon/xycar_ws/build/my_imu/build --no-deps symlink_data
[2.831s] INFO:colcon.colcon_core.shell:Creating environment descriptor '/home/yoon/xycar_ws/build/my_imu/share/my_imu/hook/pythonpath_develop.dsv'
[2.832s] INFO:colcon.colcon_core.shell:Creating environment hook '/home/yoon/xycar_ws/build/my_imu/share/my_imu/hook/pythonpath_develop.sh'
[2.835s] Level 1:colcon.colcon_core.environment:checking '/home/yoon/xycar_ws/install/my_imu' for CMake module files
[2.835s] Level 1:colcon.colcon_core.environment:checking '/home/yoon/xycar_ws/install/my_imu' for CMake config files
[2.836s] Level 1:colcon.colcon_core.environment:checking '/home/yoon/xycar_ws/install/my_imu/lib'
[2.836s] Level 1:colcon.colcon_core.environment:checking '/home/yoon/xycar_ws/install/my_imu/bin'
[2.837s] Level 1:colcon.colcon_core.environment:checking '/home/yoon/xycar_ws/install/my_imu/lib/pkgconfig/my_imu.pc'
[2.837s] Level 1:colcon.colcon_core.environment:checking '/home/yoon/xycar_ws/install/my_imu/lib/python3.10/site-packages'
[2.838s] Level 1:colcon.colcon_core.shell:create_environment_hook('my_imu', 'pythonpath')
[2.838s] INFO:colcon.colcon_core.shell:Creating environment hook '/home/yoon/xycar_ws/install/my_imu/share/my_imu/hook/pythonpath.ps1'
[2.843s] INFO:colcon.colcon_core.shell:Creating environment descriptor '/home/yoon/xycar_ws/install/my_imu/share/my_imu/hook/pythonpath.dsv'
[2.845s] INFO:colcon.colcon_core.shell:Creating environment hook '/home/yoon/xycar_ws/install/my_imu/share/my_imu/hook/pythonpath.sh'
[2.848s] Level 1:colcon.colcon_core.environment:checking '/home/yoon/xycar_ws/install/my_imu/bin'
[2.848s] Level 1:colcon.colcon_core.environment:create_environment_scripts_only(my_imu)
[2.848s] INFO:colcon.colcon_core.shell:Creating package script '/home/yoon/xycar_ws/install/my_imu/share/my_imu/package.ps1'
[2.851s] INFO:colcon.colcon_core.shell:Creating package descriptor '/home/yoon/xycar_ws/install/my_imu/share/my_imu/package.dsv'
[2.853s] INFO:colcon.colcon_core.shell:Creating package script '/home/yoon/xycar_ws/install/my_imu/share/my_imu/package.sh'
[2.854s] INFO:colcon.colcon_core.shell:Creating package script '/home/yoon/xycar_ws/install/my_imu/share/my_imu/package.bash'
[2.854s] INFO:colcon.colcon_core.shell:Creating package script '/home/yoon/xycar_ws/install/my_imu/share/my_imu/package.zsh'
[2.855s] Level 1:colcon.colcon_core.environment:create_file_with_runtime_dependencies(/home/yoon/xycar_ws/install/my_imu/share/colcon-core/packages/my_imu)
[2.867s] Level 1:colcon.colcon_core.shell:create_environment_hook('ros_tcp_endpoint', 'pythonpath_develop')
[2.868s] INFO:colcon.colcon_core.shell:Creating environment hook '/home/yoon/xycar_ws/build/ros_tcp_endpoint/share/ros_tcp_endpoint/hook/pythonpath_develop.ps1'
[2.869s] DEBUG:colcon.colcon_core.event_handler.log_command:Invoked command in '/home/yoon/xycar_ws/build/ros_tcp_endpoint' returned '0': PYTHONPATH=/home/yoon/xycar_ws/build/ros_tcp_endpoint/prefix_override:/usr/lib/python3/dist-packages/colcon_core/task/python/colcon_distutils_commands:/home/yoon/xycar_ws/install/ros_tcp_endpoint/lib/python3.10/site-packages:${PYTHONPATH} /usr/bin/python3 -W ignore:setup.py install is deprecated -W ignore:easy_install command is deprecated setup.py develop --editable --build-directory /home/yoon/xycar_ws/build/ros_tcp_endpoint/build --no-deps symlink_data
[2.871s] INFO:colcon.colcon_core.shell:Creating environment descriptor '/home/yoon/xycar_ws/build/ros_tcp_endpoint/share/ros_tcp_endpoint/hook/pythonpath_develop.dsv'
[2.872s] INFO:colcon.colcon_core.shell:Creating environment hook '/home/yoon/xycar_ws/build/ros_tcp_endpoint/share/ros_tcp_endpoint/hook/pythonpath_develop.sh'
[2.873s] Level 1:colcon.colcon_core.environment:checking '/home/yoon/xycar_ws/install/ros_tcp_endpoint' for CMake module files
[2.874s] Level 1:colcon.colcon_core.environment:checking '/home/yoon/xycar_ws/install/ros_tcp_endpoint' for CMake config files
[2.874s] Level 1:colcon.colcon_core.environment:checking '/home/yoon/xycar_ws/install/ros_tcp_endpoint/lib'
[2.874s] Level 1:colcon.colcon_core.environment:checking '/home/yoon/xycar_ws/install/ros_tcp_endpoint/bin'
[2.874s] Level 1:colcon.colcon_core.environment:checking '/home/yoon/xycar_ws/install/ros_tcp_endpoint/lib/pkgconfig/ros_tcp_endpoint.pc'
[2.875s] Level 1:colcon.colcon_core.environment:checking '/home/yoon/xycar_ws/install/ros_tcp_endpoint/lib/python3.10/site-packages'
[2.875s] Level 1:colcon.colcon_core.shell:create_environment_hook('ros_tcp_endpoint', 'pythonpath')
[2.875s] INFO:colcon.colcon_core.shell:Creating environment hook '/home/yoon/xycar_ws/install/ros_tcp_endpoint/share/ros_tcp_endpoint/hook/pythonpath.ps1'
[2.875s] INFO:colcon.colcon_core.shell:Creating environment descriptor '/home/yoon/xycar_ws/install/ros_tcp_endpoint/share/ros_tcp_endpoint/hook/pythonpath.dsv'
[2.876s] INFO:colcon.colcon_core.shell:Creating environment hook '/home/yoon/xycar_ws/install/ros_tcp_endpoint/share/ros_tcp_endpoint/hook/pythonpath.sh'
[2.877s] Level 1:colcon.colcon_core.environment:checking '/home/yoon/xycar_ws/install/ros_tcp_endpoint/bin'
[2.877s] Level 1:colcon.colcon_core.environment:create_environment_scripts_only(ros_tcp_endpoint)
[2.877s] INFO:colcon.colcon_core.shell:Creating package script '/home/yoon/xycar_ws/install/ros_tcp_endpoint/share/ros_tcp_endpoint/package.ps1'
[2.878s] INFO:colcon.colcon_core.shell:Creating package descriptor '/home/yoon/xycar_ws/install/ros_tcp_endpoint/share/ros_tcp_endpoint/package.dsv'
[2.880s] INFO:colcon.colcon_core.shell:Creating package script '/home/yoon/xycar_ws/install/ros_tcp_endpoint/share/ros_tcp_endpoint/package.sh'
[2.881s] INFO:colcon.colcon_core.shell:Creating package script '/home/yoon/xycar_ws/install/ros_tcp_endpoint/share/ros_tcp_endpoint/package.bash'
[2.881s] INFO:colcon.colcon_core.shell:Creating package script '/home/yoon/xycar_ws/install/ros_tcp_endpoint/share/ros_tcp_endpoint/package.zsh'
[2.882s] Level 1:colcon.colcon_core.environment:create_file_with_runtime_dependencies(/home/yoon/xycar_ws/install/ros_tcp_endpoint/share/colcon-core/packages/ros_tcp_endpoint)
[2.902s] Level 1:colcon.colcon_core.shell:create_environment_hook('track_drive', 'pythonpath_develop')
[2.903s] INFO:colcon.colcon_core.shell:Creating environment hook '/home/yoon/xycar_ws/build/track_drive/share/track_drive/hook/pythonpath_develop.ps1'
[2.904s] DEBUG:colcon.colcon_core.event_handler.log_command:Invoked command in '/home/yoon/xycar_ws/build/track_drive' returned '0': PYTHONPATH=/home/yoon/xycar_ws/build/track_drive/prefix_override:/usr/lib/python3/dist-packages/colcon_core/task/python/colcon_distutils_commands:/home/yoon/xycar_ws/install/track_drive/lib/python3.10/site-packages:${PYTHONPATH} /usr/bin/python3 -W ignore:setup.py install is deprecated -W ignore:easy_install command is deprecated setup.py develop --editable --build-directory /home/yoon/xycar_ws/build/track_drive/build --no-deps symlink_data
[2.904s] INFO:colcon.colcon_core.shell:Creating environment descriptor '/home/yoon/xycar_ws/build/track_drive/share/track_drive/hook/pythonpath_develop.dsv'
[2.905s] INFO:colcon.colcon_core.shell:Creating environment hook '/home/yoon/xycar_ws/build/track_drive/share/track_drive/hook/pythonpath_develop.sh'
[2.906s] Level 1:colcon.colcon_core.environment:checking '/home/yoon/xycar_ws/install/track_drive' for CMake module files
[2.907s] Level 1:colcon.colcon_core.environment:checking '/home/yoon/xycar_ws/install/track_drive' for CMake config files
[2.908s] Level 1:colcon.colcon_core.environment:checking '/home/yoon/xycar_ws/install/track_drive/lib'
[2.908s] Level 1:colcon.colcon_core.environment:checking '/home/yoon/xycar_ws/install/track_drive/bin'
[2.908s] Level 1:colcon.colcon_core.environment:checking '/home/yoon/xycar_ws/install/track_drive/lib/pkgconfig/track_drive.pc'
[2.908s] Level 1:colcon.colcon_core.environment:checking '/home/yoon/xycar_ws/install/track_drive/lib/python3.10/site-packages'
[2.908s] Level 1:colcon.colcon_core.shell:create_environment_hook('track_drive', 'pythonpath')
[2.908s] INFO:colcon.colcon_core.shell:Creating environment hook '/home/yoon/xycar_ws/install/track_drive/share/track_drive/hook/pythonpath.ps1'
[2.909s] INFO:colcon.colcon_core.shell:Creating environment descriptor '/home/yoon/xycar_ws/install/track_drive/share/track_drive/hook/pythonpath.dsv'
[2.909s] INFO:colcon.colcon_core.shell:Creating environment hook '/home/yoon/xycar_ws/install/track_drive/share/track_drive/hook/pythonpath.sh'
[2.910s] Level 1:colcon.colcon_core.environment:checking '/home/yoon/xycar_ws/install/track_drive/bin'
[2.910s] Level 1:colcon.colcon_core.environment:create_environment_scripts_only(track_drive)
[2.911s] INFO:colcon.colcon_core.shell:Creating package script '/home/yoon/xycar_ws/install/track_drive/share/track_drive/package.ps1'
[2.911s] INFO:colcon.colcon_core.shell:Creating package descriptor '/home/yoon/xycar_ws/install/track_drive/share/track_drive/package.dsv'
[2.912s] INFO:colcon.colcon_core.shell:Creating package script '/home/yoon/xycar_ws/install/track_drive/share/track_drive/package.sh'
[2.913s] INFO:colcon.colcon_core.shell:Creating package script '/home/yoon/xycar_ws/install/track_drive/share/track_drive/package.bash'
[2.914s] INFO:colcon.colcon_core.shell:Creating package script '/home/yoon/xycar_ws/install/track_drive/share/track_drive/package.zsh'
[2.914s] Level 1:colcon.colcon_core.environment:create_file_with_runtime_dependencies(/home/yoon/xycar_ws/install/track_drive/share/colcon-core/packages/track_drive)
[2.915s] Level 1:colcon.colcon_core.shell:create_environment_hook('my_motor', 'pythonpath_develop')
[2.916s] INFO:colcon.colcon_core.shell:Creating environment hook '/home/yoon/xycar_ws/build/my_motor/share/my_motor/hook/pythonpath_develop.ps1'
[2.917s] DEBUG:colcon.colcon_core.event_handler.log_command:Invoked command in '/home/yoon/xycar_ws/build/my_motor' returned '0': PYTHONPATH=/home/yoon/xycar_ws/build/my_motor/prefix_override:/usr/lib/python3/dist-packages/colcon_core/task/python/colcon_distutils_commands:/home/yoon/xycar_ws/install/my_motor/lib/python3.10/site-packages:${PYTHONPATH} /usr/bin/python3 -W ignore:setup.py install is deprecated -W ignore:easy_install command is deprecated setup.py develop --editable --build-directory /home/yoon/xycar_ws/build/my_motor/build --no-deps symlink_data
[2.917s] INFO:colcon.colcon_core.shell:Creating environment descriptor '/home/yoon/xycar_ws/build/my_motor/share/my_motor/hook/pythonpath_develop.dsv'
[2.918s] INFO:colcon.colcon_core.shell:Creating environment hook '/home/yoon/xycar_ws/build/my_motor/share/my_motor/hook/pythonpath_develop.sh'
[2.919s] Level 1:colcon.colcon_core.environment:checking '/home/yoon/xycar_ws/install/my_motor' for CMake module files
[2.920s] Level 1:colcon.colcon_core.environment:checking '/home/yoon/xycar_ws/install/my_motor' for CMake config files
[2.921s] Level 1:colcon.colcon_core.environment:checking '/home/yoon/xycar_ws/install/my_motor/lib'
[2.921s] Level 1:colcon.colcon_core.environment:checking '/home/yoon/xycar_ws/install/my_motor/bin'
[2.921s] Level 1:colcon.colcon_core.environment:checking '/home/yoon/xycar_ws/install/my_motor/lib/pkgconfig/my_motor.pc'
[2.921s] Level 1:colcon.colcon_core.environment:checking '/home/yoon/xycar_ws/install/my_motor/lib/python3.10/site-packages'
[2.921s] Level 1:colcon.colcon_core.shell:create_environment_hook('my_motor', 'pythonpath')
[2.921s] INFO:colcon.colcon_core.shell:Creating environment hook '/home/yoon/xycar_ws/install/my_motor/share/my_motor/hook/pythonpath.ps1'
[2.922s] INFO:colcon.colcon_core.shell:Creating environment descriptor '/home/yoon/xycar_ws/install/my_motor/share/my_motor/hook/pythonpath.dsv'
[2.922s] INFO:colcon.colcon_core.shell:Creating environment hook '/home/yoon/xycar_ws/install/my_motor/share/my_motor/hook/pythonpath.sh'
[2.923s] Level 1:colcon.colcon_core.environment:checking '/home/yoon/xycar_ws/install/my_motor/bin'
[2.923s] Level 1:colcon.colcon_core.environment:create_environment_scripts_only(my_motor)
[2.924s] INFO:colcon.colcon_core.shell:Creating package script '/home/yoon/xycar_ws/install/my_motor/share/my_motor/package.ps1'
[2.925s] INFO:colcon.colcon_core.shell:Creating package descriptor '/home/yoon/xycar_ws/install/my_motor/share/my_motor/package.dsv'
[2.925s] INFO:colcon.colcon_core.shell:Creating package script '/home/yoon/xycar_ws/install/my_motor/share/my_motor/package.sh'
[2.926s] INFO:colcon.colcon_core.shell:Creating package script '/home/yoon/xycar_ws/install/my_motor/share/my_motor/package.bash'
[2.926s] INFO:colcon.colcon_core.shell:Creating package script '/home/yoon/xycar_ws/install/my_motor/share/my_motor/package.zsh'
[2.927s] Level 1:colcon.colcon_core.environment:create_file_with_runtime_dependencies(/home/yoon/xycar_ws/install/my_motor/share/colcon-core/packages/my_motor)
[3.874s] DEBUG:colcon.colcon_core.event_handler.log_command:Invoked command in '/home/yoon/xycar_ws/build/xycar_msgs' returned '0': CMAKE_PREFIX_PATH=/opt/ros/humble /usr/bin/cmake /home/yoon/xycar_ws/src/xycar_msgs -DAMENT_CMAKE_SYMLINK_INSTALL=1 -DCMAKE_INSTALL_PREFIX=/home/yoon/xycar_ws/install/xycar_msgs
[3.876s] DEBUG:colcon.colcon_core.event_handler.log_command:Invoking command in '/home/yoon/xycar_ws/build/xycar_msgs': CMAKE_PREFIX_PATH=/opt/ros/humble /usr/bin/cmake --build /home/yoon/xycar_ws/build/xycar_msgs -- -j12 -l12
[7.105s] DEBUG:colcon.colcon_core.event_handler.log_command:Invoked command in '/home/yoon/xycar_ws/build/xycar_msgs' returned '0': CMAKE_PREFIX_PATH=/opt/ros/humble /usr/bin/cmake --build /home/yoon/xycar_ws/build/xycar_msgs -- -j12 -l12
[7.119s] DEBUG:colcon.colcon_core.event_handler.log_command:Invoking command in '/home/yoon/xycar_ws/build/xycar_msgs': CMAKE_PREFIX_PATH=/opt/ros/humble /usr/bin/cmake --install /home/yoon/xycar_ws/build/xycar_msgs
[8.280s] Level 1:colcon.colcon_core.environment:create_environment_scripts_only(xycar_msgs)
[8.280s] DEBUG:colcon.colcon_core.event_handler.log_command:Invoked command in '/home/yoon/xycar_ws/build/xycar_msgs' returned '0': CMAKE_PREFIX_PATH=/opt/ros/humble /usr/bin/cmake --install /home/yoon/xycar_ws/build/xycar_msgs
[8.281s] Level 1:colcon.colcon_core.environment:checking '/home/yoon/xycar_ws/install/xycar_msgs' for CMake module files
[8.282s] Level 1:colcon.colcon_core.environment:checking '/home/yoon/xycar_ws/install/xycar_msgs' for CMake config files
[8.283s] Level 1:colcon.colcon_core.shell:create_environment_hook('xycar_msgs', 'cmake_prefix_path')
[8.283s] INFO:colcon.colcon_core.shell:Creating environment hook '/home/yoon/xycar_ws/install/xycar_msgs/share/xycar_msgs/hook/cmake_prefix_path.ps1'
[8.284s] INFO:colcon.colcon_core.shell:Creating environment descriptor '/home/yoon/xycar_ws/install/xycar_msgs/share/xycar_msgs/hook/cmake_prefix_path.dsv'
[8.285s] INFO:colcon.colcon_core.shell:Creating environment hook '/home/yoon/xycar_ws/install/xycar_msgs/share/xycar_msgs/hook/cmake_prefix_path.sh'
[8.285s] Level 1:colcon.colcon_core.environment:checking '/home/yoon/xycar_ws/install/xycar_msgs/lib'
[8.285s] Level 1:colcon.colcon_core.shell:create_environment_hook('xycar_msgs', 'ld_library_path_lib')
[8.286s] INFO:colcon.colcon_core.shell:Creating environment hook '/home/yoon/xycar_ws/install/xycar_msgs/share/xycar_msgs/hook/ld_library_path_lib.ps1'
[8.286s] INFO:colcon.colcon_core.shell:Creating environment descriptor '/home/yoon/xycar_ws/install/xycar_msgs/share/xycar_msgs/hook/ld_library_path_lib.dsv'
[8.286s] INFO:colcon.colcon_core.shell:Creating environment hook '/home/yoon/xycar_ws/install/xycar_msgs/share/xycar_msgs/hook/ld_library_path_lib.sh'
[8.287s] Level 1:colcon.colcon_core.environment:checking '/home/yoon/xycar_ws/install/xycar_msgs/bin'
[8.287s] Level 1:colcon.colcon_core.environment:checking '/home/yoon/xycar_ws/install/xycar_msgs/lib/pkgconfig/xycar_msgs.pc'
[8.287s] Level 1:colcon.colcon_core.environment:checking '/home/yoon/xycar_ws/install/xycar_msgs/lib/python3.10/site-packages'
[8.287s] Level 1:colcon.colcon_core.environment:checking '/home/yoon/xycar_ws/install/xycar_msgs/bin'
[8.288s] INFO:colcon.colcon_core.shell:Creating package script '/home/yoon/xycar_ws/install/xycar_msgs/share/xycar_msgs/package.ps1'
[8.288s] INFO:colcon.colcon_core.shell:Creating package descriptor '/home/yoon/xycar_ws/install/xycar_msgs/share/xycar_msgs/package.dsv'
[8.289s] INFO:colcon.colcon_core.shell:Creating package script '/home/yoon/xycar_ws/install/xycar_msgs/share/xycar_msgs/package.sh'
[8.289s] INFO:colcon.colcon_core.shell:Creating package script '/home/yoon/xycar_ws/install/xycar_msgs/share/xycar_msgs/package.bash'
[8.290s] INFO:colcon.colcon_core.shell:Creating package script '/home/yoon/xycar_ws/install/xycar_msgs/share/xycar_msgs/package.zsh'
[8.290s] Level 1:colcon.colcon_core.environment:create_file_with_runtime_dependencies(/home/yoon/xycar_ws/install/xycar_msgs/share/colcon-core/packages/xycar_msgs)
[8.291s] Level 1:colcon.colcon_core.environment:create_environment_scripts_only(xycar_msgs)
[8.291s] Level 1:colcon.colcon_core.environment:checking '/home/yoon/xycar_ws/install/xycar_msgs' for CMake module files
[8.292s] Level 1:colcon.colcon_core.environment:checking '/home/yoon/xycar_ws/install/xycar_msgs' for CMake config files
[8.293s] Level 1:colcon.colcon_core.shell:create_environment_hook('xycar_msgs', 'cmake_prefix_path')
[8.293s] INFO:colcon.colcon_core.shell:Creating environment hook '/home/yoon/xycar_ws/install/xycar_msgs/share/xycar_msgs/hook/cmake_prefix_path.ps1'
[8.293s] INFO:colcon.colcon_core.shell:Creating environment descriptor '/home/yoon/xycar_ws/install/xycar_msgs/share/xycar_msgs/hook/cmake_prefix_path.dsv'
[8.294s] INFO:colcon.colcon_core.shell:Creating environment hook '/home/yoon/xycar_ws/install/xycar_msgs/share/xycar_msgs/hook/cmake_prefix_path.sh'
[8.294s] Level 1:colcon.colcon_core.environment:checking '/home/yoon/xycar_ws/install/xycar_msgs/lib'
[8.294s] Level 1:colcon.colcon_core.shell:create_environment_hook('xycar_msgs', 'ld_library_path_lib')
[8.295s] INFO:colcon.colcon_core.shell:Creating environment hook '/home/yoon/xycar_ws/install/xycar_msgs/share/xycar_msgs/hook/ld_library_path_lib.ps1'
[8.295s] INFO:colcon.colcon_core.shell:Creating environment descriptor '/home/yoon/xycar_ws/install/xycar_msgs/share/xycar_msgs/hook/ld_library_path_lib.dsv'
[8.295s] INFO:colcon.colcon_core.shell:Creating environment hook '/home/yoon/xycar_ws/install/xycar_msgs/share/xycar_msgs/hook/ld_library_path_lib.sh'
[8.296s] Level 1:colcon.colcon_core.environment:checking '/home/yoon/xycar_ws/install/xycar_msgs/bin'
[8.296s] Level 1:colcon.colcon_core.environment:checking '/home/yoon/xycar_ws/install/xycar_msgs/lib/pkgconfig/xycar_msgs.pc'
[8.296s] Level 1:colcon.colcon_core.environment:checking '/home/yoon/xycar_ws/install/xycar_msgs/lib/python3.10/site-packages'
[8.296s] Level 1:colcon.colcon_core.environment:checking '/home/yoon/xycar_ws/install/xycar_msgs/bin'
[8.297s] INFO:colcon.colcon_core.shell:Creating package script '/home/yoon/xycar_ws/install/xycar_msgs/share/xycar_msgs/package.ps1'
[8.297s] INFO:colcon.colcon_core.shell:Creating package descriptor '/home/yoon/xycar_ws/install/xycar_msgs/share/xycar_msgs/package.dsv'
[8.298s] INFO:colcon.colcon_core.shell:Creating package script '/home/yoon/xycar_ws/install/xycar_msgs/share/xycar_msgs/package.sh'
[8.298s] INFO:colcon.colcon_core.shell:Creating package script '/home/yoon/xycar_ws/install/xycar_msgs/share/xycar_msgs/package.bash'
[8.299s] INFO:colcon.colcon_core.shell:Creating package script '/home/yoon/xycar_ws/install/xycar_msgs/share/xycar_msgs/package.zsh'
[8.299s] Level 1:colcon.colcon_core.environment:create_file_with_runtime_dependencies(/home/yoon/xycar_ws/install/xycar_msgs/share/colcon-core/packages/xycar_msgs)
[8.300s] INFO:colcon.colcon_ros.task.ament_python.build:Building ROS package in '/home/yoon/xycar_ws/src/kookmin9_viewer' with build type 'ament_python'
[8.300s] Level 1:colcon.colcon_core.shell:create_environment_hook('kookmin9_viewer', 'ament_prefix_path')
[8.300s] INFO:colcon.colcon_core.shell:Creating environment hook '/home/yoon/xycar_ws/install/kookmin9_viewer/share/kookmin9_viewer/hook/ament_prefix_path.ps1'
[8.304s] INFO:colcon.colcon_core.shell:Creating environment descriptor '/home/yoon/xycar_ws/install/kookmin9_viewer/share/kookmin9_viewer/hook/ament_prefix_path.dsv'
[8.304s] INFO:colcon.colcon_core.shell:Creating environment hook '/home/yoon/xycar_ws/install/kookmin9_viewer/share/kookmin9_viewer/hook/ament_prefix_path.sh'
[8.305s] INFO:colcon.colcon_core.shell:Skip shell extension 'powershell' for command environment: Not usable outside of PowerShell
[8.305s] DEBUG:colcon.colcon_core.shell:Skip shell extension 'dsv' for command environment
[8.309s] INFO:colcon.colcon_ros.task.ament_python.build:Building ROS package in '/home/yoon/xycar_ws/src/my_cam' with build type 'ament_python'
[8.309s] Level 1:colcon.colcon_core.shell:create_environment_hook('my_cam', 'ament_prefix_path')
[8.309s] INFO:colcon.colcon_core.shell:Creating environment hook '/home/yoon/xycar_ws/install/my_cam/share/my_cam/hook/ament_prefix_path.ps1'
[8.313s] INFO:colcon.colcon_core.shell:Creating environment descriptor '/home/yoon/xycar_ws/install/my_cam/share/my_cam/hook/ament_prefix_path.dsv'
[8.313s] INFO:colcon.colcon_core.shell:Creating environment hook '/home/yoon/xycar_ws/install/my_cam/share/my_cam/hook/ament_prefix_path.sh'
[8.314s] INFO:colcon.colcon_core.shell:Skip shell extension 'powershell' for command environment: Not usable outside of PowerShell
[8.314s] DEBUG:colcon.colcon_core.shell:Skip shell extension 'dsv' for command environment
[8.319s] INFO:colcon.colcon_ros.task.ament_python.build:Building ROS package in '/home/yoon/xycar_ws/src/my_lidar' with build type 'ament_python'
[8.319s] Level 1:colcon.colcon_core.shell:create_environment_hook('my_lidar', 'ament_prefix_path')
[8.319s] INFO:colcon.colcon_core.shell:Creating environment hook '/home/yoon/xycar_ws/install/my_lidar/share/my_lidar/hook/ament_prefix_path.ps1'
[8.323s] INFO:colcon.colcon_core.shell:Creating environment descriptor '/home/yoon/xycar_ws/install/my_lidar/share/my_lidar/hook/ament_prefix_path.dsv'
[8.323s] INFO:colcon.colcon_core.shell:Creating environment hook '/home/yoon/xycar_ws/install/my_lidar/share/my_lidar/hook/ament_prefix_path.sh'
[8.324s] INFO:colcon.colcon_core.shell:Skip shell extension 'powershell' for command environment: Not usable outside of PowerShell
[8.324s] DEBUG:colcon.colcon_core.shell:Skip shell extension 'dsv' for command environment
[8.684s] INFO:colcon.colcon_core.task.python.build:Building Python package in '/home/yoon/xycar_ws/src/kookmin9_viewer'
[8.684s] INFO:colcon.colcon_core.shell:Skip shell extension 'powershell' for command environment: Not usable outside of PowerShell
[8.684s] DEBUG:colcon.colcon_core.shell:Skip shell extension 'dsv' for command environment
[8.971s] INFO:colcon.colcon_core.task.python.build:Building Python package in '/home/yoon/xycar_ws/src/my_cam'
[8.971s] INFO:colcon.colcon_core.shell:Skip shell extension 'powershell' for command environment: Not usable outside of PowerShell
[8.971s] DEBUG:colcon.colcon_core.shell:Skip shell extension 'dsv' for command environment
[9.260s] INFO:colcon.colcon_core.task.python.build:Building Python package in '/home/yoon/xycar_ws/src/my_lidar'
[9.260s] INFO:colcon.colcon_core.shell:Skip shell extension 'powershell' for command environment: Not usable outside of PowerShell
[9.260s] DEBUG:colcon.colcon_core.shell:Skip shell extension 'dsv' for command environment
[9.688s] DEBUG:colcon.colcon_core.event_handler.log_command:Invoking command in '/home/yoon/xycar_ws/build/my_cam': AMENT_PREFIX_PATH=/home/yoon/xycar_ws/install/xycar_msgs:${AMENT_PREFIX_PATH} CMAKE_PREFIX_PATH=/home/yoon/xycar_ws/install/xycar_msgs LD_LIBRARY_PATH=/home/yoon/xycar_ws/install/xycar_msgs/lib:${LD_LIBRARY_PATH} PYTHONPATH=/home/yoon/xycar_ws/build/my_cam/prefix_override:/usr/lib/python3/dist-packages/colcon_core/task/python/colcon_distutils_commands:/home/yoon/xycar_ws/install/my_cam/lib/python3.10/site-packages:/home/yoon/xycar_ws/install/xycar_msgs/local/lib/python3.10/dist-packages:${PYTHONPATH} /usr/bin/python3 -W ignore:setup.py install is deprecated -W ignore:easy_install command is deprecated setup.py develop --editable --build-directory /home/yoon/xycar_ws/build/my_cam/build --no-deps symlink_data
[9.724s] DEBUG:colcon.colcon_core.event_handler.log_command:Invoking command in '/home/yoon/xycar_ws/build/kookmin9_viewer': AMENT_PREFIX_PATH=/home/yoon/xycar_ws/install/xycar_msgs:${AMENT_PREFIX_PATH} CMAKE_PREFIX_PATH=/home/yoon/xycar_ws/install/xycar_msgs LD_LIBRARY_PATH=/home/yoon/xycar_ws/install/xycar_msgs/lib:${LD_LIBRARY_PATH} PYTHONPATH=/home/yoon/xycar_ws/build/kookmin9_viewer/prefix_override:/usr/lib/python3/dist-packages/colcon_core/task/python/colcon_distutils_commands:/home/yoon/xycar_ws/install/kookmin9_viewer/lib/python3.10/site-packages:/home/yoon/xycar_ws/install/xycar_msgs/local/lib/python3.10/dist-packages:${PYTHONPATH} /usr/bin/python3 -W ignore:setup.py install is deprecated -W ignore:easy_install command is deprecated setup.py develop --editable --build-directory /home/yoon/xycar_ws/build/kookmin9_viewer/build --no-deps symlink_data
[9.813s] DEBUG:colcon.colcon_core.event_handler.log_command:Invoking command in '/home/yoon/xycar_ws/build/my_lidar': AMENT_PREFIX_PATH=/home/yoon/xycar_ws/install/xycar_msgs:${AMENT_PREFIX_PATH} CMAKE_PREFIX_PATH=/home/yoon/xycar_ws/install/xycar_msgs LD_LIBRARY_PATH=/home/yoon/xycar_ws/install/xycar_msgs/lib:${LD_LIBRARY_PATH} PYTHONPATH=/home/yoon/xycar_ws/build/my_lidar/prefix_override:/usr/lib/python3/dist-packages/colcon_core/task/python/colcon_distutils_commands:/home/yoon/xycar_ws/install/my_lidar/lib/python3.10/site-packages:/home/yoon/xycar_ws/install/xycar_msgs/local/lib/python3.10/dist-packages:${PYTHONPATH} /usr/bin/python3 -W ignore:setup.py install is deprecated -W ignore:easy_install command is deprecated setup.py develop --editable --build-directory /home/yoon/xycar_ws/build/my_lidar/build --no-deps symlink_data
[10.237s] Level 1:colcon.colcon_core.shell:create_environment_hook('my_cam', 'pythonpath_develop')
[10.237s] INFO:colcon.colcon_core.shell:Creating environment hook '/home/yoon/xycar_ws/build/my_cam/share/my_cam/hook/pythonpath_develop.ps1'
[10.238s] DEBUG:colcon.colcon_core.event_handler.log_command:Invoked command in '/home/yoon/xycar_ws/build/my_cam' returned '0': AMENT_PREFIX_PATH=/home/yoon/xycar_ws/install/xycar_msgs:${AMENT_PREFIX_PATH} CMAKE_PREFIX_PATH=/home/yoon/xycar_ws/install/xycar_msgs LD_LIBRARY_PATH=/home/yoon/xycar_ws/install/xycar_msgs/lib:${LD_LIBRARY_PATH} PYTHONPATH=/home/yoon/xycar_ws/build/my_cam/prefix_override:/usr/lib/python3/dist-packages/colcon_core/task/python/colcon_distutils_commands:/home/yoon/xycar_ws/install/my_cam/lib/python3.10/site-packages:/home/yoon/xycar_ws/install/xycar_msgs/local/lib/python3.10/dist-packages:${PYTHONPATH} /usr/bin/python3 -W ignore:setup.py install is deprecated -W ignore:easy_install command is deprecated setup.py develop --editable --build-directory /home/yoon/xycar_ws/build/my_cam/build --no-deps symlink_data
[10.242s] INFO:colcon.colcon_core.shell:Creating environment descriptor '/home/yoon/xycar_ws/build/my_cam/share/my_cam/hook/pythonpath_develop.dsv'
[10.242s] INFO:colcon.colcon_core.shell:Creating environment hook '/home/yoon/xycar_ws/build/my_cam/share/my_cam/hook/pythonpath_develop.sh'
[10.244s] Level 1:colcon.colcon_core.environment:checking '/home/yoon/xycar_ws/install/my_cam' for CMake module files
[10.244s] Level 1:colcon.colcon_core.environment:checking '/home/yoon/xycar_ws/install/my_cam' for CMake config files
[10.245s] Level 1:colcon.colcon_core.environment:checking '/home/yoon/xycar_ws/install/my_cam/lib'
[10.245s] Level 1:colcon.colcon_core.environment:checking '/home/yoon/xycar_ws/install/my_cam/bin'
[10.245s] Level 1:colcon.colcon_core.environment:checking '/home/yoon/xycar_ws/install/my_cam/lib/pkgconfig/my_cam.pc'
[10.245s] Level 1:colcon.colcon_core.environment:checking '/home/yoon/xycar_ws/install/my_cam/lib/python3.10/site-packages'
[10.245s] Level 1:colcon.colcon_core.shell:create_environment_hook('my_cam', 'pythonpath')
[10.246s] INFO:colcon.colcon_core.shell:Creating environment hook '/home/yoon/xycar_ws/install/my_cam/share/my_cam/hook/pythonpath.ps1'
[10.246s] INFO:colcon.colcon_core.shell:Creating environment descriptor '/home/yoon/xycar_ws/install/my_cam/share/my_cam/hook/pythonpath.dsv'
[10.247s] INFO:colcon.colcon_core.shell:Creating environment hook '/home/yoon/xycar_ws/install/my_cam/share/my_cam/hook/pythonpath.sh'
[10.247s] Level 1:colcon.colcon_core.environment:checking '/home/yoon/xycar_ws/install/my_cam/bin'
[10.247s] Level 1:colcon.colcon_core.environment:create_environment_scripts_only(my_cam)
[10.248s] INFO:colcon.colcon_core.shell:Creating package script '/home/yoon/xycar_ws/install/my_cam/share/my_cam/package.ps1'
[10.248s] INFO:colcon.colcon_core.shell:Creating package descriptor '/home/yoon/xycar_ws/install/my_cam/share/my_cam/package.dsv'
[10.249s] INFO:colcon.colcon_core.shell:Creating package script '/home/yoon/xycar_ws/install/my_cam/share/my_cam/package.sh'
[10.249s] INFO:colcon.colcon_core.shell:Creating package script '/home/yoon/xycar_ws/install/my_cam/share/my_cam/package.bash'
[10.250s] INFO:colcon.colcon_core.shell:Creating package script '/home/yoon/xycar_ws/install/my_cam/share/my_cam/package.zsh'
[10.250s] Level 1:colcon.colcon_core.environment:create_file_with_runtime_dependencies(/home/yoon/xycar_ws/install/my_cam/share/colcon-core/packages/my_cam)
[10.276s] Level 1:colcon.colcon_core.shell:create_environment_hook('kookmin9_viewer', 'pythonpath_develop')
[10.277s] INFO:colcon.colcon_core.shell:Creating environment hook '/home/yoon/xycar_ws/build/kookmin9_viewer/share/kookmin9_viewer/hook/pythonpath_develop.ps1'
[10.278s] DEBUG:colcon.colcon_core.event_handler.log_command:Invoked command in '/home/yoon/xycar_ws/build/kookmin9_viewer' returned '0': AMENT_PREFIX_PATH=/home/yoon/xycar_ws/install/xycar_msgs:${AMENT_PREFIX_PATH} CMAKE_PREFIX_PATH=/home/yoon/xycar_ws/install/xycar_msgs LD_LIBRARY_PATH=/home/yoon/xycar_ws/install/xycar_msgs/lib:${LD_LIBRARY_PATH} PYTHONPATH=/home/yoon/xycar_ws/build/kookmin9_viewer/prefix_override:/usr/lib/python3/dist-packages/colcon_core/task/python/colcon_distutils_commands:/home/yoon/xycar_ws/install/kookmin9_viewer/lib/python3.10/site-packages:/home/yoon/xycar_ws/install/xycar_msgs/local/lib/python3.10/dist-packages:${PYTHONPATH} /usr/bin/python3 -W ignore:setup.py install is deprecated -W ignore:easy_install command is deprecated setup.py develop --editable --build-directory /home/yoon/xycar_ws/build/kookmin9_viewer/build --no-deps symlink_data
[10.280s] INFO:colcon.colcon_core.shell:Creating environment descriptor '/home/yoon/xycar_ws/build/kookmin9_viewer/share/kookmin9_viewer/hook/pythonpath_develop.dsv'
[10.281s] INFO:colcon.colcon_core.shell:Creating environment hook '/home/yoon/xycar_ws/build/kookmin9_viewer/share/kookmin9_viewer/hook/pythonpath_develop.sh'
[10.282s] Level 1:colcon.colcon_core.environment:checking '/home/yoon/xycar_ws/install/kookmin9_viewer' for CMake module files
[10.284s] Level 1:colcon.colcon_core.environment:checking '/home/yoon/xycar_ws/install/kookmin9_viewer' for CMake config files
[10.286s] Level 1:colcon.colcon_core.environment:checking '/home/yoon/xycar_ws/install/kookmin9_viewer/lib'
[10.286s] Level 1:colcon.colcon_core.environment:checking '/home/yoon/xycar_ws/install/kookmin9_viewer/bin'
[10.286s] Level 1:colcon.colcon_core.environment:checking '/home/yoon/xycar_ws/install/kookmin9_viewer/lib/pkgconfig/kookmin9_viewer.pc'
[10.286s] Level 1:colcon.colcon_core.environment:checking '/home/yoon/xycar_ws/install/kookmin9_viewer/lib/python3.10/site-packages'
[10.286s] Level 1:colcon.colcon_core.shell:create_environment_hook('kookmin9_viewer', 'pythonpath')
[10.286s] INFO:colcon.colcon_core.shell:Creating environment hook '/home/yoon/xycar_ws/install/kookmin9_viewer/share/kookmin9_viewer/hook/pythonpath.ps1'
[10.288s] INFO:colcon.colcon_core.shell:Creating environment descriptor '/home/yoon/xycar_ws/install/kookmin9_viewer/share/kookmin9_viewer/hook/pythonpath.dsv'
[10.290s] INFO:colcon.colcon_core.shell:Creating environment hook '/home/yoon/xycar_ws/install/kookmin9_viewer/share/kookmin9_viewer/hook/pythonpath.sh'
[10.292s] Level 1:colcon.colcon_core.environment:checking '/home/yoon/xycar_ws/install/kookmin9_viewer/bin'
[10.292s] Level 1:colcon.colcon_core.environment:create_environment_scripts_only(kookmin9_viewer)
[10.293s] INFO:colcon.colcon_core.shell:Creating package script '/home/yoon/xycar_ws/install/kookmin9_viewer/share/kookmin9_viewer/package.ps1'
[10.294s] INFO:colcon.colcon_core.shell:Creating package descriptor '/home/yoon/xycar_ws/install/kookmin9_viewer/share/kookmin9_viewer/package.dsv'
[10.294s] INFO:colcon.colcon_core.shell:Creating package script '/home/yoon/xycar_ws/install/kookmin9_viewer/share/kookmin9_viewer/package.sh'
[10.295s] INFO:colcon.colcon_core.shell:Creating package script '/home/yoon/xycar_ws/install/kookmin9_viewer/share/kookmin9_viewer/package.bash'
[10.295s] INFO:colcon.colcon_core.shell:Creating package script '/home/yoon/xycar_ws/install/kookmin9_viewer/share/kookmin9_viewer/package.zsh'
[10.296s] Level 1:colcon.colcon_core.environment:create_file_with_runtime_dependencies(/home/yoon/xycar_ws/install/kookmin9_viewer/share/colcon-core/packages/kookmin9_viewer)
[10.324s] Level 1:colcon.colcon_core.shell:create_environment_hook('my_lidar', 'pythonpath_develop')
[10.325s] DEBUG:colcon.colcon_core.event_handler.log_command:Invoked command in '/home/yoon/xycar_ws/build/my_lidar' returned '0': AMENT_PREFIX_PATH=/home/yoon/xycar_ws/install/xycar_msgs:${AMENT_PREFIX_PATH} CMAKE_PREFIX_PATH=/home/yoon/xycar_ws/install/xycar_msgs LD_LIBRARY_PATH=/home/yoon/xycar_ws/install/xycar_msgs/lib:${LD_LIBRARY_PATH} PYTHONPATH=/home/yoon/xycar_ws/build/my_lidar/prefix_override:/usr/lib/python3/dist-packages/colcon_core/task/python/colcon_distutils_commands:/home/yoon/xycar_ws/install/my_lidar/lib/python3.10/site-packages:/home/yoon/xycar_ws/install/xycar_msgs/local/lib/python3.10/dist-packages:${PYTHONPATH} /usr/bin/python3 -W ignore:setup.py install is deprecated -W ignore:easy_install command is deprecated setup.py develop --editable --build-directory /home/yoon/xycar_ws/build/my_lidar/build --no-deps symlink_data
[10.325s] INFO:colcon.colcon_core.shell:Creating environment hook '/home/yoon/xycar_ws/build/my_lidar/share/my_lidar/hook/pythonpath_develop.ps1'
[10.328s] INFO:colcon.colcon_core.shell:Creating environment descriptor '/home/yoon/xycar_ws/build/my_lidar/share/my_lidar/hook/pythonpath_develop.dsv'
[10.328s] INFO:colcon.colcon_core.shell:Creating environment hook '/home/yoon/xycar_ws/build/my_lidar/share/my_lidar/hook/pythonpath_develop.sh'
[10.329s] Level 1:colcon.colcon_core.environment:checking '/home/yoon/xycar_ws/install/my_lidar' for CMake module files
[10.329s] Level 1:colcon.colcon_core.environment:checking '/home/yoon/xycar_ws/install/my_lidar' for CMake config files
[10.330s] Level 1:colcon.colcon_core.environment:checking '/home/yoon/xycar_ws/install/my_lidar/lib'
[10.330s] Level 1:colcon.colcon_core.environment:checking '/home/yoon/xycar_ws/install/my_lidar/bin'
[10.330s] Level 1:colcon.colcon_core.environment:checking '/home/yoon/xycar_ws/install/my_lidar/lib/pkgconfig/my_lidar.pc'
[10.330s] Level 1:colcon.colcon_core.environment:checking '/home/yoon/xycar_ws/install/my_lidar/lib/python3.10/site-packages'
[10.330s] Level 1:colcon.colcon_core.shell:create_environment_hook('my_lidar', 'pythonpath')
[10.330s] INFO:colcon.colcon_core.shell:Creating environment hook '/home/yoon/xycar_ws/install/my_lidar/share/my_lidar/hook/pythonpath.ps1'
[10.331s] INFO:colcon.colcon_core.shell:Creating environment descriptor '/home/yoon/xycar_ws/install/my_lidar/share/my_lidar/hook/pythonpath.dsv'
[10.331s] INFO:colcon.colcon_core.shell:Creating environment hook '/home/yoon/xycar_ws/install/my_lidar/share/my_lidar/hook/pythonpath.sh'
[10.332s] Level 1:colcon.colcon_core.environment:checking '/home/yoon/xycar_ws/install/my_lidar/bin'
[10.332s] Level 1:colcon.colcon_core.environment:create_environment_scripts_only(my_lidar)
[10.332s] INFO:colcon.colcon_core.shell:Creating package script '/home/yoon/xycar_ws/install/my_lidar/share/my_lidar/package.ps1'
[10.333s] INFO:colcon.colcon_core.shell:Creating package descriptor '/home/yoon/xycar_ws/install/my_lidar/share/my_lidar/package.dsv'
[10.333s] INFO:colcon.colcon_core.shell:Creating package script '/home/yoon/xycar_ws/install/my_lidar/share/my_lidar/package.sh'
[10.334s] INFO:colcon.colcon_core.shell:Creating package script '/home/yoon/xycar_ws/install/my_lidar/share/my_lidar/package.bash'
[10.334s] INFO:colcon.colcon_core.shell:Creating package script '/home/yoon/xycar_ws/install/my_lidar/share/my_lidar/package.zsh'
[10.334s] Level 1:colcon.colcon_core.environment:create_file_with_runtime_dependencies(/home/yoon/xycar_ws/install/my_lidar/share/colcon-core/packages/my_lidar)
[10.336s] DEBUG:colcon.colcon_parallel_executor.executor.parallel:closing loop
[10.337s] DEBUG:colcon.colcon_parallel_executor.executor.parallel:loop closed
[10.337s] DEBUG:colcon.colcon_parallel_executor.executor.parallel:run_until_complete finished with '0'
[10.337s] DEBUG:colcon.colcon_core.event_reactor:joining thread
[10.393s] INFO:colcon.colcon_core.plugin_system:Skipping extension 'colcon_notification.desktop_notification.notify_send': Could not find 'notify-send'
[10.394s] INFO:colcon.colcon_core.plugin_system:Skipping extension 'colcon_notification.desktop_notification.terminal_notifier': Not used on non-Darwin systems
[10.394s] INFO:colcon.colcon_core.plugin_system:Skipping extension 'colcon_notification.desktop_notification.win32': Not used on non-Windows systems
[10.394s] INFO:colcon.colcon_notification.desktop_notification:Sending desktop notification using 'notify2'
[10.394s] DEBUG:colcon.colcon_notification.desktop_notification.notify2:Failed to initialize notify2: org.freedesktop.DBus.Error.FileNotFound: Failed to connect to socket /run/user/1000/bus: No such file or directory
[10.394s] DEBUG:colcon.colcon_core.event_reactor:joined thread
[10.394s] INFO:colcon.colcon_core.shell:Creating prefix script '/home/yoon/xycar_ws/install/local_setup.ps1'
[10.396s] INFO:colcon.colcon_core.shell:Creating prefix util module '/home/yoon/xycar_ws/install/_local_setup_util_ps1.py'
[10.397s] INFO:colcon.colcon_core.shell:Creating prefix chain script '/home/yoon/xycar_ws/install/setup.ps1'
[10.398s] INFO:colcon.colcon_core.shell:Creating prefix script '/home/yoon/xycar_ws/install/local_setup.sh'
[10.399s] INFO:colcon.colcon_core.shell:Creating prefix util module '/home/yoon/xycar_ws/install/_local_setup_util_sh.py'
[10.399s] INFO:colcon.colcon_core.shell:Creating prefix chain script '/home/yoon/xycar_ws/install/setup.sh'
[10.400s] INFO:colcon.colcon_core.shell:Creating prefix script '/home/yoon/xycar_ws/install/local_setup.bash'
[10.401s] INFO:colcon.colcon_core.shell:Creating prefix chain script '/home/yoon/xycar_ws/install/setup.bash'
[10.401s] INFO:colcon.colcon_core.shell:Creating prefix script '/home/yoon/xycar_ws/install/local_setup.zsh'
[10.402s] INFO:colcon.colcon_core.shell:Creating prefix chain script '/home/yoon/xycar_ws/install/setup.zsh'
