[3.179s] Invoking command in '/home/yoon/xycar_ws/build/ros_tcp_endpoint': PYTHONPATH=/home/yoon/xycar_ws/build/ros_tcp_endpoint/prefix_override:/usr/lib/python3/dist-packages/colcon_core/task/python/colcon_distutils_commands:/home/yoon/xycar_ws/install/ros_tcp_endpoint/lib/python3.10/site-packages:${PYTHONPATH} /usr/bin/python3 -W ignore:setup.py install is deprecated -W ignore:easy_install command is deprecated setup.py develop --editable --build-directory /home/yoon/xycar_ws/build/ros_tcp_endpoint/build --no-deps symlink_data --force
[3.745s] running develop
[4.090s] running egg_info
[4.090s] writing ros_tcp_endpoint.egg-info/PKG-INFO
[4.092s] writing dependency_links to ros_tcp_endpoint.egg-info/dependency_links.txt
[4.092s] writing entry points to ros_tcp_endpoint.egg-info/entry_points.txt
[4.092s] writing requirements to ros_tcp_endpoint.egg-info/requires.txt
[4.093s] writing top-level names to ros_tcp_endpoint.egg-info/top_level.txt
[4.098s] reading manifest file 'ros_tcp_endpoint.egg-info/SOURCES.txt'
[4.100s] writing manifest file 'ros_tcp_endpoint.egg-info/SOURCES.txt'
[4.105s] running build_ext
[4.106s] Creating /home/yoon/xycar_ws/install/ros_tcp_endpoint/lib/python3.10/site-packages/ros-tcp-endpoint.egg-link (link to .)
[4.110s] Installing default_server_endpoint script to /home/yoon/xycar_ws/install/ros_tcp_endpoint/lib/ros_tcp_endpoint
[4.111s] 
[4.111s] Installed /home/yoon/xycar_ws/build/ros_tcp_endpoint
[4.112s] running symlink_data
[4.115s] symbolically linking /home/yoon/xycar_ws/build/ros_tcp_endpoint/resource/ros_tcp_endpoint -> /home/yoon/xycar_ws/install/ros_tcp_endpoint/share/ament_index/resource_index/packages
[4.117s] symbolically linking /home/yoon/xycar_ws/build/ros_tcp_endpoint/package.xml -> /home/yoon/xycar_ws/install/ros_tcp_endpoint/share/ros_tcp_endpoint
[4.119s] symbolically linking /home/yoon/xycar_ws/build/ros_tcp_endpoint/launch/endpoint.py -> /home/yoon/xycar_ws/install/ros_tcp_endpoint/share/ros_tcp_endpoint/launch
[4.276s] Invoked command in '/home/yoon/xycar_ws/build/ros_tcp_endpoint' returned '0': PYTHONPATH=/home/yoon/xycar_ws/build/ros_tcp_endpoint/prefix_override:/usr/lib/python3/dist-packages/colcon_core/task/python/colcon_distutils_commands:/home/yoon/xycar_ws/install/ros_tcp_endpoint/lib/python3.10/site-packages:${PYTHONPATH} /usr/bin/python3 -W ignore:setup.py install is deprecated -W ignore:easy_install command is deprecated setup.py develop --editable --build-directory /home/yoon/xycar_ws/build/ros_tcp_endpoint/build --no-deps symlink_data --force
