[0.078s] Invoking command in '/home/yoon/xycar_ws/build/xycar_msgs': CMAKE_PREFIX_PATH=${CMAKE_PREFIX_PATH}:/home/yoon/xycar_ws/install/my_lidar:/home/yoon/xycar_ws/install/my_cam:/home/yoon/xycar_ws/install/kookmin9_viewer:/home/yoon/xycar_ws/install/track_drive:/home/yoon/xycar_ws/install/ros_tcp_endpoint:/home/yoon/xycar_ws/install/my_motor:/home/yoon/xycar_ws/install/my_imu:/opt/ros/humble /usr/bin/cmake /home/yoon/xycar_ws/src/xycar_msgs -DAMENT_CMAKE_SYMLINK_INSTALL=1 -DCMAKE_INSTALL_PREFIX=/home/yoon/xycar_ws/install/xycar_msgs
[1.535s] -- Found ament_cmake: 1.3.14 (/opt/ros/humble/share/ament_cmake/cmake)
[1.536s] -- Override CMake install command with custom implementation using symlinks instead of copying resources
[1.537s] -- Found rosidl_default_generators: 1.2.1 (/opt/ros/humble/share/rosidl_default_generators/cmake)
[1.538s] -- Using all available rosidl_typesupport_c: rosidl_typesupport_fastrtps_c;rosidl_typesupport_introspection_c
[1.539s] -- Found rosidl_adapter: 3.1.8 (/opt/ros/humble/share/rosidl_adapter/cmake)
[1.540s] -- Using all available rosidl_typesupport_cpp: rosidl_typesupport_fastrtps_cpp;rosidl_typesupport_introspection_cpp
[1.540s] -- Found std_msgs: 4.9.1 (/opt/ros/humble/share/std_msgs/cmake)
[1.540s] -- Found sensor_msgs: 4.9.1 (/opt/ros/humble/share/sensor_msgs/cmake)
[1.801s] -- Found ament_cmake_ros: 0.10.0 (/opt/ros/humble/share/ament_cmake_ros/cmake)
[2.455s] -- Using all available rosidl_typesupport_c: rosidl_typesupport_fastrtps_c;rosidl_typesupport_introspection_c
[3.330s] -- Using all available rosidl_typesupport_cpp: rosidl_typesupport_fastrtps_cpp;rosidl_typesupport_introspection_cpp
[3.389s] -- Found python_cmake_module: 0.10.0 (/opt/ros/humble/share/python_cmake_module/cmake)
[3.453s] -- Using PYTHON_EXECUTABLE: /usr/bin/python3
[3.453s] -- Using PYTHON_INCLUDE_DIRS: /usr/include/python3.10
[3.454s] -- Using PYTHON_LIBRARIES: /usr/lib/x86_64-linux-gnu/libpython3.10.so
[3.842s] -- Found ament_lint_auto: 0.12.15 (/opt/ros/humble/share/ament_lint_auto/cmake)
[3.917s] -- Added test 'lint_cmake' to check CMake code style
[3.924s] -- Added test 'xmllint' to check XML markup files
[3.945s] -- Configuring done
[4.176s] -- Generating done
[4.215s] -- Build files have been written to: /home/yoon/xycar_ws/build/xycar_msgs
[4.323s] Invoked command in '/home/yoon/xycar_ws/build/xycar_msgs' returned '0': CMAKE_PREFIX_PATH=${CMAKE_PREFIX_PATH}:/home/yoon/xycar_ws/install/my_lidar:/home/yoon/xycar_ws/install/my_cam:/home/yoon/xycar_ws/install/kookmin9_viewer:/home/yoon/xycar_ws/install/track_drive:/home/yoon/xycar_ws/install/ros_tcp_endpoint:/home/yoon/xycar_ws/install/my_motor:/home/yoon/xycar_ws/install/my_imu:/opt/ros/humble /usr/bin/cmake /home/yoon/xycar_ws/src/xycar_msgs -DAMENT_CMAKE_SYMLINK_INSTALL=1 -DCMAKE_INSTALL_PREFIX=/home/yoon/xycar_ws/install/xycar_msgs
[4.325s] Invoking command in '/home/yoon/xycar_ws/build/xycar_msgs': CMAKE_PREFIX_PATH=${CMAKE_PREFIX_PATH}:/home/yoon/xycar_ws/install/my_lidar:/home/yoon/xycar_ws/install/my_cam:/home/yoon/xycar_ws/install/kookmin9_viewer:/home/yoon/xycar_ws/install/track_drive:/home/yoon/xycar_ws/install/ros_tcp_endpoint:/home/yoon/xycar_ws/install/my_motor:/home/yoon/xycar_ws/install/my_imu:/opt/ros/humble /usr/bin/cmake --build /home/yoon/xycar_ws/build/xycar_msgs -- -j12 -l12
[4.413s] [35m[1mConsolidate compiler generated dependencies of target xycar_msgs__rosidl_generator_c[0m
[4.434s] [  2%] Built target xycar_msgs__cpp
[4.434s] [  5%] Built target xycar_msgs__rs
[4.458s] [35m[1mConsolidate compiler generated dependencies of target xycar_msgs__rosidl_typesupport_cpp[0m
[4.458s] [35m[1mConsolidate compiler generated dependencies of target xycar_msgs__rosidl_typesupport_fastrtps_cpp[0m
[4.459s] [35m[1mConsolidate compiler generated dependencies of target xycar_msgs__rosidl_typesupport_introspection_cpp[0m
[4.459s] [  5%] Built target ament_cmake_python_symlink_xycar_msgs
[4.466s] [ 15%] Built target xycar_msgs__rosidl_generator_c
[4.493s] [35m[1mConsolidate compiler generated dependencies of target xycar_msgs__rosidl_typesupport_c[0m
[4.494s] [35m[1mConsolidate compiler generated dependencies of target xycar_msgs__rosidl_typesupport_fastrtps_c[0m
[4.494s] [35m[1mConsolidate compiler generated dependencies of target xycar_msgs__rosidl_typesupport_introspection_c[0m
[4.512s] [ 25%] Built target xycar_msgs__rosidl_typesupport_cpp
[4.512s] [ 42%] Built target xycar_msgs__rosidl_typesupport_fastrtps_cpp
[4.512s] [ 45%] Built target xycar_msgs__rosidl_typesupport_introspection_cpp
[4.521s] [ 55%] Built target xycar_msgs__rosidl_typesupport_c
[4.528s] [ 65%] Built target xycar_msgs__rosidl_typesupport_introspection_c
[4.534s] [ 75%] Built target xycar_msgs__rosidl_typesupport_fastrtps_c
[4.581s] [ 75%] Built target xycar_msgs
[4.621s] [ 77%] Built target xycar_msgs__py
[4.646s] [35m[1mConsolidate compiler generated dependencies of target xycar_msgs__rosidl_generator_py[0m
[4.684s] [ 85%] Built target xycar_msgs__rosidl_generator_py
[4.703s] [35m[1mConsolidate compiler generated dependencies of target xycar_msgs__rosidl_typesupport_c__pyext[0m
[4.703s] [35m[1mConsolidate compiler generated dependencies of target xycar_msgs__rosidl_typesupport_fastrtps_c__pyext[0m
[4.704s] [35m[1mConsolidate compiler generated dependencies of target xycar_msgs__rosidl_typesupport_introspection_c__pyext[0m
[4.732s] [ 90%] Built target xycar_msgs__rosidl_typesupport_c__pyext
[4.732s] [ 95%] Built target xycar_msgs__rosidl_typesupport_introspection_c__pyext
[4.734s] [100%] Built target xycar_msgs__rosidl_typesupport_fastrtps_c__pyext
[4.926s] running egg_info
[4.927s] writing xycar_msgs.egg-info/PKG-INFO
[4.928s] writing dependency_links to xycar_msgs.egg-info/dependency_links.txt
[4.929s] writing top-level names to xycar_msgs.egg-info/top_level.txt
[4.933s] reading manifest file 'xycar_msgs.egg-info/SOURCES.txt'
[4.935s] writing manifest file 'xycar_msgs.egg-info/SOURCES.txt'
[4.995s] [100%] Built target ament_cmake_python_build_xycar_msgs_egg
[5.020s] Invoked command in '/home/yoon/xycar_ws/build/xycar_msgs' returned '0': CMAKE_PREFIX_PATH=${CMAKE_PREFIX_PATH}:/home/yoon/xycar_ws/install/my_lidar:/home/yoon/xycar_ws/install/my_cam:/home/yoon/xycar_ws/install/kookmin9_viewer:/home/yoon/xycar_ws/install/track_drive:/home/yoon/xycar_ws/install/ros_tcp_endpoint:/home/yoon/xycar_ws/install/my_motor:/home/yoon/xycar_ws/install/my_imu:/opt/ros/humble /usr/bin/cmake --build /home/yoon/xycar_ws/build/xycar_msgs -- -j12 -l12
[5.040s] Invoking command in '/home/yoon/xycar_ws/build/xycar_msgs': CMAKE_PREFIX_PATH=${CMAKE_PREFIX_PATH}:/home/yoon/xycar_ws/install/my_lidar:/home/yoon/xycar_ws/install/my_cam:/home/yoon/xycar_ws/install/kookmin9_viewer:/home/yoon/xycar_ws/install/track_drive:/home/yoon/xycar_ws/install/ros_tcp_endpoint:/home/yoon/xycar_ws/install/my_motor:/home/yoon/xycar_ws/install/my_imu:/opt/ros/humble /usr/bin/cmake --install /home/yoon/xycar_ws/build/xycar_msgs
[5.054s] -- Install configuration: ""
[5.055s] -- Execute custom install script
[5.056s] -- Up-to-date symlink: /home/yoon/xycar_ws/install/xycar_msgs/share/ament_index/resource_index/rosidl_interfaces/xycar_msgs
[5.060s] -- Up-to-date symlink: /home/yoon/xycar_ws/install/xycar_msgs/include/xycar_msgs/xycar_msgs/msg/detail/xycar_motor__functions.h
[5.061s] -- Up-to-date symlink: /home/yoon/xycar_ws/install/xycar_msgs/include/xycar_msgs/xycar_msgs/msg/detail/xycar_motor__struct.h
[5.062s] -- Up-to-date symlink: /home/yoon/xycar_ws/install/xycar_msgs/include/xycar_msgs/xycar_msgs/msg/detail/xycar_motor__type_support.h
[5.063s] -- Up-to-date symlink: /home/yoon/xycar_ws/install/xycar_msgs/include/xycar_msgs/xycar_msgs/msg/detail/xycar_ultrasonic__functions.h
[5.064s] -- Up-to-date symlink: /home/yoon/xycar_ws/install/xycar_msgs/include/xycar_msgs/xycar_msgs/msg/detail/xycar_ultrasonic__struct.h
[5.065s] -- Up-to-date symlink: /home/yoon/xycar_ws/install/xycar_msgs/include/xycar_msgs/xycar_msgs/msg/detail/xycar_ultrasonic__type_support.h
[5.066s] -- Up-to-date symlink: /home/yoon/xycar_ws/install/xycar_msgs/include/xycar_msgs/xycar_msgs/msg/rosidl_generator_c__visibility_control.h
[5.066s] -- Up-to-date symlink: /home/yoon/xycar_ws/install/xycar_msgs/include/xycar_msgs/xycar_msgs/msg/xycar_motor.h
[5.067s] -- Up-to-date symlink: /home/yoon/xycar_ws/install/xycar_msgs/include/xycar_msgs/xycar_msgs/msg/xycar_ultrasonic.h
[5.068s] -- Up-to-date symlink: /home/yoon/xycar_ws/install/xycar_msgs/share/xycar_msgs/environment/library_path.sh
[5.068s] -- Up-to-date symlink: /home/yoon/xycar_ws/install/xycar_msgs/share/xycar_msgs/environment/library_path.dsv
[5.070s] -- Up-to-date symlink: /home/yoon/xycar_ws/install/xycar_msgs/include/xycar_msgs/xycar_msgs/msg/detail/xycar_motor__rosidl_typesupport_fastrtps_c.h
[5.071s] -- Up-to-date symlink: /home/yoon/xycar_ws/install/xycar_msgs/include/xycar_msgs/xycar_msgs/msg/detail/xycar_ultrasonic__rosidl_typesupport_fastrtps_c.h
[5.072s] -- Up-to-date symlink: /home/yoon/xycar_ws/install/xycar_msgs/include/xycar_msgs/xycar_msgs/msg/rosidl_typesupport_fastrtps_c__visibility_control.h
[5.073s] -- Up-to-date symlink: /home/yoon/xycar_ws/install/xycar_msgs/include/xycar_msgs/xycar_msgs/msg/detail/xycar_motor__rosidl_typesupport_introspection_c.h
[5.075s] -- Up-to-date symlink: /home/yoon/xycar_ws/install/xycar_msgs/include/xycar_msgs/xycar_msgs/msg/detail/xycar_ultrasonic__rosidl_typesupport_introspection_c.h
[5.076s] -- Up-to-date symlink: /home/yoon/xycar_ws/install/xycar_msgs/include/xycar_msgs/xycar_msgs/msg/rosidl_typesupport_introspection_c__visibility_control.h
[5.078s] -- Up-to-date symlink: /home/yoon/xycar_ws/install/xycar_msgs/include/xycar_msgs/xycar_msgs/msg/detail/xycar_motor__builder.hpp
[5.079s] -- Up-to-date symlink: /home/yoon/xycar_ws/install/xycar_msgs/include/xycar_msgs/xycar_msgs/msg/detail/xycar_motor__struct.hpp
[5.080s] -- Up-to-date symlink: /home/yoon/xycar_ws/install/xycar_msgs/include/xycar_msgs/xycar_msgs/msg/detail/xycar_motor__traits.hpp
[5.080s] -- Up-to-date symlink: /home/yoon/xycar_ws/install/xycar_msgs/include/xycar_msgs/xycar_msgs/msg/detail/xycar_motor__type_support.hpp
[5.081s] -- Up-to-date symlink: /home/yoon/xycar_ws/install/xycar_msgs/include/xycar_msgs/xycar_msgs/msg/detail/xycar_ultrasonic__builder.hpp
[5.082s] -- Up-to-date symlink: /home/yoon/xycar_ws/install/xycar_msgs/include/xycar_msgs/xycar_msgs/msg/detail/xycar_ultrasonic__struct.hpp
[5.082s] -- Up-to-date symlink: /home/yoon/xycar_ws/install/xycar_msgs/include/xycar_msgs/xycar_msgs/msg/detail/xycar_ultrasonic__traits.hpp
[5.083s] -- Up-to-date symlink: /home/yoon/xycar_ws/install/xycar_msgs/include/xycar_msgs/xycar_msgs/msg/detail/xycar_ultrasonic__type_support.hpp
[5.084s] -- Up-to-date symlink: /home/yoon/xycar_ws/install/xycar_msgs/include/xycar_msgs/xycar_msgs/msg/rosidl_generator_cpp__visibility_control.hpp
[5.085s] -- Up-to-date symlink: /home/yoon/xycar_ws/install/xycar_msgs/include/xycar_msgs/xycar_msgs/msg/xycar_motor.hpp
[5.086s] -- Up-to-date symlink: /home/yoon/xycar_ws/install/xycar_msgs/include/xycar_msgs/xycar_msgs/msg/xycar_ultrasonic.hpp
[5.088s] -- Up-to-date symlink: /home/yoon/xycar_ws/install/xycar_msgs/include/xycar_msgs/xycar_msgs/msg/detail/xycar_motor__rosidl_typesupport_fastrtps_cpp.hpp
[5.088s] -- Up-to-date symlink: /home/yoon/xycar_ws/install/xycar_msgs/include/xycar_msgs/xycar_msgs/msg/detail/xycar_ultrasonic__rosidl_typesupport_fastrtps_cpp.hpp
[5.089s] -- Up-to-date symlink: /home/yoon/xycar_ws/install/xycar_msgs/include/xycar_msgs/xycar_msgs/msg/rosidl_typesupport_fastrtps_cpp__visibility_control.h
[5.090s] -- Up-to-date symlink: /home/yoon/xycar_ws/install/xycar_msgs/include/xycar_msgs/xycar_msgs/msg/detail/xycar_motor__rosidl_typesupport_introspection_cpp.hpp
[5.091s] -- Up-to-date symlink: /home/yoon/xycar_ws/install/xycar_msgs/include/xycar_msgs/xycar_msgs/msg/detail/xycar_ultrasonic__rosidl_typesupport_introspection_cpp.hpp
[5.091s] -- Up-to-date symlink: /home/yoon/xycar_ws/install/xycar_msgs/share/xycar_msgs/environment/pythonpath.sh
[5.092s] -- Up-to-date symlink: /home/yoon/xycar_ws/install/xycar_msgs/share/xycar_msgs/environment/pythonpath.dsv
[5.092s] -- Up-to-date symlink: /home/yoon/xycar_ws/install/xycar_msgs/local/lib/python3.10/dist-packages/xycar_msgs-0.0.0-py3.10.egg-info/PKG-INFO
[5.093s] -- Up-to-date symlink: /home/yoon/xycar_ws/install/xycar_msgs/local/lib/python3.10/dist-packages/xycar_msgs-0.0.0-py3.10.egg-info/SOURCES.txt
[5.093s] -- Up-to-date symlink: /home/yoon/xycar_ws/install/xycar_msgs/local/lib/python3.10/dist-packages/xycar_msgs-0.0.0-py3.10.egg-info/dependency_links.txt
[5.094s] -- Up-to-date symlink: /home/yoon/xycar_ws/install/xycar_msgs/local/lib/python3.10/dist-packages/xycar_msgs-0.0.0-py3.10.egg-info/top_level.txt
[5.095s] -- Up-to-date symlink: /home/yoon/xycar_ws/install/xycar_msgs/local/lib/python3.10/dist-packages/xycar_msgs/__init__.py
[5.096s] -- Up-to-date symlink: /home/yoon/xycar_ws/install/xycar_msgs/local/lib/python3.10/dist-packages/xycar_msgs/_xycar_msgs_s.ep.rosidl_typesupport_c.c
[5.096s] -- Up-to-date symlink: /home/yoon/xycar_ws/install/xycar_msgs/local/lib/python3.10/dist-packages/xycar_msgs/_xycar_msgs_s.ep.rosidl_typesupport_fastrtps_c.c
[5.097s] -- Up-to-date symlink: /home/yoon/xycar_ws/install/xycar_msgs/local/lib/python3.10/dist-packages/xycar_msgs/_xycar_msgs_s.ep.rosidl_typesupport_introspection_c.c
[5.097s] -- Up-to-date symlink: /home/yoon/xycar_ws/install/xycar_msgs/local/lib/python3.10/dist-packages/xycar_msgs/libxycar_msgs__rosidl_generator_py.so
[5.098s] -- Up-to-date symlink: /home/yoon/xycar_ws/install/xycar_msgs/local/lib/python3.10/dist-packages/xycar_msgs/msg/__init__.py
[5.098s] -- Up-to-date symlink: /home/yoon/xycar_ws/install/xycar_msgs/local/lib/python3.10/dist-packages/xycar_msgs/msg/_xycar_motor.py
[5.099s] -- Up-to-date symlink: /home/yoon/xycar_ws/install/xycar_msgs/local/lib/python3.10/dist-packages/xycar_msgs/msg/_xycar_motor_s.c
[5.099s] -- Up-to-date symlink: /home/yoon/xycar_ws/install/xycar_msgs/local/lib/python3.10/dist-packages/xycar_msgs/msg/_xycar_ultrasonic.py
[5.100s] -- Up-to-date symlink: /home/yoon/xycar_ws/install/xycar_msgs/local/lib/python3.10/dist-packages/xycar_msgs/msg/_xycar_ultrasonic_s.c
[5.101s] -- Up-to-date symlink: /home/yoon/xycar_ws/install/xycar_msgs/local/lib/python3.10/dist-packages/xycar_msgs/xycar_msgs_s__rosidl_typesupport_c.cpython-310-x86_64-linux-gnu.so
[5.101s] -- Up-to-date symlink: /home/yoon/xycar_ws/install/xycar_msgs/local/lib/python3.10/dist-packages/xycar_msgs/xycar_msgs_s__rosidl_typesupport_fastrtps_c.cpython-310-x86_64-linux-gnu.so
[5.102s] -- Up-to-date symlink: /home/yoon/xycar_ws/install/xycar_msgs/local/lib/python3.10/dist-packages/xycar_msgs/xycar_msgs_s__rosidl_typesupport_introspection_c.cpython-310-x86_64-linux-gnu.so
[5.102s] -- Up-to-date symlink: /home/yoon/xycar_ws/install/xycar_msgs/local/lib/python3.10/dist-packages/xycar_msgs/xycar_msgs_s__rosidl_typesupport_fastrtps_c.cpython-310-x86_64-linux-gnu.so
[5.103s] -- Up-to-date symlink: /home/yoon/xycar_ws/install/xycar_msgs/local/lib/python3.10/dist-packages/xycar_msgs/xycar_msgs_s__rosidl_typesupport_introspection_c.cpython-310-x86_64-linux-gnu.so
[5.103s] -- Up-to-date symlink: /home/yoon/xycar_ws/install/xycar_msgs/local/lib/python3.10/dist-packages/xycar_msgs/xycar_msgs_s__rosidl_typesupport_c.cpython-310-x86_64-linux-gnu.so
[5.105s] -- Up-to-date symlink: /home/yoon/xycar_ws/install/xycar_msgs/share/ament_index/resource_index/rust_packages/xycar_msgs
[5.107s] -- Up-to-date symlink: /home/yoon/xycar_ws/install/xycar_msgs/share/xycar_msgs/rust/Cargo.toml
[5.108s] -- Up-to-date symlink: /home/yoon/xycar_ws/install/xycar_msgs/share/xycar_msgs/rust/build.rs
[5.111s] -- Up-to-date symlink: /home/yoon/xycar_ws/install/xycar_msgs/share/xycar_msgs/rust/src/lib.rs
[5.111s] -- Up-to-date symlink: /home/yoon/xycar_ws/install/xycar_msgs/share/xycar_msgs/rust/src/msg.rs
[5.112s] -- Up-to-date symlink: /home/yoon/xycar_ws/install/xycar_msgs/share/xycar_msgs/rust/src/msg/rmw.rs
[5.113s] -- Up-to-date symlink: /home/yoon/xycar_ws/install/xycar_msgs/share/xycar_msgs/msg/XycarMotor.idl
[5.114s] -- Up-to-date symlink: /home/yoon/xycar_ws/install/xycar_msgs/share/xycar_msgs/msg/XycarUltrasonic.idl
[5.114s] -- Up-to-date symlink: /home/yoon/xycar_ws/install/xycar_msgs/share/xycar_msgs/msg/XycarMotor.msg
[5.115s] -- Up-to-date symlink: /home/yoon/xycar_ws/install/xycar_msgs/share/xycar_msgs/msg/XycarUltrasonic.msg
[5.115s] -- Up-to-date symlink: /home/yoon/xycar_ws/install/xycar_msgs/share/ament_index/resource_index/package_run_dependencies/xycar_msgs
[5.117s] -- Up-to-date symlink: /home/yoon/xycar_ws/install/xycar_msgs/share/ament_index/resource_index/parent_prefix_path/xycar_msgs
[5.118s] -- Up-to-date symlink: /home/yoon/xycar_ws/install/xycar_msgs/share/xycar_msgs/environment/ament_prefix_path.sh
[5.118s] -- Up-to-date symlink: /home/yoon/xycar_ws/install/xycar_msgs/share/xycar_msgs/environment/ament_prefix_path.dsv
[5.120s] -- Up-to-date symlink: /home/yoon/xycar_ws/install/xycar_msgs/share/xycar_msgs/environment/path.sh
[5.120s] -- Up-to-date symlink: /home/yoon/xycar_ws/install/xycar_msgs/share/xycar_msgs/environment/path.dsv
[5.122s] -- Up-to-date symlink: /home/yoon/xycar_ws/install/xycar_msgs/share/xycar_msgs/local_setup.bash
[5.123s] -- Up-to-date symlink: /home/yoon/xycar_ws/install/xycar_msgs/share/xycar_msgs/local_setup.sh
[5.125s] -- Up-to-date symlink: /home/yoon/xycar_ws/install/xycar_msgs/share/xycar_msgs/local_setup.zsh
[5.125s] -- Up-to-date symlink: /home/yoon/xycar_ws/install/xycar_msgs/share/xycar_msgs/local_setup.dsv
[5.125s] -- Symlinking: /home/yoon/xycar_ws/install/xycar_msgs/share/xycar_msgs/package.dsv
[5.155s] -- Up-to-date symlink: /home/yoon/xycar_ws/install/xycar_msgs/share/ament_index/resource_index/packages/xycar_msgs
[5.156s] -- Up-to-date symlink: /home/yoon/xycar_ws/install/xycar_msgs/share/xycar_msgs/cmake/rosidl_cmake-extras.cmake
[5.157s] -- Up-to-date symlink: /home/yoon/xycar_ws/install/xycar_msgs/share/xycar_msgs/cmake/ament_cmake_export_dependencies-extras.cmake
[5.158s] -- Up-to-date symlink: /home/yoon/xycar_ws/install/xycar_msgs/share/xycar_msgs/cmake/ament_cmake_export_include_directories-extras.cmake
[5.160s] -- Up-to-date symlink: /home/yoon/xycar_ws/install/xycar_msgs/share/xycar_msgs/cmake/ament_cmake_export_libraries-extras.cmake
[5.162s] -- Up-to-date symlink: /home/yoon/xycar_ws/install/xycar_msgs/share/xycar_msgs/cmake/ament_cmake_export_targets-extras.cmake
[5.163s] -- Up-to-date symlink: /home/yoon/xycar_ws/install/xycar_msgs/share/xycar_msgs/cmake/rosidl_cmake_export_typesupport_targets-extras.cmake
[5.165s] -- Up-to-date symlink: /home/yoon/xycar_ws/install/xycar_msgs/share/xycar_msgs/cmake/rosidl_cmake_export_typesupport_libraries-extras.cmake
[5.165s] -- Up-to-date symlink: /home/yoon/xycar_ws/install/xycar_msgs/share/xycar_msgs/cmake/xycar_msgsConfig.cmake
[5.177s] -- Up-to-date symlink: /home/yoon/xycar_ws/install/xycar_msgs/share/xycar_msgs/cmake/xycar_msgsConfig-version.cmake
[5.178s] -- Up-to-date symlink: /home/yoon/xycar_ws/install/xycar_msgs/share/xycar_msgs/package.xml
[5.226s] -- Up-to-date: /home/yoon/xycar_ws/install/xycar_msgs/lib/libxycar_msgs__rosidl_generator_c.so
[5.228s] -- Up-to-date: /home/yoon/xycar_ws/install/xycar_msgs/lib/libxycar_msgs__rosidl_typesupport_fastrtps_c.so
[5.230s] -- Up-to-date: /home/yoon/xycar_ws/install/xycar_msgs/lib/libxycar_msgs__rosidl_typesupport_introspection_c.so
[5.232s] -- Up-to-date: /home/yoon/xycar_ws/install/xycar_msgs/lib/libxycar_msgs__rosidl_typesupport_c.so
[5.234s] -- Up-to-date: /home/yoon/xycar_ws/install/xycar_msgs/lib/libxycar_msgs__rosidl_typesupport_fastrtps_cpp.so
[5.237s] -- Up-to-date: /home/yoon/xycar_ws/install/xycar_msgs/lib/libxycar_msgs__rosidl_typesupport_introspection_cpp.so
[5.239s] -- Up-to-date: /home/yoon/xycar_ws/install/xycar_msgs/lib/libxycar_msgs__rosidl_typesupport_cpp.so
[5.326s] Listing '/home/yoon/xycar_ws/install/xycar_msgs/local/lib/python3.10/dist-packages/xycar_msgs'...
[5.326s] Compiling '/home/yoon/xycar_ws/install/xycar_msgs/local/lib/python3.10/dist-packages/xycar_msgs/__init__.py'...
[5.326s] Listing '/home/yoon/xycar_ws/install/xycar_msgs/local/lib/python3.10/dist-packages/xycar_msgs/msg'...
[5.340s] -- Up-to-date: /home/yoon/xycar_ws/install/xycar_msgs/lib/libxycar_msgs__rosidl_generator_py.so
[5.341s] -- Up-to-date: /home/yoon/xycar_ws/install/xycar_msgs/share/xycar_msgs/cmake/export_xycar_msgs__rosidl_generator_cExport.cmake
[5.341s] -- Up-to-date: /home/yoon/xycar_ws/install/xycar_msgs/share/xycar_msgs/cmake/export_xycar_msgs__rosidl_generator_cExport-noconfig.cmake
[5.341s] -- Up-to-date: /home/yoon/xycar_ws/install/xycar_msgs/share/xycar_msgs/cmake/export_xycar_msgs__rosidl_typesupport_fastrtps_cExport.cmake
[5.342s] -- Up-to-date: /home/yoon/xycar_ws/install/xycar_msgs/share/xycar_msgs/cmake/export_xycar_msgs__rosidl_typesupport_fastrtps_cExport-noconfig.cmake
[5.342s] -- Up-to-date: /home/yoon/xycar_ws/install/xycar_msgs/share/xycar_msgs/cmake/xycar_msgs__rosidl_typesupport_introspection_cExport.cmake
[5.342s] -- Up-to-date: /home/yoon/xycar_ws/install/xycar_msgs/share/xycar_msgs/cmake/xycar_msgs__rosidl_typesupport_introspection_cExport-noconfig.cmake
[5.343s] -- Up-to-date: /home/yoon/xycar_ws/install/xycar_msgs/share/xycar_msgs/cmake/xycar_msgs__rosidl_typesupport_cExport.cmake
[5.344s] -- Up-to-date: /home/yoon/xycar_ws/install/xycar_msgs/share/xycar_msgs/cmake/xycar_msgs__rosidl_typesupport_cExport-noconfig.cmake
[5.344s] -- Up-to-date: /home/yoon/xycar_ws/install/xycar_msgs/share/xycar_msgs/cmake/export_xycar_msgs__rosidl_generator_cppExport.cmake
[5.345s] -- Up-to-date: /home/yoon/xycar_ws/install/xycar_msgs/share/xycar_msgs/cmake/export_xycar_msgs__rosidl_typesupport_fastrtps_cppExport.cmake
[5.345s] -- Up-to-date: /home/yoon/xycar_ws/install/xycar_msgs/share/xycar_msgs/cmake/export_xycar_msgs__rosidl_typesupport_fastrtps_cppExport-noconfig.cmake
[5.347s] -- Up-to-date: /home/yoon/xycar_ws/install/xycar_msgs/share/xycar_msgs/cmake/xycar_msgs__rosidl_typesupport_introspection_cppExport.cmake
[5.347s] -- Up-to-date: /home/yoon/xycar_ws/install/xycar_msgs/share/xycar_msgs/cmake/xycar_msgs__rosidl_typesupport_introspection_cppExport-noconfig.cmake
[5.348s] -- Up-to-date: /home/yoon/xycar_ws/install/xycar_msgs/share/xycar_msgs/cmake/xycar_msgs__rosidl_typesupport_cppExport.cmake
[5.348s] -- Up-to-date: /home/yoon/xycar_ws/install/xycar_msgs/share/xycar_msgs/cmake/xycar_msgs__rosidl_typesupport_cppExport-noconfig.cmake
[5.349s] -- Up-to-date: /home/yoon/xycar_ws/install/xycar_msgs/share/xycar_msgs/cmake/export_xycar_msgs__rosidl_generator_pyExport.cmake
[5.349s] -- Up-to-date: /home/yoon/xycar_ws/install/xycar_msgs/share/xycar_msgs/cmake/export_xycar_msgs__rosidl_generator_pyExport-noconfig.cmake
[5.355s] Invoked command in '/home/yoon/xycar_ws/build/xycar_msgs' returned '0': CMAKE_PREFIX_PATH=${CMAKE_PREFIX_PATH}:/home/yoon/xycar_ws/install/my_lidar:/home/yoon/xycar_ws/install/my_cam:/home/yoon/xycar_ws/install/kookmin9_viewer:/home/yoon/xycar_ws/install/track_drive:/home/yoon/xycar_ws/install/ros_tcp_endpoint:/home/yoon/xycar_ws/install/my_motor:/home/yoon/xycar_ws/install/my_imu:/opt/ros/humble /usr/bin/cmake --install /home/yoon/xycar_ws/build/xycar_msgs
