[0.344s] DEBUG:colcon:Command line arguments: ['/usr/bin/colcon', 'build', '--symlink-install']
[0.344s] DEBUG:colcon:Parsed command line arguments: Namespace(log_base=None, log_level=None, verb_name='build', build_base='build', install_base='install', merge_install=False, symlink_install=True, test_result_base=None, continue_on_error=False, executor='parallel', parallel_workers=12, event_handlers=None, ignore_user_meta=False, metas=['./colcon.meta'], base_paths=['.'], packages_ignore=None, packages_ignore_regex=None, paths=None, packages_up_to=None, packages_up_to_regex=None, packages_above=None, packages_above_and_dependencies=None, packages_above_depth=None, packages_select_by_dep=None, packages_skip_by_dep=None, packages_skip_up_to=None, packages_select_build_failed=False, packages_skip_build_finished=False, packages_select_test_failures=False, packages_skip_test_passed=False, packages_select=None, packages_skip=None, packages_select_regex=None, packages_skip_regex=None, packages_start=None, packages_end=None, allow_overriding=[], cmake_args=None, cmake_target=None, cmake_target_skip_unavailable=False, cmake_clean_cache=False, cmake_clean_first=False, cmake_force_configure=False, ament_cmake_args=None, catkin_cmake_args=None, catkin_skip_building_tests=False, verb_parser=<colcon_defaults.argument_parser.defaults.DefaultArgumentsDecorator object at 0x7b80430f6d40>, verb_extension=<colcon_core.verb.build.BuildVerb object at 0x7b80430441f0>, main=<bound method BuildVerb.main of <colcon_core.verb.build.BuildVerb object at 0x7b80430441f0>>)
[0.568s] Level 1:colcon.colcon_core.package_discovery:discover_packages(colcon_meta) check parameters
[0.569s] Level 1:colcon.colcon_core.package_discovery:discover_packages(recursive) check parameters
[0.569s] Level 1:colcon.colcon_core.package_discovery:discover_packages(ignore) check parameters
[0.569s] Level 1:colcon.colcon_core.package_discovery:discover_packages(path) check parameters
[0.569s] Level 1:colcon.colcon_core.package_discovery:discover_packages(colcon_meta) discover
[0.569s] Level 1:colcon.colcon_core.package_discovery:discover_packages(recursive) discover
[0.569s] INFO:colcon.colcon_core.package_discovery:Crawling recursively for packages in '/home/yoon/xycar_ws'
[0.569s] Level 1:colcon.colcon_core.package_identification:_identify(.) by extensions ['ignore', 'ignore_ament_install']
[0.569s] Level 1:colcon.colcon_core.package_identification:_identify(.) by extension 'ignore'
[0.569s] Level 1:colcon.colcon_core.package_identification:_identify(.) by extension 'ignore_ament_install'
[0.569s] Level 1:colcon.colcon_core.package_identification:_identify(.) by extensions ['colcon_pkg']
[0.569s] Level 1:colcon.colcon_core.package_identification:_identify(.) by extension 'colcon_pkg'
[0.569s] Level 1:colcon.colcon_core.package_identification:_identify(.) by extensions ['colcon_meta']
[0.569s] Level 1:colcon.colcon_core.package_identification:_identify(.) by extension 'colcon_meta'
[0.569s] Level 1:colcon.colcon_core.package_identification:_identify(.) by extensions ['ros']
[0.569s] Level 1:colcon.colcon_core.package_identification:_identify(.) by extension 'ros'
[0.587s] Level 1:colcon.colcon_core.package_identification:_identify(.) by extensions ['cmake', 'python']
[0.587s] Level 1:colcon.colcon_core.package_identification:_identify(.) by extension 'cmake'
[0.587s] Level 1:colcon.colcon_core.package_identification:_identify(.) by extension 'python'
[0.587s] Level 1:colcon.colcon_core.package_identification:_identify(.) by extensions ['python_setup_py']
[0.588s] Level 1:colcon.colcon_core.package_identification:_identify(.) by extension 'python_setup_py'
[0.588s] Level 1:colcon.colcon_core.package_identification:_identify(build) by extensions ['ignore', 'ignore_ament_install']
[0.588s] Level 1:colcon.colcon_core.package_identification:_identify(build) by extension 'ignore'
[0.588s] Level 1:colcon.colcon_core.package_identification:_identify(build) ignored
[0.588s] Level 1:colcon.colcon_core.package_identification:_identify(install) by extensions ['ignore', 'ignore_ament_install']
[0.588s] Level 1:colcon.colcon_core.package_identification:_identify(install) by extension 'ignore'
[0.588s] Level 1:colcon.colcon_core.package_identification:_identify(install) ignored
[0.588s] Level 1:colcon.colcon_core.package_identification:_identify(log) by extensions ['ignore', 'ignore_ament_install']
[0.588s] Level 1:colcon.colcon_core.package_identification:_identify(log) by extension 'ignore'
[0.588s] Level 1:colcon.colcon_core.package_identification:_identify(log) ignored
[0.588s] Level 1:colcon.colcon_core.package_identification:_identify(src) by extensions ['ignore', 'ignore_ament_install']
[0.588s] Level 1:colcon.colcon_core.package_identification:_identify(src) by extension 'ignore'
[0.588s] Level 1:colcon.colcon_core.package_identification:_identify(src) by extension 'ignore_ament_install'
[0.589s] Level 1:colcon.colcon_core.package_identification:_identify(src) by extensions ['colcon_pkg']
[0.589s] Level 1:colcon.colcon_core.package_identification:_identify(src) by extension 'colcon_pkg'
[0.589s] Level 1:colcon.colcon_core.package_identification:_identify(src) by extensions ['colcon_meta']
[0.589s] Level 1:colcon.colcon_core.package_identification:_identify(src) by extension 'colcon_meta'
[0.589s] Level 1:colcon.colcon_core.package_identification:_identify(src) by extensions ['ros']
[0.589s] Level 1:colcon.colcon_core.package_identification:_identify(src) by extension 'ros'
[0.589s] Level 1:colcon.colcon_core.package_identification:_identify(src) by extensions ['cmake', 'python']
[0.589s] Level 1:colcon.colcon_core.package_identification:_identify(src) by extension 'cmake'
[0.589s] Level 1:colcon.colcon_core.package_identification:_identify(src) by extension 'python'
[0.589s] Level 1:colcon.colcon_core.package_identification:_identify(src) by extensions ['python_setup_py']
[0.589s] Level 1:colcon.colcon_core.package_identification:_identify(src) by extension 'python_setup_py'
[0.589s] Level 1:colcon.colcon_core.package_identification:_identify(src/ROS-TCP-Endpoint-main-ros2) by extensions ['ignore', 'ignore_ament_install']
[0.589s] Level 1:colcon.colcon_core.package_identification:_identify(src/ROS-TCP-Endpoint-main-ros2) by extension 'ignore'
[0.589s] Level 1:colcon.colcon_core.package_identification:_identify(src/ROS-TCP-Endpoint-main-ros2) by extension 'ignore_ament_install'
[0.589s] Level 1:colcon.colcon_core.package_identification:_identify(src/ROS-TCP-Endpoint-main-ros2) by extensions ['colcon_pkg']
[0.589s] Level 1:colcon.colcon_core.package_identification:_identify(src/ROS-TCP-Endpoint-main-ros2) by extension 'colcon_pkg'
[0.589s] Level 1:colcon.colcon_core.package_identification:_identify(src/ROS-TCP-Endpoint-main-ros2) by extensions ['colcon_meta']
[0.589s] Level 1:colcon.colcon_core.package_identification:_identify(src/ROS-TCP-Endpoint-main-ros2) by extension 'colcon_meta'
[0.589s] Level 1:colcon.colcon_core.package_identification:_identify(src/ROS-TCP-Endpoint-main-ros2) by extensions ['ros']
[0.589s] Level 1:colcon.colcon_core.package_identification:_identify(src/ROS-TCP-Endpoint-main-ros2) by extension 'ros'
[0.593s] DEBUG:colcon.colcon_core.package_identification:Package 'src/ROS-TCP-Endpoint-main-ros2' with type 'ros.ament_python' and name 'ros_tcp_endpoint'
[0.593s] Level 1:colcon.colcon_core.package_identification:_identify(src/kookmin9_viewer) by extensions ['ignore', 'ignore_ament_install']
[0.593s] Level 1:colcon.colcon_core.package_identification:_identify(src/kookmin9_viewer) by extension 'ignore'
[0.593s] Level 1:colcon.colcon_core.package_identification:_identify(src/kookmin9_viewer) by extension 'ignore_ament_install'
[0.593s] Level 1:colcon.colcon_core.package_identification:_identify(src/kookmin9_viewer) by extensions ['colcon_pkg']
[0.593s] Level 1:colcon.colcon_core.package_identification:_identify(src/kookmin9_viewer) by extension 'colcon_pkg'
[0.593s] Level 1:colcon.colcon_core.package_identification:_identify(src/kookmin9_viewer) by extensions ['colcon_meta']
[0.593s] Level 1:colcon.colcon_core.package_identification:_identify(src/kookmin9_viewer) by extension 'colcon_meta'
[0.593s] Level 1:colcon.colcon_core.package_identification:_identify(src/kookmin9_viewer) by extensions ['ros']
[0.593s] Level 1:colcon.colcon_core.package_identification:_identify(src/kookmin9_viewer) by extension 'ros'
[0.594s] DEBUG:colcon.colcon_core.package_identification:Package 'src/kookmin9_viewer' with type 'ros.ament_python' and name 'kookmin9_viewer'
[0.594s] Level 1:colcon.colcon_core.package_identification:_identify(src/my_cam) by extensions ['ignore', 'ignore_ament_install']
[0.594s] Level 1:colcon.colcon_core.package_identification:_identify(src/my_cam) by extension 'ignore'
[0.594s] Level 1:colcon.colcon_core.package_identification:_identify(src/my_cam) by extension 'ignore_ament_install'
[0.595s] Level 1:colcon.colcon_core.package_identification:_identify(src/my_cam) by extensions ['colcon_pkg']
[0.595s] Level 1:colcon.colcon_core.package_identification:_identify(src/my_cam) by extension 'colcon_pkg'
[0.595s] Level 1:colcon.colcon_core.package_identification:_identify(src/my_cam) by extensions ['colcon_meta']
[0.595s] Level 1:colcon.colcon_core.package_identification:_identify(src/my_cam) by extension 'colcon_meta'
[0.595s] Level 1:colcon.colcon_core.package_identification:_identify(src/my_cam) by extensions ['ros']
[0.595s] Level 1:colcon.colcon_core.package_identification:_identify(src/my_cam) by extension 'ros'
[0.595s] DEBUG:colcon.colcon_core.package_identification:Package 'src/my_cam' with type 'ros.ament_python' and name 'my_cam'
[0.595s] Level 1:colcon.colcon_core.package_identification:_identify(src/my_imu) by extensions ['ignore', 'ignore_ament_install']
[0.596s] Level 1:colcon.colcon_core.package_identification:_identify(src/my_imu) by extension 'ignore'
[0.596s] Level 1:colcon.colcon_core.package_identification:_identify(src/my_imu) by extension 'ignore_ament_install'
[0.596s] Level 1:colcon.colcon_core.package_identification:_identify(src/my_imu) by extensions ['colcon_pkg']
[0.596s] Level 1:colcon.colcon_core.package_identification:_identify(src/my_imu) by extension 'colcon_pkg'
[0.596s] Level 1:colcon.colcon_core.package_identification:_identify(src/my_imu) by extensions ['colcon_meta']
[0.596s] Level 1:colcon.colcon_core.package_identification:_identify(src/my_imu) by extension 'colcon_meta'
[0.596s] Level 1:colcon.colcon_core.package_identification:_identify(src/my_imu) by extensions ['ros']
[0.596s] Level 1:colcon.colcon_core.package_identification:_identify(src/my_imu) by extension 'ros'
[0.596s] DEBUG:colcon.colcon_core.package_identification:Package 'src/my_imu' with type 'ros.ament_python' and name 'my_imu'
[0.596s] Level 1:colcon.colcon_core.package_identification:_identify(src/my_lidar) by extensions ['ignore', 'ignore_ament_install']
[0.597s] Level 1:colcon.colcon_core.package_identification:_identify(src/my_lidar) by extension 'ignore'
[0.597s] Level 1:colcon.colcon_core.package_identification:_identify(src/my_lidar) by extension 'ignore_ament_install'
[0.597s] Level 1:colcon.colcon_core.package_identification:_identify(src/my_lidar) by extensions ['colcon_pkg']
[0.597s] Level 1:colcon.colcon_core.package_identification:_identify(src/my_lidar) by extension 'colcon_pkg'
[0.597s] Level 1:colcon.colcon_core.package_identification:_identify(src/my_lidar) by extensions ['colcon_meta']
[0.597s] Level 1:colcon.colcon_core.package_identification:_identify(src/my_lidar) by extension 'colcon_meta'
[0.597s] Level 1:colcon.colcon_core.package_identification:_identify(src/my_lidar) by extensions ['ros']
[0.597s] Level 1:colcon.colcon_core.package_identification:_identify(src/my_lidar) by extension 'ros'
[0.597s] DEBUG:colcon.colcon_core.package_identification:Package 'src/my_lidar' with type 'ros.ament_python' and name 'my_lidar'
[0.598s] Level 1:colcon.colcon_core.package_identification:_identify(src/my_motor) by extensions ['ignore', 'ignore_ament_install']
[0.598s] Level 1:colcon.colcon_core.package_identification:_identify(src/my_motor) by extension 'ignore'
[0.598s] Level 1:colcon.colcon_core.package_identification:_identify(src/my_motor) by extension 'ignore_ament_install'
[0.598s] Level 1:colcon.colcon_core.package_identification:_identify(src/my_motor) by extensions ['colcon_pkg']
[0.598s] Level 1:colcon.colcon_core.package_identification:_identify(src/my_motor) by extension 'colcon_pkg'
[0.598s] Level 1:colcon.colcon_core.package_identification:_identify(src/my_motor) by extensions ['colcon_meta']
[0.598s] Level 1:colcon.colcon_core.package_identification:_identify(src/my_motor) by extension 'colcon_meta'
[0.598s] Level 1:colcon.colcon_core.package_identification:_identify(src/my_motor) by extensions ['ros']
[0.598s] Level 1:colcon.colcon_core.package_identification:_identify(src/my_motor) by extension 'ros'
[0.598s] DEBUG:colcon.colcon_core.package_identification:Package 'src/my_motor' with type 'ros.ament_python' and name 'my_motor'
[0.598s] Level 1:colcon.colcon_core.package_identification:_identify(src/track_drive) by extensions ['ignore', 'ignore_ament_install']
[0.599s] Level 1:colcon.colcon_core.package_identification:_identify(src/track_drive) by extension 'ignore'
[0.599s] Level 1:colcon.colcon_core.package_identification:_identify(src/track_drive) by extension 'ignore_ament_install'
[0.599s] Level 1:colcon.colcon_core.package_identification:_identify(src/track_drive) by extensions ['colcon_pkg']
[0.599s] Level 1:colcon.colcon_core.package_identification:_identify(src/track_drive) by extension 'colcon_pkg'
[0.599s] Level 1:colcon.colcon_core.package_identification:_identify(src/track_drive) by extensions ['colcon_meta']
[0.599s] Level 1:colcon.colcon_core.package_identification:_identify(src/track_drive) by extension 'colcon_meta'
[0.599s] Level 1:colcon.colcon_core.package_identification:_identify(src/track_drive) by extensions ['ros']
[0.599s] Level 1:colcon.colcon_core.package_identification:_identify(src/track_drive) by extension 'ros'
[0.600s] DEBUG:colcon.colcon_core.package_identification:Package 'src/track_drive' with type 'ros.ament_python' and name 'track_drive'
[0.600s] Level 1:colcon.colcon_core.package_identification:_identify(src/xycar_msgs) by extensions ['ignore', 'ignore_ament_install']
[0.600s] Level 1:colcon.colcon_core.package_identification:_identify(src/xycar_msgs) by extension 'ignore'
[0.600s] Level 1:colcon.colcon_core.package_identification:_identify(src/xycar_msgs) by extension 'ignore_ament_install'
[0.600s] Level 1:colcon.colcon_core.package_identification:_identify(src/xycar_msgs) by extensions ['colcon_pkg']
[0.600s] Level 1:colcon.colcon_core.package_identification:_identify(src/xycar_msgs) by extension 'colcon_pkg'
[0.600s] Level 1:colcon.colcon_core.package_identification:_identify(src/xycar_msgs) by extensions ['colcon_meta']
[0.600s] Level 1:colcon.colcon_core.package_identification:_identify(src/xycar_msgs) by extension 'colcon_meta'
[0.600s] Level 1:colcon.colcon_core.package_identification:_identify(src/xycar_msgs) by extensions ['ros']
[0.600s] Level 1:colcon.colcon_core.package_identification:_identify(src/xycar_msgs) by extension 'ros'
[0.601s] DEBUG:colcon.colcon_core.package_identification:Package 'src/xycar_msgs' with type 'ros.ament_cmake' and name 'xycar_msgs'
[0.601s] Level 1:colcon.colcon_core.package_discovery:discover_packages(recursive) using defaults
[0.601s] Level 1:colcon.colcon_core.package_discovery:discover_packages(ignore) discover
[0.601s] Level 1:colcon.colcon_core.package_discovery:discover_packages(ignore) using defaults
[0.601s] Level 1:colcon.colcon_core.package_discovery:discover_packages(path) discover
[0.601s] Level 1:colcon.colcon_core.package_discovery:discover_packages(path) using defaults
[0.637s] Level 1:colcon.colcon_core.package_discovery:discover_packages(prefix_path) check parameters
[0.637s] Level 1:colcon.colcon_core.package_discovery:discover_packages(prefix_path) discover
[0.640s] Level 1:colcon.colcon_core.package_discovery:discover_packages(prefix_path) using defaults
[0.641s] Level 5:colcon.colcon_core.verb:set package 'my_imu' build argument 'cmake_args' from command line to 'None'
[0.642s] Level 5:colcon.colcon_core.verb:set package 'my_imu' build argument 'cmake_target' from command line to 'None'
[0.642s] Level 5:colcon.colcon_core.verb:set package 'my_imu' build argument 'cmake_target_skip_unavailable' from command line to 'False'
[0.642s] Level 5:colcon.colcon_core.verb:set package 'my_imu' build argument 'cmake_clean_cache' from command line to 'False'
[0.642s] Level 5:colcon.colcon_core.verb:set package 'my_imu' build argument 'cmake_clean_first' from command line to 'False'
[0.642s] Level 5:colcon.colcon_core.verb:set package 'my_imu' build argument 'cmake_force_configure' from command line to 'False'
[0.642s] Level 5:colcon.colcon_core.verb:set package 'my_imu' build argument 'ament_cmake_args' from command line to 'None'
[0.642s] Level 5:colcon.colcon_core.verb:set package 'my_imu' build argument 'catkin_cmake_args' from command line to 'None'
[0.642s] Level 5:colcon.colcon_core.verb:set package 'my_imu' build argument 'catkin_skip_building_tests' from command line to 'False'
[0.642s] DEBUG:colcon.colcon_core.verb:Building package 'my_imu' with the following arguments: {'ament_cmake_args': None, 'build_base': '/home/yoon/xycar_ws/build/my_imu', 'catkin_cmake_args': None, 'catkin_skip_building_tests': False, 'cmake_args': None, 'cmake_clean_cache': False, 'cmake_clean_first': False, 'cmake_force_configure': False, 'cmake_target': None, 'cmake_target_skip_unavailable': False, 'install_base': '/home/yoon/xycar_ws/install/my_imu', 'merge_install': False, 'path': '/home/yoon/xycar_ws/src/my_imu', 'symlink_install': True, 'test_result_base': None}
[0.642s] Level 5:colcon.colcon_core.verb:set package 'my_motor' build argument 'cmake_args' from command line to 'None'
[0.642s] Level 5:colcon.colcon_core.verb:set package 'my_motor' build argument 'cmake_target' from command line to 'None'
[0.642s] Level 5:colcon.colcon_core.verb:set package 'my_motor' build argument 'cmake_target_skip_unavailable' from command line to 'False'
[0.642s] Level 5:colcon.colcon_core.verb:set package 'my_motor' build argument 'cmake_clean_cache' from command line to 'False'
[0.642s] Level 5:colcon.colcon_core.verb:set package 'my_motor' build argument 'cmake_clean_first' from command line to 'False'
[0.642s] Level 5:colcon.colcon_core.verb:set package 'my_motor' build argument 'cmake_force_configure' from command line to 'False'
[0.642s] Level 5:colcon.colcon_core.verb:set package 'my_motor' build argument 'ament_cmake_args' from command line to 'None'
[0.642s] Level 5:colcon.colcon_core.verb:set package 'my_motor' build argument 'catkin_cmake_args' from command line to 'None'
[0.642s] Level 5:colcon.colcon_core.verb:set package 'my_motor' build argument 'catkin_skip_building_tests' from command line to 'False'
[0.642s] DEBUG:colcon.colcon_core.verb:Building package 'my_motor' with the following arguments: {'ament_cmake_args': None, 'build_base': '/home/yoon/xycar_ws/build/my_motor', 'catkin_cmake_args': None, 'catkin_skip_building_tests': False, 'cmake_args': None, 'cmake_clean_cache': False, 'cmake_clean_first': False, 'cmake_force_configure': False, 'cmake_target': None, 'cmake_target_skip_unavailable': False, 'install_base': '/home/yoon/xycar_ws/install/my_motor', 'merge_install': False, 'path': '/home/yoon/xycar_ws/src/my_motor', 'symlink_install': True, 'test_result_base': None}
[0.643s] Level 5:colcon.colcon_core.verb:set package 'ros_tcp_endpoint' build argument 'cmake_args' from command line to 'None'
[0.643s] Level 5:colcon.colcon_core.verb:set package 'ros_tcp_endpoint' build argument 'cmake_target' from command line to 'None'
[0.643s] Level 5:colcon.colcon_core.verb:set package 'ros_tcp_endpoint' build argument 'cmake_target_skip_unavailable' from command line to 'False'
[0.643s] Level 5:colcon.colcon_core.verb:set package 'ros_tcp_endpoint' build argument 'cmake_clean_cache' from command line to 'False'
[0.643s] Level 5:colcon.colcon_core.verb:set package 'ros_tcp_endpoint' build argument 'cmake_clean_first' from command line to 'False'
[0.643s] Level 5:colcon.colcon_core.verb:set package 'ros_tcp_endpoint' build argument 'cmake_force_configure' from command line to 'False'
[0.643s] Level 5:colcon.colcon_core.verb:set package 'ros_tcp_endpoint' build argument 'ament_cmake_args' from command line to 'None'
[0.643s] Level 5:colcon.colcon_core.verb:set package 'ros_tcp_endpoint' build argument 'catkin_cmake_args' from command line to 'None'
[0.643s] Level 5:colcon.colcon_core.verb:set package 'ros_tcp_endpoint' build argument 'catkin_skip_building_tests' from command line to 'False'
[0.643s] DEBUG:colcon.colcon_core.verb:Building package 'ros_tcp_endpoint' with the following arguments: {'ament_cmake_args': None, 'build_base': '/home/yoon/xycar_ws/build/ros_tcp_endpoint', 'catkin_cmake_args': None, 'catkin_skip_building_tests': False, 'cmake_args': None, 'cmake_clean_cache': False, 'cmake_clean_first': False, 'cmake_force_configure': False, 'cmake_target': None, 'cmake_target_skip_unavailable': False, 'install_base': '/home/yoon/xycar_ws/install/ros_tcp_endpoint', 'merge_install': False, 'path': '/home/yoon/xycar_ws/src/ROS-TCP-Endpoint-main-ros2', 'symlink_install': True, 'test_result_base': None}
[0.643s] Level 5:colcon.colcon_core.verb:set package 'track_drive' build argument 'cmake_args' from command line to 'None'
[0.643s] Level 5:colcon.colcon_core.verb:set package 'track_drive' build argument 'cmake_target' from command line to 'None'
[0.643s] Level 5:colcon.colcon_core.verb:set package 'track_drive' build argument 'cmake_target_skip_unavailable' from command line to 'False'
[0.643s] Level 5:colcon.colcon_core.verb:set package 'track_drive' build argument 'cmake_clean_cache' from command line to 'False'
[0.643s] Level 5:colcon.colcon_core.verb:set package 'track_drive' build argument 'cmake_clean_first' from command line to 'False'
[0.644s] Level 5:colcon.colcon_core.verb:set package 'track_drive' build argument 'cmake_force_configure' from command line to 'False'
[0.644s] Level 5:colcon.colcon_core.verb:set package 'track_drive' build argument 'ament_cmake_args' from command line to 'None'
[0.644s] Level 5:colcon.colcon_core.verb:set package 'track_drive' build argument 'catkin_cmake_args' from command line to 'None'
[0.644s] Level 5:colcon.colcon_core.verb:set package 'track_drive' build argument 'catkin_skip_building_tests' from command line to 'False'
[0.644s] DEBUG:colcon.colcon_core.verb:Building package 'track_drive' with the following arguments: {'ament_cmake_args': None, 'build_base': '/home/yoon/xycar_ws/build/track_drive', 'catkin_cmake_args': None, 'catkin_skip_building_tests': False, 'cmake_args': None, 'cmake_clean_cache': False, 'cmake_clean_first': False, 'cmake_force_configure': False, 'cmake_target': None, 'cmake_target_skip_unavailable': False, 'install_base': '/home/yoon/xycar_ws/install/track_drive', 'merge_install': False, 'path': '/home/yoon/xycar_ws/src/track_drive', 'symlink_install': True, 'test_result_base': None}
[0.644s] Level 5:colcon.colcon_core.verb:set package 'xycar_msgs' build argument 'cmake_args' from command line to 'None'
[0.644s] Level 5:colcon.colcon_core.verb:set package 'xycar_msgs' build argument 'cmake_target' from command line to 'None'
[0.644s] Level 5:colcon.colcon_core.verb:set package 'xycar_msgs' build argument 'cmake_target_skip_unavailable' from command line to 'False'
[0.644s] Level 5:colcon.colcon_core.verb:set package 'xycar_msgs' build argument 'cmake_clean_cache' from command line to 'False'
[0.644s] Level 5:colcon.colcon_core.verb:set package 'xycar_msgs' build argument 'cmake_clean_first' from command line to 'False'
[0.644s] Level 5:colcon.colcon_core.verb:set package 'xycar_msgs' build argument 'cmake_force_configure' from command line to 'False'
[0.644s] Level 5:colcon.colcon_core.verb:set package 'xycar_msgs' build argument 'ament_cmake_args' from command line to 'None'
[0.644s] Level 5:colcon.colcon_core.verb:set package 'xycar_msgs' build argument 'catkin_cmake_args' from command line to 'None'
[0.644s] Level 5:colcon.colcon_core.verb:set package 'xycar_msgs' build argument 'catkin_skip_building_tests' from command line to 'False'
[0.644s] DEBUG:colcon.colcon_core.verb:Building package 'xycar_msgs' with the following arguments: {'ament_cmake_args': None, 'build_base': '/home/yoon/xycar_ws/build/xycar_msgs', 'catkin_cmake_args': None, 'catkin_skip_building_tests': False, 'cmake_args': None, 'cmake_clean_cache': False, 'cmake_clean_first': False, 'cmake_force_configure': False, 'cmake_target': None, 'cmake_target_skip_unavailable': False, 'install_base': '/home/yoon/xycar_ws/install/xycar_msgs', 'merge_install': False, 'path': '/home/yoon/xycar_ws/src/xycar_msgs', 'symlink_install': True, 'test_result_base': None}
[0.645s] Level 5:colcon.colcon_core.verb:set package 'kookmin9_viewer' build argument 'cmake_args' from command line to 'None'
[0.645s] Level 5:colcon.colcon_core.verb:set package 'kookmin9_viewer' build argument 'cmake_target' from command line to 'None'
[0.645s] Level 5:colcon.colcon_core.verb:set package 'kookmin9_viewer' build argument 'cmake_target_skip_unavailable' from command line to 'False'
[0.645s] Level 5:colcon.colcon_core.verb:set package 'kookmin9_viewer' build argument 'cmake_clean_cache' from command line to 'False'
[0.645s] Level 5:colcon.colcon_core.verb:set package 'kookmin9_viewer' build argument 'cmake_clean_first' from command line to 'False'
[0.645s] Level 5:colcon.colcon_core.verb:set package 'kookmin9_viewer' build argument 'cmake_force_configure' from command line to 'False'
[0.645s] Level 5:colcon.colcon_core.verb:set package 'kookmin9_viewer' build argument 'ament_cmake_args' from command line to 'None'
[0.645s] Level 5:colcon.colcon_core.verb:set package 'kookmin9_viewer' build argument 'catkin_cmake_args' from command line to 'None'
[0.645s] Level 5:colcon.colcon_core.verb:set package 'kookmin9_viewer' build argument 'catkin_skip_building_tests' from command line to 'False'
[0.645s] DEBUG:colcon.colcon_core.verb:Building package 'kookmin9_viewer' with the following arguments: {'ament_cmake_args': None, 'build_base': '/home/yoon/xycar_ws/build/kookmin9_viewer', 'catkin_cmake_args': None, 'catkin_skip_building_tests': False, 'cmake_args': None, 'cmake_clean_cache': False, 'cmake_clean_first': False, 'cmake_force_configure': False, 'cmake_target': None, 'cmake_target_skip_unavailable': False, 'install_base': '/home/yoon/xycar_ws/install/kookmin9_viewer', 'merge_install': False, 'path': '/home/yoon/xycar_ws/src/kookmin9_viewer', 'symlink_install': True, 'test_result_base': None}
[0.645s] Level 5:colcon.colcon_core.verb:set package 'my_cam' build argument 'cmake_args' from command line to 'None'
[0.645s] Level 5:colcon.colcon_core.verb:set package 'my_cam' build argument 'cmake_target' from command line to 'None'
[0.645s] Level 5:colcon.colcon_core.verb:set package 'my_cam' build argument 'cmake_target_skip_unavailable' from command line to 'False'
[0.645s] Level 5:colcon.colcon_core.verb:set package 'my_cam' build argument 'cmake_clean_cache' from command line to 'False'
[0.645s] Level 5:colcon.colcon_core.verb:set package 'my_cam' build argument 'cmake_clean_first' from command line to 'False'
[0.645s] Level 5:colcon.colcon_core.verb:set package 'my_cam' build argument 'cmake_force_configure' from command line to 'False'
[0.645s] Level 5:colcon.colcon_core.verb:set package 'my_cam' build argument 'ament_cmake_args' from command line to 'None'
[0.645s] Level 5:colcon.colcon_core.verb:set package 'my_cam' build argument 'catkin_cmake_args' from command line to 'None'
[0.645s] Level 5:colcon.colcon_core.verb:set package 'my_cam' build argument 'catkin_skip_building_tests' from command line to 'False'
[0.645s] DEBUG:colcon.colcon_core.verb:Building package 'my_cam' with the following arguments: {'ament_cmake_args': None, 'build_base': '/home/yoon/xycar_ws/build/my_cam', 'catkin_cmake_args': None, 'catkin_skip_building_tests': False, 'cmake_args': None, 'cmake_clean_cache': False, 'cmake_clean_first': False, 'cmake_force_configure': False, 'cmake_target': None, 'cmake_target_skip_unavailable': False, 'install_base': '/home/yoon/xycar_ws/install/my_cam', 'merge_install': False, 'path': '/home/yoon/xycar_ws/src/my_cam', 'symlink_install': True, 'test_result_base': None}
[0.646s] Level 5:colcon.colcon_core.verb:set package 'my_lidar' build argument 'cmake_args' from command line to 'None'
[0.646s] Level 5:colcon.colcon_core.verb:set package 'my_lidar' build argument 'cmake_target' from command line to 'None'
[0.646s] Level 5:colcon.colcon_core.verb:set package 'my_lidar' build argument 'cmake_target_skip_unavailable' from command line to 'False'
[0.646s] Level 5:colcon.colcon_core.verb:set package 'my_lidar' build argument 'cmake_clean_cache' from command line to 'False'
[0.646s] Level 5:colcon.colcon_core.verb:set package 'my_lidar' build argument 'cmake_clean_first' from command line to 'False'
[0.646s] Level 5:colcon.colcon_core.verb:set package 'my_lidar' build argument 'cmake_force_configure' from command line to 'False'
[0.646s] Level 5:colcon.colcon_core.verb:set package 'my_lidar' build argument 'ament_cmake_args' from command line to 'None'
[0.646s] Level 5:colcon.colcon_core.verb:set package 'my_lidar' build argument 'catkin_cmake_args' from command line to 'None'
[0.646s] Level 5:colcon.colcon_core.verb:set package 'my_lidar' build argument 'catkin_skip_building_tests' from command line to 'False'
[0.646s] DEBUG:colcon.colcon_core.verb:Building package 'my_lidar' with the following arguments: {'ament_cmake_args': None, 'build_base': '/home/yoon/xycar_ws/build/my_lidar', 'catkin_cmake_args': None, 'catkin_skip_building_tests': False, 'cmake_args': None, 'cmake_clean_cache': False, 'cmake_clean_first': False, 'cmake_force_configure': False, 'cmake_target': None, 'cmake_target_skip_unavailable': False, 'install_base': '/home/yoon/xycar_ws/install/my_lidar', 'merge_install': False, 'path': '/home/yoon/xycar_ws/src/my_lidar', 'symlink_install': True, 'test_result_base': None}
[0.646s] INFO:colcon.colcon_core.executor:Executing jobs using 'parallel' executor
[0.647s] DEBUG:colcon.colcon_parallel_executor.executor.parallel:run_until_complete
[0.647s] INFO:colcon.colcon_ros.task.ament_cmake.build:Building ROS package in '/home/yoon/xycar_ws/src/xycar_msgs' with build type 'ament_cmake'
[0.648s] INFO:colcon.colcon_cmake.task.cmake.build:Building CMake package in '/home/yoon/xycar_ws/src/xycar_msgs'
[0.655s] INFO:colcon.colcon_core.plugin_system:Skipping extension 'colcon_core.shell.bat': Not used on non-Windows systems
[0.655s] INFO:colcon.colcon_core.shell:Skip shell extension 'powershell' for command environment: Not usable outside of PowerShell
[0.655s] DEBUG:colcon.colcon_core.shell:Skip shell extension 'dsv' for command environment
[0.659s] INFO:colcon.colcon_ros.task.ament_python.build:Building ROS package in '/home/yoon/xycar_ws/src/my_imu' with build type 'ament_python'
[0.659s] Level 1:colcon.colcon_core.shell:create_environment_hook('my_imu', 'ament_prefix_path')
[0.659s] INFO:colcon.colcon_core.shell:Creating environment hook '/home/yoon/xycar_ws/install/my_imu/share/my_imu/hook/ament_prefix_path.ps1'
[0.662s] INFO:colcon.colcon_core.shell:Creating environment descriptor '/home/yoon/xycar_ws/install/my_imu/share/my_imu/hook/ament_prefix_path.dsv'
[0.663s] INFO:colcon.colcon_core.shell:Creating environment hook '/home/yoon/xycar_ws/install/my_imu/share/my_imu/hook/ament_prefix_path.sh'
[0.664s] INFO:colcon.colcon_core.shell:Skip shell extension 'powershell' for command environment: Not usable outside of PowerShell
[0.665s] DEBUG:colcon.colcon_core.shell:Skip shell extension 'dsv' for command environment
[0.666s] INFO:colcon.colcon_ros.task.ament_python.build:Building ROS package in '/home/yoon/xycar_ws/src/my_motor' with build type 'ament_python'
[0.666s] Level 1:colcon.colcon_core.shell:create_environment_hook('my_motor', 'ament_prefix_path')
[0.667s] INFO:colcon.colcon_core.shell:Creating environment hook '/home/yoon/xycar_ws/install/my_motor/share/my_motor/hook/ament_prefix_path.ps1'
[0.670s] INFO:colcon.colcon_core.shell:Creating environment descriptor '/home/yoon/xycar_ws/install/my_motor/share/my_motor/hook/ament_prefix_path.dsv'
[0.670s] INFO:colcon.colcon_core.shell:Creating environment hook '/home/yoon/xycar_ws/install/my_motor/share/my_motor/hook/ament_prefix_path.sh'
[0.671s] INFO:colcon.colcon_core.shell:Skip shell extension 'powershell' for command environment: Not usable outside of PowerShell
[0.671s] DEBUG:colcon.colcon_core.shell:Skip shell extension 'dsv' for command environment
[0.673s] INFO:colcon.colcon_ros.task.ament_python.build:Building ROS package in '/home/yoon/xycar_ws/src/ROS-TCP-Endpoint-main-ros2' with build type 'ament_python'
[0.673s] Level 1:colcon.colcon_core.shell:create_environment_hook('ros_tcp_endpoint', 'ament_prefix_path')
[0.673s] INFO:colcon.colcon_core.shell:Creating environment hook '/home/yoon/xycar_ws/install/ros_tcp_endpoint/share/ros_tcp_endpoint/hook/ament_prefix_path.ps1'
[0.676s] INFO:colcon.colcon_core.shell:Creating environment descriptor '/home/yoon/xycar_ws/install/ros_tcp_endpoint/share/ros_tcp_endpoint/hook/ament_prefix_path.dsv'
[0.677s] INFO:colcon.colcon_core.shell:Creating environment hook '/home/yoon/xycar_ws/install/ros_tcp_endpoint/share/ros_tcp_endpoint/hook/ament_prefix_path.sh'
[0.677s] INFO:colcon.colcon_core.shell:Skip shell extension 'powershell' for command environment: Not usable outside of PowerShell
[0.677s] DEBUG:colcon.colcon_core.shell:Skip shell extension 'dsv' for command environment
[0.679s] INFO:colcon.colcon_ros.task.ament_python.build:Building ROS package in '/home/yoon/xycar_ws/src/track_drive' with build type 'ament_python'
[0.680s] Level 1:colcon.colcon_core.shell:create_environment_hook('track_drive', 'ament_prefix_path')
[0.680s] INFO:colcon.colcon_core.shell:Creating environment hook '/home/yoon/xycar_ws/install/track_drive/share/track_drive/hook/ament_prefix_path.ps1'
[0.683s] INFO:colcon.colcon_core.shell:Creating environment descriptor '/home/yoon/xycar_ws/install/track_drive/share/track_drive/hook/ament_prefix_path.dsv'
[0.684s] INFO:colcon.colcon_core.shell:Creating environment hook '/home/yoon/xycar_ws/install/track_drive/share/track_drive/hook/ament_prefix_path.sh'
[0.684s] INFO:colcon.colcon_core.shell:Skip shell extension 'powershell' for command environment: Not usable outside of PowerShell
[0.685s] DEBUG:colcon.colcon_core.shell:Skip shell extension 'dsv' for command environment
[0.693s] DEBUG:colcon.colcon_core.event_handler.log_command:Invoking command in '/home/yoon/xycar_ws/build/xycar_msgs': /usr/bin/cmake /home/yoon/xycar_ws/src/xycar_msgs -DAMENT_CMAKE_SYMLINK_INSTALL=1 -DCMAKE_INSTALL_PREFIX=/home/yoon/xycar_ws/install/xycar_msgs
[0.932s] INFO:colcon.colcon_core.task.python.build:Building Python package in '/home/yoon/xycar_ws/src/my_imu'
[0.933s] INFO:colcon.colcon_core.shell:Skip shell extension 'powershell' for command environment: Not usable outside of PowerShell
[0.933s] DEBUG:colcon.colcon_core.shell:Skip shell extension 'dsv' for command environment
[1.148s] INFO:colcon.colcon_core.task.python.build:Building Python package in '/home/yoon/xycar_ws/src/my_motor'
[1.149s] INFO:colcon.colcon_core.shell:Skip shell extension 'powershell' for command environment: Not usable outside of PowerShell
[1.149s] DEBUG:colcon.colcon_core.shell:Skip shell extension 'dsv' for command environment
[1.367s] INFO:colcon.colcon_core.task.python.build:Building Python package in '/home/yoon/xycar_ws/src/ROS-TCP-Endpoint-main-ros2'
[1.367s] INFO:colcon.colcon_core.shell:Skip shell extension 'powershell' for command environment: Not usable outside of PowerShell
[1.367s] DEBUG:colcon.colcon_core.shell:Skip shell extension 'dsv' for command environment
[1.589s] INFO:colcon.colcon_core.task.python.build:Building Python package in '/home/yoon/xycar_ws/src/track_drive'
[1.589s] INFO:colcon.colcon_core.shell:Skip shell extension 'powershell' for command environment: Not usable outside of PowerShell
[1.589s] DEBUG:colcon.colcon_core.shell:Skip shell extension 'dsv' for command environment
[2.230s] DEBUG:colcon.colcon_core.event_handler.log_command:Invoking command in '/home/yoon/xycar_ws/build/my_motor': PYTHONPATH=/home/yoon/xycar_ws/build/my_motor/prefix_override:/usr/lib/python3/dist-packages/colcon_core/task/python/colcon_distutils_commands:/home/yoon/xycar_ws/install/my_motor/lib/python3.10/site-packages: /usr/bin/python3 -W ignore:setup.py install is deprecated -W ignore:easy_install command is deprecated setup.py develop --editable --build-directory /home/yoon/xycar_ws/build/my_motor/build --no-deps symlink_data
[2.236s] DEBUG:colcon.colcon_core.event_handler.log_command:Invoking command in '/home/yoon/xycar_ws/build/my_imu': PYTHONPATH=/home/yoon/xycar_ws/build/my_imu/prefix_override:/usr/lib/python3/dist-packages/colcon_core/task/python/colcon_distutils_commands:/home/yoon/xycar_ws/install/my_imu/lib/python3.10/site-packages: /usr/bin/python3 -W ignore:setup.py install is deprecated -W ignore:easy_install command is deprecated setup.py develop --editable --build-directory /home/yoon/xycar_ws/build/my_imu/build --no-deps symlink_data
[2.260s] DEBUG:colcon.colcon_core.event_handler.log_command:Invoking command in '/home/yoon/xycar_ws/build/ros_tcp_endpoint': PYTHONPATH=/home/yoon/xycar_ws/build/ros_tcp_endpoint/prefix_override:/usr/lib/python3/dist-packages/colcon_core/task/python/colcon_distutils_commands:/home/yoon/xycar_ws/install/ros_tcp_endpoint/lib/python3.10/site-packages: /usr/bin/python3 -W ignore:setup.py install is deprecated -W ignore:easy_install command is deprecated setup.py develop --editable --build-directory /home/yoon/xycar_ws/build/ros_tcp_endpoint/build --no-deps symlink_data
[2.265s] DEBUG:colcon.colcon_core.event_handler.log_command:Invoking command in '/home/yoon/xycar_ws/build/track_drive': PYTHONPATH=/home/yoon/xycar_ws/build/track_drive/prefix_override:/usr/lib/python3/dist-packages/colcon_core/task/python/colcon_distutils_commands:/home/yoon/xycar_ws/install/track_drive/lib/python3.10/site-packages: /usr/bin/python3 -W ignore:setup.py install is deprecated -W ignore:easy_install command is deprecated setup.py develop --editable --build-directory /home/yoon/xycar_ws/build/track_drive/build --no-deps symlink_data
[2.690s] Level 1:colcon.colcon_core.shell:create_environment_hook('ros_tcp_endpoint', 'pythonpath_develop')
[2.691s] INFO:colcon.colcon_core.shell:Creating environment hook '/home/yoon/xycar_ws/build/ros_tcp_endpoint/share/ros_tcp_endpoint/hook/pythonpath_develop.ps1'
[2.692s] DEBUG:colcon.colcon_core.event_handler.log_command:Invoked command in '/home/yoon/xycar_ws/build/ros_tcp_endpoint' returned '0': PYTHONPATH=/home/yoon/xycar_ws/build/ros_tcp_endpoint/prefix_override:/usr/lib/python3/dist-packages/colcon_core/task/python/colcon_distutils_commands:/home/yoon/xycar_ws/install/ros_tcp_endpoint/lib/python3.10/site-packages: /usr/bin/python3 -W ignore:setup.py install is deprecated -W ignore:easy_install command is deprecated setup.py develop --editable --build-directory /home/yoon/xycar_ws/build/ros_tcp_endpoint/build --no-deps symlink_data
[2.696s] INFO:colcon.colcon_core.shell:Creating environment descriptor '/home/yoon/xycar_ws/build/ros_tcp_endpoint/share/ros_tcp_endpoint/hook/pythonpath_develop.dsv'
[2.696s] INFO:colcon.colcon_core.shell:Creating environment hook '/home/yoon/xycar_ws/build/ros_tcp_endpoint/share/ros_tcp_endpoint/hook/pythonpath_develop.sh'
[2.705s] Level 1:colcon.colcon_core.environment:checking '/home/yoon/xycar_ws/install/ros_tcp_endpoint' for CMake module files
[2.705s] Level 1:colcon.colcon_core.environment:checking '/home/yoon/xycar_ws/install/ros_tcp_endpoint' for CMake config files
[2.706s] Level 1:colcon.colcon_core.environment:checking '/home/yoon/xycar_ws/install/ros_tcp_endpoint/lib'
[2.706s] Level 1:colcon.colcon_core.environment:checking '/home/yoon/xycar_ws/install/ros_tcp_endpoint/bin'
[2.706s] Level 1:colcon.colcon_core.environment:checking '/home/yoon/xycar_ws/install/ros_tcp_endpoint/lib/pkgconfig/ros_tcp_endpoint.pc'
[2.706s] Level 1:colcon.colcon_core.environment:checking '/home/yoon/xycar_ws/install/ros_tcp_endpoint/lib/python3.10/site-packages'
[2.706s] Level 1:colcon.colcon_core.shell:create_environment_hook('ros_tcp_endpoint', 'pythonpath')
[2.707s] INFO:colcon.colcon_core.shell:Creating environment hook '/home/yoon/xycar_ws/install/ros_tcp_endpoint/share/ros_tcp_endpoint/hook/pythonpath.ps1'
[2.707s] INFO:colcon.colcon_core.shell:Creating environment descriptor '/home/yoon/xycar_ws/install/ros_tcp_endpoint/share/ros_tcp_endpoint/hook/pythonpath.dsv'
[2.708s] INFO:colcon.colcon_core.shell:Creating environment hook '/home/yoon/xycar_ws/install/ros_tcp_endpoint/share/ros_tcp_endpoint/hook/pythonpath.sh'
[2.708s] Level 1:colcon.colcon_core.environment:checking '/home/yoon/xycar_ws/install/ros_tcp_endpoint/bin'
[2.708s] Level 1:colcon.colcon_core.environment:create_environment_scripts_only(ros_tcp_endpoint)
[2.709s] INFO:colcon.colcon_core.shell:Creating package script '/home/yoon/xycar_ws/install/ros_tcp_endpoint/share/ros_tcp_endpoint/package.ps1'
[2.710s] INFO:colcon.colcon_core.shell:Creating package descriptor '/home/yoon/xycar_ws/install/ros_tcp_endpoint/share/ros_tcp_endpoint/package.dsv'
[2.711s] INFO:colcon.colcon_core.shell:Creating package script '/home/yoon/xycar_ws/install/ros_tcp_endpoint/share/ros_tcp_endpoint/package.sh'
[2.713s] INFO:colcon.colcon_core.shell:Creating package script '/home/yoon/xycar_ws/install/ros_tcp_endpoint/share/ros_tcp_endpoint/package.bash'
[2.714s] INFO:colcon.colcon_core.shell:Creating package script '/home/yoon/xycar_ws/install/ros_tcp_endpoint/share/ros_tcp_endpoint/package.zsh'
[2.715s] Level 1:colcon.colcon_core.environment:create_file_with_runtime_dependencies(/home/yoon/xycar_ws/install/ros_tcp_endpoint/share/colcon-core/packages/ros_tcp_endpoint)
[2.720s] Level 1:colcon.colcon_core.shell:create_environment_hook('my_imu', 'pythonpath_develop')
[2.721s] DEBUG:colcon.colcon_core.event_handler.log_command:Invoked command in '/home/yoon/xycar_ws/build/my_imu' returned '0': PYTHONPATH=/home/yoon/xycar_ws/build/my_imu/prefix_override:/usr/lib/python3/dist-packages/colcon_core/task/python/colcon_distutils_commands:/home/yoon/xycar_ws/install/my_imu/lib/python3.10/site-packages: /usr/bin/python3 -W ignore:setup.py install is deprecated -W ignore:easy_install command is deprecated setup.py develop --editable --build-directory /home/yoon/xycar_ws/build/my_imu/build --no-deps symlink_data
[2.721s] INFO:colcon.colcon_core.shell:Creating environment hook '/home/yoon/xycar_ws/build/my_imu/share/my_imu/hook/pythonpath_develop.ps1'
[2.723s] INFO:colcon.colcon_core.shell:Creating environment descriptor '/home/yoon/xycar_ws/build/my_imu/share/my_imu/hook/pythonpath_develop.dsv'
[2.724s] INFO:colcon.colcon_core.shell:Creating environment hook '/home/yoon/xycar_ws/build/my_imu/share/my_imu/hook/pythonpath_develop.sh'
[2.724s] Level 1:colcon.colcon_core.environment:checking '/home/yoon/xycar_ws/install/my_imu' for CMake module files
[2.725s] Level 1:colcon.colcon_core.environment:checking '/home/yoon/xycar_ws/install/my_imu' for CMake config files
[2.725s] Level 1:colcon.colcon_core.environment:checking '/home/yoon/xycar_ws/install/my_imu/lib'
[2.725s] Level 1:colcon.colcon_core.environment:checking '/home/yoon/xycar_ws/install/my_imu/bin'
[2.726s] Level 1:colcon.colcon_core.environment:checking '/home/yoon/xycar_ws/install/my_imu/lib/pkgconfig/my_imu.pc'
[2.726s] Level 1:colcon.colcon_core.environment:checking '/home/yoon/xycar_ws/install/my_imu/lib/python3.10/site-packages'
[2.726s] Level 1:colcon.colcon_core.shell:create_environment_hook('my_imu', 'pythonpath')
[2.726s] INFO:colcon.colcon_core.shell:Creating environment hook '/home/yoon/xycar_ws/install/my_imu/share/my_imu/hook/pythonpath.ps1'
[2.726s] INFO:colcon.colcon_core.shell:Creating environment descriptor '/home/yoon/xycar_ws/install/my_imu/share/my_imu/hook/pythonpath.dsv'
[2.727s] INFO:colcon.colcon_core.shell:Creating environment hook '/home/yoon/xycar_ws/install/my_imu/share/my_imu/hook/pythonpath.sh'
[2.727s] Level 1:colcon.colcon_core.environment:checking '/home/yoon/xycar_ws/install/my_imu/bin'
[2.728s] Level 1:colcon.colcon_core.environment:create_environment_scripts_only(my_imu)
[2.728s] INFO:colcon.colcon_core.shell:Creating package script '/home/yoon/xycar_ws/install/my_imu/share/my_imu/package.ps1'
[2.729s] INFO:colcon.colcon_core.shell:Creating package descriptor '/home/yoon/xycar_ws/install/my_imu/share/my_imu/package.dsv'
[2.729s] INFO:colcon.colcon_core.shell:Creating package script '/home/yoon/xycar_ws/install/my_imu/share/my_imu/package.sh'
[2.730s] INFO:colcon.colcon_core.shell:Creating package script '/home/yoon/xycar_ws/install/my_imu/share/my_imu/package.bash'
[2.730s] INFO:colcon.colcon_core.shell:Creating package script '/home/yoon/xycar_ws/install/my_imu/share/my_imu/package.zsh'
[2.730s] Level 1:colcon.colcon_core.environment:create_file_with_runtime_dependencies(/home/yoon/xycar_ws/install/my_imu/share/colcon-core/packages/my_imu)
[2.732s] Level 1:colcon.colcon_core.shell:create_environment_hook('my_motor', 'pythonpath_develop')
[2.733s] INFO:colcon.colcon_core.shell:Creating environment hook '/home/yoon/xycar_ws/build/my_motor/share/my_motor/hook/pythonpath_develop.ps1'
[2.734s] DEBUG:colcon.colcon_core.event_handler.log_command:Invoked command in '/home/yoon/xycar_ws/build/my_motor' returned '0': PYTHONPATH=/home/yoon/xycar_ws/build/my_motor/prefix_override:/usr/lib/python3/dist-packages/colcon_core/task/python/colcon_distutils_commands:/home/yoon/xycar_ws/install/my_motor/lib/python3.10/site-packages: /usr/bin/python3 -W ignore:setup.py install is deprecated -W ignore:easy_install command is deprecated setup.py develop --editable --build-directory /home/yoon/xycar_ws/build/my_motor/build --no-deps symlink_data
[2.736s] INFO:colcon.colcon_core.shell:Creating environment descriptor '/home/yoon/xycar_ws/build/my_motor/share/my_motor/hook/pythonpath_develop.dsv'
[2.737s] INFO:colcon.colcon_core.shell:Creating environment hook '/home/yoon/xycar_ws/build/my_motor/share/my_motor/hook/pythonpath_develop.sh'
[2.737s] Level 1:colcon.colcon_core.environment:checking '/home/yoon/xycar_ws/install/my_motor' for CMake module files
[2.738s] Level 1:colcon.colcon_core.environment:checking '/home/yoon/xycar_ws/install/my_motor' for CMake config files
[2.738s] Level 1:colcon.colcon_core.environment:checking '/home/yoon/xycar_ws/install/my_motor/lib'
[2.739s] Level 1:colcon.colcon_core.environment:checking '/home/yoon/xycar_ws/install/my_motor/bin'
[2.739s] Level 1:colcon.colcon_core.environment:checking '/home/yoon/xycar_ws/install/my_motor/lib/pkgconfig/my_motor.pc'
[2.739s] Level 1:colcon.colcon_core.environment:checking '/home/yoon/xycar_ws/install/my_motor/lib/python3.10/site-packages'
[2.739s] Level 1:colcon.colcon_core.shell:create_environment_hook('my_motor', 'pythonpath')
[2.739s] INFO:colcon.colcon_core.shell:Creating environment hook '/home/yoon/xycar_ws/install/my_motor/share/my_motor/hook/pythonpath.ps1'
[2.740s] INFO:colcon.colcon_core.shell:Creating environment descriptor '/home/yoon/xycar_ws/install/my_motor/share/my_motor/hook/pythonpath.dsv'
[2.740s] INFO:colcon.colcon_core.shell:Creating environment hook '/home/yoon/xycar_ws/install/my_motor/share/my_motor/hook/pythonpath.sh'
[2.741s] Level 1:colcon.colcon_core.environment:checking '/home/yoon/xycar_ws/install/my_motor/bin'
[2.741s] Level 1:colcon.colcon_core.environment:create_environment_scripts_only(my_motor)
[2.741s] INFO:colcon.colcon_core.shell:Creating package script '/home/yoon/xycar_ws/install/my_motor/share/my_motor/package.ps1'
[2.742s] INFO:colcon.colcon_core.shell:Creating package descriptor '/home/yoon/xycar_ws/install/my_motor/share/my_motor/package.dsv'
[2.743s] INFO:colcon.colcon_core.shell:Creating package script '/home/yoon/xycar_ws/install/my_motor/share/my_motor/package.sh'
[2.743s] INFO:colcon.colcon_core.shell:Creating package script '/home/yoon/xycar_ws/install/my_motor/share/my_motor/package.bash'
[2.744s] INFO:colcon.colcon_core.shell:Creating package script '/home/yoon/xycar_ws/install/my_motor/share/my_motor/package.zsh'
[2.744s] Level 1:colcon.colcon_core.environment:create_file_with_runtime_dependencies(/home/yoon/xycar_ws/install/my_motor/share/colcon-core/packages/my_motor)
[2.748s] Level 1:colcon.colcon_core.shell:create_environment_hook('track_drive', 'pythonpath_develop')
[2.748s] INFO:colcon.colcon_core.shell:Creating environment hook '/home/yoon/xycar_ws/build/track_drive/share/track_drive/hook/pythonpath_develop.ps1'
[2.748s] DEBUG:colcon.colcon_core.event_handler.log_command:Invoked command in '/home/yoon/xycar_ws/build/track_drive' returned '0': PYTHONPATH=/home/yoon/xycar_ws/build/track_drive/prefix_override:/usr/lib/python3/dist-packages/colcon_core/task/python/colcon_distutils_commands:/home/yoon/xycar_ws/install/track_drive/lib/python3.10/site-packages: /usr/bin/python3 -W ignore:setup.py install is deprecated -W ignore:easy_install command is deprecated setup.py develop --editable --build-directory /home/yoon/xycar_ws/build/track_drive/build --no-deps symlink_data
[2.751s] INFO:colcon.colcon_core.shell:Creating environment descriptor '/home/yoon/xycar_ws/build/track_drive/share/track_drive/hook/pythonpath_develop.dsv'
[2.751s] INFO:colcon.colcon_core.shell:Creating environment hook '/home/yoon/xycar_ws/build/track_drive/share/track_drive/hook/pythonpath_develop.sh'
[2.752s] Level 1:colcon.colcon_core.environment:checking '/home/yoon/xycar_ws/install/track_drive' for CMake module files
[2.753s] Level 1:colcon.colcon_core.environment:checking '/home/yoon/xycar_ws/install/track_drive' for CMake config files
[2.753s] Level 1:colcon.colcon_core.environment:checking '/home/yoon/xycar_ws/install/track_drive/lib'
[2.753s] Level 1:colcon.colcon_core.environment:checking '/home/yoon/xycar_ws/install/track_drive/bin'
[2.753s] Level 1:colcon.colcon_core.environment:checking '/home/yoon/xycar_ws/install/track_drive/lib/pkgconfig/track_drive.pc'
[2.754s] Level 1:colcon.colcon_core.environment:checking '/home/yoon/xycar_ws/install/track_drive/lib/python3.10/site-packages'
[2.754s] Level 1:colcon.colcon_core.shell:create_environment_hook('track_drive', 'pythonpath')
[2.754s] INFO:colcon.colcon_core.shell:Creating environment hook '/home/yoon/xycar_ws/install/track_drive/share/track_drive/hook/pythonpath.ps1'
[2.755s] INFO:colcon.colcon_core.shell:Creating environment descriptor '/home/yoon/xycar_ws/install/track_drive/share/track_drive/hook/pythonpath.dsv'
[2.755s] INFO:colcon.colcon_core.shell:Creating environment hook '/home/yoon/xycar_ws/install/track_drive/share/track_drive/hook/pythonpath.sh'
[2.756s] Level 1:colcon.colcon_core.environment:checking '/home/yoon/xycar_ws/install/track_drive/bin'
[2.756s] Level 1:colcon.colcon_core.environment:create_environment_scripts_only(track_drive)
[2.757s] INFO:colcon.colcon_core.shell:Creating package script '/home/yoon/xycar_ws/install/track_drive/share/track_drive/package.ps1'
[2.757s] INFO:colcon.colcon_core.shell:Creating package descriptor '/home/yoon/xycar_ws/install/track_drive/share/track_drive/package.dsv'
[2.758s] INFO:colcon.colcon_core.shell:Creating package script '/home/yoon/xycar_ws/install/track_drive/share/track_drive/package.sh'
[2.758s] INFO:colcon.colcon_core.shell:Creating package script '/home/yoon/xycar_ws/install/track_drive/share/track_drive/package.bash'
[2.758s] INFO:colcon.colcon_core.shell:Creating package script '/home/yoon/xycar_ws/install/track_drive/share/track_drive/package.zsh'
[2.759s] Level 1:colcon.colcon_core.environment:create_file_with_runtime_dependencies(/home/yoon/xycar_ws/install/track_drive/share/colcon-core/packages/track_drive)
[4.068s] DEBUG:colcon.colcon_core.event_handler.log_command:Invoked command in '/home/yoon/xycar_ws/build/xycar_msgs' returned '1': /usr/bin/cmake /home/yoon/xycar_ws/src/xycar_msgs -DAMENT_CMAKE_SYMLINK_INSTALL=1 -DCMAKE_INSTALL_PREFIX=/home/yoon/xycar_ws/install/xycar_msgs
[4.083s] Level 1:colcon.colcon_core.environment:create_environment_scripts_only(xycar_msgs)
[4.083s] Level 1:colcon.colcon_core.environment:checking '/home/yoon/xycar_ws/install/xycar_msgs' for CMake module files
[4.084s] Level 1:colcon.colcon_core.environment:checking '/home/yoon/xycar_ws/install/xycar_msgs' for CMake config files
[4.084s] Level 1:colcon.colcon_core.environment:checking '/home/yoon/xycar_ws/install/xycar_msgs/bin'
[4.084s] Level 1:colcon.colcon_core.environment:checking '/home/yoon/xycar_ws/install/xycar_msgs/lib/pkgconfig/xycar_msgs.pc'
[4.084s] Level 1:colcon.colcon_core.environment:checking '/home/yoon/xycar_ws/install/xycar_msgs/lib/python3.10/site-packages'
[4.085s] Level 1:colcon.colcon_core.environment:checking '/home/yoon/xycar_ws/install/xycar_msgs/bin'
[4.085s] INFO:colcon.colcon_core.shell:Creating package script '/home/yoon/xycar_ws/install/xycar_msgs/share/xycar_msgs/package.ps1'
[4.087s] INFO:colcon.colcon_core.shell:Creating package descriptor '/home/yoon/xycar_ws/install/xycar_msgs/share/xycar_msgs/package.dsv'
[4.087s] INFO:colcon.colcon_core.shell:Creating package script '/home/yoon/xycar_ws/install/xycar_msgs/share/xycar_msgs/package.sh'
[4.088s] INFO:colcon.colcon_core.shell:Creating package script '/home/yoon/xycar_ws/install/xycar_msgs/share/xycar_msgs/package.bash'
[4.088s] INFO:colcon.colcon_core.shell:Creating package script '/home/yoon/xycar_ws/install/xycar_msgs/share/xycar_msgs/package.zsh'
[4.088s] Level 1:colcon.colcon_core.environment:create_file_with_runtime_dependencies(/home/yoon/xycar_ws/install/xycar_msgs/share/colcon-core/packages/xycar_msgs)
[4.100s] DEBUG:colcon.colcon_parallel_executor.executor.parallel:closing loop
[4.100s] DEBUG:colcon.colcon_parallel_executor.executor.parallel:loop closed
[4.100s] DEBUG:colcon.colcon_parallel_executor.executor.parallel:run_until_complete finished with '1'
[4.100s] DEBUG:colcon.colcon_core.event_reactor:joining thread
[4.161s] INFO:colcon.colcon_core.plugin_system:Skipping extension 'colcon_notification.desktop_notification.notify_send': Could not find 'notify-send'
[4.161s] INFO:colcon.colcon_core.plugin_system:Skipping extension 'colcon_notification.desktop_notification.terminal_notifier': Not used on non-Darwin systems
[4.161s] INFO:colcon.colcon_core.plugin_system:Skipping extension 'colcon_notification.desktop_notification.win32': Not used on non-Windows systems
[4.161s] INFO:colcon.colcon_notification.desktop_notification:Sending desktop notification using 'notify2'
[4.161s] DEBUG:colcon.colcon_notification.desktop_notification.notify2:Failed to initialize notify2: org.freedesktop.DBus.Error.FileNotFound: Failed to connect to socket /run/user/1000/bus: No such file or directory
[4.161s] DEBUG:colcon.colcon_core.event_reactor:joined thread
[4.162s] INFO:colcon.colcon_core.shell:Creating prefix script '/home/yoon/xycar_ws/install/local_setup.ps1'
[4.163s] INFO:colcon.colcon_core.shell:Creating prefix util module '/home/yoon/xycar_ws/install/_local_setup_util_ps1.py'
[4.165s] INFO:colcon.colcon_core.shell:Creating prefix chain script '/home/yoon/xycar_ws/install/setup.ps1'
[4.166s] INFO:colcon.colcon_core.shell:Creating prefix script '/home/yoon/xycar_ws/install/local_setup.sh'
[4.167s] INFO:colcon.colcon_core.shell:Creating prefix util module '/home/yoon/xycar_ws/install/_local_setup_util_sh.py'
[4.168s] INFO:colcon.colcon_core.shell:Creating prefix chain script '/home/yoon/xycar_ws/install/setup.sh'
[4.169s] INFO:colcon.colcon_core.shell:Creating prefix script '/home/yoon/xycar_ws/install/local_setup.bash'
[4.170s] INFO:colcon.colcon_core.shell:Creating prefix chain script '/home/yoon/xycar_ws/install/setup.bash'
[4.171s] INFO:colcon.colcon_core.shell:Creating prefix script '/home/yoon/xycar_ws/install/local_setup.zsh'
[4.172s] INFO:colcon.colcon_core.shell:Creating prefix chain script '/home/yoon/xycar_ws/install/setup.zsh'
